This is pdfTeX, Version 3.141592653-2.6-1.40.22 (TeX Live 2022/dev/Debian) (preloaded format=pdflatex 2024.4.5)  12 JUN 2024 22:23
entering extended mode
 restricted \write18 enabled.
 %&-line parsing enabled.
**Diplom.tex
(./Diplom.tex
LaTeX2e <2021-11-15> patch level 1
L3 programming layer <2022-01-21>
(/usr/share/texlive/texmf-dist/tex/latex/extsizes/extarticle.cls
Document Class: extarticle 1996/10/08 v1.0 Non Standard LaTeX document class
(/usr/share/texlive/texmf-dist/tex/latex/extsizes/size14.clo
File: size14.clo 1999/11/11 v1.4a NON-Standard LaTeX file (size option)
)
(/usr/share/texlive/texmf-dist/tex/latex/base/exscale.sty
Package: exscale 2018/09/24 v2.1i Standard LaTeX package exscale
LaTeX Font Info:    Redeclaring symbol font `largesymbols' on input line 57.
LaTeX Font Info:    Overwriting symbol font `largesymbols' in version `normal'
(Font)                  OMX/cmex/m/n --> OMX/cmex/m/n on input line 57.
LaTeX Font Info:    Overwriting symbol font `largesymbols' in version `bold'
(Font)                  OMX/cmex/m/n --> OMX/cmex/m/n on input line 57.
\big@size=\dimen138
)
\c@part=\count185
\c@section=\count186
\c@subsection=\count187
\c@subsubsection=\count188
\c@paragraph=\count189
\c@subparagraph=\count190
\c@figure=\count191
\c@table=\count192
\abovecaptionskip=\skip47
\belowcaptionskip=\skip48
\bibindent=\dimen139
)
(/usr/share/texlive/texmf-dist/tex/latex/base/inputenc.sty
Package: inputenc 2021/02/14 v1.3d Input encoding file
\inpenc@prehook=\toks16
\inpenc@posthook=\toks17
)
(/usr/share/texlive/texmf-dist/tex/latex/base/fontenc.sty
Package: fontenc 2021/04/29 v2.0v Standard LaTeX package

(/usr/share/texlive/texmf-dist/tex/latex/cyrillic/t2aenc.def
File: t2aenc.def 2005/09/27 v1.0i Cyrillic encoding definition file
Now handling font encoding T2A ...
... processing UTF-8 mapping file for font encoding T2A

(/usr/share/texlive/texmf-dist/tex/latex/base/t2aenc.dfu
File: t2aenc.dfu 2021/06/21 v1.2n UTF-8 support
   defining Unicode char U+00A4 (decimal 164)
   defining Unicode char U+00A7 (decimal 167)
   defining Unicode char U+00AB (decimal 171)
   defining Unicode char U+00BB (decimal 187)
   defining Unicode char U+0131 (decimal 305)
   defining Unicode char U+0237 (decimal 567)
   defining Unicode char U+0400 (decimal 1024)
   defining Unicode char U+0401 (decimal 1025)
   defining Unicode char U+0402 (decimal 1026)
   defining Unicode char U+0403 (decimal 1027)
   defining Unicode char U+0404 (decimal 1028)
   defining Unicode char U+0405 (decimal 1029)
   defining Unicode char U+0406 (decimal 1030)
   defining Unicode char U+0407 (decimal 1031)
   defining Unicode char U+0408 (decimal 1032)
   defining Unicode char U+0409 (decimal 1033)
   defining Unicode char U+040A (decimal 1034)
   defining Unicode char U+040B (decimal 1035)
   defining Unicode char U+040C (decimal 1036)
   defining Unicode char U+040D (decimal 1037)
   defining Unicode char U+040E (decimal 1038)
   defining Unicode char U+040F (decimal 1039)
   defining Unicode char U+0410 (decimal 1040)
   defining Unicode char U+0411 (decimal 1041)
   defining Unicode char U+0412 (decimal 1042)
   defining Unicode char U+0413 (decimal 1043)
   defining Unicode char U+0414 (decimal 1044)
   defining Unicode char U+0415 (decimal 1045)
   defining Unicode char U+0416 (decimal 1046)
   defining Unicode char U+0417 (decimal 1047)
   defining Unicode char U+0418 (decimal 1048)
   defining Unicode char U+0419 (decimal 1049)
   defining Unicode char U+041A (decimal 1050)
   defining Unicode char U+041B (decimal 1051)
   defining Unicode char U+041C (decimal 1052)
   defining Unicode char U+041D (decimal 1053)
   defining Unicode char U+041E (decimal 1054)
   defining Unicode char U+041F (decimal 1055)
   defining Unicode char U+0420 (decimal 1056)
   defining Unicode char U+0421 (decimal 1057)
   defining Unicode char U+0422 (decimal 1058)
   defining Unicode char U+0423 (decimal 1059)
   defining Unicode char U+0424 (decimal 1060)
   defining Unicode char U+0425 (decimal 1061)
   defining Unicode char U+0426 (decimal 1062)
   defining Unicode char U+0427 (decimal 1063)
   defining Unicode char U+0428 (decimal 1064)
   defining Unicode char U+0429 (decimal 1065)
   defining Unicode char U+042A (decimal 1066)
   defining Unicode char U+042B (decimal 1067)
   defining Unicode char U+042C (decimal 1068)
   defining Unicode char U+042D (decimal 1069)
   defining Unicode char U+042E (decimal 1070)
   defining Unicode char U+042F (decimal 1071)
   defining Unicode char U+0430 (decimal 1072)
   defining Unicode char U+0431 (decimal 1073)
   defining Unicode char U+0432 (decimal 1074)
   defining Unicode char U+0433 (decimal 1075)
   defining Unicode char U+0434 (decimal 1076)
   defining Unicode char U+0435 (decimal 1077)
   defining Unicode char U+0436 (decimal 1078)
   defining Unicode char U+0437 (decimal 1079)
   defining Unicode char U+0438 (decimal 1080)
   defining Unicode char U+0439 (decimal 1081)
   defining Unicode char U+043A (decimal 1082)
   defining Unicode char U+043B (decimal 1083)
   defining Unicode char U+043C (decimal 1084)
   defining Unicode char U+043D (decimal 1085)
   defining Unicode char U+043E (decimal 1086)
   defining Unicode char U+043F (decimal 1087)
   defining Unicode char U+0440 (decimal 1088)
   defining Unicode char U+0441 (decimal 1089)
   defining Unicode char U+0442 (decimal 1090)
   defining Unicode char U+0443 (decimal 1091)
   defining Unicode char U+0444 (decimal 1092)
   defining Unicode char U+0445 (decimal 1093)
   defining Unicode char U+0446 (decimal 1094)
   defining Unicode char U+0447 (decimal 1095)
   defining Unicode char U+0448 (decimal 1096)
   defining Unicode char U+0449 (decimal 1097)
   defining Unicode char U+044A (decimal 1098)
   defining Unicode char U+044B (decimal 1099)
   defining Unicode char U+044C (decimal 1100)
   defining Unicode char U+044D (decimal 1101)
   defining Unicode char U+044E (decimal 1102)
   defining Unicode char U+044F (decimal 1103)
   defining Unicode char U+0450 (decimal 1104)
   defining Unicode char U+0451 (decimal 1105)
   defining Unicode char U+0452 (decimal 1106)
   defining Unicode char U+0453 (decimal 1107)
   defining Unicode char U+0454 (decimal 1108)
   defining Unicode char U+0455 (decimal 1109)
   defining Unicode char U+0456 (decimal 1110)
   defining Unicode char U+0457 (decimal 1111)
   defining Unicode char U+0458 (decimal 1112)
   defining Unicode char U+0459 (decimal 1113)
   defining Unicode char U+045A (decimal 1114)
   defining Unicode char U+045B (decimal 1115)
   defining Unicode char U+045C (decimal 1116)
   defining Unicode char U+045D (decimal 1117)
   defining Unicode char U+045E (decimal 1118)
   defining Unicode char U+045F (decimal 1119)
   defining Unicode char U+0490 (decimal 1168)
   defining Unicode char U+0491 (decimal 1169)
   defining Unicode char U+0492 (decimal 1170)
   defining Unicode char U+0493 (decimal 1171)
   defining Unicode char U+0496 (decimal 1174)
   defining Unicode char U+0497 (decimal 1175)
   defining Unicode char U+0498 (decimal 1176)
   defining Unicode char U+0499 (decimal 1177)
   defining Unicode char U+049A (decimal 1178)
   defining Unicode char U+049B (decimal 1179)
   defining Unicode char U+049C (decimal 1180)
   defining Unicode char U+049D (decimal 1181)
   defining Unicode char U+04A0 (decimal 1184)
   defining Unicode char U+04A1 (decimal 1185)
   defining Unicode char U+04A2 (decimal 1186)
   defining Unicode char U+04A3 (decimal 1187)
   defining Unicode char U+04A4 (decimal 1188)
   defining Unicode char U+04A5 (decimal 1189)
   defining Unicode char U+04AA (decimal 1194)
   defining Unicode char U+04AB (decimal 1195)
   defining Unicode char U+04AE (decimal 1198)
   defining Unicode char U+04AF (decimal 1199)
   defining Unicode char U+04B0 (decimal 1200)
   defining Unicode char U+04B1 (decimal 1201)
   defining Unicode char U+04B2 (decimal 1202)
   defining Unicode char U+04B3 (decimal 1203)
   defining Unicode char U+04B6 (decimal 1206)
   defining Unicode char U+04B7 (decimal 1207)
   defining Unicode char U+04B8 (decimal 1208)
   defining Unicode char U+04B9 (decimal 1209)
   defining Unicode char U+04BA (decimal 1210)
   defining Unicode char U+04BB (decimal 1211)
   defining Unicode char U+04C0 (decimal 1216)
   defining Unicode char U+04C1 (decimal 1217)
   defining Unicode char U+04C2 (decimal 1218)
   defining Unicode char U+04D0 (decimal 1232)
   defining Unicode char U+04D1 (decimal 1233)
   defining Unicode char U+04D2 (decimal 1234)
   defining Unicode char U+04D3 (decimal 1235)
   defining Unicode char U+04D4 (decimal 1236)
   defining Unicode char U+04D5 (decimal 1237)
   defining Unicode char U+04D6 (decimal 1238)
   defining Unicode char U+04D7 (decimal 1239)
   defining Unicode char U+04D8 (decimal 1240)
   defining Unicode char U+04D9 (decimal 1241)
   defining Unicode char U+04DA (decimal 1242)
   defining Unicode char U+04DB (decimal 1243)
   defining Unicode char U+04DC (decimal 1244)
   defining Unicode char U+04DD (decimal 1245)
   defining Unicode char U+04DE (decimal 1246)
   defining Unicode char U+04DF (decimal 1247)
   defining Unicode char U+04E2 (decimal 1250)
   defining Unicode char U+04E3 (decimal 1251)
   defining Unicode char U+04E4 (decimal 1252)
   defining Unicode char U+04E5 (decimal 1253)
   defining Unicode char U+04E6 (decimal 1254)
   defining Unicode char U+04E7 (decimal 1255)
   defining Unicode char U+04E8 (decimal 1256)
   defining Unicode char U+04E9 (decimal 1257)
   defining Unicode char U+04EC (decimal 1260)
   defining Unicode char U+04ED (decimal 1261)
   defining Unicode char U+04EE (decimal 1262)
   defining Unicode char U+04EF (decimal 1263)
   defining Unicode char U+04F0 (decimal 1264)
   defining Unicode char U+04F1 (decimal 1265)
   defining Unicode char U+04F2 (decimal 1266)
   defining Unicode char U+04F3 (decimal 1267)
   defining Unicode char U+04F4 (decimal 1268)
   defining Unicode char U+04F5 (decimal 1269)
   defining Unicode char U+04F8 (decimal 1272)
   defining Unicode char U+04F9 (decimal 1273)
   defining Unicode char U+200C (decimal 8204)
   defining Unicode char U+2013 (decimal 8211)
   defining Unicode char U+2014 (decimal 8212)
   defining Unicode char U+2018 (decimal 8216)
   defining Unicode char U+2019 (decimal 8217)
   defining Unicode char U+201C (decimal 8220)
   defining Unicode char U+201D (decimal 8221)
   defining Unicode char U+201E (decimal 8222)
   defining Unicode char U+2030 (decimal 8240)
   defining Unicode char U+2031 (decimal 8241)
   defining Unicode char U+2116 (decimal 8470)
   defining Unicode char U+2329 (decimal 9001)
   defining Unicode char U+232A (decimal 9002)
   defining Unicode char U+2423 (decimal 9251)
   defining Unicode char U+27E8 (decimal 10216)
   defining Unicode char U+27E9 (decimal 10217)
   defining Unicode char U+FB00 (decimal 64256)
   defining Unicode char U+FB01 (decimal 64257)
   defining Unicode char U+FB02 (decimal 64258)
   defining Unicode char U+FB03 (decimal 64259)
   defining Unicode char U+FB04 (decimal 64260)
   defining Unicode char U+FB05 (decimal 64261)
   defining Unicode char U+FB06 (decimal 64262)
))
LaTeX Font Info:    Trying to load font information for T2A+cmr on input line 1
12.

(/usr/share/texlive/texmf-dist/tex/latex/cyrillic/t2acmr.fd
File: t2acmr.fd 2001/08/11 v1.0a Computer Modern Cyrillic font definitions
))
(/usr/share/texlive/texmf-dist/tex/generic/babel/babel.sty
Package: babel 2022/01/26 3.70 The Babel package
\babel@savecnt=\count193
\U@D=\dimen140
\l@unhyphenated=\language87

(/usr/share/texlive/texmf-dist/tex/generic/babel/txtbabel.def)
\bbl@readstream=\read2
\bbl@dirlevel=\count194

(/usr/share/texlive/texmf-dist/tex/generic/babel-english/english.ldf
Language: english 2017/06/06 v3.3r English support from the babel system
Package babel Info: Hyphen rules for 'canadian' set to \l@english
(babel)             (\language0). Reported on input line 102.
Package babel Info: Hyphen rules for 'australian' set to \l@ukenglish
(babel)             (\language60). Reported on input line 105.
Package babel Info: Hyphen rules for 'newzealand' set to \l@ukenglish
(babel)             (\language60). Reported on input line 108.
)
(/usr/share/texlive/texmf-dist/tex/generic/babel-russian/russianb.ldf
File: russianb.ldf 2021/01/10 1.3m Russian support for the Babel system
Language: russian 2020/09/09 1.3k Russian support for the Babel system
Package babel Info: Making " an active character on input line 124.
Package babel Info: Default for \cyrdash is provided on input line 163.
))
(/usr/share/texlive/texmf-dist/tex/latex/tools/indentfirst.sty
Package: indentfirst 1995/11/23 v1.03 Indent first paragraph (DPC)
)
(/usr/share/texlive/texmf-dist/tex/latex/pdfpages/pdfpages.sty
Package: pdfpages 2022/01/29 v0.5u Insert pages of external PDF documents (AM)

(/usr/share/texlive/texmf-dist/tex/latex/base/ifthen.sty
Package: ifthen 2020/11/24 v1.1c Standard LaTeX ifthen package (DPC)
)
(/usr/share/texlive/texmf-dist/tex/latex/tools/calc.sty
Package: calc 2017/05/25 v4.3 Infix arithmetic (KKT,FJ)
\calc@Acount=\count195
\calc@Bcount=\count196
\calc@Adimen=\dimen141
\calc@Bdimen=\dimen142
\calc@Askip=\skip49
\calc@Bskip=\skip50
LaTeX Info: Redefining \setlength on input line 80.
LaTeX Info: Redefining \addtolength on input line 81.
\calc@Ccount=\count197
\calc@Cskip=\skip51
)
(/usr/share/texlive/texmf-dist/tex/latex/eso-pic/eso-pic.sty
Package: eso-pic 2020/10/14 v3.0a eso-pic (RN)
\ESO@tempdima=\dimen143
\ESO@tempdimb=\dimen144

(/usr/share/texlive/texmf-dist/tex/latex/graphics/keyval.sty
Package: keyval 2014/10/28 v1.15 key=value parser (DPC)
\KV@toks@=\toks18
)
(/usr/share/texlive/texmf-dist/tex/latex/xcolor/xcolor.sty
Package: xcolor 2021/10/31 v2.13 LaTeX color extensions (UK)

(/usr/share/texlive/texmf-dist/tex/latex/graphics-cfg/color.cfg
File: color.cfg 2016/01/02 v1.6 sample color configuration
)
Package xcolor Info: Driver file: pdftex.def on input line 227.

(/usr/share/texlive/texmf-dist/tex/latex/graphics-def/pdftex.def
File: pdftex.def 2020/10/05 v1.2a Graphics/color driver for pdftex
)
Package xcolor Info: Model `cmy' substituted by `cmy0' on input line 1352.
Package xcolor Info: Model `hsb' substituted by `rgb' on input line 1356.
Package xcolor Info: Model `RGB' extended on input line 1368.
Package xcolor Info: Model `HTML' substituted by `rgb' on input line 1370.
Package xcolor Info: Model `Hsb' substituted by `hsb' on input line 1371.
Package xcolor Info: Model `tHsb' substituted by `hsb' on input line 1372.
Package xcolor Info: Model `HSB' substituted by `hsb' on input line 1373.
Package xcolor Info: Model `Gray' substituted by `gray' on input line 1374.
Package xcolor Info: Model `wave' substituted by `hsb' on input line 1375.
))
(/usr/share/texlive/texmf-dist/tex/latex/graphics/graphicx.sty
Package: graphicx 2021/09/16 v1.2d Enhanced LaTeX Graphics (DPC,SPQR)

(/usr/share/texlive/texmf-dist/tex/latex/graphics/graphics.sty
Package: graphics 2021/03/04 v1.4d Standard LaTeX Graphics (DPC,SPQR)

(/usr/share/texlive/texmf-dist/tex/latex/graphics/trig.sty
Package: trig 2021/08/11 v1.11 sin cos tan (DPC)
)
(/usr/share/texlive/texmf-dist/tex/latex/graphics-cfg/graphics.cfg
File: graphics.cfg 2016/06/04 v1.11 sample graphics configuration
)
Package graphics Info: Driver file: pdftex.def on input line 107.
)
\Gin@req@height=\dimen145
\Gin@req@width=\dimen146
)
\AM@pagewidth=\dimen147
\AM@pageheight=\dimen148
\AM@fboxrule=\dimen149

(/usr/share/texlive/texmf-dist/tex/latex/pdfpages/pppdftex.def
File: pppdftex.def 2022/01/29 v0.5u Pdfpages driver for pdfTeX (AM)
)
\pdfpages@includegraphics@status=\count198
\AM@pagebox=\box50
\AM@global@opts=\toks19
\AM@pagecnt=\count199
\AM@toc@title=\toks20
\c@AM@survey=\count266
\AM@templatesizebox=\box51
)
(/usr/share/texlive/texmf-dist/tex/latex/amsfonts/amssymb.sty
Package: amssymb 2013/01/14 v3.01 AMS font symbols

(/usr/share/texlive/texmf-dist/tex/latex/amsfonts/amsfonts.sty
Package: amsfonts 2013/01/14 v3.01 Basic AMSFonts support
\@emptytoks=\toks21
\symAMSa=\mathgroup4
\symAMSb=\mathgroup5
LaTeX Font Info:    Redeclaring math symbol \hbar on input line 98.
LaTeX Font Info:    Overwriting math alphabet `\mathfrak' in version `bold'
(Font)                  U/euf/m/n --> U/euf/b/n on input line 106.
))
(/usr/share/texlive/texmf-dist/tex/latex/amsmath/amsmath.sty
Package: amsmath 2021/10/15 v2.17l AMS math features
\@mathmargin=\skip52

For additional information on amsmath, use the `?' option.
(/usr/share/texlive/texmf-dist/tex/latex/amsmath/amstext.sty
Package: amstext 2021/08/26 v2.01 AMS text

(/usr/share/texlive/texmf-dist/tex/latex/amsmath/amsgen.sty
File: amsgen.sty 1999/11/30 v2.0 generic functions
\@emptytoks=\toks22
\ex@=\dimen150
))
(/usr/share/texlive/texmf-dist/tex/latex/amsmath/amsbsy.sty
Package: amsbsy 1999/11/29 v1.2d Bold Symbols
\pmbraise@=\dimen151
)
(/usr/share/texlive/texmf-dist/tex/latex/amsmath/amsopn.sty
Package: amsopn 2021/08/26 v2.02 operator names
)
\inf@bad=\count267
LaTeX Info: Redefining \frac on input line 234.
\uproot@=\count268
\leftroot@=\count269
LaTeX Info: Redefining \overline on input line 399.
\classnum@=\count270
\DOTSCASE@=\count271
LaTeX Info: Redefining \ldots on input line 496.
LaTeX Info: Redefining \dots on input line 499.
LaTeX Info: Redefining \cdots on input line 620.
\Mathstrutbox@=\box52
\strutbox@=\box53
\big@size=\dimen152
LaTeX Font Info:    Redeclaring font encoding OML on input line 743.
LaTeX Font Info:    Redeclaring font encoding OMS on input line 744.
\macc@depth=\count272
\c@MaxMatrixCols=\count273
\dotsspace@=\muskip16
\c@parentequation=\count274
\dspbrk@lvl=\count275
\tag@help=\toks23
\row@=\count276
\column@=\count277
\maxfields@=\count278
\andhelp@=\toks24
\eqnshift@=\dimen153
\alignsep@=\dimen154
\tagshift@=\dimen155
\tagwidth@=\dimen156
\totwidth@=\dimen157
\lineht@=\dimen158
\@envbody=\toks25
\multlinegap=\skip53
\multlinetaggap=\skip54
\mathdisplay@stack=\toks26
LaTeX Info: Redefining \[ on input line 2938.
LaTeX Info: Redefining \] on input line 2939.
)
(/usr/share/texlive/texmf-dist/tex/latex/t2/mathtext.sty
Package: mathtext 2018/04/14 v1.0 transparent text-and-math defs
LaTeX Info: Redefining \halign on input line 121.
)
(/usr/share/texlive/texmf-dist/tex/latex/cite/cite.sty
LaTeX Info: Redefining \cite on input line 302.
LaTeX Info: Redefining \nocite on input line 332.
Package: cite 2015/02/27  v 5.5
)
(/usr/share/texlive/texmf-dist/tex/latex/tools/enumerate.sty
Package: enumerate 2015/07/23 v3.00 enumerate extensions (DPC)
\@enLab=\toks27
)
(/usr/share/texlive/texmf-dist/tex/latex/float/float.sty
Package: float 2001/11/08 v1.3d Float enhancements (AL)
\c@float@type=\count279
\float@exts=\toks28
\float@box=\box54
\@float@everytoks=\toks29
\@floatcapt=\box55
)
(/usr/share/texlive/texmf-dist/tex/latex/titlesec/titlesec.sty
Package: titlesec 2021/07/05 v2.14 Sectioning titles
\ttl@box=\box56
\beforetitleunit=\skip55
\aftertitleunit=\skip56
\ttl@plus=\dimen159
\ttl@minus=\dimen160
\ttl@toksa=\toks30
\titlewidth=\dimen161
\titlewidthlast=\dimen162
\titlewidthfirst=\dimen163
)
(/usr/share/texlive/texmf-dist/tex/latex/lipsum/lipsum.sty
(/usr/share/texlive/texmf-dist/tex/latex/l3packages/l3keys2e/l3keys2e.sty
(/usr/share/texlive/texmf-dist/tex/latex/l3kernel/expl3.sty
Package: expl3 2022-01-21 L3 programming layer (loader) 

(/usr/share/texlive/texmf-dist/tex/latex/l3backend/l3backend-pdftex.def
File: l3backend-pdftex.def 2022-01-12 L3 backend support: PDF output (pdfTeX)
\l__color_backend_stack_int=\count280
\l__pdf_internal_box=\box57
))
Package: l3keys2e 2022-01-12 LaTeX2e option processing using LaTeX3 keys
)
Package: lipsum 2021-09-20 v2.7 150 paragraphs of Lorem Ipsum dummy text
\g__lipsum_par_int=\count281
\l__lipsum_a_int=\count282
\l__lipsum_b_int=\count283

(/usr/share/texlive/texmf-dist/tex/latex/lipsum/lipsum.ltd.tex))
(/usr/share/texlive/texmf-dist/tex/latex/psnfss/mathptmx.sty
Package: mathptmx 2020/03/25 PSNFSS-v9.3 Times w/ Math, improved (SPQR, WaS) 
LaTeX Font Info:    Redeclaring symbol font `operators' on input line 28.
LaTeX Font Info:    Overwriting symbol font `operators' in version `normal'
(Font)                  OT1/cmr/m/n --> OT1/ztmcm/m/n on input line 28.
LaTeX Font Info:    Overwriting symbol font `operators' in version `bold'
(Font)                  OT1/cmr/bx/n --> OT1/ztmcm/m/n on input line 28.
LaTeX Font Info:    Redeclaring symbol font `letters' on input line 29.
LaTeX Font Info:    Overwriting symbol font `letters' in version `normal'
(Font)                  OML/cmm/m/it --> OML/ztmcm/m/it on input line 29.
LaTeX Font Info:    Overwriting symbol font `letters' in version `bold'
(Font)                  OML/cmm/b/it --> OML/ztmcm/m/it on input line 29.
LaTeX Font Info:    Redeclaring symbol font `symbols' on input line 30.
LaTeX Font Info:    Overwriting symbol font `symbols' in version `normal'
(Font)                  OMS/cmsy/m/n --> OMS/ztmcm/m/n on input line 30.
LaTeX Font Info:    Overwriting symbol font `symbols' in version `bold'
(Font)                  OMS/cmsy/b/n --> OMS/ztmcm/m/n on input line 30.
LaTeX Font Info:    Redeclaring symbol font `largesymbols' on input line 31.
LaTeX Font Info:    Overwriting symbol font `largesymbols' in version `normal'
(Font)                  OMX/cmex/m/n --> OMX/ztmcm/m/n on input line 31.
LaTeX Font Info:    Overwriting symbol font `largesymbols' in version `bold'
(Font)                  OMX/cmex/m/n --> OMX/ztmcm/m/n on input line 31.
\symbold=\mathgroup6
\symitalic=\mathgroup7
LaTeX Font Info:    Redeclaring math alphabet \mathbf on input line 34.
LaTeX Font Info:    Overwriting math alphabet `\mathbf' in version `normal'
(Font)                  OT1/cmr/bx/n --> OT1/ptm/bx/n on input line 34.
LaTeX Font Info:    Overwriting math alphabet `\mathbf' in version `bold'
(Font)                  OT1/cmr/bx/n --> OT1/ptm/bx/n on input line 34.
LaTeX Font Info:    Redeclaring math alphabet \mathit on input line 35.
LaTeX Font Info:    Overwriting math alphabet `\mathit' in version `normal'
(Font)                  OT1/cmr/m/it --> OT1/ptm/m/it on input line 35.
LaTeX Font Info:    Overwriting math alphabet `\mathit' in version `bold'
(Font)                  OT1/cmr/bx/it --> OT1/ptm/m/it on input line 35.
LaTeX Info: Redefining \hbar on input line 50.
)
(/usr/share/texlive/texmf-dist/tex/latex/etoolbox/etoolbox.sty
Package: etoolbox 2020/10/05 v2.5k e-TeX tools for LaTeX (JAW)
\etb@tempcnta=\count284
)
(/usr/share/texlive/texmf-dist/tex/latex/geometry/geometry.sty
Package: geometry 2020/01/02 v5.9 Page Geometry

(/usr/share/texlive/texmf-dist/tex/generic/iftex/ifvtex.sty
Package: ifvtex 2019/10/25 v1.7 ifvtex legacy package. Use iftex instead.

(/usr/share/texlive/texmf-dist/tex/generic/iftex/iftex.sty
Package: iftex 2020/03/06 v1.0d TeX engine tests
))
\Gm@cnth=\count285
\Gm@cntv=\count286
\c@Gm@tempcnt=\count287
\Gm@bindingoffset=\dimen164
\Gm@wd@mp=\dimen165
\Gm@odd@mp=\dimen166
\Gm@even@mp=\dimen167
\Gm@layoutwidth=\dimen168
\Gm@layoutheight=\dimen169
\Gm@layouthoffset=\dimen170
\Gm@layoutvoffset=\dimen171
\Gm@dimlist=\toks31
)
LaTeX Font Info:    Trying to load font information for T2A+ptm on input line 3
8.
LaTeX Font Info:    No file T2Aptm.fd. on input line 38.


LaTeX Font Warning: Font shape `T2A/ptm/m/n' undefined
(Font)              using `T2A/cmr/m/n' instead on input line 38.

(./Diplom.aux

LaTeX Warning: Label `ris:image' multiply defined.


LaTeX Warning: Label `ris:image' multiply defined.


LaTeX Warning: Label `ris:image' multiply defined.


LaTeX Warning: Label `ris:image' multiply defined.


LaTeX Warning: Label `ris:image' multiply defined.


LaTeX Warning: Label `ris:image' multiply defined.


LaTeX Warning: Label `ris:image' multiply defined.


LaTeX Warning: Label `ris:image' multiply defined.


LaTeX Warning: Label `ris:image' multiply defined.


LaTeX Warning: Label `ris:image' multiply defined.


LaTeX Warning: Label `ris:image' multiply defined.


LaTeX Warning: Label `ris:image' multiply defined.


LaTeX Warning: Label `ris:image' multiply defined.


LaTeX Warning: Label `ris:image' multiply defined.


LaTeX Warning: Label `ris:image' multiply defined.


LaTeX Warning: Label `ris:image' multiply defined.


LaTeX Warning: Label `ris:image' multiply defined.


LaTeX Warning: Label `ris:image' multiply defined.


LaTeX Warning: Label `ris:image' multiply defined.


LaTeX Warning: Label `ris:image' multiply defined.


LaTeX Warning: Label `ris:image' multiply defined.


LaTeX Warning: Label `ris:image' multiply defined.


LaTeX Warning: Label `ris:image' multiply defined.


LaTeX Warning: Label `ris:image' multiply defined.

)
\openout1 = `Diplom.aux'.

LaTeX Font Info:    Checking defaults for OML/cmm/m/it on input line 38.
LaTeX Font Info:    ... okay on input line 38.
LaTeX Font Info:    Checking defaults for OMS/cmsy/m/n on input line 38.
LaTeX Font Info:    ... okay on input line 38.
LaTeX Font Info:    Checking defaults for OT1/cmr/m/n on input line 38.
LaTeX Font Info:    ... okay on input line 38.
LaTeX Font Info:    Checking defaults for T1/cmr/m/n on input line 38.
LaTeX Font Info:    ... okay on input line 38.
LaTeX Font Info:    Checking defaults for TS1/cmr/m/n on input line 38.
LaTeX Font Info:    ... okay on input line 38.
LaTeX Font Info:    Checking defaults for OMX/cmex/m/n on input line 38.
LaTeX Font Info:    ... okay on input line 38.
LaTeX Font Info:    Checking defaults for U/cmr/m/n on input line 38.
LaTeX Font Info:    ... okay on input line 38.
LaTeX Font Info:    Checking defaults for T2A/cmr/m/n on input line 38.
LaTeX Font Info:    ... okay on input line 38.
LaTeX Info: Redefining \th on input line 38.
 (/usr/share/texlive/texmf-dist/tex/context/base/mkii/supp-pdf.mkii
[Loading MPS to PDF converter (version 2006.09.02).]
\scratchcounter=\count288
\scratchdimen=\dimen172
\scratchbox=\box58
\nofMPsegments=\count289
\nofMParguments=\count290
\everyMPshowfont=\toks32
\MPscratchCnt=\count291
\MPscratchDim=\dimen173
\MPnumerator=\count292
\makeMPintoPDFobject=\count293
\everyMPtoPDFconversion=\toks33
) (/usr/share/texlive/texmf-dist/tex/latex/epstopdf-pkg/epstopdf-base.sty
Package: epstopdf-base 2020-01-24 v2.11 Base part for package epstopdf
Package epstopdf-base Info: Redefining graphics rule for `.eps' on input line 4
85.

(/usr/share/texlive/texmf-dist/tex/latex/latexconfig/epstopdf-sys.cfg
File: epstopdf-sys.cfg 2010/07/13 v1.3 Configuration of (r)epstopdf for TeX Liv
e
))
(/usr/share/texlive/texmf-dist/tex/latex/pdflscape/pdflscape.sty
Package: pdflscape 2019/12/05 v0.12 Display of landscape pages in PDF (HO)

(/usr/share/texlive/texmf-dist/tex/latex/graphics/lscape.sty
Package: lscape 2020/05/28 v3.02 Landscape Pages (DPC)
)
Package pdflscape Info: Auto-detected driver: pdftex on input line 81.
)
*geometry* driver: auto-detecting
*geometry* detected driver: pdftex
*geometry* verbose mode - [ preamble ] result:
* driver: pdftex
* paper: <default>
* layout: <same size as paper>
* layoutoffset:(h,v)=(0.0pt,0.0pt)
* modes: 
* h-part:(L,W,R)=(85.35826pt, 500.484pt, 28.45274pt)
* v-part:(T,H,B)=(56.9055pt, 681.15898pt, 56.9055pt)
* \paperwidth=614.295pt
* \paperheight=794.96999pt
* \textwidth=500.484pt
* \textheight=681.15898pt
* \oddsidemargin=13.08827pt
* \evensidemargin=13.08827pt
* \topmargin=-54.36449pt
* \headheight=14.0pt
* \headsep=25.0pt
* \topskip=14.0pt
* \footskip=30.0pt
* \marginparwidth=24.0pt
* \marginparsep=10.0pt
* \columnsep=10.0pt
* \skip\footins=12.0pt plus 4.0pt minus 2.0pt
* \hoffset=0.0pt
* \voffset=0.0pt
* \mag=1000
* \@twocolumnfalse
* \@twosidefalse
* \@mparswitchfalse
* \@reversemarginfalse
* (1in=72.27pt=25.4mm, 1cm=28.453pt)

<titulny_list_bak.pdf, id=1, 597.55246pt x 845.07718pt>
File: titulny_list_bak.pdf Graphic file (type pdf)
<use titulny_list_bak.pdf>
Package pdftex.def Info: titulny_list_bak.pdf  used on input line 40.
(pdftex.def)             Requested size: 597.551pt x 845.07512pt.
File: titulny_list_bak.pdf Graphic file (type pdf)
<use titulny_list_bak.pdf>
Package pdftex.def Info: titulny_list_bak.pdf  used on input line 40.
(pdftex.def)             Requested size: 597.551pt x 845.07512pt.
<titulny_list_bak.pdf, id=4, page=1, 597.55246pt x 845.07718pt>
File: titulny_list_bak.pdf Graphic file (type pdf)
<use titulny_list_bak.pdf, page 1>
Package pdftex.def Info: titulny_list_bak.pdf , page1 used on input line 40.
(pdftex.def)             Requested size: 597.551pt x 845.07512pt.
File: titulny_list_bak.pdf Graphic file (type pdf)
<use titulny_list_bak.pdf, page 1>
Package pdftex.def Info: titulny_list_bak.pdf , page1 used on input line 40.
(pdftex.def)             Requested size: 562.1644pt x 795.0303pt.
File: titulny_list_bak.pdf Graphic file (type pdf)
<use titulny_list_bak.pdf, page 1>
Package pdftex.def Info: titulny_list_bak.pdf , page1 used on input line 40.
(pdftex.def)             Requested size: 562.1644pt x 795.0303pt.
File: titulny_list_bak.pdf Graphic file (type pdf)
<use titulny_list_bak.pdf, page 1>
Package pdftex.def Info: titulny_list_bak.pdf , page1 used on input line 40.
(pdftex.def)             Requested size: 562.1644pt x 795.0303pt.
File: titulny_list_bak.pdf Graphic file (type pdf)
<use titulny_list_bak.pdf, page 1>
Package pdftex.def Info: titulny_list_bak.pdf , page1 used on input line 40.
(pdftex.def)             Requested size: 562.1644pt x 795.0303pt.
[1

 <./titulny_list_bak.pdf>]

LaTeX Font Warning: Font shape `T2A/ptm/b/n' undefined
(Font)              using `T2A/ptm/m/n' instead on input line 46.

(./Diplom.toc
LaTeX Font Info:    Trying to load font information for OT1+ptm on input line 1
.
 (/usr/share/texlive/texmf-dist/tex/latex/psnfss/ot1ptm.fd
File: ot1ptm.fd 2001/06/04 font definitions for OT1/ptm.
)
LaTeX Font Info:    Trying to load font information for OT1+ztmcm on input line
 4.

(/usr/share/texlive/texmf-dist/tex/latex/psnfss/ot1ztmcm.fd
File: ot1ztmcm.fd 2000/01/03 Fontinst v1.801 font definitions for OT1/ztmcm.
)
LaTeX Font Info:    Trying to load font information for OML+ztmcm on input line
 4.

(/usr/share/texlive/texmf-dist/tex/latex/psnfss/omlztmcm.fd
File: omlztmcm.fd 2000/01/03 Fontinst v1.801 font definitions for OML/ztmcm.
)
LaTeX Font Info:    Trying to load font information for OMS+ztmcm on input line
 4.

(/usr/share/texlive/texmf-dist/tex/latex/psnfss/omsztmcm.fd
File: omsztmcm.fd 2000/01/03 Fontinst v1.801 font definitions for OMS/ztmcm.
)
LaTeX Font Info:    Trying to load font information for OMX+ztmcm on input line
 4.

(/usr/share/texlive/texmf-dist/tex/latex/psnfss/omxztmcm.fd
File: omxztmcm.fd 2000/01/03 Fontinst v1.801 font definitions for OMX/ztmcm.
)
LaTeX Font Info:    Font shape `OT1/ptm/bx/n' in size <14.4> not available
(Font)              Font shape `OT1/ptm/b/n' tried instead on input line 4.
LaTeX Font Info:    Font shape `OT1/ptm/bx/n' in size <10.95> not available
(Font)              Font shape `OT1/ptm/b/n' tried instead on input line 4.
LaTeX Font Info:    Font shape `OT1/ptm/bx/n' in size <8> not available
(Font)              Font shape `OT1/ptm/b/n' tried instead on input line 4.
)
\tf@toc=\write3
\openout3 = `Diplom.toc'.

 [2{/var/lib/texmf/fonts/map/pdftex/updmap/pdftex.map}] (./paragrafs/Vvedenie/V
vedenie.tex
[3]) [4] (./paragrafs/Ustanovka/Ustanovka.tex
<../img//VM/1.png, id=62, 406.51875pt x 152.57pt>
File: ../img//VM/1.png Graphic file (type png)
<use ../img//VM/1.png>
Package pdftex.def Info: ../img//VM/1.png  used on input line 5.
(pdftex.def)             Requested size: 375.36299pt x 140.88292pt.
<../img//VM/2.png, id=64, 406.51875pt x 141.52875pt>
File: ../img//VM/2.png Graphic file (type png)
<use ../img//VM/2.png>
Package pdftex.def Info: ../img//VM/2.png  used on input line 14.
(pdftex.def)             Requested size: 375.36299pt x 130.68744pt.
 [5 <../img//VM/1.png> <../img//VM/2.png>]
<../img//VM/3.png, id=71, 423.5825pt x 177.66376pt>
File: ../img//VM/3.png Graphic file (type png)
<use ../img//VM/3.png>
Package pdftex.def Info: ../img//VM/3.png  used on input line 23.
(pdftex.def)             Requested size: 500.484pt x 209.92606pt.

Underfull \hbox (badness 10000) in paragraph at lines 28--29
[]\T2A/ptm/b/n/14.4 3. Ска-чи-ва-ем Ubuntu с офи-ци-аль-но-го сай-та по ссыл-ке
:
 []


Underfull \hbox (badness 4084) in paragraph at lines 28--29
\T2A/ptm/b/n/14.4 https://ubuntu.com/download/desktop. За-тем от-кры-ва-ем Virt
ualBox и на-
 []

<../img//VM/4.png, id=72, 540.0175pt x 399.4925pt>
File: ../img//VM/4.png Graphic file (type png)
<use ../img//VM/4.png>
Package pdftex.def Info: ../img//VM/4.png  used on input line 32.
(pdftex.def)             Requested size: 325.31154pt x 240.66048pt.
[6 <../img//VM/3.png>]) [7 <../img//VM/4.png>] (./paragrafs/Klonir/Klonir.tex
<../img//VM/8.png, id=82, 674.52pt x 470.75874pt>
File: ../img//VM/8.png Graphic file (type png)
<use ../img//VM/8.png>
Package pdftex.def Info: ../img//VM/8.png  used on input line 6.
(pdftex.def)             Requested size: 300.29344pt x 209.58395pt.

[8 <../img//VM/8.png>]
<../img//VM/9.png, id=87, 437.635pt x 224.84pt>
File: ../img//VM/9.png Graphic file (type png)
<use ../img//VM/9.png>
Package pdftex.def Info: ../img//VM/9.png  used on input line 21.
(pdftex.def)             Requested size: 200.19054pt x 102.85127pt.
<../img//VM/10.png, id=88, 702.625pt x 320.19624pt>
File: ../img//VM/10.png Graphic file (type png)
<use ../img//VM/10.png>
Package pdftex.def Info: ../img//VM/10.png  used on input line 30.
(pdftex.def)             Requested size: 375.36299pt x 171.06145pt.


LaTeX Warning: `h' float specifier changed to `ht'.

[9 <../img//VM/9.png>]
<../img//VM/11.png, id=93, 547.04375pt x 216.81pt>
File: ../img//VM/11.png Graphic file (type png)
<use ../img//VM/11.png>
Package pdftex.def Info: ../img//VM/11.png  used on input line 39.
(pdftex.def)             Requested size: 250.24199pt x 99.17801pt.
 [10 <../img//VM/10.png> <../img//VM/11.png>]
<../img//VM/12.png, id=99, 833.1125pt x 286.06876pt>
File: ../img//VM/12.png Graphic file (type png)
<use ../img//VM/12.png>
Package pdftex.def Info: ../img//VM/12.png  used on input line 59.
(pdftex.def)             Requested size: 400.38872pt x 137.48167pt.
<../img//VM/13.png, id=100, 901.3675pt x 349.305pt>
File: ../img//VM/13.png Graphic file (type png)
<use ../img//VM/13.png>
Package pdftex.def Info: ../img//VM/13.png  used on input line 69.
(pdftex.def)             Requested size: 500.484pt x 193.95184pt.
 [11 <../img//VM/12.png> <../img//VM/13.png>]
<../img//VM/14.png, id=106, 901.3675pt x 337.26pt>
File: ../img//VM/14.png Graphic file (type png)
<use ../img//VM/14.png>
Package pdftex.def Info: ../img//VM/14.png  used on input line 87.
(pdftex.def)             Requested size: 500.484pt x 187.26384pt.
 [12 <../img//VM/14.png>]) [13]
(./paragrafs/Uvelich/Uvelich.tex
<../img//VM/15.1.png, id=115, 185.69376pt x 188.705pt>
File: ../img//VM/15.1.png Graphic file (type png)
<use ../img//VM/15.1.png>
Package pdftex.def Info: ../img//VM/15.1.png  used on input line 9.
(pdftex.def)             Requested size: 150.14671pt x 152.5853pt.
LaTeX Font Info:    Trying to load font information for T2A+cmtt on input line 
14.

(/usr/share/texlive/texmf-dist/tex/latex/cyrillic/t2acmtt.fd
File: t2acmtt.fd 2001/08/11 v1.0a Computer Modern Cyrillic font definitions
) [14 <../img//VM/15.1.png>]
<../img//VM/15.2.png, id=121, 659.46375pt x 176.91093pt>
File: ../img//VM/15.2.png Graphic file (type png)
<use ../img//VM/15.2.png>
Package pdftex.def Info: ../img//VM/15.2.png  used on input line 22.
(pdftex.def)             Requested size: 400.38872pt x 107.4134pt.
<../img//VM/uv.png, id=122, 1209.51875pt x 435.6275pt>
File: ../img//VM/uv.png Graphic file (type png)
<use ../img//VM/uv.png>
Package pdftex.def Info: ../img//VM/uv.png  used on input line 35.
(pdftex.def)             Requested size: 400.38872pt x 144.20287pt.
 [15 <../img//VM/15.2.png>]
<../img//VM/15.png, id=127, 922.19531pt x 313.9228pt>
File: ../img//VM/15.png Graphic file (type png)
<use ../img//VM/15.png>
Package pdftex.def Info: ../img//VM/15.png  used on input line 46.
(pdftex.def)             Requested size: 400.38872pt x 136.29185pt.
 [16 <../img//VM/uv.png> <../img//VM/15.png>]
LaTeX Font Info:    Trying to load font information for TS1+ptm on input line 5
4.
 (/usr/share/texlive/texmf-dist/tex/latex/psnfss/ts1ptm.fd
File: ts1ptm.fd 2001/06/04 font definitions for TS1/ptm.
)
<../img//VM/15.3.png, id=133, 1208.515pt x 316.18124pt>
File: ../img//VM/15.3.png Graphic file (type png)
<use ../img//VM/15.3.png>
Package pdftex.def Info: ../img//VM/15.3.png  used on input line 63.
(pdftex.def)             Requested size: 500.484pt x 130.93776pt.
<../img//VM/df.png, id=134, 653.44125pt x 146.5475pt>
File: ../img//VM/df.png Graphic file (type png)
<use ../img//VM/df.png>
Package pdftex.def Info: ../img//VM/df.png  used on input line 72.
(pdftex.def)             Requested size: 500.484pt x 112.24261pt.


LaTeX Warning: `h' float specifier changed to `ht'.

) [17 <../img//VM/15.3.png>] [18 <../img//VM/df.png>]
(./paragrafs/Github/Github.tex
<../img//VM/5.png, id=144, 72.27pt x 58.2175pt>
File: ../img//VM/5.png Graphic file (type png)
<use ../img//VM/5.png>
Package pdftex.def Info: ../img//VM/5.png  used on input line 6.
(pdftex.def)             Requested size: 100.09526pt x 80.63692pt.
 [19 <../img//VM/5.png>]
<../img//VM/6.png, id=150, 595.22375pt x 268.00125pt>
File: ../img//VM/6.png Graphic file (type png)
<use ../img//VM/6.png>
Package pdftex.def Info: ../img//VM/6.png  used on input line 26.
(pdftex.def)             Requested size: 450.43253pt x 202.80792pt.

Underfull \hbox (badness 1400) in paragraph at lines 37--38
[]\TS1/ptm/m/n/14.4 € \T2A/ptm/b/n/14.4 От-кры-ва-ем файл dist/sh/otladka.html 
в бра-у-зе-ре ко-ман-дой: ѕopen
 []

<../img//VM/7.png, id=151, 1034.86626pt x 168.63pt>
File: ../img//VM/7.png Graphic file (type png)
<use ../img//VM/7.png>
Package pdftex.def Info: ../img//VM/7.png  used on input line 42.
(pdftex.def)             Requested size: 500.484pt x 81.55386pt.

LaTeX Warning: `h' float specifier changed to `ht'.

[20 <../img//VM/6.png>]
<../img//VM/pod.png, id=156, 1190.4475pt x 222.8325pt>
File: ../img//VM/pod.png Graphic file (type png)
<use ../img//VM/pod.png>
Package pdftex.def Info: ../img//VM/pod.png  used on input line 61.
(pdftex.def)             Requested size: 500.484pt x 93.68082pt.
 [21 <../img//VM/7.png> <../img//VM/pod.png>]
Underfull \hbox (badness 4699) in paragraph at lines 70--77
\T2A/ptm/b/n/14.4 Добавление сво-е-го фор-ка на гит-хаб в спи-сок уда-лјн-ных р
е-по-зи-то-ри-
 []

[22]
<../img//VM/gitignore.png, id=164, 596.2275pt x 133.49875pt>
File: ../img//VM/gitignore.png Graphic file (type png)
<use ../img//VM/gitignore.png>
Package pdftex.def Info: ../img//VM/gitignore.png  used on input line 106.
(pdftex.def)             Requested size: 300.29344pt x 67.23808pt.
) [23 <../img//VM/gitignore.png>] (./paragrafs/Zadachi/Zadachi.tex
<../img//VM/РџСЂРёРјРµСЂ.png, id=169, 905.3825pt x 273.02pt>
File: ../img//VM/РџСЂРёРјРµСЂ.png Graphic file (type png)
<use ../img//VM/РџСЂРёРјРµСЂ.png>
Package pdftex.def Info: ../img//VM/РџСЂРёРјРµСЂ.png  used on input line 5.
(pdftex.def)             Requested size: 500.484pt x 150.91966pt.
<../img//VM/1.1.png, id=170, 836.12375pt x 380.42125pt>
File: ../img//VM/1.1.png Graphic file (type png)
<use ../img//VM/1.1.png>
Package pdftex.def Info: ../img//VM/1.1.png  used on input line 13.
(pdftex.def)             Requested size: 500.484pt x 227.71466pt.
 [24 <../img//VM/РџСЂРёРјРµСЂ.png> <../img//VM/1.1.png>]
<../img//VM/2.2.png, id=175, 848.16875pt x 587.19376pt>
File: ../img//VM/2.2.png Graphic file (type png)
<use ../img//VM/2.2.png>
Package pdftex.def Info: ../img//VM/2.2.png  used on input line 27.
(pdftex.def)             Requested size: 400.38872pt x 277.19067pt.
 [25 <../img//VM/2.2.png>]
<../img//VM/vch1.png, id=181, 1181.41376pt x 630.355pt>
File: ../img//VM/vch1.png Graphic file (type png)
<use ../img//VM/vch1.png>
Package pdftex.def Info: ../img//VM/vch1.png  used on input line 46.
(pdftex.def)             Requested size: 425.41444pt x 226.97571pt.
<../img//VM/vch2.png, id=182, 1181.41376pt x 630.355pt>
File: ../img//VM/vch2.png Graphic file (type png)
<use ../img//VM/vch2.png>
Package pdftex.def Info: ../img//VM/vch2.png  used on input line 50.
(pdftex.def)             Requested size: 425.41444pt x 226.97571pt.
<../img//VM/t16.1.png, id=183, 272.01625pt x 309.155pt>
File: ../img//VM/t16.1.png Graphic file (type png)
<use ../img//VM/t16.1.png>
Package pdftex.def Info: ../img//VM/t16.1.png  used on input line 56.
(pdftex.def)             Requested size: 125.12099pt x 142.20358pt.
<../img//VM/t16.3.png, id=184, 112.42pt x 84.315pt>
File: ../img//VM/t16.3.png Graphic file (type png)
<use ../img//VM/t16.3.png>
Package pdftex.def Info: ../img//VM/t16.3.png  used on input line 57.
(pdftex.def)             Requested size: 75.06953pt x 56.30418pt.

[26 <../img//VM/vch1.png> <../img//VM/vch2.png>]
<../img//VM/t16k.png, id=190, 791.95876pt x 523.9575pt>
File: ../img//VM/t16k.png Graphic file (type png)
<use ../img//VM/t16k.png>
Package pdftex.def Info: ../img//VM/t16k.png  used on input line 64.
(pdftex.def)             Requested size: 400.38872pt x 264.89626pt.
 [27 <../img//VM/t16.1.png> <../img//VM/t16.3.png> <../img//VM/t16k.png>]
<../img//VM/log1.png, id=196, 651.43375pt x 110.4125pt>
File: ../img//VM/log1.png Graphic file (type png)
<use ../img//VM/log1.png>
Package pdftex.def Info: ../img//VM/log1.png  used on input line 82.
(pdftex.def)             Requested size: 300.29344pt x 50.89818pt.
<../img//VM/log2.png, id=197, 651.43375pt x 110.4125pt>
File: ../img//VM/log2.png Graphic file (type png)
<use ../img//VM/log2.png>
Package pdftex.def Info: ../img//VM/log2.png  used on input line 83.
(pdftex.def)             Requested size: 300.29344pt x 50.89818pt.
<../img//VM/skob1.png, id=198, 651.43375pt x 110.4125pt>
File: ../img//VM/skob1.png Graphic file (type png)
<use ../img//VM/skob1.png>
Package pdftex.def Info: ../img//VM/skob1.png  used on input line 87.
(pdftex.def)             Requested size: 300.29344pt x 50.89818pt.
<../img//VM/skob2.png, id=199, 660.4675pt x 110.4125pt>
File: ../img//VM/skob2.png Graphic file (type png)
<use ../img//VM/skob2.png>
Package pdftex.def Info: ../img//VM/skob2.png  used on input line 88.
(pdftex.def)             Requested size: 300.29344pt x 50.20238pt.
<../img//VM/log.png, id=200, 983.675pt x 460.72125pt>
File: ../img//VM/log.png Graphic file (type png)
<use ../img//VM/log.png>
Package pdftex.def Info: ../img//VM/log.png  used on input line 95.
(pdftex.def)             Requested size: 450.43253pt x 210.97122pt.


LaTeX Warning: `h' float specifier changed to `ht'.

[28 <../img//VM/log1.png> <../img//VM/log2.png> <../img//VM/skob1.png> <../img/
/VM/skob2.png>]
<../img//VM/1log.png, id=208, 834.11626pt x 575.14874pt>
File: ../img//VM/1log.png Graphic file (type png)
<use ../img//VM/1log.png>
Package pdftex.def Info: ../img//VM/1log.png  used on input line 104.
(pdftex.def)             Requested size: 450.43253pt x 310.59325pt.
<../img//VM/2log.png, id=209, 834.11626pt x 438.63875pt>
File: ../img//VM/2log.png Graphic file (type png)
<use ../img//VM/2log.png>
Package pdftex.def Info: ../img//VM/2log.png  used on input line 105.
(pdftex.def)             Requested size: 450.43253pt x 236.87477pt.


LaTeX Warning: `h' float specifier changed to `ht'.

[29 <../img//VM/log.png>]
<../img//VM/3log.png, id=214, 834.11626pt x 550.055pt>
File: ../img//VM/3log.png Graphic file (type png)
<use ../img//VM/3log.png>
Package pdftex.def Info: ../img//VM/3log.png  used on input line 114.
(pdftex.def)             Requested size: 480.46799pt x 316.8499pt.
<../img//VM/4log.png, id=215, 834.11626pt x 225.84375pt>
File: ../img//VM/4log.png Graphic file (type png)
<use ../img//VM/4log.png>
Package pdftex.def Info: ../img//VM/4log.png  used on input line 115.
(pdftex.def)             Requested size: 480.46799pt x 130.09348pt.


LaTeX Warning: `h' float specifier changed to `ht'.

<../img//VM/1 (1).png, id=216, 1140.26pt x 77.28876pt>
File: ../img//VM/1 (1).png Graphic file (type png)
<use ../img//VM/1 (1).png>
Package pdftex.def Info: ../img//VM/1 (1).png  used on input line 121.
(pdftex.def)             Requested size: 500.484pt x 33.92342pt.
<../img//VM/2 (1).png, id=217, 1140.26pt x 77.28876pt>
File: ../img//VM/2 (1).png Graphic file (type png)
<use ../img//VM/2 (1).png>
Package pdftex.def Info: ../img//VM/2 (1).png  used on input line 122.
(pdftex.def)             Requested size: 500.484pt x 33.92342pt.
<../img//VM/3 (1).png, id=218, 1140.26pt x 77.28876pt>
File: ../img//VM/3 (1).png Graphic file (type png)
<use ../img//VM/3 (1).png>
Package pdftex.def Info: ../img//VM/3 (1).png  used on input line 123.
(pdftex.def)             Requested size: 500.484pt x 33.92342pt.

LaTeX Warning: `h' float specifier changed to `ht'.

[30]
<../img//VM/3b.png, id=222, 831.105pt x 337.26pt>
File: ../img//VM/3b.png Graphic file (type png)
<use ../img//VM/3b.png>
Package pdftex.def Info: ../img//VM/3b.png  used on input line 132.
(pdftex.def)             Requested size: 550.53545pt x 223.41566pt.
<../img//VM/3c.png, id=223, 819.06pt x 337.26pt>
File: ../img//VM/3c.png Graphic file (type png)
<use ../img//VM/3c.png>
Package pdftex.def Info: ../img//VM/3c.png  used on input line 133.
(pdftex.def)             Requested size: 550.53545pt x 226.70407pt.

Overfull \hbox (50.05145pt too wide) in paragraph at lines 132--134
 [][] 
 []


Overfull \hbox (50.05145pt too wide) in paragraph at lines 132--134
 [] 
 []


LaTeX Warning: `h' float specifier changed to `ht'.

<../img//VM/4 (1).png, id=224, 1140.26pt x 77.28876pt>
File: ../img//VM/4 (1).png Graphic file (type png)
<use ../img//VM/4 (1).png>
Package pdftex.def Info: ../img//VM/4 (1).png  used on input line 141.
(pdftex.def)             Requested size: 500.484pt x 33.92342pt.
<../img//VM/5 (1).png, id=225, 1140.26pt x 148.555pt>
File: ../img//VM/5 (1).png Graphic file (type png)
<use ../img//VM/5 (1).png>
Package pdftex.def Info: ../img//VM/5 (1).png  used on input line 142.
(pdftex.def)             Requested size: 500.484pt x 65.20345pt.

LaTeX Warning: `h' float specifier changed to `ht'.

[31]
<../img//VM/4b.png, id=230, 831.105pt x 517.935pt>
File: ../img//VM/4b.png Graphic file (type png)
<use ../img//VM/4b.png>
Package pdftex.def Info: ../img//VM/4b.png  used on input line 151.
(pdftex.def)             Requested size: 450.43253pt x 280.70021pt.
<../img//VM/4c.png, id=231, 831.105pt x 474.77374pt>
File: ../img//VM/4c.png Graphic file (type png)
<use ../img//VM/4c.png>
Package pdftex.def Info: ../img//VM/4c.png  used on input line 152.
(pdftex.def)             Requested size: 450.43253pt x 257.30853pt.


LaTeX Warning: `h' float specifier changed to `ht'.

<../img//VM/7 (1).png, id=232, 1155.31625pt x 540.0175pt>
File: ../img//VM/7 (1).png Graphic file (type png)
<use ../img//VM/7 (1).png>
Package pdftex.def Info: ../img//VM/7 (1).png  used on input line 161.
(pdftex.def)             Requested size: 500.484pt x 233.9334pt.

LaTeX Warning: `h' float specifier changed to `ht'.

<../img//VM/7Р±.png, id=233, 831.105pt x 484.81125pt>
File: ../img//VM/7Р±.png Graphic file (type png)
<use ../img//VM/7Р±.png>
Package pdftex.def Info: ../img//VM/7Р±.png  used on input line 168.
(pdftex.def)             Requested size: 500.484pt x 291.94684pt.

LaTeX Warning: `h' float specifier changed to `ht'.

<../img//VM/7РІ.png, id=234, 831.105pt x 551.05875pt>
File: ../img//VM/7РІ.png Graphic file (type png)
<use ../img//VM/7РІ.png>
Package pdftex.def Info: ../img//VM/7РІ.png  used on input line 173.
(pdftex.def)             Requested size: 500.484pt x 331.8402pt.

LaTeX Warning: `h' float specifier changed to `ht'.

) [32] (./paragrafs/Zakl/Zakl.tex) [33] (./paragrafs/Spisok/Spisok.tex)
Underfull \hbox (badness 10000) in paragraph at lines 1--83
[]\T2A/ptm/b/n/14.4 1. Пол-ный ин-тер-ак-тив-ный тест - Тре-на-жјр ѕЧас ЕГЭї - 
URL:
 []


Underfull \hbox (badness 6364) in paragraph at lines 1--83
\T2A/ptm/b/n/14.4 2. Львов-ский С. М. ѕНа-бор и верст-ка в си-сте-ме LaTeXї - U
RL:
 []


Underfull \hbox (badness 10000) in paragraph at lines 1--83
\T2A/ptm/b/n/14.4 https://old.mccme.ru//free-books//llang/newllang.pdf (да-та о
б-ра-ще-ния:
 []

[34] [35 <../img//VM/1log.png> <../img//VM/2log.png>] [36 <../img//VM/3log.png>
 <../img//VM/4log.png> <../img//VM/1 (1).png> <../img//VM/2 (1).png> <../img//V
M/3 (1).png>] [37 <../img//VM/3b.png> <../img//VM/3c.png> <../img//VM/4 (1).png
> <../img//VM/5 (1).png>] [38 <../img//VM/4b.png> <../img//VM/4c.png>] [39 <../
img//VM/7 (1).png> <../img//VM/7Р±.png>] [40 <../img//VM/7РІ.png>]
(./Diplom.aux)

LaTeX Font Warning: Some font shapes were not available, defaults substituted.


LaTeX Warning: There were multiply-defined labels.

 ) 
Here is how much of TeX's memory you used:
 8166 strings out of 478287
 131348 string characters out of 5849290
 517681 words of memory out of 5000000
 26137 multiletter control sequences out of 15000+600000
 483539 words of font info for 60 fonts, out of 8000000 for 9000
 1141 hyphenation exceptions out of 8191
 70i,17n,77p,1327b,437s stack positions out of 5000i,500n,10000p,200000b,80000s
{/usr/share/texlive/texmf-dist/fonts/enc/dvips/base/8r.enc}{/usr/share/texmf/
fonts/enc/dvips/cm-super/cm-super-t2a.enc}</usr/share/texmf/fonts/type1/public/
cm-super/sfrm1440.pfb></usr/share/texmf/fonts/type1/public/cm-super/sfrm1728.pf
b></usr/share/texmf/fonts/type1/public/cm-super/sfrm2074.pfb></usr/share/texmf/
fonts/type1/public/cm-super/sftt1440.pfb></usr/share/texlive/texmf-dist/fonts/t
ype1/urw/times/utmr8a.pfb>
Output written on Diplom.pdf (40 pages, 3124449 bytes).
PDF statistics:
 307 PDF objects out of 1000 (max. 8388607)
 143 compressed objects within 2 object streams
 0 named destinations out of 1000 (max. 500000)
 276 words of extra memory for PDF output out of 10000 (max. 10000000)

