This is pdfTeX, Version 3.141592653-2.6-1.40.22 (TeX Live 2022/dev/Debian) (preloaded format=pdflatex 2024.4.5)  12 JUN 2024 19:37
entering extended mode
 restricted \write18 enabled.
 %&-line parsing enabled.
**Github.tex
(./Github.tex
LaTeX2e <2021-11-15> patch level 1
L3 programming layer <2022-01-21>

! LaTeX Error: Missing \begin{document}.

See the LaTeX manual or LaTeX Companion for explanation.
Type  H <return>  for immediate help.
 ...                                              
                                                  
l.1 \quad
          1.\quad –£—Å—Ç–∞–Ω–æ–≤–∫–∞ git, nodejs, npm –∏ grunt.
You're in trouble here.  Try typing  <return>  to proceed.
If that doesn't work, type  X <return>  to quit.

Missing character: There is no 1 in font nullfont!
Missing character: There is no . in font nullfont!

! LaTeX Error: Unicode character –£ (U+0423)
               not set up for use with LaTeX.

See the LaTeX manual or LaTeX Companion for explanation.
Type  H <return>  for immediate help.
 ...                                              
                                                  
l.1 \quad 1.\quad –£
                    —Å—Ç–∞–Ω–æ–≤–∫–∞ git, nodejs, npm –∏ grunt.
You may provide a definition with
\DeclareUnicodeCharacter 


! LaTeX Error: Unicode character —Å (U+0441)
               not set up for use with LaTeX.

See the LaTeX manual or LaTeX Companion for explanation.
Type  H <return>  for immediate help.
 ...                                              
                                                  
l.1 \quad 1.\quad –£—Å
                      —Ç–∞–Ω–æ–≤–∫–∞ git, nodejs, npm –∏ grunt.
You may provide a definition with
\DeclareUnicodeCharacter 


! LaTeX Error: Unicode character —Ç (U+0442)
               not set up for use with LaTeX.

See the LaTeX manual or LaTeX Companion for explanation.
Type  H <return>  for immediate help.
 ...                                              
                                                  
l.1 \quad 1.\quad –£—Å—Ç
                        –∞–Ω–æ–≤–∫–∞ git, nodejs, npm –∏ grunt.
You may provide a definition with
\DeclareUnicodeCharacter 


! LaTeX Error: Unicode character –∞ (U+0430)
               not set up for use with LaTeX.

See the LaTeX manual or LaTeX Companion for explanation.
Type  H <return>  for immediate help.
 ...                                              
                                                  
l.1 \quad 1.\quad –£—Å—Ç–∞
                          –Ω–æ–≤–∫–∞ git, nodejs, npm –∏ grunt.
You may provide a definition with
\DeclareUnicodeCharacter 


! LaTeX Error: Unicode character –Ω (U+043D)
               not set up for use with LaTeX.

See the LaTeX manual or LaTeX Companion for explanation.
Type  H <return>  for immediate help.
 ...                                              
                                                  
l.1 \quad 1.\quad –£—Å—Ç–∞–Ω
                            –æ–≤–∫–∞ git, nodejs, npm –∏ grunt.
You may provide a definition with
\DeclareUnicodeCharacter 


! LaTeX Error: Unicode character –æ (U+043E)
               not set up for use with LaTeX.

See the LaTeX manual or LaTeX Companion for explanation.
Type  H <return>  for immediate help.
 ...                                              
                                                  
l.1 \quad 1.\quad –£—Å—Ç–∞–Ω–æ
                              –≤–∫–∞ git, nodejs, npm –∏ grunt.
You may provide a definition with
\DeclareUnicodeCharacter 


! LaTeX Error: Unicode character –≤ (U+0432)
               not set up for use with LaTeX.

See the LaTeX manual or LaTeX Companion for explanation.
Type  H <return>  for immediate help.
 ...                                              
                                                  
l.1 \quad 1.\quad –£—Å—Ç–∞–Ω–æ–≤
                                –∫–∞ git, nodejs, npm –∏ grunt.
You may provide a definition with
\DeclareUnicodeCharacter 


! LaTeX Error: Unicode character –∫ (U+043A)
               not set up for use with LaTeX.

See the LaTeX manual or LaTeX Companion for explanation.
Type  H <return>  for immediate help.
 ...                                              
                                                  
l.1 \quad 1.\quad –£—Å—Ç–∞–Ω–æ–≤–∫
                                  –∞ git, nodejs, npm –∏ grunt.
You may provide a definition with
\DeclareUnicodeCharacter 


! LaTeX Error: Unicode character –∞ (U+0430)
               not set up for use with LaTeX.

See the LaTeX manual or LaTeX Companion for explanation.
Type  H <return>  for immediate help.
 ...                                              
                                                  
l.1 \quad 1.\quad –£—Å—Ç–∞–Ω–æ–≤–∫–∞
                                     git, nodejs, npm –∏ grunt.
You may provide a definition with
\DeclareUnicodeCharacter 

Missing character: There is no g in font nullfont!
Missing character: There is no i in font nullfont!
Missing character: There is no t in font nullfont!
Missing character: There is no , in font nullfont!
Missing character: There is no n in font nullfont!
Missing character: There is no o in font nullfont!
Missing character: There is no d in font nullfont!
Missing character: There is no e in font nullfont!
Missing character: There is no j in font nullfont!
Missing character: There is no s in font nullfont!
Missing character: There is no , in font nullfont!
Missing character: There is no n in font nullfont!
Missing character: There is no p in font nullfont!
Missing character: There is no m in font nullfont!

! LaTeX Error: Unicode character –∏ (U+0438)
               not set up for use with LaTeX.

See the LaTeX manual or LaTeX Companion for explanation.
Type  H <return>  for immediate help.
 ...                                              
                                                  
l.1 ...quad –£—Å—Ç–∞–Ω–æ–≤–∫–∞ git, nodejs, npm –∏
                                                   grunt.
You may provide a definition with
\DeclareUnicodeCharacter 

Missing character: There is no g in font nullfont!
Missing character: There is no r in font nullfont!
Missing character: There is no u in font nullfont!
Missing character: There is no n in font nullfont!
Missing character: There is no t in font nullfont!
Missing character: There is no . in font nullfont!

! LaTeX Error: Unicode character –î (U+0414)
               not set up for use with LaTeX.

See the LaTeX manual or LaTeX Companion for explanation.
Type  H <return>  for immediate help.
 ...                                              
                                                  
l.2 \newline –î
               –ª—è —É—Å—Ç–∞–Ω–æ–≤–∫–∏ –≤—Å–µ–≥–æ –Ω–µ–æ–±—Ö–æ–¥–∏–º–æ–≥–æ, ...

You may provide a definition with
\DeclareUnicodeCharacter 


! LaTeX Error: Unicode character –ª (U+043B)
               not set up for use with LaTeX.

See the LaTeX manual or LaTeX Companion for explanation.
Type  H <return>  for immediate help.
 ...                                              
                                                  
l.2 \newline –î–ª
                 —è —É—Å—Ç–∞–Ω–æ–≤–∫–∏ –≤—Å–µ–≥–æ –Ω–µ–æ–±—Ö–æ–¥–∏–º–æ–≥–æ, ...

You may provide a definition with
\DeclareUnicodeCharacter 


! LaTeX Error: Unicode character —è (U+044F)
               not set up for use with LaTeX.

See the LaTeX manual or LaTeX Companion for explanation.
Type  H <return>  for immediate help.
 ...                                              
                                                  
l.2 \newline –î–ª—è
                    —É—Å—Ç–∞–Ω–æ–≤–∫–∏ –≤—Å–µ–≥–æ –Ω–µ–æ–±—Ö–æ–¥–∏–º–æ–≥–æ, ...

You may provide a definition with
\DeclareUnicodeCharacter 


! LaTeX Error: Unicode character —É (U+0443)
               not set up for use with LaTeX.

See the LaTeX manual or LaTeX Companion for explanation.
Type  H <return>  for immediate help.
 ...                                              
                                                  
l.2 \newline –î–ª—è —É
                      —Å—Ç–∞–Ω–æ–≤–∫–∏ –≤—Å–µ–≥–æ –Ω–µ–æ–±—Ö–æ–¥–∏–º–æ–≥–æ, ...

You may provide a definition with
\DeclareUnicodeCharacter 


! LaTeX Error: Unicode character —Å (U+0441)
               not set up for use with LaTeX.

See the LaTeX manual or LaTeX Companion for explanation.
Type  H <return>  for immediate help.
 ...                                              
                                                  
l.2 \newline –î–ª—è —É—Å
                        —Ç–∞–Ω–æ–≤–∫–∏ –≤—Å–µ–≥–æ –Ω–µ–æ–±—Ö–æ–¥–∏–º–æ–≥–æ, ...

You may provide a definition with
\DeclareUnicodeCharacter 


! LaTeX Error: Unicode character —Ç (U+0442)
               not set up for use with LaTeX.

See the LaTeX manual or LaTeX Companion for explanation.
Type  H <return>  for immediate help.
 ...                                              
                                                  
l.2 \newline –î–ª—è —É—Å—Ç
                          –∞–Ω–æ–≤–∫–∏ –≤—Å–µ–≥–æ –Ω–µ–æ–±—Ö–æ–¥–∏–º–æ–≥–æ, ...

You may provide a definition with
\DeclareUnicodeCharacter 


! LaTeX Error: Unicode character –∞ (U+0430)
               not set up for use with LaTeX.

See the LaTeX manual or LaTeX Companion for explanation.
Type  H <return>  for immediate help.
 ...                                              
                                                  
l.2 \newline –î–ª—è —É—Å—Ç–∞
                            –Ω–æ–≤–∫–∏ –≤—Å–µ–≥–æ –Ω–µ–æ–±—Ö–æ–¥–∏–º–æ–≥–æ, ...

You may provide a definition with
\DeclareUnicodeCharacter 


! LaTeX Error: Unicode character –Ω (U+043D)
               not set up for use with LaTeX.

See the LaTeX manual or LaTeX Companion for explanation.
Type  H <return>  for immediate help.
 ...                                              
                                                  
l.2 \newline –î–ª—è —É—Å—Ç–∞–Ω
                              –æ–≤–∫–∏ –≤—Å–µ–≥–æ –Ω–µ–æ–±—Ö–æ–¥–∏–º–æ–≥–æ, ...

You may provide a definition with
\DeclareUnicodeCharacter 


! LaTeX Error: Unicode character –æ (U+043E)
               not set up for use with LaTeX.

See the LaTeX manual or LaTeX Companion for explanation.
Type  H <return>  for immediate help.
 ...                                              
                                                  
l.2 \newline –î–ª—è —É—Å—Ç–∞–Ω–æ
                                –≤–∫–∏ –≤—Å–µ–≥–æ –Ω–µ–æ–±—Ö–æ–¥–∏–º–æ–≥–æ, ...

You may provide a definition with
\DeclareUnicodeCharacter 


! LaTeX Error: Unicode character –≤ (U+0432)
               not set up for use with LaTeX.

See the LaTeX manual or LaTeX Companion for explanation.
Type  H <return>  for immediate help.
 ...                                              
                                                  
l.2 \newline –î–ª—è —É—Å—Ç–∞–Ω–æ–≤
                                  –∫–∏ –≤—Å–µ–≥–æ –Ω–µ–æ–±—Ö–æ–¥–∏–º–æ–≥–æ, ...

You may provide a definition with
\DeclareUnicodeCharacter 


! LaTeX Error: Unicode character –∫ (U+043A)
               not set up for use with LaTeX.

See the LaTeX manual or LaTeX Companion for explanation.
Type  H <return>  for immediate help.
 ...                                              
                                                  
l.2 \newline –î–ª—è —É—Å—Ç–∞–Ω–æ–≤–∫
                                    –∏ –≤—Å–µ–≥–æ –Ω–µ–æ–±—Ö–æ–¥–∏–º–æ–≥–æ, ...

You may provide a definition with
\DeclareUnicodeCharacter 


! LaTeX Error: Unicode character –∏ (U+0438)
               not set up for use with LaTeX.

See the LaTeX manual or LaTeX Companion for explanation.
Type  H <return>  for immediate help.
 ...                                              
                                                  
l.2 \newline –î–ª—è —É—Å—Ç–∞–Ω–æ–≤–∫–∏
                                       –≤—Å–µ–≥–æ –Ω–µ–æ–±—Ö–æ–¥–∏–º–æ–≥–æ, ...

You may provide a definition with
\DeclareUnicodeCharacter 


! LaTeX Error: Unicode character –≤ (U+0432)
               not set up for use with LaTeX.

See the LaTeX manual or LaTeX Companion for explanation.
Type  H <return>  for immediate help.
 ...                                              
                                                  
l.2 \newline –î–ª—è —É—Å—Ç–∞–Ω–æ–≤–∫–∏ –≤
                                         —Å–µ–≥–æ –Ω–µ–æ–±—Ö–æ–¥–∏–º–æ–≥–æ, ...

You may provide a definition with
\DeclareUnicodeCharacter 


! LaTeX Error: Unicode character —Å (U+0441)
               not set up for use with LaTeX.

See the LaTeX manual or LaTeX Companion for explanation.
Type  H <return>  for immediate help.
 ...                                              
                                                  
l.2 \newline –î–ª—è —É—Å—Ç–∞–Ω–æ–≤–∫–∏ –≤—Å
                                           –µ–≥–æ –Ω–µ–æ–±—Ö–æ–¥–∏–º–æ–≥–æ, ...

You may provide a definition with
\DeclareUnicodeCharacter 


! LaTeX Error: Unicode character –µ (U+0435)
               not set up for use with LaTeX.

See the LaTeX manual or LaTeX Companion for explanation.
Type  H <return>  for immediate help.
 ...                                              
                                                  
l.2 \newline –î–ª—è —É—Å—Ç–∞–Ω–æ–≤–∫–∏ –≤—Å–µ
                                             –≥–æ –Ω–µ–æ–±—Ö–æ–¥–∏–º–æ–≥–æ, ...

You may provide a definition with
\DeclareUnicodeCharacter 


! LaTeX Error: Unicode character –≥ (U+0433)
               not set up for use with LaTeX.

See the LaTeX manual or LaTeX Companion for explanation.
Type  H <return>  for immediate help.
 ...                                              
                                                  
l.2 \newline –î–ª—è —É—Å—Ç–∞–Ω–æ–≤–∫–∏ –≤—Å–µ–≥
                                               –æ –Ω–µ–æ–±—Ö–æ–¥–∏–º–æ–≥–æ, ...

You may provide a definition with
\DeclareUnicodeCharacter 


! LaTeX Error: Unicode character –æ (U+043E)
               not set up for use with LaTeX.

See the LaTeX manual or LaTeX Companion for explanation.
Type  H <return>  for immediate help.
 ...                                              
                                                  
l.2 \newline –î–ª—è —É—Å—Ç–∞–Ω–æ–≤–∫–∏ –≤—Å–µ–≥–æ
                                                  –Ω–µ–æ–±—Ö–æ–¥–∏–º–æ–≥–æ, ...

You may provide a definition with
\DeclareUnicodeCharacter 


! LaTeX Error: Unicode character –Ω (U+043D)
               not set up for use with LaTeX.

See the LaTeX manual or LaTeX Companion for explanation.
Type  H <return>  for immediate help.
 ...                                              
                                                  
l.2 ...ine –î–ª—è —É—Å—Ç–∞–Ω–æ–≤–∫–∏ –≤—Å–µ–≥–æ –Ω
                                                  –µ–æ–±—Ö–æ–¥–∏–º–æ–≥–æ, –Ω...

You may provide a definition with
\DeclareUnicodeCharacter 


! LaTeX Error: Unicode character –µ (U+0435)
               not set up for use with LaTeX.

See the LaTeX manual or LaTeX Companion for explanation.
Type  H <return>  for immediate help.
 ...                                              
                                                  
l.2 ...e –î–ª—è —É—Å—Ç–∞–Ω–æ–≤–∫–∏ –≤—Å–µ–≥–æ –Ω–µ
                                                  –æ–±—Ö–æ–¥–∏–º–æ–≥–æ, –Ω–∞...

You may provide a definition with
\DeclareUnicodeCharacter 


! LaTeX Error: Unicode character –æ (U+043E)
               not set up for use with LaTeX.

See the LaTeX manual or LaTeX Companion for explanation.
Type  H <return>  for immediate help.
 ...                                              
                                                  
l.2 ...–î–ª—è —É—Å—Ç–∞–Ω–æ–≤–∫–∏ –≤—Å–µ–≥–æ –Ω–µ–æ
                                                  –±—Ö–æ–¥–∏–º–æ–≥–æ, –Ω–∞–º...

You may provide a definition with
\DeclareUnicodeCharacter 


! LaTeX Error: Unicode character –± (U+0431)
               not set up for use with LaTeX.

See the LaTeX manual or LaTeX Companion for explanation.
Type  H <return>  for immediate help.
 ...                                              
                                                  
l.2 ...–ª—è —É—Å—Ç–∞–Ω–æ–≤–∫–∏ –≤—Å–µ–≥–æ –Ω–µ–æ–±
                                                  —Ö–æ–¥–∏–º–æ–≥–æ, –Ω–∞–º –...

You may provide a definition with
\DeclareUnicodeCharacter 


! LaTeX Error: Unicode character —Ö (U+0445)
               not set up for use with LaTeX.

See the LaTeX manual or LaTeX Companion for explanation.
Type  H <return>  for immediate help.
 ...                                              
                                                  
l.2 ...—è —É—Å—Ç–∞–Ω–æ–≤–∫–∏ –≤—Å–µ–≥–æ –Ω–µ–æ–±—Ö
                                                  –æ–¥–∏–º–æ–≥–æ, –Ω–∞–º –Ω—...

You may provide a definition with
\DeclareUnicodeCharacter 


! LaTeX Error: Unicode character –æ (U+043E)
               not set up for use with LaTeX.

See the LaTeX manual or LaTeX Companion for explanation.
Type  H <return>  for immediate help.
 ...                                              
                                                  
l.2 ... —É—Å—Ç–∞–Ω–æ–≤–∫–∏ –≤—Å–µ–≥–æ –Ω–µ–æ–±—Ö–æ
                                                  –¥–∏–º–æ–≥–æ, –Ω–∞–º –Ω—É–...

You may provide a definition with
\DeclareUnicodeCharacter 


! LaTeX Error: Unicode character –¥ (U+0434)
               not set up for use with LaTeX.

See the LaTeX manual or LaTeX Companion for explanation.
Type  H <return>  for immediate help.
 ...                                              
                                                  
l.2 ...É—Å—Ç–∞–Ω–æ–≤–∫–∏ –≤—Å–µ–≥–æ –Ω–µ–æ–±—Ö–æ–¥
                                                  –∏–º–æ–≥–æ, –Ω–∞–º –Ω—É–∂–...

You may provide a definition with
\DeclareUnicodeCharacter 


! LaTeX Error: Unicode character –∏ (U+0438)
               not set up for use with LaTeX.

See the LaTeX manual or LaTeX Companion for explanation.
Type  H <return>  for immediate help.
 ...                                              
                                                  
l.2 ...Å—Ç–∞–Ω–æ–≤–∫–∏ –≤—Å–µ–≥–æ –Ω–µ–æ–±—Ö–æ–¥–∏
                                                  –º–æ–≥–æ, –Ω–∞–º –Ω—É–∂–Ω–...

You may provide a definition with
\DeclareUnicodeCharacter 


! LaTeX Error: Unicode character –º (U+043C)
               not set up for use with LaTeX.

See the LaTeX manual or LaTeX Companion for explanation.
Type  H <return>  for immediate help.
 ...                                              
                                                  
l.2 ...Ç–∞–Ω–æ–≤–∫–∏ –≤—Å–µ–≥–æ –Ω–µ–æ–±—Ö–æ–¥–∏–º
                                                  –æ–≥–æ, –Ω–∞–º –Ω—É–∂–Ω–æ ...

You may provide a definition with
\DeclareUnicodeCharacter 


! LaTeX Error: Unicode character –æ (U+043E)
               not set up for use with LaTeX.

See the LaTeX manual or LaTeX Companion for explanation.
Type  H <return>  for immediate help.
 ...                                              
                                                  
l.2 ...∞–Ω–æ–≤–∫–∏ –≤—Å–µ–≥–æ –Ω–µ–æ–±—Ö–æ–¥–∏–º–æ
                                                  –≥–æ, –Ω–∞–º –Ω—É–∂–Ω–æ –æ...

You may provide a definition with
\DeclareUnicodeCharacter 


! LaTeX Error: Unicode character –≥ (U+0433)
               not set up for use with LaTeX.

See the LaTeX manual or LaTeX Companion for explanation.
Type  H <return>  for immediate help.
 ...                                              
                                                  
l.2 ...Ω–æ–≤–∫–∏ –≤—Å–µ–≥–æ –Ω–µ–æ–±—Ö–æ–¥–∏–º–æ–≥
                                                  –æ, –Ω–∞–º –Ω—É–∂–Ω–æ –æ—Ç...

You may provide a definition with
\DeclareUnicodeCharacter 


! LaTeX Error: Unicode character –æ (U+043E)
               not set up for use with LaTeX.

See the LaTeX manual or LaTeX Companion for explanation.
Type  H <return>  for immediate help.
 ...                                              
                                                  
l.2 ...æ–≤–∫–∏ –≤—Å–µ–≥–æ –Ω–µ–æ–±—Ö–æ–¥–∏–º–æ–≥–æ
                                                  , –Ω–∞–º –Ω—É–∂–Ω–æ –æ—Ç–∫...

You may provide a definition with
\DeclareUnicodeCharacter 

Missing character: There is no , in font nullfont!

! LaTeX Error: Unicode character –Ω (U+043D)
               not set up for use with LaTeX.

See the LaTeX manual or LaTeX Companion for explanation.
Type  H <return>  for immediate help.
 ...                                              
                                                  
l.2 ...∫–∏ –≤—Å–µ–≥–æ –Ω–µ–æ–±—Ö–æ–¥–∏–º–æ–≥–æ, –Ω
                                                  –∞–º –Ω—É–∂–Ω–æ –æ—Ç–∫—Ä—ã...

You may provide a definition with
\DeclareUnicodeCharacter 


! LaTeX Error: Unicode character –∞ (U+0430)
               not set up for use with LaTeX.

See the LaTeX manual or LaTeX Companion for explanation.
Type  H <return>  for immediate help.
 ...                                              
                                                  
l.2 ...∏ –≤—Å–µ–≥–æ –Ω–µ–æ–±—Ö–æ–¥–∏–º–æ–≥–æ, –Ω–∞
                                                  –º –Ω—É–∂–Ω–æ –æ—Ç–∫—Ä—ã—Ç...

You may provide a definition with
\DeclareUnicodeCharacter 


! LaTeX Error: Unicode character –º (U+043C)
               not set up for use with LaTeX.

See the LaTeX manual or LaTeX Companion for explanation.
Type  H <return>  for immediate help.
 ...                                              
                                                  
l.2 ...–≤—Å–µ–≥–æ –Ω–µ–æ–±—Ö–æ–¥–∏–º–æ–≥–æ, –Ω–∞–º
                                                   –Ω—É–∂–Ω–æ –æ—Ç–∫—Ä—ã—Ç—å...

You may provide a definition with
\DeclareUnicodeCharacter 


! LaTeX Error: Unicode character –Ω (U+043D)
               not set up for use with LaTeX.

See the LaTeX manual or LaTeX Companion for explanation.
Type  H <return>  for immediate help.
 ...                                              
                                                  
l.2 ...Å–µ–≥–æ –Ω–µ–æ–±—Ö–æ–¥–∏–º–æ–≥–æ, –Ω–∞–º –Ω
                                                  —É–∂–Ω–æ –æ—Ç–∫—Ä—ã—Ç—å —Ç...

You may provide a definition with
\DeclareUnicodeCharacter 


! LaTeX Error: Unicode character —É (U+0443)
               not set up for use with LaTeX.

See the LaTeX manual or LaTeX Companion for explanation.
Type  H <return>  for immediate help.
 ...                                              
                                                  
l.2 ...µ–≥–æ –Ω–µ–æ–±—Ö–æ–¥–∏–º–æ–≥–æ, –Ω–∞–º –Ω—É
                                                  –∂–Ω–æ –æ—Ç–∫—Ä—ã—Ç—å —Ç–µ...

You may provide a definition with
\DeclareUnicodeCharacter 


! LaTeX Error: Unicode character –∂ (U+0436)
               not set up for use with LaTeX.

See the LaTeX manual or LaTeX Companion for explanation.
Type  H <return>  for immediate help.
 ...                                              
                                                  
l.2 ...≥–æ –Ω–µ–æ–±—Ö–æ–¥–∏–º–æ–≥–æ, –Ω–∞–º –Ω—É–∂
                                                  –Ω–æ –æ—Ç–∫—Ä—ã—Ç—å —Ç–µ—Ä...

You may provide a definition with
\DeclareUnicodeCharacter 


! LaTeX Error: Unicode character –Ω (U+043D)
               not set up for use with LaTeX.

See the LaTeX manual or LaTeX Companion for explanation.
Type  H <return>  for immediate help.
 ...                                              
                                                  
l.2 ...æ –Ω–µ–æ–±—Ö–æ–¥–∏–º–æ–≥–æ, –Ω–∞–º –Ω—É–∂–Ω
                                                  –æ –æ—Ç–∫—Ä—ã—Ç—å —Ç–µ—Ä–º...

You may provide a definition with
\DeclareUnicodeCharacter 


! LaTeX Error: Unicode character –æ (U+043E)
               not set up for use with LaTeX.

See the LaTeX manual or LaTeX Companion for explanation.
Type  H <return>  for immediate help.
 ...                                              
                                                  
l.2 ...–Ω–µ–æ–±—Ö–æ–¥–∏–º–æ–≥–æ, –Ω–∞–º –Ω—É–∂–Ω–æ
                                                   –æ—Ç–∫—Ä—ã—Ç—å —Ç–µ—Ä–º–∏...

You may provide a definition with
\DeclareUnicodeCharacter 


! LaTeX Error: Unicode character –æ (U+043E)
               not set up for use with LaTeX.

See the LaTeX manual or LaTeX Companion for explanation.
Type  H <return>  for immediate help.
 ...                                              
                                                  
l.2 ...µ–æ–±—Ö–æ–¥–∏–º–æ–≥–æ, –Ω–∞–º –Ω—É–∂–Ω–æ –æ
                                                  —Ç–∫—Ä—ã—Ç—å —Ç–µ—Ä–º–∏–Ω–...

You may provide a definition with
\DeclareUnicodeCharacter 


! LaTeX Error: Unicode character —Ç (U+0442)
               not set up for use with LaTeX.

See the LaTeX manual or LaTeX Companion for explanation.
Type  H <return>  for immediate help.
 ...                                              
                                                  
l.2 ...æ–±—Ö–æ–¥–∏–º–æ–≥–æ, –Ω–∞–º –Ω—É–∂–Ω–æ –æ—Ç
                                                  –∫—Ä—ã—Ç—å —Ç–µ—Ä–º–∏–Ω–∞–...

You may provide a definition with
\DeclareUnicodeCharacter 


! LaTeX Error: Unicode character –∫ (U+043A)
               not set up for use with LaTeX.

See the LaTeX manual or LaTeX Companion for explanation.
Type  H <return>  for immediate help.
 ...                                              
                                                  
l.2 ...±—Ö–æ–¥–∏–º–æ–≥–æ, –Ω–∞–º –Ω—É–∂–Ω–æ –æ—Ç–∫
                                                  —Ä—ã—Ç—å —Ç–µ—Ä–º–∏–Ω–∞–ª,...

You may provide a definition with
\DeclareUnicodeCharacter 


! LaTeX Error: Unicode character —Ä (U+0440)
               not set up for use with LaTeX.

See the LaTeX manual or LaTeX Companion for explanation.
Type  H <return>  for immediate help.
 ...                                              
                                                  
l.2 ...Ö–æ–¥–∏–º–æ–≥–æ, –Ω–∞–º –Ω—É–∂–Ω–æ –æ—Ç–∫—Ä
                                                  —ã—Ç—å —Ç–µ—Ä–º–∏–Ω–∞–ª, –...

You may provide a definition with
\DeclareUnicodeCharacter 


! LaTeX Error: Unicode character —ã (U+044B)
               not set up for use with LaTeX.

See the LaTeX manual or LaTeX Companion for explanation.
Type  H <return>  for immediate help.
 ...                                              
                                                  
l.2 ...æ–¥–∏–º–æ–≥–æ, –Ω–∞–º –Ω—É–∂–Ω–æ –æ—Ç–∫—Ä—ã
                                                  —Ç—å —Ç–µ—Ä–º–∏–Ω–∞–ª, –Ω–...

You may provide a definition with
\DeclareUnicodeCharacter 


! LaTeX Error: Unicode character —Ç (U+0442)
               not set up for use with LaTeX.

See the LaTeX manual or LaTeX Companion for explanation.
Type  H <return>  for immediate help.
 ...                                              
                                                  
l.2 ...¥–∏–º–æ–≥–æ, –Ω–∞–º –Ω—É–∂–Ω–æ –æ—Ç–∫—Ä—ã—Ç
                                                  —å —Ç–µ—Ä–º–∏–Ω–∞–ª, –Ω–∞–...

You may provide a definition with
\DeclareUnicodeCharacter 


! LaTeX Error: Unicode character —å (U+044C)
               not set up for use with LaTeX.

See the LaTeX manual or LaTeX Companion for explanation.
Type  H <return>  for immediate help.
 ...                                              
                                                  
l.2 ...∏–º–æ–≥–æ, –Ω–∞–º –Ω—É–∂–Ω–æ –æ—Ç–∫—Ä—ã—Ç—å
                                                   —Ç–µ—Ä–º–∏–Ω–∞–ª, –Ω–∞–∂–...

You may provide a definition with
\DeclareUnicodeCharacter 


! LaTeX Error: Unicode character —Ç (U+0442)
               not set up for use with LaTeX.

See the LaTeX manual or LaTeX Companion for explanation.
Type  H <return>  for immediate help.
 ...                                              
                                                  
l.2 ...–æ–≥–æ, –Ω–∞–º –Ω—É–∂–Ω–æ –æ—Ç–∫—Ä—ã—Ç—å —Ç
                                                  –µ—Ä–º–∏–Ω–∞–ª, –Ω–∞–∂–∞–≤...

You may provide a definition with
\DeclareUnicodeCharacter 


! LaTeX Error: Unicode character –µ (U+0435)
               not set up for use with LaTeX.

See the LaTeX manual or LaTeX Companion for explanation.
Type  H <return>  for immediate help.
 ...                                              
                                                  
l.2 ...–≥–æ, –Ω–∞–º –Ω—É–∂–Ω–æ –æ—Ç–∫—Ä—ã—Ç—å —Ç–µ
                                                  —Ä–º–∏–Ω–∞–ª, –Ω–∞–∂–∞–≤ –...

You may provide a definition with
\DeclareUnicodeCharacter 


! LaTeX Error: Unicode character —Ä (U+0440)
               not set up for use with LaTeX.

See the LaTeX manual or LaTeX Companion for explanation.
Type  H <return>  for immediate help.
 ...                                              
                                                  
l.2 ...–æ, –Ω–∞–º –Ω—É–∂–Ω–æ –æ—Ç–∫—Ä—ã—Ç—å —Ç–µ—Ä
                                                  –º–∏–Ω–∞–ª, –Ω–∞–∂–∞–≤ –Ω–...

You may provide a definition with
\DeclareUnicodeCharacter 


! LaTeX Error: Unicode character –º (U+043C)
               not set up for use with LaTeX.

See the LaTeX manual or LaTeX Companion for explanation.
Type  H <return>  for immediate help.
 ...                                              
                                                  
l.2 ..., –Ω–∞–º –Ω—É–∂–Ω–æ –æ—Ç–∫—Ä—ã—Ç—å —Ç–µ—Ä–º
                                                  –∏–Ω–∞–ª, –Ω–∞–∂–∞–≤ –Ω–∞ ...

You may provide a definition with
\DeclareUnicodeCharacter 


! LaTeX Error: Unicode character –∏ (U+0438)
               not set up for use with LaTeX.

See the LaTeX manual or LaTeX Companion for explanation.
Type  H <return>  for immediate help.
 ...                                              
                                                  
l.2 ...–Ω–∞–º –Ω—É–∂–Ω–æ –æ—Ç–∫—Ä—ã—Ç—å —Ç–µ—Ä–º–∏
                                                  –Ω–∞–ª, –Ω–∞–∂–∞–≤ –Ω–∞ –µ...

You may provide a definition with
\DeclareUnicodeCharacter 


! LaTeX Error: Unicode character –Ω (U+043D)
               not set up for use with LaTeX.

See the LaTeX manual or LaTeX Companion for explanation.
Type  H <return>  for immediate help.
 ...                                              
                                                  
l.2 ...–∞–º –Ω—É–∂–Ω–æ –æ—Ç–∫—Ä—ã—Ç—å —Ç–µ—Ä–º–∏–Ω
                                                  –∞–ª, –Ω–∞–∂–∞–≤ –Ω–∞ –µ–≥...

You may provide a definition with
\DeclareUnicodeCharacter 


! LaTeX Error: Unicode character –∞ (U+0430)
               not set up for use with LaTeX.

See the LaTeX manual or LaTeX Companion for explanation.
Type  H <return>  for immediate help.
 ...                                              
                                                  
l.2 ...–º –Ω—É–∂–Ω–æ –æ—Ç–∫—Ä—ã—Ç—å —Ç–µ—Ä–º–∏–Ω–∞
                                                  –ª, –Ω–∞–∂–∞–≤ –Ω–∞ –µ–≥–æ...

You may provide a definition with
\DeclareUnicodeCharacter 


! LaTeX Error: Unicode character –ª (U+043B)
               not set up for use with LaTeX.

See the LaTeX manual or LaTeX Companion for explanation.
Type  H <return>  for immediate help.
 ...                                              
                                                  
l.2 ... –Ω—É–∂–Ω–æ –æ—Ç–∫—Ä—ã—Ç—å —Ç–µ—Ä–º–∏–Ω–∞–ª
                                                  , –Ω–∞–∂–∞–≤ –Ω–∞ –µ–≥–æ –...

You may provide a definition with
\DeclareUnicodeCharacter 

Missing character: There is no , in font nullfont!

! LaTeX Error: Unicode character –Ω (U+043D)
               not set up for use with LaTeX.

See the LaTeX manual or LaTeX Companion for explanation.
Type  H <return>  for immediate help.
 ...                                              
                                                  
l.2 ...É–∂–Ω–æ –æ—Ç–∫—Ä—ã—Ç—å —Ç–µ—Ä–º–∏–Ω–∞–ª, –Ω
                                                  –∞–∂–∞–≤ –Ω–∞ –µ–≥–æ –∏–∫–...

You may provide a definition with
\DeclareUnicodeCharacter 


! LaTeX Error: Unicode character –∞ (U+0430)
               not set up for use with LaTeX.

See the LaTeX manual or LaTeX Companion for explanation.
Type  H <return>  for immediate help.
 ...                                              
                                                  
l.2 ...∂–Ω–æ –æ—Ç–∫—Ä—ã—Ç—å —Ç–µ—Ä–º–∏–Ω–∞–ª, –Ω–∞
                                                  –∂–∞–≤ –Ω–∞ –µ–≥–æ –∏–∫–æ–...

You may provide a definition with
\DeclareUnicodeCharacter 


! LaTeX Error: Unicode character –∂ (U+0436)
               not set up for use with LaTeX.

See the LaTeX manual or LaTeX Companion for explanation.
Type  H <return>  for immediate help.
 ...                                              
                                                  
l.2 ...Ω–æ –æ—Ç–∫—Ä—ã—Ç—å —Ç–µ—Ä–º–∏–Ω–∞–ª, –Ω–∞–∂
                                                  –∞–≤ –Ω–∞ –µ–≥–æ –∏–∫–æ–Ω–...

You may provide a definition with
\DeclareUnicodeCharacter 


! LaTeX Error: Unicode character –∞ (U+0430)
               not set up for use with LaTeX.

See the LaTeX manual or LaTeX Companion for explanation.
Type  H <return>  for immediate help.
 ...                                              
                                                  
l.2 ...æ –æ—Ç–∫—Ä—ã—Ç—å —Ç–µ—Ä–º–∏–Ω–∞–ª, –Ω–∞–∂–∞
                                                  –≤ –Ω–∞ –µ–≥–æ –∏–∫–æ–Ω–∫—É.
You may provide a definition with
\DeclareUnicodeCharacter 


! LaTeX Error: Unicode character –≤ (U+0432)
               not set up for use with LaTeX.

See the LaTeX manual or LaTeX Companion for explanation.
Type  H <return>  for immediate help.
 ...                                              
                                                  
l.2 ...–æ—Ç–∫—Ä—ã—Ç—å —Ç–µ—Ä–º–∏–Ω–∞–ª, –Ω–∞–∂–∞–≤
                                                   –Ω–∞ –µ–≥–æ –∏–∫–æ–Ω–∫—É.
You may provide a definition with
\DeclareUnicodeCharacter 


! LaTeX Error: Unicode character –Ω (U+043D)
               not set up for use with LaTeX.

See the LaTeX manual or LaTeX Companion for explanation.
Type  H <return>  for immediate help.
 ...                                              
                                                  
l.2 ...Ç–∫—Ä—ã—Ç—å —Ç–µ—Ä–º–∏–Ω–∞–ª, –Ω–∞–∂–∞–≤ –Ω
                                                  –∞ –µ–≥–æ –∏–∫–æ–Ω–∫—É.
You may provide a definition with
\DeclareUnicodeCharacter 


! LaTeX Error: Unicode character –∞ (U+0430)
               not set up for use with LaTeX.

See the LaTeX manual or LaTeX Companion for explanation.
Type  H <return>  for immediate help.
 ...                                              
                                                  
l.2 ...∫—Ä—ã—Ç—å —Ç–µ—Ä–º–∏–Ω–∞–ª, –Ω–∞–∂–∞–≤ –Ω–∞
                                                   –µ–≥–æ –∏–∫–æ–Ω–∫—É.
You may provide a definition with
\DeclareUnicodeCharacter 


! LaTeX Error: Unicode character –µ (U+0435)
               not set up for use with LaTeX.

See the LaTeX manual or LaTeX Companion for explanation.
Type  H <return>  for immediate help.
 ...                                              
                                                  
l.2 ...—ã—Ç—å —Ç–µ—Ä–º–∏–Ω–∞–ª, –Ω–∞–∂–∞–≤ –Ω–∞ –µ
                                                  –≥–æ –∏–∫–æ–Ω–∫—É.
You may provide a definition with
\DeclareUnicodeCharacter 


! LaTeX Error: Unicode character –≥ (U+0433)
               not set up for use with LaTeX.

See the LaTeX manual or LaTeX Companion for explanation.
Type  H <return>  for immediate help.
 ...                                              
                                                  
l.2 ...—Ç—å —Ç–µ—Ä–º–∏–Ω–∞–ª, –Ω–∞–∂–∞–≤ –Ω–∞ –µ–≥
                                                  –æ –∏–∫–æ–Ω–∫—É.
You may provide a definition with
\DeclareUnicodeCharacter 


! LaTeX Error: Unicode character –æ (U+043E)
               not set up for use with LaTeX.

See the LaTeX manual or LaTeX Companion for explanation.
Type  H <return>  for immediate help.
 ...                                              
                                                  
l.2 ...—å —Ç–µ—Ä–º–∏–Ω–∞–ª, –Ω–∞–∂–∞–≤ –Ω–∞ –µ–≥–æ
                                                   –∏–∫–æ–Ω–∫—É.
You may provide a definition with
\DeclareUnicodeCharacter 


! LaTeX Error: Unicode character –∏ (U+0438)
               not set up for use with LaTeX.

See the LaTeX manual or LaTeX Companion for explanation.
Type  H <return>  for immediate help.
 ...                                              
                                                  
l.2 ...—Ç–µ—Ä–º–∏–Ω–∞–ª, –Ω–∞–∂–∞–≤ –Ω–∞ –µ–≥–æ –∏
                                                  –∫–æ–Ω–∫—É.
You may provide a definition with
\DeclareUnicodeCharacter 


! LaTeX Error: Unicode character –∫ (U+043A)
               not set up for use with LaTeX.

See the LaTeX manual or LaTeX Companion for explanation.
Type  H <return>  for immediate help.
 ...                                              
                                                  
l.2 ...–µ—Ä–º–∏–Ω–∞–ª, –Ω–∞–∂–∞–≤ –Ω–∞ –µ–≥–æ –∏–∫
                                                  –æ–Ω–∫—É.
You may provide a definition with
\DeclareUnicodeCharacter 


! LaTeX Error: Unicode character –æ (U+043E)
               not set up for use with LaTeX.

See the LaTeX manual or LaTeX Companion for explanation.
Type  H <return>  for immediate help.
 ...                                              
                                                  
l.2 ...—Ä–º–∏–Ω–∞–ª, –Ω–∞–∂–∞–≤ –Ω–∞ –µ–≥–æ –∏–∫–æ
                                                  –Ω–∫—É.
You may provide a definition with
\DeclareUnicodeCharacter 


! LaTeX Error: Unicode character –Ω (U+043D)
               not set up for use with LaTeX.

See the LaTeX manual or LaTeX Companion for explanation.
Type  H <return>  for immediate help.
 ...                                              
                                                  
l.2 ...–º–∏–Ω–∞–ª, –Ω–∞–∂–∞–≤ –Ω–∞ –µ–≥–æ –∏–∫–æ–Ω
                                                  –∫—É.
You may provide a definition with
\DeclareUnicodeCharacter 


! LaTeX Error: Unicode character –∫ (U+043A)
               not set up for use with LaTeX.

See the LaTeX manual or LaTeX Companion for explanation.
Type  H <return>  for immediate help.
 ...                                              
                                                  
l.2 ...–∏–Ω–∞–ª, –Ω–∞–∂–∞–≤ –Ω–∞ –µ–≥–æ –∏–∫–æ–Ω–∫
                                                  —É.
You may provide a definition with
\DeclareUnicodeCharacter 


! LaTeX Error: Unicode character —É (U+0443)
               not set up for use with LaTeX.

See the LaTeX manual or LaTeX Companion for explanation.
Type  H <return>  for immediate help.
 ...                                              
                                                  
l.2 ...–Ω–∞–ª, –Ω–∞–∂–∞–≤ –Ω–∞ –µ–≥–æ –∏–∫–æ–Ω–∫—É
                                                  .
You may provide a definition with
\DeclareUnicodeCharacter 

Missing character: There is no . in font nullfont!

Overfull \hbox (20.0pt too wide) in paragraph at lines 1--3
[]
 []


! LaTeX Error: Environment figure undefined.

See the LaTeX manual or LaTeX Companion for explanation.
Type  H <return>  for immediate help.
 ...                                              
                                                  
l.4 \begin{figure}
                  [h]
Your command was ignored.
Type  I <command> <return>  to replace it with another command,
or  <return>  to continue without it.


! LaTeX Error: Missing \begin{document}.

See the LaTeX manual or LaTeX Companion for explanation.
Type  H <return>  for immediate help.
 ...                                              
                                                  
l.4 \begin{figure}[
                   h]
You're in trouble here.  Try typing  <return>  to proceed.
If that doesn't work, type  X <return>  to quit.

Missing character: There is no [ in font nullfont!
Missing character: There is no h in font nullfont!
Missing character: There is no ] in font nullfont!
! Undefined control sequence.
l.6 		\includegraphics
                      [width=0.2\linewidth]{VM/5.png}
The control sequence at the end of the top line
of your error message was never \def'ed. If you have
misspelled it (e.g., `\hobx'), type `I' and the correct
spelling (e.g., `I\hbox'). Otherwise just continue,
and I'll forget about whatever was undefined.

Missing character: There is no [ in font nullfont!
Missing character: There is no w in font nullfont!
Missing character: There is no i in font nullfont!
Missing character: There is no d in font nullfont!
Missing character: There is no t in font nullfont!
Missing character: There is no h in font nullfont!
Missing character: There is no = in font nullfont!
Missing character: There is no 0 in font nullfont!
Missing character: There is no . in font nullfont!
Missing character: There is no 2 in font nullfont!
! Missing number, treated as zero.
<to be read again> 
                   ]
l.6 		\includegraphics[width=0.2\linewidth]
                                           {VM/5.png}
A number should have been here; I inserted `0'.
(If you can't figure out why I needed to see a number,
look up `weird error' in the index to The TeXbook.)

! Illegal unit of measure (pt inserted).
<to be read again> 
                   ]
l.6 		\includegraphics[width=0.2\linewidth]
                                           {VM/5.png}
Dimensions can be in units of em, ex, in, pt, pc,
cm, mm, dd, cc, nd, nc, bp, or sp; but yours is a new one!
I'll assume that you meant to say pt, for printer's points.
To recover gracefully from this error, it's best to
delete the erroneous units; e.g., type `2' to delete
two letters. (See Chapter 27 of The TeXbook.)

Missing character: There is no ] in font nullfont!
Missing character: There is no V in font nullfont!
Missing character: There is no M in font nullfont!
Missing character: There is no / in font nullfont!
Missing character: There is no 5 in font nullfont!
Missing character: There is no . in font nullfont!
Missing character: There is no p in font nullfont!
Missing character: There is no n in font nullfont!
Missing character: There is no g in font nullfont!

! LaTeX Error: \caption outside float.

See the LaTeX manual or LaTeX Companion for explanation.
Type  H <return>  for immediate help.
 ...                                              
                                                  
l.7 \caption
            {–¢–µ—Ä–º–∏–Ω–∞–ª.}
You're in trouble here.  Try typing  <return>  to proceed.
If that doesn't work, type  X <return>  to quit.


! LaTeX Error: Unicode character –¢ (U+0422)
               not set up for use with LaTeX.

See the LaTeX manual or LaTeX Companion for explanation.
Type  H <return>  for immediate help.
 ...                                              
                                                  
l.7 \caption{–¢
               –µ—Ä–º–∏–Ω–∞–ª.}
You may provide a definition with
\DeclareUnicodeCharacter 


! LaTeX Error: Unicode character –µ (U+0435)
               not set up for use with LaTeX.

See the LaTeX manual or LaTeX Companion for explanation.
Type  H <return>  for immediate help.
 ...                                              
                                                  
l.7 \caption{–¢–µ
                 —Ä–º–∏–Ω–∞–ª.}
You may provide a definition with
\DeclareUnicodeCharacter 


! LaTeX Error: Unicode character —Ä (U+0440)
               not set up for use with LaTeX.

See the LaTeX manual or LaTeX Companion for explanation.
Type  H <return>  for immediate help.
 ...                                              
                                                  
l.7 \caption{–¢–µ—Ä
                   –º–∏–Ω–∞–ª.}
You may provide a definition with
\DeclareUnicodeCharacter 


! LaTeX Error: Unicode character –º (U+043C)
               not set up for use with LaTeX.

See the LaTeX manual or LaTeX Companion for explanation.
Type  H <return>  for immediate help.
 ...                                              
                                                  
l.7 \caption{–¢–µ—Ä–º
                     –∏–Ω–∞–ª.}
You may provide a definition with
\DeclareUnicodeCharacter 


! LaTeX Error: Unicode character –∏ (U+0438)
               not set up for use with LaTeX.

See the LaTeX manual or LaTeX Companion for explanation.
Type  H <return>  for immediate help.
 ...                                              
                                                  
l.7 \caption{–¢–µ—Ä–º–∏
                       –Ω–∞–ª.}
You may provide a definition with
\DeclareUnicodeCharacter 


! LaTeX Error: Unicode character –Ω (U+043D)
               not set up for use with LaTeX.

See the LaTeX manual or LaTeX Companion for explanation.
Type  H <return>  for immediate help.
 ...                                              
                                                  
l.7 \caption{–¢–µ—Ä–º–∏–Ω
                         –∞–ª.}
You may provide a definition with
\DeclareUnicodeCharacter 


! LaTeX Error: Unicode character –∞ (U+0430)
               not set up for use with LaTeX.

See the LaTeX manual or LaTeX Companion for explanation.
Type  H <return>  for immediate help.
 ...                                              
                                                  
l.7 \caption{–¢–µ—Ä–º–∏–Ω–∞
                           –ª.}
You may provide a definition with
\DeclareUnicodeCharacter 


! LaTeX Error: Unicode character –ª (U+043B)
               not set up for use with LaTeX.

See the LaTeX manual or LaTeX Companion for explanation.
Type  H <return>  for immediate help.
 ...                                              
                                                  
l.7 \caption{–¢–µ—Ä–º–∏–Ω–∞–ª
                             .}
You may provide a definition with
\DeclareUnicodeCharacter 

Missing character: There is no . in font nullfont!

! LaTeX Error: \begin{document} ended by \end{figure}.

See the LaTeX manual or LaTeX Companion for explanation.
Type  H <return>  for immediate help.
 ...                                              
                                                  
l.9 \end{figure}
                
Your command was ignored.
Type  I <command> <return>  to replace it with another command,
or  <return>  to continue without it.


Overfull \hbox (20.0pt too wide) in paragraph at lines 4--10
[]
 []


! LaTeX Error: Missing \begin{document}.

See the LaTeX manual or LaTeX Companion for explanation.
Type  H <return>  for immediate help.
 ...                                              
                                                  
l.11 \quad
           –î–∞–ª–µ–µ, –¥–ª—è —Å–∫–∞—á–∏–≤–∞–Ω–∏—è, –Ω–µ–æ–±—Ö–æ–¥–∏–º–æ –≤–...

You're in trouble here.  Try typing  <return>  to proceed.
If that doesn't work, type  X <return>  to quit.


! LaTeX Error: Unicode character –î (U+0414)
               not set up for use with LaTeX.

See the LaTeX manual or LaTeX Companion for explanation.
Type  H <return>  for immediate help.
 ...                                              
                                                  
l.11 \quad –î
             –∞–ª–µ–µ, –¥–ª—è —Å–∫–∞—á–∏–≤–∞–Ω–∏—è, –Ω–µ–æ–±—Ö–æ–¥–∏–º–æ –≤–...

You may provide a definition with
\DeclareUnicodeCharacter 


! LaTeX Error: Unicode character –∞ (U+0430)
               not set up for use with LaTeX.

See the LaTeX manual or LaTeX Companion for explanation.
Type  H <return>  for immediate help.
 ...                                              
                                                  
l.11 \quad –î–∞
               –ª–µ–µ, –¥–ª—è —Å–∫–∞—á–∏–≤–∞–Ω–∏—è, –Ω–µ–æ–±—Ö–æ–¥–∏–º–æ –≤–...

You may provide a definition with
\DeclareUnicodeCharacter 


! LaTeX Error: Unicode character –ª (U+043B)
               not set up for use with LaTeX.

See the LaTeX manual or LaTeX Companion for explanation.
Type  H <return>  for immediate help.
 ...                                              
                                                  
l.11 \quad –î–∞–ª
                 –µ–µ, –¥–ª—è —Å–∫–∞—á–∏–≤–∞–Ω–∏—è, –Ω–µ–æ–±—Ö–æ–¥–∏–º–æ –≤–...

You may provide a definition with
\DeclareUnicodeCharacter 


! LaTeX Error: Unicode character –µ (U+0435)
               not set up for use with LaTeX.

See the LaTeX manual or LaTeX Companion for explanation.
Type  H <return>  for immediate help.
 ...                                              
                                                  
l.11 \quad –î–∞–ª–µ
                   –µ, –¥–ª—è —Å–∫–∞—á–∏–≤–∞–Ω–∏—è, –Ω–µ–æ–±—Ö–æ–¥–∏–º–æ –≤–...

You may provide a definition with
\DeclareUnicodeCharacter 


! LaTeX Error: Unicode character –µ (U+0435)
               not set up for use with LaTeX.

See the LaTeX manual or LaTeX Companion for explanation.
Type  H <return>  for immediate help.
 ...                                              
                                                  
l.11 \quad –î–∞–ª–µ–µ
                     , –¥–ª—è —Å–∫–∞—á–∏–≤–∞–Ω–∏—è, –Ω–µ–æ–±—Ö–æ–¥–∏–º–æ –≤–...

You may provide a definition with
\DeclareUnicodeCharacter 

Missing character: There is no , in font nullfont!

! LaTeX Error: Unicode character –¥ (U+0434)
               not set up for use with LaTeX.

See the LaTeX manual or LaTeX Companion for explanation.
Type  H <return>  for immediate help.
 ...                                              
                                                  
l.11 \quad –î–∞–ª–µ–µ, –¥
                         –ª—è —Å–∫–∞—á–∏–≤–∞–Ω–∏—è, –Ω–µ–æ–±—Ö–æ–¥–∏–º–æ –≤–...

You may provide a definition with
\DeclareUnicodeCharacter 


! LaTeX Error: Unicode character –ª (U+043B)
               not set up for use with LaTeX.

See the LaTeX manual or LaTeX Companion for explanation.
Type  H <return>  for immediate help.
 ...                                              
                                                  
l.11 \quad –î–∞–ª–µ–µ, –¥–ª
                           —è —Å–∫–∞—á–∏–≤–∞–Ω–∏—è, –Ω–µ–æ–±—Ö–æ–¥–∏–º–æ –≤–...

You may provide a definition with
\DeclareUnicodeCharacter 


! LaTeX Error: Unicode character —è (U+044F)
               not set up for use with LaTeX.

See the LaTeX manual or LaTeX Companion for explanation.
Type  H <return>  for immediate help.
 ...                                              
                                                  
l.11 \quad –î–∞–ª–µ–µ, –¥–ª—è
                              —Å–∫–∞—á–∏–≤–∞–Ω–∏—è, –Ω–µ–æ–±—Ö–æ–¥–∏–º–æ –≤–...

You may provide a definition with
\DeclareUnicodeCharacter 


! LaTeX Error: Unicode character —Å (U+0441)
               not set up for use with LaTeX.

See the LaTeX manual or LaTeX Companion for explanation.
Type  H <return>  for immediate help.
 ...                                              
                                                  
l.11 \quad –î–∞–ª–µ–µ, –¥–ª—è —Å
                                –∫–∞—á–∏–≤–∞–Ω–∏—è, –Ω–µ–æ–±—Ö–æ–¥–∏–º–æ –≤–...

You may provide a definition with
\DeclareUnicodeCharacter 


! LaTeX Error: Unicode character –∫ (U+043A)
               not set up for use with LaTeX.

See the LaTeX manual or LaTeX Companion for explanation.
Type  H <return>  for immediate help.
 ...                                              
                                                  
l.11 \quad –î–∞–ª–µ–µ, –¥–ª—è —Å–∫
                                  –∞—á–∏–≤–∞–Ω–∏—è, –Ω–µ–æ–±—Ö–æ–¥–∏–º–æ –≤–...

You may provide a definition with
\DeclareUnicodeCharacter 


! LaTeX Error: Unicode character –∞ (U+0430)
               not set up for use with LaTeX.

See the LaTeX manual or LaTeX Companion for explanation.
Type  H <return>  for immediate help.
 ...                                              
                                                  
l.11 \quad –î–∞–ª–µ–µ, –¥–ª—è —Å–∫–∞
                                    —á–∏–≤–∞–Ω–∏—è, –Ω–µ–æ–±—Ö–æ–¥–∏–º–æ –≤–...

You may provide a definition with
\DeclareUnicodeCharacter 


! LaTeX Error: Unicode character —á (U+0447)
               not set up for use with LaTeX.

See the LaTeX manual or LaTeX Companion for explanation.
Type  H <return>  for immediate help.
 ...                                              
                                                  
l.11 \quad –î–∞–ª–µ–µ, –¥–ª—è —Å–∫–∞—á
                                      –∏–≤–∞–Ω–∏—è, –Ω–µ–æ–±—Ö–æ–¥–∏–º–æ –≤–...

You may provide a definition with
\DeclareUnicodeCharacter 


! LaTeX Error: Unicode character –∏ (U+0438)
               not set up for use with LaTeX.

See the LaTeX manual or LaTeX Companion for explanation.
Type  H <return>  for immediate help.
 ...                                              
                                                  
l.11 \quad –î–∞–ª–µ–µ, –¥–ª—è —Å–∫–∞—á–∏
                                        –≤–∞–Ω–∏—è, –Ω–µ–æ–±—Ö–æ–¥–∏–º–æ –≤–...

You may provide a definition with
\DeclareUnicodeCharacter 


! LaTeX Error: Unicode character –≤ (U+0432)
               not set up for use with LaTeX.

See the LaTeX manual or LaTeX Companion for explanation.
Type  H <return>  for immediate help.
 ...                                              
                                                  
l.11 \quad –î–∞–ª–µ–µ, –¥–ª—è —Å–∫–∞—á–∏–≤
                                          –∞–Ω–∏—è, –Ω–µ–æ–±—Ö–æ–¥–∏–º–æ –≤–...

You may provide a definition with
\DeclareUnicodeCharacter 


! LaTeX Error: Unicode character –∞ (U+0430)
               not set up for use with LaTeX.

See the LaTeX manual or LaTeX Companion for explanation.
Type  H <return>  for immediate help.
 ...                                              
                                                  
l.11 \quad –î–∞–ª–µ–µ, –¥–ª—è —Å–∫–∞—á–∏–≤–∞
                                            –Ω–∏—è, –Ω–µ–æ–±—Ö–æ–¥–∏–º–æ –≤–...

You may provide a definition with
\DeclareUnicodeCharacter 


! LaTeX Error: Unicode character –Ω (U+043D)
               not set up for use with LaTeX.

See the LaTeX manual or LaTeX Companion for explanation.
Type  H <return>  for immediate help.
 ...                                              
                                                  
l.11 \quad –î–∞–ª–µ–µ, –¥–ª—è —Å–∫–∞—á–∏–≤–∞–Ω
                                              –∏—è, –Ω–µ–æ–±—Ö–æ–¥–∏–º–æ –≤–...

You may provide a definition with
\DeclareUnicodeCharacter 


! LaTeX Error: Unicode character –∏ (U+0438)
               not set up for use with LaTeX.

See the LaTeX manual or LaTeX Companion for explanation.
Type  H <return>  for immediate help.
 ...                                              
                                                  
l.11 \quad –î–∞–ª–µ–µ, –¥–ª—è —Å–∫–∞—á–∏–≤–∞–Ω–∏
                                                —è, –Ω–µ–æ–±—Ö–æ–¥–∏–º–æ –≤–...

You may provide a definition with
\DeclareUnicodeCharacter 


! LaTeX Error: Unicode character —è (U+044F)
               not set up for use with LaTeX.

See the LaTeX manual or LaTeX Companion for explanation.
Type  H <return>  for immediate help.
 ...                                              
                                                  
l.11 \quad –î–∞–ª–µ–µ, –¥–ª—è —Å–∫–∞—á–∏–≤–∞–Ω–∏—è
                                                  , –Ω–µ–æ–±—Ö–æ–¥–∏–º–æ –≤–...

You may provide a definition with
\DeclareUnicodeCharacter 

Missing character: There is no , in font nullfont!

! LaTeX Error: Unicode character –Ω (U+043D)
               not set up for use with LaTeX.

See the LaTeX manual or LaTeX Companion for explanation.
Type  H <return>  for immediate help.
 ...                                              
                                                  
l.11 ...î–∞–ª–µ–µ, –¥–ª—è —Å–∫–∞—á–∏–≤–∞–Ω–∏—è, –Ω
                                                  –µ–æ–±—Ö–æ–¥–∏–º–æ –≤–≤–µ—...

You may provide a definition with
\DeclareUnicodeCharacter 


! LaTeX Error: Unicode character –µ (U+0435)
               not set up for use with LaTeX.

See the LaTeX manual or LaTeX Companion for explanation.
Type  H <return>  for immediate help.
 ...                                              
                                                  
l.11 ...∞–ª–µ–µ, –¥–ª—è —Å–∫–∞—á–∏–≤–∞–Ω–∏—è, –Ω–µ
                                                  –æ–±—Ö–æ–¥–∏–º–æ –≤–≤–µ—Å—...

You may provide a definition with
\DeclareUnicodeCharacter 


! LaTeX Error: Unicode character –æ (U+043E)
               not set up for use with LaTeX.

See the LaTeX manual or LaTeX Companion for explanation.
Type  H <return>  for immediate help.
 ...                                              
                                                  
l.11 ...ª–µ–µ, –¥–ª—è —Å–∫–∞—á–∏–≤–∞–Ω–∏—è, –Ω–µ–æ
                                                  –±—Ö–æ–¥–∏–º–æ –≤–≤–µ—Å—Ç–...

You may provide a definition with
\DeclareUnicodeCharacter 


! LaTeX Error: Unicode character –± (U+0431)
               not set up for use with LaTeX.

See the LaTeX manual or LaTeX Companion for explanation.
Type  H <return>  for immediate help.
 ...                                              
                                                  
l.11 ...µ–µ, –¥–ª—è —Å–∫–∞—á–∏–≤–∞–Ω–∏—è, –Ω–µ–æ–±
                                                  —Ö–æ–¥–∏–º–æ –≤–≤–µ—Å—Ç–∏ ...

You may provide a definition with
\DeclareUnicodeCharacter 


! LaTeX Error: Unicode character —Ö (U+0445)
               not set up for use with LaTeX.

See the LaTeX manual or LaTeX Companion for explanation.
Type  H <return>  for immediate help.
 ...                                              
                                                  
l.11 ...µ, –¥–ª—è —Å–∫–∞—á–∏–≤–∞–Ω–∏—è, –Ω–µ–æ–±—Ö
                                                  –æ–¥–∏–º–æ –≤–≤–µ—Å—Ç–∏ —Å...

You may provide a definition with
\DeclareUnicodeCharacter 


! LaTeX Error: Unicode character –æ (U+043E)
               not set up for use with LaTeX.

See the LaTeX manual or LaTeX Companion for explanation.
Type  H <return>  for immediate help.
 ...                                              
                                                  
l.11 ... –¥–ª—è —Å–∫–∞—á–∏–≤–∞–Ω–∏—è, –Ω–µ–æ–±—Ö–æ
                                                  –¥–∏–º–æ –≤–≤–µ—Å—Ç–∏ —Å–æ...

You may provide a definition with
\DeclareUnicodeCharacter 


! LaTeX Error: Unicode character –¥ (U+0434)
               not set up for use with LaTeX.

See the LaTeX manual or LaTeX Companion for explanation.
Type  H <return>  for immediate help.
 ...                                              
                                                  
l.11 ...¥–ª—è —Å–∫–∞—á–∏–≤–∞–Ω–∏—è, –Ω–µ–æ–±—Ö–æ–¥
                                                  –∏–º–æ –≤–≤–µ—Å—Ç–∏ —Å–æ–æ...

You may provide a definition with
\DeclareUnicodeCharacter 


! LaTeX Error: Unicode character –∏ (U+0438)
               not set up for use with LaTeX.

See the LaTeX manual or LaTeX Companion for explanation.
Type  H <return>  for immediate help.
 ...                                              
                                                  
l.11 ...ª—è —Å–∫–∞—á–∏–≤–∞–Ω–∏—è, –Ω–µ–æ–±—Ö–æ–¥–∏
                                                  –º–æ –≤–≤–µ—Å—Ç–∏ —Å–æ–æ—Ç...

You may provide a definition with
\DeclareUnicodeCharacter 


! LaTeX Error: Unicode character –º (U+043C)
               not set up for use with LaTeX.

See the LaTeX manual or LaTeX Companion for explanation.
Type  H <return>  for immediate help.
 ...                                              
                                                  
l.11 ...è —Å–∫–∞—á–∏–≤–∞–Ω–∏—è, –Ω–µ–æ–±—Ö–æ–¥–∏–º
                                                  –æ –≤–≤–µ—Å—Ç–∏ —Å–æ–æ—Ç–≤...

You may provide a definition with
\DeclareUnicodeCharacter 


! LaTeX Error: Unicode character –æ (U+043E)
               not set up for use with LaTeX.

See the LaTeX manual or LaTeX Companion for explanation.
Type  H <return>  for immediate help.
 ...                                              
                                                  
l.11 ...—Å–∫–∞—á–∏–≤–∞–Ω–∏—è, –Ω–µ–æ–±—Ö–æ–¥–∏–º–æ
                                                   –≤–≤–µ—Å—Ç–∏ —Å–æ–æ—Ç–≤–µ...

You may provide a definition with
\DeclareUnicodeCharacter 


! LaTeX Error: Unicode character –≤ (U+0432)
               not set up for use with LaTeX.

See the LaTeX manual or LaTeX Companion for explanation.
Type  H <return>  for immediate help.
 ...                                              
                                                  
l.11 ...∫–∞—á–∏–≤–∞–Ω–∏—è, –Ω–µ–æ–±—Ö–æ–¥–∏–º–æ –≤
                                                  –≤–µ—Å—Ç–∏ —Å–æ–æ—Ç–≤–µ—Ç—...

You may provide a definition with
\DeclareUnicodeCharacter 


! LaTeX Error: Unicode character –≤ (U+0432)
               not set up for use with LaTeX.

See the LaTeX manual or LaTeX Companion for explanation.
Type  H <return>  for immediate help.
 ...                                              
                                                  
l.11 ...∞—á–∏–≤–∞–Ω–∏—è, –Ω–µ–æ–±—Ö–æ–¥–∏–º–æ –≤–≤
                                                  –µ—Å—Ç–∏ —Å–æ–æ—Ç–≤–µ—Ç—Å—...

You may provide a definition with
\DeclareUnicodeCharacter 


! LaTeX Error: Unicode character –µ (U+0435)
               not set up for use with LaTeX.

See the LaTeX manual or LaTeX Companion for explanation.
Type  H <return>  for immediate help.
 ...                                              
                                                  
l.11 ...á–∏–≤–∞–Ω–∏—è, –Ω–µ–æ–±—Ö–æ–¥–∏–º–æ –≤–≤–µ
                                                  —Å—Ç–∏ —Å–æ–æ—Ç–≤–µ—Ç—Å—Ç–...

You may provide a definition with
\DeclareUnicodeCharacter 


! LaTeX Error: Unicode character —Å (U+0441)
               not set up for use with LaTeX.

See the LaTeX manual or LaTeX Companion for explanation.
Type  H <return>  for immediate help.
 ...                                              
                                                  
l.11 ...∏–≤–∞–Ω–∏—è, –Ω–µ–æ–±—Ö–æ–¥–∏–º–æ –≤–≤–µ—Å
                                                  —Ç–∏ —Å–æ–æ—Ç–≤–µ—Ç—Å—Ç–≤—...

You may provide a definition with
\DeclareUnicodeCharacter 


! LaTeX Error: Unicode character —Ç (U+0442)
               not set up for use with LaTeX.

See the LaTeX manual or LaTeX Companion for explanation.
Type  H <return>  for immediate help.
 ...                                              
                                                  
l.11 ...≤–∞–Ω–∏—è, –Ω–µ–æ–±—Ö–æ–¥–∏–º–æ –≤–≤–µ—Å—Ç
                                                  –∏ —Å–æ–æ—Ç–≤–µ—Ç—Å—Ç–≤—É—...

You may provide a definition with
\DeclareUnicodeCharacter 


! LaTeX Error: Unicode character –∏ (U+0438)
               not set up for use with LaTeX.

See the LaTeX manual or LaTeX Companion for explanation.
Type  H <return>  for immediate help.
 ...                                              
                                                  
l.11 ...∞–Ω–∏—è, –Ω–µ–æ–±—Ö–æ–¥–∏–º–æ –≤–≤–µ—Å—Ç–∏
                                                   —Å–æ–æ—Ç–≤–µ—Ç—Å—Ç–≤—É—é—...

You may provide a definition with
\DeclareUnicodeCharacter 


! LaTeX Error: Unicode character —Å (U+0441)
               not set up for use with LaTeX.

See the LaTeX manual or LaTeX Companion for explanation.
Type  H <return>  for immediate help.
 ...                                              
                                                  
l.11 ...–∏—è, –Ω–µ–æ–±—Ö–æ–¥–∏–º–æ –≤–≤–µ—Å—Ç–∏ —Å
                                                  –æ–æ—Ç–≤–µ—Ç—Å—Ç–≤—É—é—â–∏...

You may provide a definition with
\DeclareUnicodeCharacter 


! LaTeX Error: Unicode character –æ (U+043E)
               not set up for use with LaTeX.

See the LaTeX manual or LaTeX Companion for explanation.
Type  H <return>  for immediate help.
 ...                                              
                                                  
l.11 ...—è, –Ω–µ–æ–±—Ö–æ–¥–∏–º–æ –≤–≤–µ—Å—Ç–∏ —Å–æ
                                                  –æ—Ç–≤–µ—Ç—Å—Ç–≤—É—é—â–∏–µ...

You may provide a definition with
\DeclareUnicodeCharacter 


! LaTeX Error: Unicode character –æ (U+043E)
               not set up for use with LaTeX.

See the LaTeX manual or LaTeX Companion for explanation.
Type  H <return>  for immediate help.
 ...                                              
                                                  
l.11 ..., –Ω–µ–æ–±—Ö–æ–¥–∏–º–æ –≤–≤–µ—Å—Ç–∏ —Å–æ–æ
                                                  —Ç–≤–µ—Ç—Å—Ç–≤—É—é—â–∏–µ —...

You may provide a definition with
\DeclareUnicodeCharacter 


! LaTeX Error: Unicode character —Ç (U+0442)
               not set up for use with LaTeX.

See the LaTeX manual or LaTeX Companion for explanation.
Type  H <return>  for immediate help.
 ...                                              
                                                  
l.11 ...–Ω–µ–æ–±—Ö–æ–¥–∏–º–æ –≤–≤–µ—Å—Ç–∏ —Å–æ–æ—Ç
                                                  –≤–µ—Ç—Å—Ç–≤—É—é—â–∏–µ —Å—...

You may provide a definition with
\DeclareUnicodeCharacter 


! LaTeX Error: Unicode character –≤ (U+0432)
               not set up for use with LaTeX.

See the LaTeX manual or LaTeX Companion for explanation.
Type  H <return>  for immediate help.
 ...                                              
                                                  
l.11 ...–µ–æ–±—Ö–æ–¥–∏–º–æ –≤–≤–µ—Å—Ç–∏ —Å–æ–æ—Ç–≤
                                                  –µ—Ç—Å—Ç–≤—É—é—â–∏–µ —Å—Ç—...

You may provide a definition with
\DeclareUnicodeCharacter 


! LaTeX Error: Unicode character –µ (U+0435)
               not set up for use with LaTeX.

See the LaTeX manual or LaTeX Companion for explanation.
Type  H <return>  for immediate help.
 ...                                              
                                                  
l.11 ...–æ–±—Ö–æ–¥–∏–º–æ –≤–≤–µ—Å—Ç–∏ —Å–æ–æ—Ç–≤–µ
                                                  —Ç—Å—Ç–≤—É—é—â–∏–µ —Å—Ç—Ä–...

You may provide a definition with
\DeclareUnicodeCharacter 


! LaTeX Error: Unicode character —Ç (U+0442)
               not set up for use with LaTeX.

See the LaTeX manual or LaTeX Companion for explanation.
Type  H <return>  for immediate help.
 ...                                              
                                                  
l.11 ...–±—Ö–æ–¥–∏–º–æ –≤–≤–µ—Å—Ç–∏ —Å–æ–æ—Ç–≤–µ—Ç
                                                  —Å—Ç–≤—É—é—â–∏–µ —Å—Ç—Ä–æ–...

You may provide a definition with
\DeclareUnicodeCharacter 


! LaTeX Error: Unicode character —Å (U+0441)
               not set up for use with LaTeX.

See the LaTeX manual or LaTeX Companion for explanation.
Type  H <return>  for immediate help.
 ...                                              
                                                  
l.11 ...—Ö–æ–¥–∏–º–æ –≤–≤–µ—Å—Ç–∏ —Å–æ–æ—Ç–≤–µ—Ç—Å
                                                  —Ç–≤—É—é—â–∏–µ —Å—Ç—Ä–æ–∫–...

You may provide a definition with
\DeclareUnicodeCharacter 


! LaTeX Error: Unicode character —Ç (U+0442)
               not set up for use with LaTeX.

See the LaTeX manual or LaTeX Companion for explanation.
Type  H <return>  for immediate help.
 ...                                              
                                                  
l.11 ...–æ–¥–∏–º–æ –≤–≤–µ—Å—Ç–∏ —Å–æ–æ—Ç–≤–µ—Ç—Å—Ç
                                                  –≤—É—é—â–∏–µ —Å—Ç—Ä–æ–∫–∏ ...

You may provide a definition with
\DeclareUnicodeCharacter 


! LaTeX Error: Unicode character –≤ (U+0432)
               not set up for use with LaTeX.

See the LaTeX manual or LaTeX Companion for explanation.
Type  H <return>  for immediate help.
 ...                                              
                                                  
l.11 ...–¥–∏–º–æ –≤–≤–µ—Å—Ç–∏ —Å–æ–æ—Ç–≤–µ—Ç—Å—Ç–≤
                                                  —É—é—â–∏–µ —Å—Ç—Ä–æ–∫–∏ –∫...

You may provide a definition with
\DeclareUnicodeCharacter 


! LaTeX Error: Unicode character —É (U+0443)
               not set up for use with LaTeX.

See the LaTeX manual or LaTeX Companion for explanation.
Type  H <return>  for immediate help.
 ...                                              
                                                  
l.11 ...–∏–º–æ –≤–≤–µ—Å—Ç–∏ —Å–æ–æ—Ç–≤–µ—Ç—Å—Ç–≤—É
                                                  —é—â–∏–µ —Å—Ç—Ä–æ–∫–∏ –∫–æ...

You may provide a definition with
\DeclareUnicodeCharacter 


! LaTeX Error: Unicode character —é (U+044E)
               not set up for use with LaTeX.

See the LaTeX manual or LaTeX Companion for explanation.
Type  H <return>  for immediate help.
 ...                                              
                                                  
l.11 ...–º–æ –≤–≤–µ—Å—Ç–∏ —Å–æ–æ—Ç–≤–µ—Ç—Å—Ç–≤—É—é
                                                  —â–∏–µ —Å—Ç—Ä–æ–∫–∏ –∫–æ–¥–∞:

You may provide a definition with
\DeclareUnicodeCharacter 


! LaTeX Error: Unicode character —â (U+0449)
               not set up for use with LaTeX.

See the LaTeX manual or LaTeX Companion for explanation.
Type  H <return>  for immediate help.
 ...                                              
                                                  
l.11 ...–æ –≤–≤–µ—Å—Ç–∏ —Å–æ–æ—Ç–≤–µ—Ç—Å—Ç–≤—É—é—â
                                                  –∏–µ —Å—Ç—Ä–æ–∫–∏ –∫–æ–¥–∞:
You may provide a definition with
\DeclareUnicodeCharacter 


! LaTeX Error: Unicode character –∏ (U+0438)
               not set up for use with LaTeX.

See the LaTeX manual or LaTeX Companion for explanation.
Type  H <return>  for immediate help.
 ...                                              
                                                  
l.11 ... –≤–≤–µ—Å—Ç–∏ —Å–æ–æ—Ç–≤–µ—Ç—Å—Ç–≤—É—é—â–∏
                                                  –µ —Å—Ç—Ä–æ–∫–∏ –∫–æ–¥–∞:
You may provide a definition with
\DeclareUnicodeCharacter 


! LaTeX Error: Unicode character –µ (U+0435)
               not set up for use with LaTeX.

See the LaTeX manual or LaTeX Companion for explanation.
Type  H <return>  for immediate help.
 ...                                              
                                                  
l.11 ...≤–≤–µ—Å—Ç–∏ —Å–æ–æ—Ç–≤–µ—Ç—Å—Ç–≤—É—é—â–∏–µ
                                                   —Å—Ç—Ä–æ–∫–∏ –∫–æ–¥–∞:
You may provide a definition with
\DeclareUnicodeCharacter 


! LaTeX Error: Unicode character —Å (U+0441)
               not set up for use with LaTeX.

See the LaTeX manual or LaTeX Companion for explanation.
Type  H <return>  for immediate help.
 ...                                              
                                                  
l.11 ...–µ—Å—Ç–∏ —Å–æ–æ—Ç–≤–µ—Ç—Å—Ç–≤—É—é—â–∏–µ —Å
                                                  —Ç—Ä–æ–∫–∏ –∫–æ–¥–∞:
You may provide a definition with
\DeclareUnicodeCharacter 


! LaTeX Error: Unicode character —Ç (U+0442)
               not set up for use with LaTeX.

See the LaTeX manual or LaTeX Companion for explanation.
Type  H <return>  for immediate help.
 ...                                              
                                                  
l.11 ...—Å—Ç–∏ —Å–æ–æ—Ç–≤–µ—Ç—Å—Ç–≤—É—é—â–∏–µ —Å—Ç
                                                  —Ä–æ–∫–∏ –∫–æ–¥–∞:
You may provide a definition with
\DeclareUnicodeCharacter 


! LaTeX Error: Unicode character —Ä (U+0440)
               not set up for use with LaTeX.

See the LaTeX manual or LaTeX Companion for explanation.
Type  H <return>  for immediate help.
 ...                                              
                                                  
l.11 ...—Ç–∏ —Å–æ–æ—Ç–≤–µ—Ç—Å—Ç–≤—É—é—â–∏–µ —Å—Ç—Ä
                                                  –æ–∫–∏ –∫–æ–¥–∞:
You may provide a definition with
\DeclareUnicodeCharacter 


! LaTeX Error: Unicode character –æ (U+043E)
               not set up for use with LaTeX.

See the LaTeX manual or LaTeX Companion for explanation.
Type  H <return>  for immediate help.
 ...                                              
                                                  
l.11 ...–∏ —Å–æ–æ—Ç–≤–µ—Ç—Å—Ç–≤—É—é—â–∏–µ —Å—Ç—Ä–æ
                                                  –∫–∏ –∫–æ–¥–∞:
You may provide a definition with
\DeclareUnicodeCharacter 


! LaTeX Error: Unicode character –∫ (U+043A)
               not set up for use with LaTeX.

See the LaTeX manual or LaTeX Companion for explanation.
Type  H <return>  for immediate help.
 ...                                              
                                                  
l.11 ... —Å–æ–æ—Ç–≤–µ—Ç—Å—Ç–≤—É—é—â–∏–µ —Å—Ç—Ä–æ–∫
                                                  –∏ –∫–æ–¥–∞:
You may provide a definition with
\DeclareUnicodeCharacter 


! LaTeX Error: Unicode character –∏ (U+0438)
               not set up for use with LaTeX.

See the LaTeX manual or LaTeX Companion for explanation.
Type  H <return>  for immediate help.
 ...                                              
                                                  
l.11 ...Å–æ–æ—Ç–≤–µ—Ç—Å—Ç–≤—É—é—â–∏–µ —Å—Ç—Ä–æ–∫–∏
                                                   –∫–æ–¥–∞:
You may provide a definition with
\DeclareUnicodeCharacter 


! LaTeX Error: Unicode character –∫ (U+043A)
               not set up for use with LaTeX.

See the LaTeX manual or LaTeX Companion for explanation.
Type  H <return>  for immediate help.
 ...                                              
                                                  
l.11 ...–æ—Ç–≤–µ—Ç—Å—Ç–≤—É—é—â–∏–µ —Å—Ç—Ä–æ–∫–∏ –∫
                                                  –æ–¥–∞:
You may provide a definition with
\DeclareUnicodeCharacter 


! LaTeX Error: Unicode character –æ (U+043E)
               not set up for use with LaTeX.

See the LaTeX manual or LaTeX Companion for explanation.
Type  H <return>  for immediate help.
 ...                                              
                                                  
l.11 ...—Ç–≤–µ—Ç—Å—Ç–≤—É—é—â–∏–µ —Å—Ç—Ä–æ–∫–∏ –∫–æ
                                                  –¥–∞:
You may provide a definition with
\DeclareUnicodeCharacter 


! LaTeX Error: Unicode character –¥ (U+0434)
               not set up for use with LaTeX.

See the LaTeX manual or LaTeX Companion for explanation.
Type  H <return>  for immediate help.
 ...                                              
                                                  
l.11 ...–≤–µ—Ç—Å—Ç–≤—É—é—â–∏–µ —Å—Ç—Ä–æ–∫–∏ –∫–æ–¥
                                                  –∞:
You may provide a definition with
\DeclareUnicodeCharacter 


! LaTeX Error: Unicode character –∞ (U+0430)
               not set up for use with LaTeX.

See the LaTeX manual or LaTeX Companion for explanation.
Type  H <return>  for immediate help.
 ...                                              
                                                  
l.11 ...–µ—Ç—Å—Ç–≤—É—é—â–∏–µ —Å—Ç—Ä–æ–∫–∏ –∫–æ–¥–∞
                                                  :
You may provide a definition with
\DeclareUnicodeCharacter 

Missing character: There is no : in font nullfont!

! LaTeX Error: Unicode character –ß (U+0427)
               not set up for use with LaTeX.

See the LaTeX manual or LaTeX Companion for explanation.
Type  H <return>  for immediate help.
 ...                                              
                                                  
l.16 \newline –ß
                —Ç–æ–±—ã —É–¥–æ—Å—Ç–æ–≤–µ—Ä–∏—Ç—å—Å—è, —á—Ç–æ –≤—Å—ë –ø—Ä–∞–...

You may provide a definition with
\DeclareUnicodeCharacter 


! LaTeX Error: Unicode character —Ç (U+0442)
               not set up for use with LaTeX.

See the LaTeX manual or LaTeX Companion for explanation.
Type  H <return>  for immediate help.
 ...                                              
                                                  
l.16 \newline –ß—Ç
                  –æ–±—ã —É–¥–æ—Å—Ç–æ–≤–µ—Ä–∏—Ç—å—Å—è, —á—Ç–æ –≤—Å—ë –ø—Ä–∞–...

You may provide a definition with
\DeclareUnicodeCharacter 


! LaTeX Error: Unicode character –æ (U+043E)
               not set up for use with LaTeX.

See the LaTeX manual or LaTeX Companion for explanation.
Type  H <return>  for immediate help.
 ...                                              
                                                  
l.16 \newline –ß—Ç–æ
                    –±—ã —É–¥–æ—Å—Ç–æ–≤–µ—Ä–∏—Ç—å—Å—è, —á—Ç–æ –≤—Å—ë –ø—Ä–∞–...

You may provide a definition with
\DeclareUnicodeCharacter 


! LaTeX Error: Unicode character –± (U+0431)
               not set up for use with LaTeX.

See the LaTeX manual or LaTeX Companion for explanation.
Type  H <return>  for immediate help.
 ...                                              
                                                  
l.16 \newline –ß—Ç–æ–±
                      —ã —É–¥–æ—Å—Ç–æ–≤–µ—Ä–∏—Ç—å—Å—è, —á—Ç–æ –≤—Å—ë –ø—Ä–∞–...

You may provide a definition with
\DeclareUnicodeCharacter 


! LaTeX Error: Unicode character —ã (U+044B)
               not set up for use with LaTeX.

See the LaTeX manual or LaTeX Companion for explanation.
Type  H <return>  for immediate help.
 ...                                              
                                                  
l.16 \newline –ß—Ç–æ–±—ã
                         —É–¥–æ—Å—Ç–æ–≤–µ—Ä–∏—Ç—å—Å—è, —á—Ç–æ –≤—Å—ë –ø—Ä–∞–...

You may provide a definition with
\DeclareUnicodeCharacter 


! LaTeX Error: Unicode character —É (U+0443)
               not set up for use with LaTeX.

See the LaTeX manual or LaTeX Companion for explanation.
Type  H <return>  for immediate help.
 ...                                              
                                                  
l.16 \newline –ß—Ç–æ–±—ã —É
                           –¥–æ—Å—Ç–æ–≤–µ—Ä–∏—Ç—å—Å—è, —á—Ç–æ –≤—Å—ë –ø—Ä–∞–...

You may provide a definition with
\DeclareUnicodeCharacter 


! LaTeX Error: Unicode character –¥ (U+0434)
               not set up for use with LaTeX.

See the LaTeX manual or LaTeX Companion for explanation.
Type  H <return>  for immediate help.
 ...                                              
                                                  
l.16 \newline –ß—Ç–æ–±—ã —É–¥
                             –æ—Å—Ç–æ–≤–µ—Ä–∏—Ç—å—Å—è, —á—Ç–æ –≤—Å—ë –ø—Ä–∞–...

You may provide a definition with
\DeclareUnicodeCharacter 


! LaTeX Error: Unicode character –æ (U+043E)
               not set up for use with LaTeX.

See the LaTeX manual or LaTeX Companion for explanation.
Type  H <return>  for immediate help.
 ...                                              
                                                  
l.16 \newline –ß—Ç–æ–±—ã —É–¥–æ
                               —Å—Ç–æ–≤–µ—Ä–∏—Ç—å—Å—è, —á—Ç–æ –≤—Å—ë –ø—Ä–∞–...

You may provide a definition with
\DeclareUnicodeCharacter 


! LaTeX Error: Unicode character —Å (U+0441)
               not set up for use with LaTeX.

See the LaTeX manual or LaTeX Companion for explanation.
Type  H <return>  for immediate help.
 ...                                              
                                                  
l.16 \newline –ß—Ç–æ–±—ã —É–¥–æ—Å
                                 —Ç–æ–≤–µ—Ä–∏—Ç—å—Å—è, —á—Ç–æ –≤—Å—ë –ø—Ä–∞–...

You may provide a definition with
\DeclareUnicodeCharacter 


! LaTeX Error: Unicode character —Ç (U+0442)
               not set up for use with LaTeX.

See the LaTeX manual or LaTeX Companion for explanation.
Type  H <return>  for immediate help.
 ...                                              
                                                  
l.16 \newline –ß—Ç–æ–±—ã —É–¥–æ—Å—Ç
                                   –æ–≤–µ—Ä–∏—Ç—å—Å—è, —á—Ç–æ –≤—Å—ë –ø—Ä–∞–...

You may provide a definition with
\DeclareUnicodeCharacter 


! LaTeX Error: Unicode character –æ (U+043E)
               not set up for use with LaTeX.

See the LaTeX manual or LaTeX Companion for explanation.
Type  H <return>  for immediate help.
 ...                                              
                                                  
l.16 \newline –ß—Ç–æ–±—ã —É–¥–æ—Å—Ç–æ
                                     –≤–µ—Ä–∏—Ç—å—Å—è, —á—Ç–æ –≤—Å—ë –ø—Ä–∞–...

You may provide a definition with
\DeclareUnicodeCharacter 


! LaTeX Error: Unicode character –≤ (U+0432)
               not set up for use with LaTeX.

See the LaTeX manual or LaTeX Companion for explanation.
Type  H <return>  for immediate help.
 ...                                              
                                                  
l.16 \newline –ß—Ç–æ–±—ã —É–¥–æ—Å—Ç–æ–≤
                                       –µ—Ä–∏—Ç—å—Å—è, —á—Ç–æ –≤—Å—ë –ø—Ä–∞–...

You may provide a definition with
\DeclareUnicodeCharacter 


! LaTeX Error: Unicode character –µ (U+0435)
               not set up for use with LaTeX.

See the LaTeX manual or LaTeX Companion for explanation.
Type  H <return>  for immediate help.
 ...                                              
                                                  
l.16 \newline –ß—Ç–æ–±—ã —É–¥–æ—Å—Ç–æ–≤–µ
                                         —Ä–∏—Ç—å—Å—è, —á—Ç–æ –≤—Å—ë –ø—Ä–∞–...

You may provide a definition with
\DeclareUnicodeCharacter 


! LaTeX Error: Unicode character —Ä (U+0440)
               not set up for use with LaTeX.

See the LaTeX manual or LaTeX Companion for explanation.
Type  H <return>  for immediate help.
 ...                                              
                                                  
l.16 \newline –ß—Ç–æ–±—ã —É–¥–æ—Å—Ç–æ–≤–µ—Ä
                                           –∏—Ç—å—Å—è, —á—Ç–æ –≤—Å—ë –ø—Ä–∞–...

You may provide a definition with
\DeclareUnicodeCharacter 


! LaTeX Error: Unicode character –∏ (U+0438)
               not set up for use with LaTeX.

See the LaTeX manual or LaTeX Companion for explanation.
Type  H <return>  for immediate help.
 ...                                              
                                                  
l.16 \newline –ß—Ç–æ–±—ã —É–¥–æ—Å—Ç–æ–≤–µ—Ä–∏
                                             —Ç—å—Å—è, —á—Ç–æ –≤—Å—ë –ø—Ä–∞–...

You may provide a definition with
\DeclareUnicodeCharacter 


! LaTeX Error: Unicode character —Ç (U+0442)
               not set up for use with LaTeX.

See the LaTeX manual or LaTeX Companion for explanation.
Type  H <return>  for immediate help.
 ...                                              
                                                  
l.16 \newline –ß—Ç–æ–±—ã —É–¥–æ—Å—Ç–æ–≤–µ—Ä–∏—Ç
                                               —å—Å—è, —á—Ç–æ –≤—Å—ë –ø—Ä–∞–...

You may provide a definition with
\DeclareUnicodeCharacter 


! LaTeX Error: Unicode character —å (U+044C)
               not set up for use with LaTeX.

See the LaTeX manual or LaTeX Companion for explanation.
Type  H <return>  for immediate help.
 ...                                              
                                                  
l.16 \newline –ß—Ç–æ–±—ã —É–¥–æ—Å—Ç–æ–≤–µ—Ä–∏—Ç—å
                                                 —Å—è, —á—Ç–æ –≤—Å—ë –ø—Ä–∞–...

You may provide a definition with
\DeclareUnicodeCharacter 


! LaTeX Error: Unicode character —Å (U+0441)
               not set up for use with LaTeX.

See the LaTeX manual or LaTeX Companion for explanation.
Type  H <return>  for immediate help.
 ...                                              
                                                  
l.16 ...line –ß—Ç–æ–±—ã —É–¥–æ—Å—Ç–æ–≤–µ—Ä–∏—Ç—å—Å
                                                  —è, —á—Ç–æ –≤—Å—ë –ø—Ä–∞–≤...

You may provide a definition with
\DeclareUnicodeCharacter 


! LaTeX Error: Unicode character —è (U+044F)
               not set up for use with LaTeX.

See the LaTeX manual or LaTeX Companion for explanation.
Type  H <return>  for immediate help.
 ...                                              
                                                  
l.16 ...ne –ß—Ç–æ–±—ã —É–¥–æ—Å—Ç–æ–≤–µ—Ä–∏—Ç—å—Å—è
                                                  , —á—Ç–æ –≤—Å—ë –ø—Ä–∞–≤–∏...

You may provide a definition with
\DeclareUnicodeCharacter 

Missing character: There is no , in font nullfont!

! LaTeX Error: Unicode character —á (U+0447)
               not set up for use with LaTeX.

See the LaTeX manual or LaTeX Companion for explanation.
Type  H <return>  for immediate help.
 ...                                              
                                                  
l.16 ...ß—Ç–æ–±—ã —É–¥–æ—Å—Ç–æ–≤–µ—Ä–∏—Ç—å—Å—è, —á
                                                  —Ç–æ –≤—Å—ë –ø—Ä–∞–≤–∏–ª—å...

You may provide a definition with
\DeclareUnicodeCharacter 


! LaTeX Error: Unicode character —Ç (U+0442)
               not set up for use with LaTeX.

See the LaTeX manual or LaTeX Companion for explanation.
Type  H <return>  for immediate help.
 ...                                              
                                                  
l.16 ...Ç–æ–±—ã —É–¥–æ—Å—Ç–æ–≤–µ—Ä–∏—Ç—å—Å—è, —á—Ç
                                                  –æ –≤—Å—ë –ø—Ä–∞–≤–∏–ª—å–Ω...

You may provide a definition with
\DeclareUnicodeCharacter 


! LaTeX Error: Unicode character –æ (U+043E)
               not set up for use with LaTeX.

See the LaTeX manual or LaTeX Companion for explanation.
Type  H <return>  for immediate help.
 ...                                              
                                                  
l.16 ...æ–±—ã —É–¥–æ—Å—Ç–æ–≤–µ—Ä–∏—Ç—å—Å—è, —á—Ç–æ
                                                   –≤—Å—ë –ø—Ä–∞–≤–∏–ª—å–Ω–æ...

You may provide a definition with
\DeclareUnicodeCharacter 


! LaTeX Error: Unicode character –≤ (U+0432)
               not set up for use with LaTeX.

See the LaTeX manual or LaTeX Companion for explanation.
Type  H <return>  for immediate help.
 ...                                              
                                                  
l.16 ...—ã —É–¥–æ—Å—Ç–æ–≤–µ—Ä–∏—Ç—å—Å—è, —á—Ç–æ –≤
                                                  —Å—ë –ø—Ä–∞–≤–∏–ª—å–Ω–æ —Å...

You may provide a definition with
\DeclareUnicodeCharacter 


! LaTeX Error: Unicode character —Å (U+0441)
               not set up for use with LaTeX.

See the LaTeX manual or LaTeX Companion for explanation.
Type  H <return>  for immediate help.
 ...                                              
                                                  
l.16 ... —É–¥–æ—Å—Ç–æ–≤–µ—Ä–∏—Ç—å—Å—è, —á—Ç–æ –≤—Å
                                                  —ë –ø—Ä–∞–≤–∏–ª—å–Ω–æ —Å–∫...

You may provide a definition with
\DeclareUnicodeCharacter 


! LaTeX Error: Unicode character —ë (U+0451)
               not set up for use with LaTeX.

See the LaTeX manual or LaTeX Companion for explanation.
Type  H <return>  for immediate help.
 ...                                              
                                                  
l.16 ...É–¥–æ—Å—Ç–æ–≤–µ—Ä–∏—Ç—å—Å—è, —á—Ç–æ –≤—Å—ë
                                                   –ø—Ä–∞–≤–∏–ª—å–Ω–æ —Å–∫–∞...

You may provide a definition with
\DeclareUnicodeCharacter 


! LaTeX Error: Unicode character –ø (U+043F)
               not set up for use with LaTeX.

See the LaTeX manual or LaTeX Companion for explanation.
Type  H <return>  for immediate help.
 ...                                              
                                                  
l.16 ...–æ—Å—Ç–æ–≤–µ—Ä–∏—Ç—å—Å—è, —á—Ç–æ –≤—Å—ë –ø
                                                  —Ä–∞–≤–∏–ª—å–Ω–æ —Å–∫–∞—á–...

You may provide a definition with
\DeclareUnicodeCharacter 


! LaTeX Error: Unicode character —Ä (U+0440)
               not set up for use with LaTeX.

See the LaTeX manual or LaTeX Companion for explanation.
Type  H <return>  for immediate help.
 ...                                              
                                                  
l.16 ...—Å—Ç–æ–≤–µ—Ä–∏—Ç—å—Å—è, —á—Ç–æ –≤—Å—ë –ø—Ä
                                                  –∞–≤–∏–ª—å–Ω–æ —Å–∫–∞—á–∞–...

You may provide a definition with
\DeclareUnicodeCharacter 


! LaTeX Error: Unicode character –∞ (U+0430)
               not set up for use with LaTeX.

See the LaTeX manual or LaTeX Companion for explanation.
Type  H <return>  for immediate help.
 ...                                              
                                                  
l.16 ...—Ç–æ–≤–µ—Ä–∏—Ç—å—Å—è, —á—Ç–æ –≤—Å—ë –ø—Ä–∞
                                                  –≤–∏–ª—å–Ω–æ —Å–∫–∞—á–∞–ª–...

You may provide a definition with
\DeclareUnicodeCharacter 


! LaTeX Error: Unicode character –≤ (U+0432)
               not set up for use with LaTeX.

See the LaTeX manual or LaTeX Companion for explanation.
Type  H <return>  for immediate help.
 ...                                              
                                                  
l.16 ...–æ–≤–µ—Ä–∏—Ç—å—Å—è, —á—Ç–æ –≤—Å—ë –ø—Ä–∞–≤
                                                  –∏–ª—å–Ω–æ —Å–∫–∞—á–∞–ª–æ—...

You may provide a definition with
\DeclareUnicodeCharacter 


! LaTeX Error: Unicode character –∏ (U+0438)
               not set up for use with LaTeX.

See the LaTeX manual or LaTeX Companion for explanation.
Type  H <return>  for immediate help.
 ...                                              
                                                  
l.16 ...–≤–µ—Ä–∏—Ç—å—Å—è, —á—Ç–æ –≤—Å—ë –ø—Ä–∞–≤–∏
                                                  –ª—å–Ω–æ —Å–∫–∞—á–∞–ª–æ—Å—...

You may provide a definition with
\DeclareUnicodeCharacter 


! LaTeX Error: Unicode character –ª (U+043B)
               not set up for use with LaTeX.

See the LaTeX manual or LaTeX Companion for explanation.
Type  H <return>  for immediate help.
 ...                                              
                                                  
l.16 ...–µ—Ä–∏—Ç—å—Å—è, —á—Ç–æ –≤—Å—ë –ø—Ä–∞–≤–∏–ª
                                                  —å–Ω–æ —Å–∫–∞—á–∞–ª–æ—Å—å,...

You may provide a definition with
\DeclareUnicodeCharacter 


! LaTeX Error: Unicode character —å (U+044C)
               not set up for use with LaTeX.

See the LaTeX manual or LaTeX Companion for explanation.
Type  H <return>  for immediate help.
 ...                                              
                                                  
l.16 ...—Ä–∏—Ç—å—Å—è, —á—Ç–æ –≤—Å—ë –ø—Ä–∞–≤–∏–ª—å
                                                  –Ω–æ —Å–∫–∞—á–∞–ª–æ—Å—å, –...

You may provide a definition with
\DeclareUnicodeCharacter 


! LaTeX Error: Unicode character –Ω (U+043D)
               not set up for use with LaTeX.

See the LaTeX manual or LaTeX Companion for explanation.
Type  H <return>  for immediate help.
 ...                                              
                                                  
l.16 ...–∏—Ç—å—Å—è, —á—Ç–æ –≤—Å—ë –ø—Ä–∞–≤–∏–ª—å–Ω
                                                  –æ —Å–∫–∞—á–∞–ª–æ—Å—å, –º–...

You may provide a definition with
\DeclareUnicodeCharacter 


! LaTeX Error: Unicode character –æ (U+043E)
               not set up for use with LaTeX.

See the LaTeX manual or LaTeX Companion for explanation.
Type  H <return>  for immediate help.
 ...                                              
                                                  
l.16 ...—Ç—å—Å—è, —á—Ç–æ –≤—Å—ë –ø—Ä–∞–≤–∏–ª—å–Ω–æ
                                                   —Å–∫–∞—á–∞–ª–æ—Å—å, –º–æ–...

You may provide a definition with
\DeclareUnicodeCharacter 


! LaTeX Error: Unicode character —Å (U+0441)
               not set up for use with LaTeX.

See the LaTeX manual or LaTeX Companion for explanation.
Type  H <return>  for immediate help.
 ...                                              
                                                  
l.16 ...å—Å—è, —á—Ç–æ –≤—Å—ë –ø—Ä–∞–≤–∏–ª—å–Ω–æ —Å
                                                  –∫–∞—á–∞–ª–æ—Å—å, –º–æ–∂–Ω...

You may provide a definition with
\DeclareUnicodeCharacter 


! LaTeX Error: Unicode character –∫ (U+043A)
               not set up for use with LaTeX.

See the LaTeX manual or LaTeX Companion for explanation.
Type  H <return>  for immediate help.
 ...                                              
                                                  
l.16 ...Å—è, —á—Ç–æ –≤—Å—ë –ø—Ä–∞–≤–∏–ª—å–Ω–æ —Å–∫
                                                  –∞—á–∞–ª–æ—Å—å, –º–æ–∂–Ω–æ...

You may provide a definition with
\DeclareUnicodeCharacter 


! LaTeX Error: Unicode character –∞ (U+0430)
               not set up for use with LaTeX.

See the LaTeX manual or LaTeX Companion for explanation.
Type  H <return>  for immediate help.
 ...                                              
                                                  
l.16 ...è, —á—Ç–æ –≤—Å—ë –ø—Ä–∞–≤–∏–ª—å–Ω–æ —Å–∫–∞
                                                  —á–∞–ª–æ—Å—å, –º–æ–∂–Ω–æ —...

You may provide a definition with
\DeclareUnicodeCharacter 


! LaTeX Error: Unicode character —á (U+0447)
               not set up for use with LaTeX.

See the LaTeX manual or LaTeX Companion for explanation.
Type  H <return>  for immediate help.
 ...                                              
                                                  
l.16 ... —á—Ç–æ –≤—Å—ë –ø—Ä–∞–≤–∏–ª—å–Ω–æ —Å–∫–∞—á
                                                  –∞–ª–æ—Å—å, –º–æ–∂–Ω–æ —É–...

You may provide a definition with
\DeclareUnicodeCharacter 


! LaTeX Error: Unicode character –∞ (U+0430)
               not set up for use with LaTeX.

See the LaTeX manual or LaTeX Companion for explanation.
Type  H <return>  for immediate help.
 ...                                              
                                                  
l.16 ...á—Ç–æ –≤—Å—ë –ø—Ä–∞–≤–∏–ª—å–Ω–æ —Å–∫–∞—á–∞
                                                  –ª–æ—Å—å, –º–æ–∂–Ω–æ —É–∑–...

You may provide a definition with
\DeclareUnicodeCharacter 


! LaTeX Error: Unicode character –ª (U+043B)
               not set up for use with LaTeX.

See the LaTeX manual or LaTeX Companion for explanation.
Type  H <return>  for immediate help.
 ...                                              
                                                  
l.16 ...Ç–æ –≤—Å—ë –ø—Ä–∞–≤–∏–ª—å–Ω–æ —Å–∫–∞—á–∞–ª
                                                  –æ—Å—å, –º–æ–∂–Ω–æ —É–∑–Ω–...
(That makes 100 errors; please try again.) 
Here is how much of TeX's memory you used:
 52 strings out of 478287
 770 string characters out of 5849290
 289005 words of memory out of 5000000
 18347 multiletter control sequences out of 15000+600000
 469427 words of font info for 29 fonts, out of 8000000 for 9000
 1141 hyphenation exceptions out of 8191
 13i,1n,12p,233b,69s stack positions out of 5000i,500n,10000p,200000b,80000s

!  ==> Fatal error occurred, no output PDF file produced!
