This is pdfTeX, Version 3.141592653-2.6-1.40.22 (TeX Live 2022/dev/Debian) (preloaded format=pdflatex 2024.4.5)  2 JUN 2024 13:47
entering extended mode
 restricted \write18 enabled.
 %&-line parsing enabled.
**Klonir.tex
(./Klonir.tex
LaTeX2e <2021-11-15> patch level 1
L3 programming layer <2022-01-21>

! LaTeX Error: Missing \begin{document}.

See the LaTeX manual or LaTeX Companion for explanation.
Type  H <return>  for immediate help.
 ...                                              
                                                  
l.1 \quad
          1.\quad –í —Ö–æ–¥–µ —Ä–∞–±–æ—Ç—ã —Å –≤–∏—Ä—Ç—É–∞–ª—å–Ω–æ–π –º–∞—à–...

You're in trouble here.  Try typing  <return>  to proceed.
If that doesn't work, type  X <return>  to quit.

Missing character: There is no 1 in font nullfont!
Missing character: There is no . in font nullfont!

! LaTeX Error: Unicode character –í (U+0412)
               not set up for use with LaTeX.

See the LaTeX manual or LaTeX Companion for explanation.
Type  H <return>  for immediate help.
 ...                                              
                                                  
l.1 \quad 1.\quad –í
                     —Ö–æ–¥–µ —Ä–∞–±–æ—Ç—ã —Å –≤–∏—Ä—Ç—É–∞–ª—å–Ω–æ–π –º–∞—à–...

You may provide a definition with
\DeclareUnicodeCharacter 


! LaTeX Error: Unicode character —Ö (U+0445)
               not set up for use with LaTeX.

See the LaTeX manual or LaTeX Companion for explanation.
Type  H <return>  for immediate help.
 ...                                              
                                                  
l.1 \quad 1.\quad –í —Ö
                       –æ–¥–µ —Ä–∞–±–æ—Ç—ã —Å –≤–∏—Ä—Ç—É–∞–ª—å–Ω–æ–π –º–∞—à–...

You may provide a definition with
\DeclareUnicodeCharacter 


! LaTeX Error: Unicode character –æ (U+043E)
               not set up for use with LaTeX.

See the LaTeX manual or LaTeX Companion for explanation.
Type  H <return>  for immediate help.
 ...                                              
                                                  
l.1 \quad 1.\quad –í —Ö–æ
                         –¥–µ —Ä–∞–±–æ—Ç—ã —Å –≤–∏—Ä—Ç—É–∞–ª—å–Ω–æ–π –º–∞—à–...

You may provide a definition with
\DeclareUnicodeCharacter 


! LaTeX Error: Unicode character –¥ (U+0434)
               not set up for use with LaTeX.

See the LaTeX manual or LaTeX Companion for explanation.
Type  H <return>  for immediate help.
 ...                                              
                                                  
l.1 \quad 1.\quad –í —Ö–æ–¥
                           –µ —Ä–∞–±–æ—Ç—ã —Å –≤–∏—Ä—Ç—É–∞–ª—å–Ω–æ–π –º–∞—à–...

You may provide a definition with
\DeclareUnicodeCharacter 


! LaTeX Error: Unicode character –µ (U+0435)
               not set up for use with LaTeX.

See the LaTeX manual or LaTeX Companion for explanation.
Type  H <return>  for immediate help.
 ...                                              
                                                  
l.1 \quad 1.\quad –í —Ö–æ–¥–µ
                              —Ä–∞–±–æ—Ç—ã —Å –≤–∏—Ä—Ç—É–∞–ª—å–Ω–æ–π –º–∞—à–...

You may provide a definition with
\DeclareUnicodeCharacter 


! LaTeX Error: Unicode character —Ä (U+0440)
               not set up for use with LaTeX.

See the LaTeX manual or LaTeX Companion for explanation.
Type  H <return>  for immediate help.
 ...                                              
                                                  
l.1 \quad 1.\quad –í —Ö–æ–¥–µ —Ä
                                –∞–±–æ—Ç—ã —Å –≤–∏—Ä—Ç—É–∞–ª—å–Ω–æ–π –º–∞—à–...

You may provide a definition with
\DeclareUnicodeCharacter 


! LaTeX Error: Unicode character –∞ (U+0430)
               not set up for use with LaTeX.

See the LaTeX manual or LaTeX Companion for explanation.
Type  H <return>  for immediate help.
 ...                                              
                                                  
l.1 \quad 1.\quad –í —Ö–æ–¥–µ —Ä–∞
                                  –±–æ—Ç—ã —Å –≤–∏—Ä—Ç—É–∞–ª—å–Ω–æ–π –º–∞—à–...

You may provide a definition with
\DeclareUnicodeCharacter 


! LaTeX Error: Unicode character –± (U+0431)
               not set up for use with LaTeX.

See the LaTeX manual or LaTeX Companion for explanation.
Type  H <return>  for immediate help.
 ...                                              
                                                  
l.1 \quad 1.\quad –í —Ö–æ–¥–µ —Ä–∞–±
                                    –æ—Ç—ã —Å –≤–∏—Ä—Ç—É–∞–ª—å–Ω–æ–π –º–∞—à–...

You may provide a definition with
\DeclareUnicodeCharacter 


! LaTeX Error: Unicode character –æ (U+043E)
               not set up for use with LaTeX.

See the LaTeX manual or LaTeX Companion for explanation.
Type  H <return>  for immediate help.
 ...                                              
                                                  
l.1 \quad 1.\quad –í —Ö–æ–¥–µ —Ä–∞–±–æ
                                      —Ç—ã —Å –≤–∏—Ä—Ç—É–∞–ª—å–Ω–æ–π –º–∞—à–...

You may provide a definition with
\DeclareUnicodeCharacter 


! LaTeX Error: Unicode character —Ç (U+0442)
               not set up for use with LaTeX.

See the LaTeX manual or LaTeX Companion for explanation.
Type  H <return>  for immediate help.
 ...                                              
                                                  
l.1 \quad 1.\quad –í —Ö–æ–¥–µ —Ä–∞–±–æ—Ç
                                        —ã —Å –≤–∏—Ä—Ç—É–∞–ª—å–Ω–æ–π –º–∞—à–...

You may provide a definition with
\DeclareUnicodeCharacter 


! LaTeX Error: Unicode character —ã (U+044B)
               not set up for use with LaTeX.

See the LaTeX manual or LaTeX Companion for explanation.
Type  H <return>  for immediate help.
 ...                                              
                                                  
l.1 \quad 1.\quad –í —Ö–æ–¥–µ —Ä–∞–±–æ—Ç—ã
                                           —Å –≤–∏—Ä—Ç—É–∞–ª—å–Ω–æ–π –º–∞—à–...

You may provide a definition with
\DeclareUnicodeCharacter 


! LaTeX Error: Unicode character —Å (U+0441)
               not set up for use with LaTeX.

See the LaTeX manual or LaTeX Companion for explanation.
Type  H <return>  for immediate help.
 ...                                              
                                                  
l.1 \quad 1.\quad –í —Ö–æ–¥–µ —Ä–∞–±–æ—Ç—ã —Å
                                              –≤–∏—Ä—Ç—É–∞–ª—å–Ω–æ–π –º–∞—à–...

You may provide a definition with
\DeclareUnicodeCharacter 


! LaTeX Error: Unicode character –≤ (U+0432)
               not set up for use with LaTeX.

See the LaTeX manual or LaTeX Companion for explanation.
Type  H <return>  for immediate help.
 ...                                              
                                                  
l.1 \quad 1.\quad –í —Ö–æ–¥–µ —Ä–∞–±–æ—Ç—ã —Å –≤
                                                –∏—Ä—Ç—É–∞–ª—å–Ω–æ–π –º–∞—à–...

You may provide a definition with
\DeclareUnicodeCharacter 


! LaTeX Error: Unicode character –∏ (U+0438)
               not set up for use with LaTeX.

See the LaTeX manual or LaTeX Companion for explanation.
Type  H <return>  for immediate help.
 ...                                              
                                                  
l.1 \quad 1.\quad –í —Ö–æ–¥–µ —Ä–∞–±–æ—Ç—ã —Å –≤–∏
                                                  —Ä—Ç—É–∞–ª—å–Ω–æ–π –º–∞—à–...

You may provide a definition with
\DeclareUnicodeCharacter 


! LaTeX Error: Unicode character —Ä (U+0440)
               not set up for use with LaTeX.

See the LaTeX manual or LaTeX Companion for explanation.
Type  H <return>  for immediate help.
 ...                                              
                                                  
l.1 ... 1.\quad –í —Ö–æ–¥–µ —Ä–∞–±–æ—Ç—ã —Å –≤–∏—Ä
                                                  —Ç—É–∞–ª—å–Ω–æ–π –º–∞—à–∏–...

You may provide a definition with
\DeclareUnicodeCharacter 


! LaTeX Error: Unicode character —Ç (U+0442)
               not set up for use with LaTeX.

See the LaTeX manual or LaTeX Companion for explanation.
Type  H <return>  for immediate help.
 ...                                              
                                                  
l.1 ....\quad –í —Ö–æ–¥–µ —Ä–∞–±–æ—Ç—ã —Å –≤–∏—Ä—Ç
                                                  —É–∞–ª—å–Ω–æ–π –º–∞—à–∏–Ω–...

You may provide a definition with
\DeclareUnicodeCharacter 


! LaTeX Error: Unicode character —É (U+0443)
               not set up for use with LaTeX.

See the LaTeX manual or LaTeX Companion for explanation.
Type  H <return>  for immediate help.
 ...                                              
                                                  
l.1 ...quad –í —Ö–æ–¥–µ —Ä–∞–±–æ—Ç—ã —Å –≤–∏—Ä—Ç—É
                                                  –∞–ª—å–Ω–æ–π –º–∞—à–∏–Ω–æ–...

You may provide a definition with
\DeclareUnicodeCharacter 


! LaTeX Error: Unicode character –∞ (U+0430)
               not set up for use with LaTeX.

See the LaTeX manual or LaTeX Companion for explanation.
Type  H <return>  for immediate help.
 ...                                              
                                                  
l.1 ...ad –í —Ö–æ–¥–µ —Ä–∞–±–æ—Ç—ã —Å –≤–∏—Ä—Ç—É–∞
                                                  –ª—å–Ω–æ–π –º–∞—à–∏–Ω–æ–π ...

You may provide a definition with
\DeclareUnicodeCharacter 


! LaTeX Error: Unicode character –ª (U+043B)
               not set up for use with LaTeX.

See the LaTeX manual or LaTeX Companion for explanation.
Type  H <return>  for immediate help.
 ...                                              
                                                  
l.1 ... –í —Ö–æ–¥–µ —Ä–∞–±–æ—Ç—ã —Å –≤–∏—Ä—Ç—É–∞–ª
                                                  —å–Ω–æ–π –º–∞—à–∏–Ω–æ–π –≤...

You may provide a definition with
\DeclareUnicodeCharacter 


! LaTeX Error: Unicode character —å (U+044C)
               not set up for use with LaTeX.

See the LaTeX manual or LaTeX Companion for explanation.
Type  H <return>  for immediate help.
 ...                                              
                                                  
l.1 ...í —Ö–æ–¥–µ —Ä–∞–±–æ—Ç—ã —Å –≤–∏—Ä—Ç—É–∞–ª—å
                                                  –Ω–æ–π –º–∞—à–∏–Ω–æ–π –≤–æ...

You may provide a definition with
\DeclareUnicodeCharacter 


! LaTeX Error: Unicode character –Ω (U+043D)
               not set up for use with LaTeX.

See the LaTeX manual or LaTeX Companion for explanation.
Type  H <return>  for immediate help.
 ...                                              
                                                  
l.1 ...—Ö–æ–¥–µ —Ä–∞–±–æ—Ç—ã —Å –≤–∏—Ä—Ç—É–∞–ª—å–Ω
                                                  –æ–π –º–∞—à–∏–Ω–æ–π –≤–æ–∑...

You may provide a definition with
\DeclareUnicodeCharacter 


! LaTeX Error: Unicode character –æ (U+043E)
               not set up for use with LaTeX.

See the LaTeX manual or LaTeX Companion for explanation.
Type  H <return>  for immediate help.
 ...                                              
                                                  
l.1 ...–æ–¥–µ —Ä–∞–±–æ—Ç—ã —Å –≤–∏—Ä—Ç—É–∞–ª—å–Ω–æ
                                                  –π –º–∞—à–∏–Ω–æ–π –≤–æ–∑–Ω...

You may provide a definition with
\DeclareUnicodeCharacter 


! LaTeX Error: Unicode character –π (U+0439)
               not set up for use with LaTeX.

See the LaTeX manual or LaTeX Companion for explanation.
Type  H <return>  for immediate help.
 ...                                              
                                                  
l.1 ...–¥–µ —Ä–∞–±–æ—Ç—ã —Å –≤–∏—Ä—Ç—É–∞–ª—å–Ω–æ–π
                                                   –º–∞—à–∏–Ω–æ–π –≤–æ–∑–Ω–∏...

You may provide a definition with
\DeclareUnicodeCharacter 


! LaTeX Error: Unicode character –º (U+043C)
               not set up for use with LaTeX.

See the LaTeX manual or LaTeX Companion for explanation.
Type  H <return>  for immediate help.
 ...                                              
                                                  
l.1 ...µ —Ä–∞–±–æ—Ç—ã —Å –≤–∏—Ä—Ç—É–∞–ª—å–Ω–æ–π –º
                                                  –∞—à–∏–Ω–æ–π –≤–æ–∑–Ω–∏–∫–...

You may provide a definition with
\DeclareUnicodeCharacter 


! LaTeX Error: Unicode character –∞ (U+0430)
               not set up for use with LaTeX.

See the LaTeX manual or LaTeX Companion for explanation.
Type  H <return>  for immediate help.
 ...                                              
                                                  
l.1 ...—Ä–∞–±–æ—Ç—ã —Å –≤–∏—Ä—Ç—É–∞–ª—å–Ω–æ–π –º–∞
                                                  —à–∏–Ω–æ–π –≤–æ–∑–Ω–∏–∫–ª–...

You may provide a definition with
\DeclareUnicodeCharacter 


! LaTeX Error: Unicode character —à (U+0448)
               not set up for use with LaTeX.

See the LaTeX manual or LaTeX Companion for explanation.
Type  H <return>  for immediate help.
 ...                                              
                                                  
l.1 ...–∞–±–æ—Ç—ã —Å –≤–∏—Ä—Ç—É–∞–ª—å–Ω–æ–π –º–∞—à
                                                  –∏–Ω–æ–π –≤–æ–∑–Ω–∏–∫–ª–∞ ...

You may provide a definition with
\DeclareUnicodeCharacter 


! LaTeX Error: Unicode character –∏ (U+0438)
               not set up for use with LaTeX.

See the LaTeX manual or LaTeX Companion for explanation.
Type  H <return>  for immediate help.
 ...                                              
                                                  
l.1 ...–±–æ—Ç—ã —Å –≤–∏—Ä—Ç—É–∞–ª—å–Ω–æ–π –º–∞—à–∏
                                                  –Ω–æ–π –≤–æ–∑–Ω–∏–∫–ª–∞ –Ω...

You may provide a definition with
\DeclareUnicodeCharacter 


! LaTeX Error: Unicode character –Ω (U+043D)
               not set up for use with LaTeX.

See the LaTeX manual or LaTeX Companion for explanation.
Type  H <return>  for immediate help.
 ...                                              
                                                  
l.1 ...–æ—Ç—ã —Å –≤–∏—Ä—Ç—É–∞–ª—å–Ω–æ–π –º–∞—à–∏–Ω
                                                  –æ–π –≤–æ–∑–Ω–∏–∫–ª–∞ –Ω–µ...

You may provide a definition with
\DeclareUnicodeCharacter 


! LaTeX Error: Unicode character –æ (U+043E)
               not set up for use with LaTeX.

See the LaTeX manual or LaTeX Companion for explanation.
Type  H <return>  for immediate help.
 ...                                              
                                                  
l.1 ...—Ç—ã —Å –≤–∏—Ä—Ç—É–∞–ª—å–Ω–æ–π –º–∞—à–∏–Ω–æ
                                                  –π –≤–æ–∑–Ω–∏–∫–ª–∞ –Ω–µ–æ...

You may provide a definition with
\DeclareUnicodeCharacter 


! LaTeX Error: Unicode character –π (U+0439)
               not set up for use with LaTeX.

See the LaTeX manual or LaTeX Companion for explanation.
Type  H <return>  for immediate help.
 ...                                              
                                                  
l.1 ...—ã —Å –≤–∏—Ä—Ç—É–∞–ª—å–Ω–æ–π –º–∞—à–∏–Ω–æ–π
                                                   –≤–æ–∑–Ω–∏–∫–ª–∞ –Ω–µ–æ–±...

You may provide a definition with
\DeclareUnicodeCharacter 


! LaTeX Error: Unicode character –≤ (U+0432)
               not set up for use with LaTeX.

See the LaTeX manual or LaTeX Companion for explanation.
Type  H <return>  for immediate help.
 ...                                              
                                                  
l.1 ...—Å –≤–∏—Ä—Ç—É–∞–ª—å–Ω–æ–π –º–∞—à–∏–Ω–æ–π –≤
                                                  –æ–∑–Ω–∏–∫–ª–∞ –Ω–µ–æ–±—Ö–...

You may provide a definition with
\DeclareUnicodeCharacter 


! LaTeX Error: Unicode character –æ (U+043E)
               not set up for use with LaTeX.

See the LaTeX manual or LaTeX Companion for explanation.
Type  H <return>  for immediate help.
 ...                                              
                                                  
l.1 ... –≤–∏—Ä—Ç—É–∞–ª—å–Ω–æ–π –º–∞—à–∏–Ω–æ–π –≤–æ
                                                  –∑–Ω–∏–∫–ª–∞ –Ω–µ–æ–±—Ö–æ–...

You may provide a definition with
\DeclareUnicodeCharacter 


! LaTeX Error: Unicode character –∑ (U+0437)
               not set up for use with LaTeX.

See the LaTeX manual or LaTeX Companion for explanation.
Type  H <return>  for immediate help.
 ...                                              
                                                  
l.1 ...≤–∏—Ä—Ç—É–∞–ª—å–Ω–æ–π –º–∞—à–∏–Ω–æ–π –≤–æ–∑
                                                  –Ω–∏–∫–ª–∞ –Ω–µ–æ–±—Ö–æ–¥–...

You may provide a definition with
\DeclareUnicodeCharacter 


! LaTeX Error: Unicode character –Ω (U+043D)
               not set up for use with LaTeX.

See the LaTeX manual or LaTeX Companion for explanation.
Type  H <return>  for immediate help.
 ...                                              
                                                  
l.1 ...∏—Ä—Ç—É–∞–ª—å–Ω–æ–π –º–∞—à–∏–Ω–æ–π –≤–æ–∑–Ω
                                                  –∏–∫–ª–∞ –Ω–µ–æ–±—Ö–æ–¥–∏–...

You may provide a definition with
\DeclareUnicodeCharacter 


! LaTeX Error: Unicode character –∏ (U+0438)
               not set up for use with LaTeX.

See the LaTeX manual or LaTeX Companion for explanation.
Type  H <return>  for immediate help.
 ...                                              
                                                  
l.1 ...Ä—Ç—É–∞–ª—å–Ω–æ–π –º–∞—à–∏–Ω–æ–π –≤–æ–∑–Ω–∏
                                                  –∫–ª–∞ –Ω–µ–æ–±—Ö–æ–¥–∏–º–...

You may provide a definition with
\DeclareUnicodeCharacter 


! LaTeX Error: Unicode character –∫ (U+043A)
               not set up for use with LaTeX.

See the LaTeX manual or LaTeX Companion for explanation.
Type  H <return>  for immediate help.
 ...                                              
                                                  
l.1 ...Ç—É–∞–ª—å–Ω–æ–π –º–∞—à–∏–Ω–æ–π –≤–æ–∑–Ω–∏–∫
                                                  –ª–∞ –Ω–µ–æ–±—Ö–æ–¥–∏–º–æ—...

You may provide a definition with
\DeclareUnicodeCharacter 


! LaTeX Error: Unicode character –ª (U+043B)
               not set up for use with LaTeX.

See the LaTeX manual or LaTeX Companion for explanation.
Type  H <return>  for immediate help.
 ...                                              
                                                  
l.1 ...É–∞–ª—å–Ω–æ–π –º–∞—à–∏–Ω–æ–π –≤–æ–∑–Ω–∏–∫–ª
                                                  –∞ –Ω–µ–æ–±—Ö–æ–¥–∏–º–æ—Å—...

You may provide a definition with
\DeclareUnicodeCharacter 


! LaTeX Error: Unicode character –∞ (U+0430)
               not set up for use with LaTeX.

See the LaTeX manual or LaTeX Companion for explanation.
Type  H <return>  for immediate help.
 ...                                              
                                                  
l.1 ...∞–ª—å–Ω–æ–π –º–∞—à–∏–Ω–æ–π –≤–æ–∑–Ω–∏–∫–ª–∞
                                                   –Ω–µ–æ–±—Ö–æ–¥–∏–º–æ—Å—Ç—...

You may provide a definition with
\DeclareUnicodeCharacter 


! LaTeX Error: Unicode character –Ω (U+043D)
               not set up for use with LaTeX.

See the LaTeX manual or LaTeX Companion for explanation.
Type  H <return>  for immediate help.
 ...                                              
                                                  
l.1 ...—å–Ω–æ–π –º–∞—à–∏–Ω–æ–π –≤–æ–∑–Ω–∏–∫–ª–∞ –Ω
                                                  –µ–æ–±—Ö–æ–¥–∏–º–æ—Å—Ç—å –...

You may provide a definition with
\DeclareUnicodeCharacter 


! LaTeX Error: Unicode character –µ (U+0435)
               not set up for use with LaTeX.

See the LaTeX manual or LaTeX Companion for explanation.
Type  H <return>  for immediate help.
 ...                                              
                                                  
l.1 ...–Ω–æ–π –º–∞—à–∏–Ω–æ–π –≤–æ–∑–Ω–∏–∫–ª–∞ –Ω–µ
                                                  –æ–±—Ö–æ–¥–∏–º–æ—Å—Ç—å –ø–...

You may provide a definition with
\DeclareUnicodeCharacter 


! LaTeX Error: Unicode character –æ (U+043E)
               not set up for use with LaTeX.

See the LaTeX manual or LaTeX Companion for explanation.
Type  H <return>  for immediate help.
 ...                                              
                                                  
l.1 ...–æ–π –º–∞—à–∏–Ω–æ–π –≤–æ–∑–Ω–∏–∫–ª–∞ –Ω–µ–æ
                                                  –±—Ö–æ–¥–∏–º–æ—Å—Ç—å –ø–µ—...

You may provide a definition with
\DeclareUnicodeCharacter 


! LaTeX Error: Unicode character –± (U+0431)
               not set up for use with LaTeX.

See the LaTeX manual or LaTeX Companion for explanation.
Type  H <return>  for immediate help.
 ...                                              
                                                  
l.1 ...–π –º–∞—à–∏–Ω–æ–π –≤–æ–∑–Ω–∏–∫–ª–∞ –Ω–µ–æ–±
                                                  —Ö–æ–¥–∏–º–æ—Å—Ç—å –ø–µ—Ä–...

You may provide a definition with
\DeclareUnicodeCharacter 


! LaTeX Error: Unicode character —Ö (U+0445)
               not set up for use with LaTeX.

See the LaTeX manual or LaTeX Companion for explanation.
Type  H <return>  for immediate help.
 ...                                              
                                                  
l.1 ... –º–∞—à–∏–Ω–æ–π –≤–æ–∑–Ω–∏–∫–ª–∞ –Ω–µ–æ–±—Ö
                                                  –æ–¥–∏–º–æ—Å—Ç—å –ø–µ—Ä–µ–...

You may provide a definition with
\DeclareUnicodeCharacter 


! LaTeX Error: Unicode character –æ (U+043E)
               not set up for use with LaTeX.

See the LaTeX manual or LaTeX Companion for explanation.
Type  H <return>  for immediate help.
 ...                                              
                                                  
l.1 ...º–∞—à–∏–Ω–æ–π –≤–æ–∑–Ω–∏–∫–ª–∞ –Ω–µ–æ–±—Ö–æ
                                                  –¥–∏–º–æ—Å—Ç—å –ø–µ—Ä–µ–Ω–...

You may provide a definition with
\DeclareUnicodeCharacter 


! LaTeX Error: Unicode character –¥ (U+0434)
               not set up for use with LaTeX.

See the LaTeX manual or LaTeX Companion for explanation.
Type  H <return>  for immediate help.
 ...                                              
                                                  
l.1 ...∞—à–∏–Ω–æ–π –≤–æ–∑–Ω–∏–∫–ª–∞ –Ω–µ–æ–±—Ö–æ–¥
                                                  –∏–º–æ—Å—Ç—å –ø–µ—Ä–µ–Ω–µ—...

You may provide a definition with
\DeclareUnicodeCharacter 


! LaTeX Error: Unicode character –∏ (U+0438)
               not set up for use with LaTeX.

See the LaTeX manual or LaTeX Companion for explanation.
Type  H <return>  for immediate help.
 ...                                              
                                                  
l.1 ...à–∏–Ω–æ–π –≤–æ–∑–Ω–∏–∫–ª–∞ –Ω–µ–æ–±—Ö–æ–¥–∏
                                                  –º–æ—Å—Ç—å –ø–µ—Ä–µ–Ω–µ—Å—...

You may provide a definition with
\DeclareUnicodeCharacter 


! LaTeX Error: Unicode character –º (U+043C)
               not set up for use with LaTeX.

See the LaTeX manual or LaTeX Companion for explanation.
Type  H <return>  for immediate help.
 ...                                              
                                                  
l.1 ...∏–Ω–æ–π –≤–æ–∑–Ω–∏–∫–ª–∞ –Ω–µ–æ–±—Ö–æ–¥–∏–º
                                                  –æ—Å—Ç—å –ø–µ—Ä–µ–Ω–µ—Å—Ç–...

You may provide a definition with
\DeclareUnicodeCharacter 


! LaTeX Error: Unicode character –æ (U+043E)
               not set up for use with LaTeX.

See the LaTeX manual or LaTeX Companion for explanation.
Type  H <return>  for immediate help.
 ...                                              
                                                  
l.1 ...Ω–æ–π –≤–æ–∑–Ω–∏–∫–ª–∞ –Ω–µ–æ–±—Ö–æ–¥–∏–º–æ
                                                  —Å—Ç—å –ø–µ—Ä–µ–Ω–µ—Å—Ç–∏ ...

You may provide a definition with
\DeclareUnicodeCharacter 


! LaTeX Error: Unicode character —Å (U+0441)
               not set up for use with LaTeX.

See the LaTeX manual or LaTeX Companion for explanation.
Type  H <return>  for immediate help.
 ...                                              
                                                  
l.1 ...æ–π –≤–æ–∑–Ω–∏–∫–ª–∞ –Ω–µ–æ–±—Ö–æ–¥–∏–º–æ—Å
                                                  —Ç—å –ø–µ—Ä–µ–Ω–µ—Å—Ç–∏ –µ...

You may provide a definition with
\DeclareUnicodeCharacter 


! LaTeX Error: Unicode character —Ç (U+0442)
               not set up for use with LaTeX.

See the LaTeX manual or LaTeX Companion for explanation.
Type  H <return>  for immediate help.
 ...                                              
                                                  
l.1 ...π –≤–æ–∑–Ω–∏–∫–ª–∞ –Ω–µ–æ–±—Ö–æ–¥–∏–º–æ—Å—Ç
                                                  —å –ø–µ—Ä–µ–Ω–µ—Å—Ç–∏ –µ—ë...

You may provide a definition with
\DeclareUnicodeCharacter 


! LaTeX Error: Unicode character —å (U+044C)
               not set up for use with LaTeX.

See the LaTeX manual or LaTeX Companion for explanation.
Type  H <return>  for immediate help.
 ...                                              
                                                  
l.1 ...–≤–æ–∑–Ω–∏–∫–ª–∞ –Ω–µ–æ–±—Ö–æ–¥–∏–º–æ—Å—Ç—å
                                                   –ø–µ—Ä–µ–Ω–µ—Å—Ç–∏ –µ—ë —...

You may provide a definition with
\DeclareUnicodeCharacter 


! LaTeX Error: Unicode character –ø (U+043F)
               not set up for use with LaTeX.

See the LaTeX manual or LaTeX Companion for explanation.
Type  H <return>  for immediate help.
 ...                                              
                                                  
l.1 ...æ–∑–Ω–∏–∫–ª–∞ –Ω–µ–æ–±—Ö–æ–¥–∏–º–æ—Å—Ç—å –ø
                                                  –µ—Ä–µ–Ω–µ—Å—Ç–∏ –µ—ë —Å –...

You may provide a definition with
\DeclareUnicodeCharacter 


! LaTeX Error: Unicode character –µ (U+0435)
               not set up for use with LaTeX.

See the LaTeX manual or LaTeX Companion for explanation.
Type  H <return>  for immediate help.
 ...                                              
                                                  
l.1 ...∑–Ω–∏–∫–ª–∞ –Ω–µ–æ–±—Ö–æ–¥–∏–º–æ—Å—Ç—å –ø–µ
                                                  —Ä–µ–Ω–µ—Å—Ç–∏ –µ—ë —Å –æ–...

You may provide a definition with
\DeclareUnicodeCharacter 


! LaTeX Error: Unicode character —Ä (U+0440)
               not set up for use with LaTeX.

See the LaTeX manual or LaTeX Companion for explanation.
Type  H <return>  for immediate help.
 ...                                              
                                                  
l.1 ...Ω–∏–∫–ª–∞ –Ω–µ–æ–±—Ö–æ–¥–∏–º–æ—Å—Ç—å –ø–µ—Ä
                                                  –µ–Ω–µ—Å—Ç–∏ –µ—ë —Å –æ–¥–...

You may provide a definition with
\DeclareUnicodeCharacter 


! LaTeX Error: Unicode character –µ (U+0435)
               not set up for use with LaTeX.

See the LaTeX manual or LaTeX Companion for explanation.
Type  H <return>  for immediate help.
 ...                                              
                                                  
l.1 ...∏–∫–ª–∞ –Ω–µ–æ–±—Ö–æ–¥–∏–º–æ—Å—Ç—å –ø–µ—Ä–µ
                                                  –Ω–µ—Å—Ç–∏ –µ—ë —Å –æ–¥–Ω–...

You may provide a definition with
\DeclareUnicodeCharacter 


! LaTeX Error: Unicode character –Ω (U+043D)
               not set up for use with LaTeX.

See the LaTeX manual or LaTeX Companion for explanation.
Type  H <return>  for immediate help.
 ...                                              
                                                  
l.1 ...∫–ª–∞ –Ω–µ–æ–±—Ö–æ–¥–∏–º–æ—Å—Ç—å –ø–µ—Ä–µ–Ω
                                                  –µ—Å—Ç–∏ –µ—ë —Å –æ–¥–Ω–æ–...

You may provide a definition with
\DeclareUnicodeCharacter 


! LaTeX Error: Unicode character –µ (U+0435)
               not set up for use with LaTeX.

See the LaTeX manual or LaTeX Companion for explanation.
Type  H <return>  for immediate help.
 ...                                              
                                                  
l.1 ...ª–∞ –Ω–µ–æ–±—Ö–æ–¥–∏–º–æ—Å—Ç—å –ø–µ—Ä–µ–Ω–µ
                                                  —Å—Ç–∏ –µ—ë —Å –æ–¥–Ω–æ–≥–...

You may provide a definition with
\DeclareUnicodeCharacter 


! LaTeX Error: Unicode character —Å (U+0441)
               not set up for use with LaTeX.

See the LaTeX manual or LaTeX Companion for explanation.
Type  H <return>  for immediate help.
 ...                                              
                                                  
l.1 ...∞ –Ω–µ–æ–±—Ö–æ–¥–∏–º–æ—Å—Ç—å –ø–µ—Ä–µ–Ω–µ—Å
                                                  —Ç–∏ –µ—ë —Å –æ–¥–Ω–æ–≥–æ ...

You may provide a definition with
\DeclareUnicodeCharacter 


! LaTeX Error: Unicode character —Ç (U+0442)
               not set up for use with LaTeX.

See the LaTeX manual or LaTeX Companion for explanation.
Type  H <return>  for immediate help.
 ...                                              
                                                  
l.1 ...–Ω–µ–æ–±—Ö–æ–¥–∏–º–æ—Å—Ç—å –ø–µ—Ä–µ–Ω–µ—Å—Ç
                                                  –∏ –µ—ë —Å –æ–¥–Ω–æ–≥–æ —Å...

You may provide a definition with
\DeclareUnicodeCharacter 


! LaTeX Error: Unicode character –∏ (U+0438)
               not set up for use with LaTeX.

See the LaTeX manual or LaTeX Companion for explanation.
Type  H <return>  for immediate help.
 ...                                              
                                                  
l.1 ...–µ–æ–±—Ö–æ–¥–∏–º–æ—Å—Ç—å –ø–µ—Ä–µ–Ω–µ—Å—Ç–∏
                                                   –µ—ë —Å –æ–¥–Ω–æ–≥–æ —Å–≤...

You may provide a definition with
\DeclareUnicodeCharacter 


! LaTeX Error: Unicode character –µ (U+0435)
               not set up for use with LaTeX.

See the LaTeX manual or LaTeX Companion for explanation.
Type  H <return>  for immediate help.
 ...                                              
                                                  
l.1 ...æ–±—Ö–æ–¥–∏–º–æ—Å—Ç—å –ø–µ—Ä–µ–Ω–µ—Å—Ç–∏ –µ
                                                  —ë —Å –æ–¥–Ω–æ–≥–æ —Å–≤–æ–...

You may provide a definition with
\DeclareUnicodeCharacter 


! LaTeX Error: Unicode character —ë (U+0451)
               not set up for use with LaTeX.

See the LaTeX manual or LaTeX Companion for explanation.
Type  H <return>  for immediate help.
 ...                                              
                                                  
l.1 ...±—Ö–æ–¥–∏–º–æ—Å—Ç—å –ø–µ—Ä–µ–Ω–µ—Å—Ç–∏ –µ—ë
                                                   —Å –æ–¥–Ω–æ–≥–æ —Å–≤–æ–µ–...

You may provide a definition with
\DeclareUnicodeCharacter 


! LaTeX Error: Unicode character —Å (U+0441)
               not set up for use with LaTeX.

See the LaTeX manual or LaTeX Companion for explanation.
Type  H <return>  for immediate help.
 ...                                              
                                                  
l.1 ...–æ–¥–∏–º–æ—Å—Ç—å –ø–µ—Ä–µ–Ω–µ—Å—Ç–∏ –µ—ë —Å
                                                   –æ–¥–Ω–æ–≥–æ —Å–≤–æ–µ–≥–æ...

You may provide a definition with
\DeclareUnicodeCharacter 


! LaTeX Error: Unicode character –æ (U+043E)
               not set up for use with LaTeX.

See the LaTeX manual or LaTeX Companion for explanation.
Type  H <return>  for immediate help.
 ...                                              
                                                  
l.1 ...¥–∏–º–æ—Å—Ç—å –ø–µ—Ä–µ–Ω–µ—Å—Ç–∏ –µ—ë —Å –æ
                                                  –¥–Ω–æ–≥–æ —Å–≤–æ–µ–≥–æ —É...

You may provide a definition with
\DeclareUnicodeCharacter 


! LaTeX Error: Unicode character –¥ (U+0434)
               not set up for use with LaTeX.

See the LaTeX manual or LaTeX Companion for explanation.
Type  H <return>  for immediate help.
 ...                                              
                                                  
l.1 ...∏–º–æ—Å—Ç—å –ø–µ—Ä–µ–Ω–µ—Å—Ç–∏ –µ—ë —Å –æ–¥
                                                  –Ω–æ–≥–æ —Å–≤–æ–µ–≥–æ —É—Å...

You may provide a definition with
\DeclareUnicodeCharacter 


! LaTeX Error: Unicode character –Ω (U+043D)
               not set up for use with LaTeX.

See the LaTeX manual or LaTeX Companion for explanation.
Type  H <return>  for immediate help.
 ...                                              
                                                  
l.1 ...º–æ—Å—Ç—å –ø–µ—Ä–µ–Ω–µ—Å—Ç–∏ –µ—ë —Å –æ–¥–Ω
                                                  –æ–≥–æ —Å–≤–æ–µ–≥–æ —É—Å—Ç...

You may provide a definition with
\DeclareUnicodeCharacter 


! LaTeX Error: Unicode character –æ (U+043E)
               not set up for use with LaTeX.

See the LaTeX manual or LaTeX Companion for explanation.
Type  H <return>  for immediate help.
 ...                                              
                                                  
l.1 ...æ—Å—Ç—å –ø–µ—Ä–µ–Ω–µ—Å—Ç–∏ –µ—ë —Å –æ–¥–Ω–æ
                                                  –≥–æ —Å–≤–æ–µ–≥–æ —É—Å—Ç—Ä...

You may provide a definition with
\DeclareUnicodeCharacter 


! LaTeX Error: Unicode character –≥ (U+0433)
               not set up for use with LaTeX.

See the LaTeX manual or LaTeX Companion for explanation.
Type  H <return>  for immediate help.
 ...                                              
                                                  
l.1 ...Å—Ç—å –ø–µ—Ä–µ–Ω–µ—Å—Ç–∏ –µ—ë —Å –æ–¥–Ω–æ–≥
                                                  –æ —Å–≤–æ–µ–≥–æ —É—Å—Ç—Ä–æ...

You may provide a definition with
\DeclareUnicodeCharacter 


! LaTeX Error: Unicode character –æ (U+043E)
               not set up for use with LaTeX.

See the LaTeX manual or LaTeX Companion for explanation.
Type  H <return>  for immediate help.
 ...                                              
                                                  
l.1 ...Ç—å –ø–µ—Ä–µ–Ω–µ—Å—Ç–∏ –µ—ë —Å –æ–¥–Ω–æ–≥–æ
                                                   —Å–≤–æ–µ–≥–æ —É—Å—Ç—Ä–æ–π...

You may provide a definition with
\DeclareUnicodeCharacter 


! LaTeX Error: Unicode character —Å (U+0441)
               not set up for use with LaTeX.

See the LaTeX manual or LaTeX Companion for explanation.
Type  H <return>  for immediate help.
 ...                                              
                                                  
l.1 ... –ø–µ—Ä–µ–Ω–µ—Å—Ç–∏ –µ—ë —Å –æ–¥–Ω–æ–≥–æ —Å
                                                  –≤–æ–µ–≥–æ —É—Å—Ç—Ä–æ–π—Å—...

You may provide a definition with
\DeclareUnicodeCharacter 


! LaTeX Error: Unicode character –≤ (U+0432)
               not set up for use with LaTeX.

See the LaTeX manual or LaTeX Companion for explanation.
Type  H <return>  for immediate help.
 ...                                              
                                                  
l.1 ...ø–µ—Ä–µ–Ω–µ—Å—Ç–∏ –µ—ë —Å –æ–¥–Ω–æ–≥–æ —Å–≤
                                                  –æ–µ–≥–æ —É—Å—Ç—Ä–æ–π—Å—Ç–...

You may provide a definition with
\DeclareUnicodeCharacter 


! LaTeX Error: Unicode character –æ (U+043E)
               not set up for use with LaTeX.

See the LaTeX manual or LaTeX Companion for explanation.
Type  H <return>  for immediate help.
 ...                                              
                                                  
l.1 ...µ—Ä–µ–Ω–µ—Å—Ç–∏ –µ—ë —Å –æ–¥–Ω–æ–≥–æ —Å–≤–æ
                                                  –µ–≥–æ —É—Å—Ç—Ä–æ–π—Å—Ç–≤–...

You may provide a definition with
\DeclareUnicodeCharacter 


! LaTeX Error: Unicode character –µ (U+0435)
               not set up for use with LaTeX.

See the LaTeX manual or LaTeX Companion for explanation.
Type  H <return>  for immediate help.
 ...                                              
                                                  
l.1 ...Ä–µ–Ω–µ—Å—Ç–∏ –µ—ë —Å –æ–¥–Ω–æ–≥–æ —Å–≤–æ–µ
                                                  –≥–æ —É—Å—Ç—Ä–æ–π—Å—Ç–≤–∞ ...

You may provide a definition with
\DeclareUnicodeCharacter 


! LaTeX Error: Unicode character –≥ (U+0433)
               not set up for use with LaTeX.

See the LaTeX manual or LaTeX Companion for explanation.
Type  H <return>  for immediate help.
 ...                                              
                                                  
l.1 ...µ–Ω–µ—Å—Ç–∏ –µ—ë —Å –æ–¥–Ω–æ–≥–æ —Å–≤–æ–µ–≥
                                                  –æ —É—Å—Ç—Ä–æ–π—Å—Ç–≤–∞ –Ω...

You may provide a definition with
\DeclareUnicodeCharacter 


! LaTeX Error: Unicode character –æ (U+043E)
               not set up for use with LaTeX.

See the LaTeX manual or LaTeX Companion for explanation.
Type  H <return>  for immediate help.
 ...                                              
                                                  
l.1 ...Ω–µ—Å—Ç–∏ –µ—ë —Å –æ–¥–Ω–æ–≥–æ —Å–≤–æ–µ–≥–æ
                                                   —É—Å—Ç—Ä–æ–π—Å—Ç–≤–∞ –Ω–∞...

You may provide a definition with
\DeclareUnicodeCharacter 


! LaTeX Error: Unicode character —É (U+0443)
               not set up for use with LaTeX.

See the LaTeX manual or LaTeX Companion for explanation.
Type  H <return>  for immediate help.
 ...                                              
                                                  
l.1 ...—Å—Ç–∏ –µ—ë —Å –æ–¥–Ω–æ–≥–æ —Å–≤–æ–µ–≥–æ —É
                                                  —Å—Ç—Ä–æ–π—Å—Ç–≤–∞ –Ω–∞ –¥...

You may provide a definition with
\DeclareUnicodeCharacter 


! LaTeX Error: Unicode character —Å (U+0441)
               not set up for use with LaTeX.

See the LaTeX manual or LaTeX Companion for explanation.
Type  H <return>  for immediate help.
 ...                                              
                                                  
l.1 ...—Ç–∏ –µ—ë —Å –æ–¥–Ω–æ–≥–æ —Å–≤–æ–µ–≥–æ —É—Å
                                                  —Ç—Ä–æ–π—Å—Ç–≤–∞ –Ω–∞ –¥—Ä...

You may provide a definition with
\DeclareUnicodeCharacter 


! LaTeX Error: Unicode character —Ç (U+0442)
               not set up for use with LaTeX.

See the LaTeX manual or LaTeX Companion for explanation.
Type  H <return>  for immediate help.
 ...                                              
                                                  
l.1 ...–∏ –µ—ë —Å –æ–¥–Ω–æ–≥–æ —Å–≤–æ–µ–≥–æ —É—Å—Ç
                                                  —Ä–æ–π—Å—Ç–≤–∞ –Ω–∞ –¥—Ä—É...

You may provide a definition with
\DeclareUnicodeCharacter 


! LaTeX Error: Unicode character —Ä (U+0440)
               not set up for use with LaTeX.

See the LaTeX manual or LaTeX Companion for explanation.
Type  H <return>  for immediate help.
 ...                                              
                                                  
l.1 ... –µ—ë —Å –æ–¥–Ω–æ–≥–æ —Å–≤–æ–µ–≥–æ —É—Å—Ç—Ä
                                                  –æ–π—Å—Ç–≤–∞ –Ω–∞ –¥—Ä—É–≥...

You may provide a definition with
\DeclareUnicodeCharacter 


! LaTeX Error: Unicode character –æ (U+043E)
               not set up for use with LaTeX.

See the LaTeX manual or LaTeX Companion for explanation.
Type  H <return>  for immediate help.
 ...                                              
                                                  
l.1 ...µ—ë —Å –æ–¥–Ω–æ–≥–æ —Å–≤–æ–µ–≥–æ —É—Å—Ç—Ä–æ
                                                  –π—Å—Ç–≤–∞ –Ω–∞ –¥—Ä—É–≥–æ–µ.

You may provide a definition with
\DeclareUnicodeCharacter 


! LaTeX Error: Unicode character –π (U+0439)
               not set up for use with LaTeX.

See the LaTeX manual or LaTeX Companion for explanation.
Type  H <return>  for immediate help.
 ...                                              
                                                  
l.1 ...ë —Å –æ–¥–Ω–æ–≥–æ —Å–≤–æ–µ–≥–æ —É—Å—Ç—Ä–æ–π
                                                  —Å—Ç–≤–∞ –Ω–∞ –¥—Ä—É–≥–æ–µ.
You may provide a definition with
\DeclareUnicodeCharacter 


! LaTeX Error: Unicode character —Å (U+0441)
               not set up for use with LaTeX.

See the LaTeX manual or LaTeX Companion for explanation.
Type  H <return>  for immediate help.
 ...                                              
                                                  
l.1 ...—Å –æ–¥–Ω–æ–≥–æ —Å–≤–æ–µ–≥–æ —É—Å—Ç—Ä–æ–π—Å
                                                  —Ç–≤–∞ –Ω–∞ –¥—Ä—É–≥–æ–µ.
You may provide a definition with
\DeclareUnicodeCharacter 


! LaTeX Error: Unicode character —Ç (U+0442)
               not set up for use with LaTeX.

See the LaTeX manual or LaTeX Companion for explanation.
Type  H <return>  for immediate help.
 ...                                              
                                                  
l.1 ... –æ–¥–Ω–æ–≥–æ —Å–≤–æ–µ–≥–æ —É—Å—Ç—Ä–æ–π—Å—Ç
                                                  –≤–∞ –Ω–∞ –¥—Ä—É–≥–æ–µ.
You may provide a definition with
\DeclareUnicodeCharacter 


! LaTeX Error: Unicode character –≤ (U+0432)
               not set up for use with LaTeX.

See the LaTeX manual or LaTeX Companion for explanation.
Type  H <return>  for immediate help.
 ...                                              
                                                  
l.1 ...æ–¥–Ω–æ–≥–æ —Å–≤–æ–µ–≥–æ —É—Å—Ç—Ä–æ–π—Å—Ç–≤
                                                  –∞ –Ω–∞ –¥—Ä—É–≥–æ–µ.
You may provide a definition with
\DeclareUnicodeCharacter 


! LaTeX Error: Unicode character –∞ (U+0430)
               not set up for use with LaTeX.

See the LaTeX manual or LaTeX Companion for explanation.
Type  H <return>  for immediate help.
 ...                                              
                                                  
l.1 ...¥–Ω–æ–≥–æ —Å–≤–æ–µ–≥–æ —É—Å—Ç—Ä–æ–π—Å—Ç–≤–∞
                                                   –Ω–∞ –¥—Ä—É–≥–æ–µ.
You may provide a definition with
\DeclareUnicodeCharacter 


! LaTeX Error: Unicode character –Ω (U+043D)
               not set up for use with LaTeX.

See the LaTeX manual or LaTeX Companion for explanation.
Type  H <return>  for immediate help.
 ...                                              
                                                  
l.1 ...–æ–≥–æ —Å–≤–æ–µ–≥–æ —É—Å—Ç—Ä–æ–π—Å—Ç–≤–∞ –Ω
                                                  –∞ –¥—Ä—É–≥–æ–µ.
You may provide a definition with
\DeclareUnicodeCharacter 


! LaTeX Error: Unicode character –∞ (U+0430)
               not set up for use with LaTeX.

See the LaTeX manual or LaTeX Companion for explanation.
Type  H <return>  for immediate help.
 ...                                              
                                                  
l.1 ...–≥–æ —Å–≤–æ–µ–≥–æ —É—Å—Ç—Ä–æ–π—Å—Ç–≤–∞ –Ω–∞
                                                   –¥—Ä—É–≥–æ–µ.
You may provide a definition with
\DeclareUnicodeCharacter 


! LaTeX Error: Unicode character –¥ (U+0434)
               not set up for use with LaTeX.

See the LaTeX manual or LaTeX Companion for explanation.
Type  H <return>  for immediate help.
 ...                                              
                                                  
l.1 ...æ —Å–≤–æ–µ–≥–æ —É—Å—Ç—Ä–æ–π—Å—Ç–≤–∞ –Ω–∞ –¥
                                                  —Ä—É–≥–æ–µ.
You may provide a definition with
\DeclareUnicodeCharacter 


! LaTeX Error: Unicode character —Ä (U+0440)
               not set up for use with LaTeX.

See the LaTeX manual or LaTeX Companion for explanation.
Type  H <return>  for immediate help.
 ...                                              
                                                  
l.1 ...—Å–≤–æ–µ–≥–æ —É—Å—Ç—Ä–æ–π—Å—Ç–≤–∞ –Ω–∞ –¥—Ä
                                                  —É–≥–æ–µ.
You may provide a definition with
\DeclareUnicodeCharacter 


! LaTeX Error: Unicode character —É (U+0443)
               not set up for use with LaTeX.

See the LaTeX manual or LaTeX Companion for explanation.
Type  H <return>  for immediate help.
 ...                                              
                                                  
l.1 ...–≤–æ–µ–≥–æ —É—Å—Ç—Ä–æ–π—Å—Ç–≤–∞ –Ω–∞ –¥—Ä—É
                                                  –≥–æ–µ.
You may provide a definition with
\DeclareUnicodeCharacter 


! LaTeX Error: Unicode character –≥ (U+0433)
               not set up for use with LaTeX.

See the LaTeX manual or LaTeX Companion for explanation.
Type  H <return>  for immediate help.
 ...                                              
                                                  
l.1 ...–æ–µ–≥–æ —É—Å—Ç—Ä–æ–π—Å—Ç–≤–∞ –Ω–∞ –¥—Ä—É–≥
                                                  –æ–µ.
You may provide a definition with
\DeclareUnicodeCharacter 


! LaTeX Error: Unicode character –æ (U+043E)
               not set up for use with LaTeX.

See the LaTeX manual or LaTeX Companion for explanation.
Type  H <return>  for immediate help.
 ...                                              
                                                  
l.1 ...–µ–≥–æ —É—Å—Ç—Ä–æ–π—Å—Ç–≤–∞ –Ω–∞ –¥—Ä—É–≥–æ
                                                  –µ.
You may provide a definition with
\DeclareUnicodeCharacter 


! LaTeX Error: Unicode character –µ (U+0435)
               not set up for use with LaTeX.

See the LaTeX manual or LaTeX Companion for explanation.
Type  H <return>  for immediate help.
 ...                                              
                                                  
l.1 ...–≥–æ —É—Å—Ç—Ä–æ–π—Å—Ç–≤–∞ –Ω–∞ –¥—Ä—É–≥–æ–µ
                                                  .
You may provide a definition with
\DeclareUnicodeCharacter 

Missing character: There is no . in font nullfont!

! LaTeX Error: Unicode character –î (U+0414)
               not set up for use with LaTeX.

See the LaTeX manual or LaTeX Companion for explanation.
Type  H <return>  for immediate help.
 ...                                              
                                                  
l.2 \newline –î
               –ª—è —ç—Ç–æ–≥–æ –æ—Ç–∫—Ä—ã–≤–∞–µ–º Virtual Box, –Ω–∞–∂–∏–º–∞–...

You may provide a definition with
\DeclareUnicodeCharacter 


! LaTeX Error: Unicode character –ª (U+043B)
               not set up for use with LaTeX.

See the LaTeX manual or LaTeX Companion for explanation.
Type  H <return>  for immediate help.
 ...                                              
                                                  
l.2 \newline –î–ª
                 —è —ç—Ç–æ–≥–æ –æ—Ç–∫—Ä—ã–≤–∞–µ–º Virtual Box, –Ω–∞–∂–∏–º–∞–...

You may provide a definition with
\DeclareUnicodeCharacter 


! LaTeX Error: Unicode character —è (U+044F)
               not set up for use with LaTeX.

See the LaTeX manual or LaTeX Companion for explanation.
Type  H <return>  for immediate help.
 ...                                              
                                                  
l.2 \newline –î–ª—è
                    —ç—Ç–æ–≥–æ –æ—Ç–∫—Ä—ã–≤–∞–µ–º Virtual Box, –Ω–∞–∂–∏–º–∞–...

You may provide a definition with
\DeclareUnicodeCharacter 


! LaTeX Error: Unicode character —ç (U+044D)
               not set up for use with LaTeX.

See the LaTeX manual or LaTeX Companion for explanation.
Type  H <return>  for immediate help.
 ...                                              
                                                  
l.2 \newline –î–ª—è —ç
                      —Ç–æ–≥–æ –æ—Ç–∫—Ä—ã–≤–∞–µ–º Virtual Box, –Ω–∞–∂–∏–º–∞–...

You may provide a definition with
\DeclareUnicodeCharacter 


! LaTeX Error: Unicode character —Ç (U+0442)
               not set up for use with LaTeX.

See the LaTeX manual or LaTeX Companion for explanation.
Type  H <return>  for immediate help.
 ...                                              
                                                  
l.2 \newline –î–ª—è —ç—Ç
                        –æ–≥–æ –æ—Ç–∫—Ä—ã–≤–∞–µ–º Virtual Box, –Ω–∞–∂–∏–º–∞–...

You may provide a definition with
\DeclareUnicodeCharacter 


! LaTeX Error: Unicode character –æ (U+043E)
               not set up for use with LaTeX.

See the LaTeX manual or LaTeX Companion for explanation.
Type  H <return>  for immediate help.
 ...                                              
                                                  
l.2 \newline –î–ª—è —ç—Ç–æ
                          –≥–æ –æ—Ç–∫—Ä—ã–≤–∞–µ–º Virtual Box, –Ω–∞–∂–∏–º–∞–...
(That makes 100 errors; please try again.) 
Here is how much of TeX's memory you used:
 45 strings out of 478287
 717 string characters out of 5849290
 289005 words of memory out of 5000000
 18341 multiletter control sequences out of 15000+600000
 469259 words of font info for 28 fonts, out of 8000000 for 9000
 1141 hyphenation exceptions out of 8191
 13i,0n,12p,598b,14s stack positions out of 5000i,500n,10000p,200000b,80000s

!  ==> Fatal error occurred, no output PDF file produced!
