This is pdfTeX, Version 3.141592653-2.6-1.40.22 (TeX Live 2022/dev/Debian) (preloaded format=pdflatex 2024.4.5)  13 JUN 2026 13:34
entering extended mode
 restricted \write18 enabled.
 %&-line parsing enabled.
**Snim.tex
(./Snim.tex
LaTeX2e <2021-11-15> patch level 1
L3 programming layer <2022-01-21>

! LaTeX Error: Unicode character –Ы (U+041B)
               not set up for use with LaTeX.

See the LaTeX manual or LaTeX Companion for explanation.
Type  H <return>  for immediate help.
 ...                                              
                                                  
l.1 –Ы
      —О–±–Њ–µ –љ–µ–Ї–Њ—А—А–µ–Ї—В–љ–Њ–µ –Њ–±–љ–Њ–≤–ї–µ–љ–Є–µ –≥–Њ—Б—В–µ–≤–Њ–...

You may provide a definition with
\DeclareUnicodeCharacter 


! LaTeX Error: Unicode character —О (U+044E)
               not set up for use with LaTeX.

See the LaTeX manual or LaTeX Companion for explanation.
Type  H <return>  for immediate help.
 ...                                              
                                                  
l.1 –Ы—О
        –±–Њ–µ –љ–µ–Ї–Њ—А—А–µ–Ї—В–љ–Њ–µ –Њ–±–љ–Њ–≤–ї–µ–љ–Є–µ –≥–Њ—Б—В–µ–≤–Њ–...

You may provide a definition with
\DeclareUnicodeCharacter 


! LaTeX Error: Unicode character –± (U+0431)
               not set up for use with LaTeX.

See the LaTeX manual or LaTeX Companion for explanation.
Type  H <return>  for immediate help.
 ...                                              
                                                  
l.1 –Ы—О–±
          –Њ–µ –љ–µ–Ї–Њ—А—А–µ–Ї—В–љ–Њ–µ –Њ–±–љ–Њ–≤–ї–µ–љ–Є–µ –≥–Њ—Б—В–µ–≤–Њ–...

You may provide a definition with
\DeclareUnicodeCharacter 


! LaTeX Error: Unicode character –Њ (U+043E)
               not set up for use with LaTeX.

See the LaTeX manual or LaTeX Companion for explanation.
Type  H <return>  for immediate help.
 ...                                              
                                                  
l.1 –Ы—О–±–Њ
            –µ –љ–µ–Ї–Њ—А—А–µ–Ї—В–љ–Њ–µ –Њ–±–љ–Њ–≤–ї–µ–љ–Є–µ –≥–Њ—Б—В–µ–≤–Њ–...

You may provide a definition with
\DeclareUnicodeCharacter 


! LaTeX Error: Unicode character –µ (U+0435)
               not set up for use with LaTeX.

See the LaTeX manual or LaTeX Companion for explanation.
Type  H <return>  for immediate help.
 ...                                              
                                                  
l.1 –Ы—О–±–Њ–µ
               –љ–µ–Ї–Њ—А—А–µ–Ї—В–љ–Њ–µ –Њ–±–љ–Њ–≤–ї–µ–љ–Є–µ –≥–Њ—Б—В–µ–≤–Њ–...

You may provide a definition with
\DeclareUnicodeCharacter 


! LaTeX Error: Unicode character –љ (U+043D)
               not set up for use with LaTeX.

See the LaTeX manual or LaTeX Companion for explanation.
Type  H <return>  for immediate help.
 ...                                              
                                                  
l.1 –Ы—О–±–Њ–µ –љ
                 –µ–Ї–Њ—А—А–µ–Ї—В–љ–Њ–µ –Њ–±–љ–Њ–≤–ї–µ–љ–Є–µ –≥–Њ—Б—В–µ–≤–Њ–...

You may provide a definition with
\DeclareUnicodeCharacter 


! LaTeX Error: Unicode character –µ (U+0435)
               not set up for use with LaTeX.

See the LaTeX manual or LaTeX Companion for explanation.
Type  H <return>  for immediate help.
 ...                                              
                                                  
l.1 –Ы—О–±–Њ–µ –љ–µ
                   –Ї–Њ—А—А–µ–Ї—В–љ–Њ–µ –Њ–±–љ–Њ–≤–ї–µ–љ–Є–µ –≥–Њ—Б—В–µ–≤–Њ–...

You may provide a definition with
\DeclareUnicodeCharacter 


! LaTeX Error: Unicode character –Ї (U+043A)
               not set up for use with LaTeX.

See the LaTeX manual or LaTeX Companion for explanation.
Type  H <return>  for immediate help.
 ...                                              
                                                  
l.1 –Ы—О–±–Њ–µ –љ–µ–Ї
                     –Њ—А—А–µ–Ї—В–љ–Њ–µ –Њ–±–љ–Њ–≤–ї–µ–љ–Є–µ –≥–Њ—Б—В–µ–≤–Њ–...

You may provide a definition with
\DeclareUnicodeCharacter 


! LaTeX Error: Unicode character –Њ (U+043E)
               not set up for use with LaTeX.

See the LaTeX manual or LaTeX Companion for explanation.
Type  H <return>  for immediate help.
 ...                                              
                                                  
l.1 –Ы—О–±–Њ–µ –љ–µ–Ї–Њ
                       —А—А–µ–Ї—В–љ–Њ–µ –Њ–±–љ–Њ–≤–ї–µ–љ–Є–µ –≥–Њ—Б—В–µ–≤–Њ–...

You may provide a definition with
\DeclareUnicodeCharacter 


! LaTeX Error: Unicode character —А (U+0440)
               not set up for use with LaTeX.

See the LaTeX manual or LaTeX Companion for explanation.
Type  H <return>  for immediate help.
 ...                                              
                                                  
l.1 –Ы—О–±–Њ–µ –љ–µ–Ї–Њ—А
                         —А–µ–Ї—В–љ–Њ–µ –Њ–±–љ–Њ–≤–ї–µ–љ–Є–µ –≥–Њ—Б—В–µ–≤–Њ–...

You may provide a definition with
\DeclareUnicodeCharacter 


! LaTeX Error: Unicode character —А (U+0440)
               not set up for use with LaTeX.

See the LaTeX manual or LaTeX Companion for explanation.
Type  H <return>  for immediate help.
 ...                                              
                                                  
l.1 –Ы—О–±–Њ–µ –љ–µ–Ї–Њ—А—А
                           –µ–Ї—В–љ–Њ–µ –Њ–±–љ–Њ–≤–ї–µ–љ–Є–µ –≥–Њ—Б—В–µ–≤–Њ–...

You may provide a definition with
\DeclareUnicodeCharacter 


! LaTeX Error: Unicode character –µ (U+0435)
               not set up for use with LaTeX.

See the LaTeX manual or LaTeX Companion for explanation.
Type  H <return>  for immediate help.
 ...                                              
                                                  
l.1 –Ы—О–±–Њ–µ –љ–µ–Ї–Њ—А—А–µ
                             –Ї—В–љ–Њ–µ –Њ–±–љ–Њ–≤–ї–µ–љ–Є–µ –≥–Њ—Б—В–µ–≤–Њ–...

You may provide a definition with
\DeclareUnicodeCharacter 


! LaTeX Error: Unicode character –Ї (U+043A)
               not set up for use with LaTeX.

See the LaTeX manual or LaTeX Companion for explanation.
Type  H <return>  for immediate help.
 ...                                              
                                                  
l.1 –Ы—О–±–Њ–µ –љ–µ–Ї–Њ—А—А–µ–Ї
                               —В–љ–Њ–µ –Њ–±–љ–Њ–≤–ї–µ–љ–Є–µ –≥–Њ—Б—В–µ–≤–Њ–...

You may provide a definition with
\DeclareUnicodeCharacter 


! LaTeX Error: Unicode character —В (U+0442)
               not set up for use with LaTeX.

See the LaTeX manual or LaTeX Companion for explanation.
Type  H <return>  for immediate help.
 ...                                              
                                                  
l.1 –Ы—О–±–Њ–µ –љ–µ–Ї–Њ—А—А–µ–Ї—В
                                 –љ–Њ–µ –Њ–±–љ–Њ–≤–ї–µ–љ–Є–µ –≥–Њ—Б—В–µ–≤–Њ–...

You may provide a definition with
\DeclareUnicodeCharacter 


! LaTeX Error: Unicode character –љ (U+043D)
               not set up for use with LaTeX.

See the LaTeX manual or LaTeX Companion for explanation.
Type  H <return>  for immediate help.
 ...                                              
                                                  
l.1 –Ы—О–±–Њ–µ –љ–µ–Ї–Њ—А—А–µ–Ї—В–љ
                                   –Њ–µ –Њ–±–љ–Њ–≤–ї–µ–љ–Є–µ –≥–Њ—Б—В–µ–≤–Њ–...

You may provide a definition with
\DeclareUnicodeCharacter 


! LaTeX Error: Unicode character –Њ (U+043E)
               not set up for use with LaTeX.

See the LaTeX manual or LaTeX Companion for explanation.
Type  H <return>  for immediate help.
 ...                                              
                                                  
l.1 –Ы—О–±–Њ–µ –љ–µ–Ї–Њ—А—А–µ–Ї—В–љ–Њ
                                     –µ –Њ–±–љ–Њ–≤–ї–µ–љ–Є–µ –≥–Њ—Б—В–µ–≤–Њ–...

You may provide a definition with
\DeclareUnicodeCharacter 


! LaTeX Error: Unicode character –µ (U+0435)
               not set up for use with LaTeX.

See the LaTeX manual or LaTeX Companion for explanation.
Type  H <return>  for immediate help.
 ...                                              
                                                  
l.1 –Ы—О–±–Њ–µ –љ–µ–Ї–Њ—А—А–µ–Ї—В–љ–Њ–µ
                                        –Њ–±–љ–Њ–≤–ї–µ–љ–Є–µ –≥–Њ—Б—В–µ–≤–Њ–...

You may provide a definition with
\DeclareUnicodeCharacter 


! LaTeX Error: Unicode character –Њ (U+043E)
               not set up for use with LaTeX.

See the LaTeX manual or LaTeX Companion for explanation.
Type  H <return>  for immediate help.
 ...                                              
                                                  
l.1 –Ы—О–±–Њ–µ –љ–µ–Ї–Њ—А—А–µ–Ї—В–љ–Њ–µ –Њ
                                          –±–љ–Њ–≤–ї–µ–љ–Є–µ –≥–Њ—Б—В–µ–≤–Њ–...

You may provide a definition with
\DeclareUnicodeCharacter 


! LaTeX Error: Unicode character –± (U+0431)
               not set up for use with LaTeX.

See the LaTeX manual or LaTeX Companion for explanation.
Type  H <return>  for immediate help.
 ...                                              
                                                  
l.1 –Ы—О–±–Њ–µ –љ–µ–Ї–Њ—А—А–µ–Ї—В–љ–Њ–µ –Њ–±
                                            –љ–Њ–≤–ї–µ–љ–Є–µ –≥–Њ—Б—В–µ–≤–Њ–...

You may provide a definition with
\DeclareUnicodeCharacter 


! LaTeX Error: Unicode character –љ (U+043D)
               not set up for use with LaTeX.

See the LaTeX manual or LaTeX Companion for explanation.
Type  H <return>  for immediate help.
 ...                                              
                                                  
l.1 –Ы—О–±–Њ–µ –љ–µ–Ї–Њ—А—А–µ–Ї—В–љ–Њ–µ –Њ–±–љ
                                              –Њ–≤–ї–µ–љ–Є–µ –≥–Њ—Б—В–µ–≤–Њ–...

You may provide a definition with
\DeclareUnicodeCharacter 


! LaTeX Error: Unicode character –Њ (U+043E)
               not set up for use with LaTeX.

See the LaTeX manual or LaTeX Companion for explanation.
Type  H <return>  for immediate help.
 ...                                              
                                                  
l.1 –Ы—О–±–Њ–µ –љ–µ–Ї–Њ—А—А–µ–Ї—В–љ–Њ–µ –Њ–±–љ–Њ
                                                –≤–ї–µ–љ–Є–µ –≥–Њ—Б—В–µ–≤–Њ–...

You may provide a definition with
\DeclareUnicodeCharacter 


! LaTeX Error: Unicode character –≤ (U+0432)
               not set up for use with LaTeX.

See the LaTeX manual or LaTeX Companion for explanation.
Type  H <return>  for immediate help.
 ...                                              
                                                  
l.1 –Ы—О–±–Њ–µ –љ–µ–Ї–Њ—А—А–µ–Ї—В–љ–Њ–µ –Њ–±–љ–Њ–≤
                                                  –ї–µ–љ–Є–µ –≥–Њ—Б—В–µ–≤–Њ–...

You may provide a definition with
\DeclareUnicodeCharacter 


! LaTeX Error: Unicode character –ї (U+043B)
               not set up for use with LaTeX.

See the LaTeX manual or LaTeX Companion for explanation.
Type  H <return>  for immediate help.
 ...                                              
                                                  
l.1 ...±–Њ–µ –љ–µ–Ї–Њ—А—А–µ–Ї—В–љ–Њ–µ –Њ–±–љ–Њ–≤–ї
                                                  –µ–љ–Є–µ –≥–Њ—Б—В–µ–≤–Њ–є ...

You may provide a definition with
\DeclareUnicodeCharacter 


! LaTeX Error: Unicode character –µ (U+0435)
               not set up for use with LaTeX.

See the LaTeX manual or LaTeX Companion for explanation.
Type  H <return>  for immediate help.
 ...                                              
                                                  
l.1 ...Њ–µ –љ–µ–Ї–Њ—А—А–µ–Ї—В–љ–Њ–µ –Њ–±–љ–Њ–≤–ї–µ
                                                  –љ–Є–µ –≥–Њ—Б—В–µ–≤–Њ–є —Б...

You may provide a definition with
\DeclareUnicodeCharacter 


! LaTeX Error: Unicode character –љ (U+043D)
               not set up for use with LaTeX.

See the LaTeX manual or LaTeX Companion for explanation.
Type  H <return>  for immediate help.
 ...                                              
                                                  
l.1 ...µ –љ–µ–Ї–Њ—А—А–µ–Ї—В–љ–Њ–µ –Њ–±–љ–Њ–≤–ї–µ–љ
                                                  –Є–µ –≥–Њ—Б—В–µ–≤–Њ–є —Б–Є...

You may provide a definition with
\DeclareUnicodeCharacter 


! LaTeX Error: Unicode character –Є (U+0438)
               not set up for use with LaTeX.

See the LaTeX manual or LaTeX Companion for explanation.
Type  H <return>  for immediate help.
 ...                                              
                                                  
l.1 ...–љ–µ–Ї–Њ—А—А–µ–Ї—В–љ–Њ–µ –Њ–±–љ–Њ–≤–ї–µ–љ–Є
                                                  –µ –≥–Њ—Б—В–µ–≤–Њ–є —Б–Є—Б...

You may provide a definition with
\DeclareUnicodeCharacter 


! LaTeX Error: Unicode character –µ (U+0435)
               not set up for use with LaTeX.

See the LaTeX manual or LaTeX Companion for explanation.
Type  H <return>  for immediate help.
 ...                                              
                                                  
l.1 ...–µ–Ї–Њ—А—А–µ–Ї—В–љ–Њ–µ –Њ–±–љ–Њ–≤–ї–µ–љ–Є–µ
                                                   –≥–Њ—Б—В–µ–≤–Њ–є —Б–Є—Б—В...

You may provide a definition with
\DeclareUnicodeCharacter 


! LaTeX Error: Unicode character –≥ (U+0433)
               not set up for use with LaTeX.

See the LaTeX manual or LaTeX Companion for explanation.
Type  H <return>  for immediate help.
 ...                                              
                                                  
l.1 ...Ї–Њ—А—А–µ–Ї—В–љ–Њ–µ –Њ–±–љ–Њ–≤–ї–µ–љ–Є–µ –≥
                                                  –Њ—Б—В–µ–≤–Њ–є —Б–Є—Б—В–µ–...

You may provide a definition with
\DeclareUnicodeCharacter 


! LaTeX Error: Unicode character –Њ (U+043E)
               not set up for use with LaTeX.

See the LaTeX manual or LaTeX Companion for explanation.
Type  H <return>  for immediate help.
 ...                                              
                                                  
l.1 ...Њ—А—А–µ–Ї—В–љ–Њ–µ –Њ–±–љ–Њ–≤–ї–µ–љ–Є–µ –≥–Њ
                                                  —Б—В–µ–≤–Њ–є —Б–Є—Б—В–µ–Љ—...

You may provide a definition with
\DeclareUnicodeCharacter 


! LaTeX Error: Unicode character —Б (U+0441)
               not set up for use with LaTeX.

See the LaTeX manual or LaTeX Companion for explanation.
Type  H <return>  for immediate help.
 ...                                              
                                                  
l.1 ...А—А–µ–Ї—В–љ–Њ–µ –Њ–±–љ–Њ–≤–ї–µ–љ–Є–µ –≥–Њ—Б
                                                  —В–µ–≤–Њ–є —Б–Є—Б—В–µ–Љ—Л,...

You may provide a definition with
\DeclareUnicodeCharacter 


! LaTeX Error: Unicode character —В (U+0442)
               not set up for use with LaTeX.

See the LaTeX manual or LaTeX Companion for explanation.
Type  H <return>  for immediate help.
 ...                                              
                                                  
l.1 ...А–µ–Ї—В–љ–Њ–µ –Њ–±–љ–Њ–≤–ї–µ–љ–Є–µ –≥–Њ—Б—В
                                                  –µ–≤–Њ–є —Б–Є—Б—В–µ–Љ—Л, –...

You may provide a definition with
\DeclareUnicodeCharacter 


! LaTeX Error: Unicode character –µ (U+0435)
               not set up for use with LaTeX.

See the LaTeX manual or LaTeX Companion for explanation.
Type  H <return>  for immediate help.
 ...                                              
                                                  
l.1 ...µ–Ї—В–љ–Њ–µ –Њ–±–љ–Њ–≤–ї–µ–љ–Є–µ –≥–Њ—Б—В–µ
                                                  –≤–Њ–є —Б–Є—Б—В–µ–Љ—Л, –љ–...

You may provide a definition with
\DeclareUnicodeCharacter 


! LaTeX Error: Unicode character –≤ (U+0432)
               not set up for use with LaTeX.

See the LaTeX manual or LaTeX Companion for explanation.
Type  H <return>  for immediate help.
 ...                                              
                                                  
l.1 ...Ї—В–љ–Њ–µ –Њ–±–љ–Њ–≤–ї–µ–љ–Є–µ –≥–Њ—Б—В–µ–≤
                                                  –Њ–є —Б–Є—Б—В–µ–Љ—Л, –љ–µ—...

You may provide a definition with
\DeclareUnicodeCharacter 


! LaTeX Error: Unicode character –Њ (U+043E)
               not set up for use with LaTeX.

See the LaTeX manual or LaTeX Companion for explanation.
Type  H <return>  for immediate help.
 ...                                              
                                                  
l.1 ...В–љ–Њ–µ –Њ–±–љ–Њ–≤–ї–µ–љ–Є–µ –≥–Њ—Б—В–µ–≤–Њ
                                                  –є —Б–Є—Б—В–µ–Љ—Л, –љ–µ—Г–...

You may provide a definition with
\DeclareUnicodeCharacter 


! LaTeX Error: Unicode character –є (U+0439)
               not set up for use with LaTeX.

See the LaTeX manual or LaTeX Companion for explanation.
Type  H <return>  for immediate help.
 ...                                              
                                                  
l.1 ...љ–Њ–µ –Њ–±–љ–Њ–≤–ї–µ–љ–Є–µ –≥–Њ—Б—В–µ–≤–Њ–є
                                                   —Б–Є—Б—В–µ–Љ—Л, –љ–µ—Г–і–...

You may provide a definition with
\DeclareUnicodeCharacter 


! LaTeX Error: Unicode character —Б (U+0441)
               not set up for use with LaTeX.

See the LaTeX manual or LaTeX Companion for explanation.
Type  H <return>  for immediate help.
 ...                                              
                                                  
l.1 ...–µ –Њ–±–љ–Њ–≤–ї–µ–љ–Є–µ –≥–Њ—Б—В–µ–≤–Њ–є —Б
                                                  –Є—Б—В–µ–Љ—Л, –љ–µ—Г–і–∞—З...

You may provide a definition with
\DeclareUnicodeCharacter 


! LaTeX Error: Unicode character –Є (U+0438)
               not set up for use with LaTeX.

See the LaTeX manual or LaTeX Companion for explanation.
Type  H <return>  for immediate help.
 ...                                              
                                                  
l.1 ... –Њ–±–љ–Њ–≤–ї–µ–љ–Є–µ –≥–Њ—Б—В–µ–≤–Њ–є —Б–Є
                                                  —Б—В–µ–Љ—Л, –љ–µ—Г–і–∞—З–љ...

You may provide a definition with
\DeclareUnicodeCharacter 


! LaTeX Error: Unicode character —Б (U+0441)
               not set up for use with LaTeX.

See the LaTeX manual or LaTeX Companion for explanation.
Type  H <return>  for immediate help.
 ...                                              
                                                  
l.1 ...Њ–±–љ–Њ–≤–ї–µ–љ–Є–µ –≥–Њ—Б—В–µ–≤–Њ–є —Б–Є—Б
                                                  —В–µ–Љ—Л, –љ–µ—Г–і–∞—З–љ–∞...

You may provide a definition with
\DeclareUnicodeCharacter 


! LaTeX Error: Unicode character —В (U+0442)
               not set up for use with LaTeX.

See the LaTeX manual or LaTeX Companion for explanation.
Type  H <return>  for immediate help.
 ...                                              
                                                  
l.1 ...±–љ–Њ–≤–ї–µ–љ–Є–µ –≥–Њ—Б—В–µ–≤–Њ–є —Б–Є—Б—В
                                                  –µ–Љ—Л, –љ–µ—Г–і–∞—З–љ–∞—П...

You may provide a definition with
\DeclareUnicodeCharacter 


! LaTeX Error: Unicode character –µ (U+0435)
               not set up for use with LaTeX.

See the LaTeX manual or LaTeX Companion for explanation.
Type  H <return>  for immediate help.
 ...                                              
                                                  
l.1 ...љ–Њ–≤–ї–µ–љ–Є–µ –≥–Њ—Б—В–µ–≤–Њ–є —Б–Є—Б—В–µ
                                                  –Љ—Л, –љ–µ—Г–і–∞—З–љ–∞—П –...

You may provide a definition with
\DeclareUnicodeCharacter 


! LaTeX Error: Unicode character –Љ (U+043C)
               not set up for use with LaTeX.

See the LaTeX manual or LaTeX Companion for explanation.
Type  H <return>  for immediate help.
 ...                                              
                                                  
l.1 ...Њ–≤–ї–µ–љ–Є–µ –≥–Њ—Б—В–µ–≤–Њ–є —Б–Є—Б—В–µ–Љ
                                                  —Л, –љ–µ—Г–і–∞—З–љ–∞—П –њ–...

You may provide a definition with
\DeclareUnicodeCharacter 


! LaTeX Error: Unicode character —Л (U+044B)
               not set up for use with LaTeX.

See the LaTeX manual or LaTeX Companion for explanation.
Type  H <return>  for immediate help.
 ...                                              
                                                  
l.1 ...≤–ї–µ–љ–Є–µ –≥–Њ—Б—В–µ–≤–Њ–є —Б–Є—Б—В–µ–Љ—Л
                                                  , –љ–µ—Г–і–∞—З–љ–∞—П –њ–Њ–...

You may provide a definition with
\DeclareUnicodeCharacter 


! LaTeX Error: Missing \begin{document}.

See the LaTeX manual or LaTeX Companion for explanation.
Type  H <return>  for immediate help.
 ...                                              
                                                  
l.1 ...–ї–µ–љ–Є–µ –≥–Њ—Б—В–µ–≤–Њ–є —Б–Є—Б—В–µ–Љ—Л,
                                                   –љ–µ—Г–і–∞—З–љ–∞—П –њ–Њ–њ...

You're in trouble here.  Try typing  <return>  to proceed.
If that doesn't work, type  X <return>  to quit.

Missing character: There is no , in font nullfont!

! LaTeX Error: Unicode character –љ (U+043D)
               not set up for use with LaTeX.

See the LaTeX manual or LaTeX Companion for explanation.
Type  H <return>  for immediate help.
 ...                                              
                                                  
l.1 ...µ–љ–Є–µ –≥–Њ—Б—В–µ–≤–Њ–є —Б–Є—Б—В–µ–Љ—Л, –љ
                                                  –µ—Г–і–∞—З–љ–∞—П –њ–Њ–њ—Л—...

You may provide a definition with
\DeclareUnicodeCharacter 


! LaTeX Error: Unicode character –µ (U+0435)
               not set up for use with LaTeX.

See the LaTeX manual or LaTeX Companion for explanation.
Type  H <return>  for immediate help.
 ...                                              
                                                  
l.1 ...љ–Є–µ –≥–Њ—Б—В–µ–≤–Њ–є —Б–Є—Б—В–µ–Љ—Л, –љ–µ
                                                  —Г–і–∞—З–љ–∞—П –њ–Њ–њ—Л—В–...

You may provide a definition with
\DeclareUnicodeCharacter 


! LaTeX Error: Unicode character —Г (U+0443)
               not set up for use with LaTeX.

See the LaTeX manual or LaTeX Companion for explanation.
Type  H <return>  for immediate help.
 ...                                              
                                                  
l.1 ...Є–µ –≥–Њ—Б—В–µ–≤–Њ–є —Б–Є—Б—В–µ–Љ—Л, –љ–µ—Г
                                                  –і–∞—З–љ–∞—П –њ–Њ–њ—Л—В–Ї–...

You may provide a definition with
\DeclareUnicodeCharacter 


! LaTeX Error: Unicode character –і (U+0434)
               not set up for use with LaTeX.

See the LaTeX manual or LaTeX Companion for explanation.
Type  H <return>  for immediate help.
 ...                                              
                                                  
l.1 ...µ –≥–Њ—Б—В–µ–≤–Њ–є —Б–Є—Б—В–µ–Љ—Л, –љ–µ—Г–і
                                                  –∞—З–љ–∞—П –њ–Њ–њ—Л—В–Ї–∞ ...

You may provide a definition with
\DeclareUnicodeCharacter 


! LaTeX Error: Unicode character –∞ (U+0430)
               not set up for use with LaTeX.

See the LaTeX manual or LaTeX Companion for explanation.
Type  H <return>  for immediate help.
 ...                                              
                                                  
l.1 ...–≥–Њ—Б—В–µ–≤–Њ–є —Б–Є—Б—В–µ–Љ—Л, –љ–µ—Г–і–∞
                                                  —З–љ–∞—П –њ–Њ–њ—Л—В–Ї–∞ –љ...

You may provide a definition with
\DeclareUnicodeCharacter 


! LaTeX Error: Unicode character —З (U+0447)
               not set up for use with LaTeX.

See the LaTeX manual or LaTeX Companion for explanation.
Type  H <return>  for immediate help.
 ...                                              
                                                  
l.1 ...–Њ—Б—В–µ–≤–Њ–є —Б–Є—Б—В–µ–Љ—Л, –љ–µ—Г–і–∞—З
                                                  –љ–∞—П –њ–Њ–њ—Л—В–Ї–∞ –љ–∞...

You may provide a definition with
\DeclareUnicodeCharacter 


! LaTeX Error: Unicode character –љ (U+043D)
               not set up for use with LaTeX.

See the LaTeX manual or LaTeX Companion for explanation.
Type  H <return>  for immediate help.
 ...                                              
                                                  
l.1 ...—Б—В–µ–≤–Њ–є —Б–Є—Б—В–µ–Љ—Л, –љ–µ—Г–і–∞—З–љ
                                                  –∞—П –њ–Њ–њ—Л—В–Ї–∞ –љ–∞—Б...

You may provide a definition with
\DeclareUnicodeCharacter 


! LaTeX Error: Unicode character –∞ (U+0430)
               not set up for use with LaTeX.

See the LaTeX manual or LaTeX Companion for explanation.
Type  H <return>  for immediate help.
 ...                                              
                                                  
l.1 ...—В–µ–≤–Њ–є —Б–Є—Б—В–µ–Љ—Л, –љ–µ—Г–і–∞—З–љ–∞
                                                  —П –њ–Њ–њ—Л—В–Ї–∞ –љ–∞—Б—В...

You may provide a definition with
\DeclareUnicodeCharacter 


! LaTeX Error: Unicode character —П (U+044F)
               not set up for use with LaTeX.

See the LaTeX manual or LaTeX Companion for explanation.
Type  H <return>  for immediate help.
 ...                                              
                                                  
l.1 ...–µ–≤–Њ–є —Б–Є—Б—В–µ–Љ—Л, –љ–µ—Г–і–∞—З–љ–∞—П
                                                   –њ–Њ–њ—Л—В–Ї–∞ –љ–∞—Б—В—А...

You may provide a definition with
\DeclareUnicodeCharacter 


! LaTeX Error: Unicode character –њ (U+043F)
               not set up for use with LaTeX.

See the LaTeX manual or LaTeX Companion for explanation.
Type  H <return>  for immediate help.
 ...                                              
                                                  
l.1 ...≤–Њ–є —Б–Є—Б—В–µ–Љ—Л, –љ–µ—Г–і–∞—З–љ–∞—П –њ
                                                  –Њ–њ—Л—В–Ї–∞ –љ–∞—Б—В—А–Њ–...

You may provide a definition with
\DeclareUnicodeCharacter 


! LaTeX Error: Unicode character –Њ (U+043E)
               not set up for use with LaTeX.

See the LaTeX manual or LaTeX Companion for explanation.
Type  H <return>  for immediate help.
 ...                                              
                                                  
l.1 ...Њ–є —Б–Є—Б—В–µ–Љ—Л, –љ–µ—Г–і–∞—З–љ–∞—П –њ–Њ
                                                  –њ—Л—В–Ї–∞ –љ–∞—Б—В—А–Њ–є–...

You may provide a definition with
\DeclareUnicodeCharacter 


! LaTeX Error: Unicode character –њ (U+043F)
               not set up for use with LaTeX.

See the LaTeX manual or LaTeX Companion for explanation.
Type  H <return>  for immediate help.
 ...                                              
                                                  
l.1 ...є —Б–Є—Б—В–µ–Љ—Л, –љ–µ—Г–і–∞—З–љ–∞—П –њ–Њ–њ
                                                  —Л—В–Ї–∞ –љ–∞—Б—В—А–Њ–є–Ї–...

You may provide a definition with
\DeclareUnicodeCharacter 


! LaTeX Error: Unicode character —Л (U+044B)
               not set up for use with LaTeX.

See the LaTeX manual or LaTeX Companion for explanation.
Type  H <return>  for immediate help.
 ...                                              
                                                  
l.1 ...—Б–Є—Б—В–µ–Љ—Л, –љ–µ—Г–і–∞—З–љ–∞—П –њ–Њ–њ—Л
                                                  —В–Ї–∞ –љ–∞—Б—В—А–Њ–є–Ї–Є ...

You may provide a definition with
\DeclareUnicodeCharacter 


! LaTeX Error: Unicode character —В (U+0442)
               not set up for use with LaTeX.

See the LaTeX manual or LaTeX Companion for explanation.
Type  H <return>  for immediate help.
 ...                                              
                                                  
l.1 ...–Є—Б—В–µ–Љ—Л, –љ–µ—Г–і–∞—З–љ–∞—П –њ–Њ–њ—Л—В
                                                  –Ї–∞ –љ–∞—Б—В—А–Њ–є–Ї–Є –њ...

You may provide a definition with
\DeclareUnicodeCharacter 


! LaTeX Error: Unicode character –Ї (U+043A)
               not set up for use with LaTeX.

See the LaTeX manual or LaTeX Companion for explanation.
Type  H <return>  for immediate help.
 ...                                              
                                                  
l.1 ...—Б—В–µ–Љ—Л, –љ–µ—Г–і–∞—З–љ–∞—П –њ–Њ–њ—Л—В–Ї
                                                  –∞ –љ–∞—Б—В—А–Њ–є–Ї–Є –њ—А...

You may provide a definition with
\DeclareUnicodeCharacter 


! LaTeX Error: Unicode character –∞ (U+0430)
               not set up for use with LaTeX.

See the LaTeX manual or LaTeX Companion for explanation.
Type  H <return>  for immediate help.
 ...                                              
                                                  
l.1 ...—В–µ–Љ—Л, –љ–µ—Г–і–∞—З–љ–∞—П –њ–Њ–њ—Л—В–Ї–∞
                                                   –љ–∞—Б—В—А–Њ–є–Ї–Є –њ—А–Њ...

You may provide a definition with
\DeclareUnicodeCharacter 


! LaTeX Error: Unicode character –љ (U+043D)
               not set up for use with LaTeX.

See the LaTeX manual or LaTeX Companion for explanation.
Type  H <return>  for immediate help.
 ...                                              
                                                  
l.1 ...µ–Љ—Л, –љ–µ—Г–і–∞—З–љ–∞—П –њ–Њ–њ—Л—В–Ї–∞ –љ
                                                  –∞—Б—В—А–Њ–є–Ї–Є –њ—А–Њ–≥—...

You may provide a definition with
\DeclareUnicodeCharacter 


! LaTeX Error: Unicode character –∞ (U+0430)
               not set up for use with LaTeX.

See the LaTeX manual or LaTeX Companion for explanation.
Type  H <return>  for immediate help.
 ...                                              
                                                  
l.1 ...Љ—Л, –љ–µ—Г–і–∞—З–љ–∞—П –њ–Њ–њ—Л—В–Ї–∞ –љ–∞
                                                  —Б—В—А–Њ–є–Ї–Є –њ—А–Њ–≥—А–...

You may provide a definition with
\DeclareUnicodeCharacter 


! LaTeX Error: Unicode character —Б (U+0441)
               not set up for use with LaTeX.

See the LaTeX manual or LaTeX Companion for explanation.
Type  H <return>  for immediate help.
 ...                                              
                                                  
l.1 ...Л, –љ–µ—Г–і–∞—З–љ–∞—П –њ–Њ–њ—Л—В–Ї–∞ –љ–∞—Б
                                                  —В—А–Њ–є–Ї–Є –њ—А–Њ–≥—А–∞–...

You may provide a definition with
\DeclareUnicodeCharacter 


! LaTeX Error: Unicode character —В (U+0442)
               not set up for use with LaTeX.

See the LaTeX manual or LaTeX Companion for explanation.
Type  H <return>  for immediate help.
 ...                                              
                                                  
l.1 ... –љ–µ—Г–і–∞—З–љ–∞—П –њ–Њ–њ—Л—В–Ї–∞ –љ–∞—Б—В
                                                  —А–Њ–є–Ї–Є –њ—А–Њ–≥—А–∞–Љ–...

You may provide a definition with
\DeclareUnicodeCharacter 


! LaTeX Error: Unicode character —А (U+0440)
               not set up for use with LaTeX.

See the LaTeX manual or LaTeX Companion for explanation.
Type  H <return>  for immediate help.
 ...                                              
                                                  
l.1 ...љ–µ—Г–і–∞—З–љ–∞—П –њ–Њ–њ—Л—В–Ї–∞ –љ–∞—Б—В—А
                                                  –Њ–є–Ї–Є –њ—А–Њ–≥—А–∞–Љ–Љ–...

You may provide a definition with
\DeclareUnicodeCharacter 


! LaTeX Error: Unicode character –Њ (U+043E)
               not set up for use with LaTeX.

See the LaTeX manual or LaTeX Companion for explanation.
Type  H <return>  for immediate help.
 ...                                              
                                                  
l.1 ...µ—Г–і–∞—З–љ–∞—П –њ–Њ–њ—Л—В–Ї–∞ –љ–∞—Б—В—А–Њ
                                                  –є–Ї–Є –њ—А–Њ–≥—А–∞–Љ–Љ–љ–...

You may provide a definition with
\DeclareUnicodeCharacter 


! LaTeX Error: Unicode character –є (U+0439)
               not set up for use with LaTeX.

See the LaTeX manual or LaTeX Companion for explanation.
Type  H <return>  for immediate help.
 ...                                              
                                                  
l.1 ...Г–і–∞—З–љ–∞—П –њ–Њ–њ—Л—В–Ї–∞ –љ–∞—Б—В—А–Њ–є
                                                  –Ї–Є –њ—А–Њ–≥—А–∞–Љ–Љ–љ–Њ–...

You may provide a definition with
\DeclareUnicodeCharacter 


! LaTeX Error: Unicode character –Ї (U+043A)
               not set up for use with LaTeX.

See the LaTeX manual or LaTeX Companion for explanation.
Type  H <return>  for immediate help.
 ...                                              
                                                  
l.1 ...і–∞—З–љ–∞—П –њ–Њ–њ—Л—В–Ї–∞ –љ–∞—Б—В—А–Њ–є–Ї
                                                  –Є –њ—А–Њ–≥—А–∞–Љ–Љ–љ–Њ–≥–...

You may provide a definition with
\DeclareUnicodeCharacter 


! LaTeX Error: Unicode character –Є (U+0438)
               not set up for use with LaTeX.

See the LaTeX manual or LaTeX Companion for explanation.
Type  H <return>  for immediate help.
 ...                                              
                                                  
l.1 ...∞—З–љ–∞—П –њ–Њ–њ—Л—В–Ї–∞ –љ–∞—Б—В—А–Њ–є–Ї–Є
                                                   –њ—А–Њ–≥—А–∞–Љ–Љ–љ–Њ–≥–Њ ...

You may provide a definition with
\DeclareUnicodeCharacter 


! LaTeX Error: Unicode character –њ (U+043F)
               not set up for use with LaTeX.

See the LaTeX manual or LaTeX Companion for explanation.
Type  H <return>  for immediate help.
 ...                                              
                                                  
l.1 ...–љ–∞—П –њ–Њ–њ—Л—В–Ї–∞ –љ–∞—Б—В—А–Њ–є–Ї–Є –њ
                                                  —А–Њ–≥—А–∞–Љ–Љ–љ–Њ–≥–Њ –Њ–...

You may provide a definition with
\DeclareUnicodeCharacter 


! LaTeX Error: Unicode character —А (U+0440)
               not set up for use with LaTeX.

See the LaTeX manual or LaTeX Companion for explanation.
Type  H <return>  for immediate help.
 ...                                              
                                                  
l.1 ...–∞—П –њ–Њ–њ—Л—В–Ї–∞ –љ–∞—Б—В—А–Њ–є–Ї–Є –њ—А
                                                  –Њ–≥—А–∞–Љ–Љ–љ–Њ–≥–Њ –Њ–±–...

You may provide a definition with
\DeclareUnicodeCharacter 


! LaTeX Error: Unicode character –Њ (U+043E)
               not set up for use with LaTeX.

See the LaTeX manual or LaTeX Companion for explanation.
Type  H <return>  for immediate help.
 ...                                              
                                                  
l.1 ...—П –њ–Њ–њ—Л—В–Ї–∞ –љ–∞—Б—В—А–Њ–є–Ї–Є –њ—А–Њ
                                                  –≥—А–∞–Љ–Љ–љ–Њ–≥–Њ –Њ–±–µ—...

You may provide a definition with
\DeclareUnicodeCharacter 


! LaTeX Error: Unicode character –≥ (U+0433)
               not set up for use with LaTeX.

See the LaTeX manual or LaTeX Companion for explanation.
Type  H <return>  for immediate help.
 ...                                              
                                                  
l.1 ... –њ–Њ–њ—Л—В–Ї–∞ –љ–∞—Б—В—А–Њ–є–Ї–Є –њ—А–Њ–≥
                                                  —А–∞–Љ–Љ–љ–Њ–≥–Њ –Њ–±–µ—Б–...

You may provide a definition with
\DeclareUnicodeCharacter 


! LaTeX Error: Unicode character —А (U+0440)
               not set up for use with LaTeX.

See the LaTeX manual or LaTeX Companion for explanation.
Type  H <return>  for immediate help.
 ...                                              
                                                  
l.1 ...њ–Њ–њ—Л—В–Ї–∞ –љ–∞—Б—В—А–Њ–є–Ї–Є –њ—А–Њ–≥—А
                                                  –∞–Љ–Љ–љ–Њ–≥–Њ –Њ–±–µ—Б–њ–...

You may provide a definition with
\DeclareUnicodeCharacter 


! LaTeX Error: Unicode character –∞ (U+0430)
               not set up for use with LaTeX.

See the LaTeX manual or LaTeX Companion for explanation.
Type  H <return>  for immediate help.
 ...                                              
                                                  
l.1 ...Њ–њ—Л—В–Ї–∞ –љ–∞—Б—В—А–Њ–є–Ї–Є –њ—А–Њ–≥—А–∞
                                                  –Љ–Љ–љ–Њ–≥–Њ –Њ–±–µ—Б–њ–µ—...

You may provide a definition with
\DeclareUnicodeCharacter 


! LaTeX Error: Unicode character –Љ (U+043C)
               not set up for use with LaTeX.

See the LaTeX manual or LaTeX Companion for explanation.
Type  H <return>  for immediate help.
 ...                                              
                                                  
l.1 ...њ—Л—В–Ї–∞ –љ–∞—Б—В—А–Њ–є–Ї–Є –њ—А–Њ–≥—А–∞–Љ
                                                  –Љ–љ–Њ–≥–Њ –Њ–±–µ—Б–њ–µ—З–...

You may provide a definition with
\DeclareUnicodeCharacter 


! LaTeX Error: Unicode character –Љ (U+043C)
               not set up for use with LaTeX.

See the LaTeX manual or LaTeX Companion for explanation.
Type  H <return>  for immediate help.
 ...                                              
                                                  
l.1 ...Л—В–Ї–∞ –љ–∞—Б—В—А–Њ–є–Ї–Є –њ—А–Њ–≥—А–∞–Љ–Љ
                                                  –љ–Њ–≥–Њ –Њ–±–µ—Б–њ–µ—З–µ–...

You may provide a definition with
\DeclareUnicodeCharacter 


! LaTeX Error: Unicode character –љ (U+043D)
               not set up for use with LaTeX.

See the LaTeX manual or LaTeX Companion for explanation.
Type  H <return>  for immediate help.
 ...                                              
                                                  
l.1 ...В–Ї–∞ –љ–∞—Б—В—А–Њ–є–Ї–Є –њ—А–Њ–≥—А–∞–Љ–Љ–љ
                                                  –Њ–≥–Њ –Њ–±–µ—Б–њ–µ—З–µ–љ–...

You may provide a definition with
\DeclareUnicodeCharacter 


! LaTeX Error: Unicode character –Њ (U+043E)
               not set up for use with LaTeX.

See the LaTeX manual or LaTeX Companion for explanation.
Type  H <return>  for immediate help.
 ...                                              
                                                  
l.1 ...Ї–∞ –љ–∞—Б—В—А–Њ–є–Ї–Є –њ—А–Њ–≥—А–∞–Љ–Љ–љ–Њ
                                                  –≥–Њ –Њ–±–µ—Б–њ–µ—З–µ–љ–Є—...

You may provide a definition with
\DeclareUnicodeCharacter 


! LaTeX Error: Unicode character –≥ (U+0433)
               not set up for use with LaTeX.

See the LaTeX manual or LaTeX Companion for explanation.
Type  H <return>  for immediate help.
 ...                                              
                                                  
l.1 ...∞ –љ–∞—Б—В—А–Њ–є–Ї–Є –њ—А–Њ–≥—А–∞–Љ–Љ–љ–Њ–≥
                                                  –Њ –Њ–±–µ—Б–њ–µ—З–µ–љ–Є—П,...

You may provide a definition with
\DeclareUnicodeCharacter 


! LaTeX Error: Unicode character –Њ (U+043E)
               not set up for use with LaTeX.

See the LaTeX manual or LaTeX Companion for explanation.
Type  H <return>  for immediate help.
 ...                                              
                                                  
l.1 ...–љ–∞—Б—В—А–Њ–є–Ї–Є –њ—А–Њ–≥—А–∞–Љ–Љ–љ–Њ–≥–Њ
                                                   –Њ–±–µ—Б–њ–µ—З–µ–љ–Є—П, —...

You may provide a definition with
\DeclareUnicodeCharacter 


! LaTeX Error: Unicode character –Њ (U+043E)
               not set up for use with LaTeX.

See the LaTeX manual or LaTeX Companion for explanation.
Type  H <return>  for immediate help.
 ...                                              
                                                  
l.1 ...∞—Б—В—А–Њ–є–Ї–Є –њ—А–Њ–≥—А–∞–Љ–Љ–љ–Њ–≥–Њ –Њ
                                                  –±–µ—Б–њ–µ—З–µ–љ–Є—П, —Б–ї...

You may provide a definition with
\DeclareUnicodeCharacter 


! LaTeX Error: Unicode character –± (U+0431)
               not set up for use with LaTeX.

See the LaTeX manual or LaTeX Companion for explanation.
Type  H <return>  for immediate help.
 ...                                              
                                                  
l.1 ...Б—В—А–Њ–є–Ї–Є –њ—А–Њ–≥—А–∞–Љ–Љ–љ–Њ–≥–Њ –Њ–±
                                                  –µ—Б–њ–µ—З–µ–љ–Є—П, —Б–ї—Г...

You may provide a definition with
\DeclareUnicodeCharacter 


! LaTeX Error: Unicode character –µ (U+0435)
               not set up for use with LaTeX.

See the LaTeX manual or LaTeX Companion for explanation.
Type  H <return>  for immediate help.
 ...                                              
                                                  
l.1 ...В—А–Њ–є–Ї–Є –њ—А–Њ–≥—А–∞–Љ–Љ–љ–Њ–≥–Њ –Њ–±–µ
                                                  —Б–њ–µ—З–µ–љ–Є—П, —Б–ї—Г—З...

You may provide a definition with
\DeclareUnicodeCharacter 


! LaTeX Error: Unicode character —Б (U+0441)
               not set up for use with LaTeX.

See the LaTeX manual or LaTeX Companion for explanation.
Type  H <return>  for immediate help.
 ...                                              
                                                  
l.1 ...А–Њ–є–Ї–Є –њ—А–Њ–≥—А–∞–Љ–Љ–љ–Њ–≥–Њ –Њ–±–µ—Б
                                                  –њ–µ—З–µ–љ–Є—П, —Б–ї—Г—З–∞...

You may provide a definition with
\DeclareUnicodeCharacter 


! LaTeX Error: Unicode character –њ (U+043F)
               not set up for use with LaTeX.

See the LaTeX manual or LaTeX Companion for explanation.
Type  H <return>  for immediate help.
 ...                                              
                                                  
l.1 ...Њ–є–Ї–Є –њ—А–Њ–≥—А–∞–Љ–Љ–љ–Њ–≥–Њ –Њ–±–µ—Б–њ
                                                  –µ—З–µ–љ–Є—П, —Б–ї—Г—З–∞–є...

You may provide a definition with
\DeclareUnicodeCharacter 


! LaTeX Error: Unicode character –µ (U+0435)
               not set up for use with LaTeX.

See the LaTeX manual or LaTeX Companion for explanation.
Type  H <return>  for immediate help.
 ...                                              
                                                  
l.1 ...є–Ї–Є –њ—А–Њ–≥—А–∞–Љ–Љ–љ–Њ–≥–Њ –Њ–±–µ—Б–њ–µ
                                                  —З–µ–љ–Є—П, —Б–ї—Г—З–∞–є–љ...

You may provide a definition with
\DeclareUnicodeCharacter 


! LaTeX Error: Unicode character —З (U+0447)
               not set up for use with LaTeX.

See the LaTeX manual or LaTeX Companion for explanation.
Type  H <return>  for immediate help.
 ...                                              
                                                  
l.1 ...Ї–Є –њ—А–Њ–≥—А–∞–Љ–Љ–љ–Њ–≥–Њ –Њ–±–µ—Б–њ–µ—З
                                                  –µ–љ–Є—П, —Б–ї—Г—З–∞–є–љ–Њ...

You may provide a definition with
\DeclareUnicodeCharacter 


! LaTeX Error: Unicode character –µ (U+0435)
               not set up for use with LaTeX.

See the LaTeX manual or LaTeX Companion for explanation.
Type  H <return>  for immediate help.
 ...                                              
                                                  
l.1 ...Є –њ—А–Њ–≥—А–∞–Љ–Љ–љ–Њ–≥–Њ –Њ–±–µ—Б–њ–µ—З–µ
                                                  –љ–Є—П, —Б–ї—Г—З–∞–є–љ–Њ–µ...

You may provide a definition with
\DeclareUnicodeCharacter 


! LaTeX Error: Unicode character –љ (U+043D)
               not set up for use with LaTeX.

See the LaTeX manual or LaTeX Companion for explanation.
Type  H <return>  for immediate help.
 ...                                              
                                                  
l.1 ...–њ—А–Њ–≥—А–∞–Љ–Љ–љ–Њ–≥–Њ –Њ–±–µ—Б–њ–µ—З–µ–љ
                                                  –Є—П, —Б–ї—Г—З–∞–є–љ–Њ–µ —...

You may provide a definition with
\DeclareUnicodeCharacter 


! LaTeX Error: Unicode character –Є (U+0438)
               not set up for use with LaTeX.

See the LaTeX manual or LaTeX Companion for explanation.
Type  H <return>  for immediate help.
 ...                                              
                                                  
l.1 ...—А–Њ–≥—А–∞–Љ–Љ–љ–Њ–≥–Њ –Њ–±–µ—Б–њ–µ—З–µ–љ–Є
                                                  —П, —Б–ї—Г—З–∞–є–љ–Њ–µ —Г–...

You may provide a definition with
\DeclareUnicodeCharacter 


! LaTeX Error: Unicode character —П (U+044F)
               not set up for use with LaTeX.

See the LaTeX manual or LaTeX Companion for explanation.
Type  H <return>  for immediate help.
 ...                                              
                                                  
l.1 ...–Њ–≥—А–∞–Љ–Љ–љ–Њ–≥–Њ –Њ–±–µ—Б–њ–µ—З–µ–љ–Є—П
                                                  , —Б–ї—Г—З–∞–є–љ–Њ–µ —Г–і–...

You may provide a definition with
\DeclareUnicodeCharacter 

Missing character: There is no , in font nullfont!

! LaTeX Error: Unicode character —Б (U+0441)
               not set up for use with LaTeX.

See the LaTeX manual or LaTeX Companion for explanation.
Type  H <return>  for immediate help.
 ...                                              
                                                  
l.1 ...—А–∞–Љ–Љ–љ–Њ–≥–Њ –Њ–±–µ—Б–њ–µ—З–µ–љ–Є—П, —Б
                                                  –ї—Г—З–∞–є–љ–Њ–µ —Г–і–∞–ї–...

You may provide a definition with
\DeclareUnicodeCharacter 


! LaTeX Error: Unicode character –ї (U+043B)
               not set up for use with LaTeX.

See the LaTeX manual or LaTeX Companion for explanation.
Type  H <return>  for immediate help.
 ...                                              
                                                  
l.1 ...–∞–Љ–Љ–љ–Њ–≥–Њ –Њ–±–µ—Б–њ–µ—З–µ–љ–Є—П, —Б–ї
                                                  —Г—З–∞–є–љ–Њ–µ —Г–і–∞–ї–µ–...

You may provide a definition with
\DeclareUnicodeCharacter 


! LaTeX Error: Unicode character —Г (U+0443)
               not set up for use with LaTeX.

See the LaTeX manual or LaTeX Companion for explanation.
Type  H <return>  for immediate help.
 ...                                              
                                                  
l.1 ...–Љ–Љ–љ–Њ–≥–Њ –Њ–±–µ—Б–њ–µ—З–µ–љ–Є—П, —Б–ї—Г
                                                  —З–∞–є–љ–Њ–µ —Г–і–∞–ї–µ–љ–...

You may provide a definition with
\DeclareUnicodeCharacter 


! LaTeX Error: Unicode character —З (U+0447)
               not set up for use with LaTeX.

See the LaTeX manual or LaTeX Companion for explanation.
Type  H <return>  for immediate help.
 ...                                              
                                                  
l.1 ...–Љ–љ–Њ–≥–Њ –Њ–±–µ—Б–њ–µ—З–µ–љ–Є—П, —Б–ї—Г—З
                                                  –∞–є–љ–Њ–µ —Г–і–∞–ї–µ–љ–Є–...

You may provide a definition with
\DeclareUnicodeCharacter 


! LaTeX Error: Unicode character –∞ (U+0430)
               not set up for use with LaTeX.

See the LaTeX manual or LaTeX Companion for explanation.
Type  H <return>  for immediate help.
 ...                                              
                                                  
l.1 ...–љ–Њ–≥–Њ –Њ–±–µ—Б–њ–µ—З–µ–љ–Є—П, —Б–ї—Г—З–∞
                                                  –є–љ–Њ–µ —Г–і–∞–ї–µ–љ–Є–µ ...

You may provide a definition with
\DeclareUnicodeCharacter 


! LaTeX Error: Unicode character –є (U+0439)
               not set up for use with LaTeX.

See the LaTeX manual or LaTeX Companion for explanation.
Type  H <return>  for immediate help.
 ...                                              
                                                  
l.1 ...–Њ–≥–Њ –Њ–±–µ—Б–њ–µ—З–µ–љ–Є—П, —Б–ї—Г—З–∞–є
                                                  –љ–Њ–µ —Г–і–∞–ї–µ–љ–Є–µ –≤...

You may provide a definition with
\DeclareUnicodeCharacter 


! LaTeX Error: Unicode character –љ (U+043D)
               not set up for use with LaTeX.

See the LaTeX manual or LaTeX Companion for explanation.
Type  H <return>  for immediate help.
 ...                                              
                                                  
l.1 ...–≥–Њ –Њ–±–µ—Б–њ–µ—З–µ–љ–Є—П, —Б–ї—Г—З–∞–є–љ
                                                  –Њ–µ —Г–і–∞–ї–µ–љ–Є–µ –≤–∞...

You may provide a definition with
\DeclareUnicodeCharacter 


! LaTeX Error: Unicode character –Њ (U+043E)
               not set up for use with LaTeX.

See the LaTeX manual or LaTeX Companion for explanation.
Type  H <return>  for immediate help.
 ...                                              
                                                  
l.1 ...–Њ –Њ–±–µ—Б–њ–µ—З–µ–љ–Є—П, —Б–ї—Г—З–∞–є–љ–Њ
                                                  –µ —Г–і–∞–ї–µ–љ–Є–µ –≤–∞–ґ...

You may provide a definition with
\DeclareUnicodeCharacter 


! LaTeX Error: Unicode character –µ (U+0435)
               not set up for use with LaTeX.

See the LaTeX manual or LaTeX Companion for explanation.
Type  H <return>  for immediate help.
 ...                                              
                                                  
l.1 ... –Њ–±–µ—Б–њ–µ—З–µ–љ–Є—П, —Б–ї—Г—З–∞–є–љ–Њ–µ
                                                   —Г–і–∞–ї–µ–љ–Є–µ –≤–∞–ґ–љ...

You may provide a definition with
\DeclareUnicodeCharacter 


! LaTeX Error: Unicode character —Г (U+0443)
               not set up for use with LaTeX.

See the LaTeX manual or LaTeX Companion for explanation.
Type  H <return>  for immediate help.
 ...                                              
                                                  
l.1 ...–±–µ—Б–њ–µ—З–µ–љ–Є—П, —Б–ї—Г—З–∞–є–љ–Њ–µ —Г
                                                  –і–∞–ї–µ–љ–Є–µ –≤–∞–ґ–љ—Л—...

You may provide a definition with
\DeclareUnicodeCharacter 


! LaTeX Error: Unicode character –і (U+0434)
               not set up for use with LaTeX.

See the LaTeX manual or LaTeX Companion for explanation.
Type  H <return>  for immediate help.
 ...                                              
                                                  
l.1 ...–µ—Б–њ–µ—З–µ–љ–Є—П, —Б–ї—Г—З–∞–є–љ–Њ–µ —Г–і
                                                  –∞–ї–µ–љ–Є–µ –≤–∞–ґ–љ—Л—Е ...

You may provide a definition with
\DeclareUnicodeCharacter 


! LaTeX Error: Unicode character –∞ (U+0430)
               not set up for use with LaTeX.

See the LaTeX manual or LaTeX Companion for explanation.
Type  H <return>  for immediate help.
 ...                                              
                                                  
l.1 ...—Б–њ–µ—З–µ–љ–Є—П, —Б–ї—Г—З–∞–є–љ–Њ–µ —Г–і–∞
                                                  –ї–µ–љ–Є–µ –≤–∞–ґ–љ—Л—Е —Д...

You may provide a definition with
\DeclareUnicodeCharacter 


! LaTeX Error: Unicode character –ї (U+043B)
               not set up for use with LaTeX.

See the LaTeX manual or LaTeX Companion for explanation.
Type  H <return>  for immediate help.
 ...                                              
                                                  
l.1 ...–њ–µ—З–µ–љ–Є—П, —Б–ї—Г—З–∞–є–љ–Њ–µ —Г–і–∞–ї
                                                  –µ–љ–Є–µ –≤–∞–ґ–љ—Л—Е —Д–∞...

You may provide a definition with
\DeclareUnicodeCharacter 


! LaTeX Error: Unicode character –µ (U+0435)
               not set up for use with LaTeX.

See the LaTeX manual or LaTeX Companion for explanation.
Type  H <return>  for immediate help.
 ...                                              
                                                  
l.1 ...–µ—З–µ–љ–Є—П, —Б–ї—Г—З–∞–є–љ–Њ–µ —Г–і–∞–ї–µ
                                                  –љ–Є–µ –≤–∞–ґ–љ—Л—Е —Д–∞–є...

You may provide a definition with
\DeclareUnicodeCharacter 


! LaTeX Error: Unicode character –љ (U+043D)
               not set up for use with LaTeX.

See the LaTeX manual or LaTeX Companion for explanation.
Type  H <return>  for immediate help.
 ...                                              
                                                  
l.1 ...—З–µ–љ–Є—П, —Б–ї—Г—З–∞–є–љ–Њ–µ —Г–і–∞–ї–µ–љ
                                                  –Є–µ –≤–∞–ґ–љ—Л—Е —Д–∞–є–ї...

You may provide a definition with
\DeclareUnicodeCharacter 


! LaTeX Error: Unicode character –Є (U+0438)
               not set up for use with LaTeX.

See the LaTeX manual or LaTeX Companion for explanation.
Type  H <return>  for immediate help.
 ...                                              
                                                  
l.1 ...–µ–љ–Є—П, —Б–ї—Г—З–∞–є–љ–Њ–µ —Г–і–∞–ї–µ–љ–Є
                                                  –µ –≤–∞–ґ–љ—Л—Е —Д–∞–є–ї–Њ...

You may provide a definition with
\DeclareUnicodeCharacter 


! LaTeX Error: Unicode character –µ (U+0435)
               not set up for use with LaTeX.

See the LaTeX manual or LaTeX Companion for explanation.
Type  H <return>  for immediate help.
 ...                                              
                                                  
l.1 ...–љ–Є—П, —Б–ї—Г—З–∞–є–љ–Њ–µ —Г–і–∞–ї–µ–љ–Є–µ
                                                   –≤–∞–ґ–љ—Л—Е —Д–∞–є–ї–Њ–≤...

You may provide a definition with
\DeclareUnicodeCharacter 


! LaTeX Error: Unicode character –≤ (U+0432)
               not set up for use with LaTeX.

See the LaTeX manual or LaTeX Companion for explanation.
Type  H <return>  for immediate help.
 ...                                              
                                                  
l.1 ...Є—П, —Б–ї—Г—З–∞–є–љ–Њ–µ —Г–і–∞–ї–µ–љ–Є–µ –≤
                                                  –∞–ґ–љ—Л—Е —Д–∞–є–ї–Њ–≤ –Є...

You may provide a definition with
\DeclareUnicodeCharacter 


! LaTeX Error: Unicode character –∞ (U+0430)
               not set up for use with LaTeX.

See the LaTeX manual or LaTeX Companion for explanation.
Type  H <return>  for immediate help.
 ...                                              
                                                  
l.1 ...П, —Б–ї—Г—З–∞–є–љ–Њ–µ —Г–і–∞–ї–µ–љ–Є–µ –≤–∞
                                                  –ґ–љ—Л—Е —Д–∞–є–ї–Њ–≤ –Є–ї...

You may provide a definition with
\DeclareUnicodeCharacter 


! LaTeX Error: Unicode character –ґ (U+0436)
               not set up for use with LaTeX.

See the LaTeX manual or LaTeX Companion for explanation.
Type  H <return>  for immediate help.
 ...                                              
                                                  
l.1 ... —Б–ї—Г—З–∞–є–љ–Њ–µ —Г–і–∞–ї–µ–љ–Є–µ –≤–∞–ґ
                                                  –љ—Л—Е —Д–∞–є–ї–Њ–≤ –Є–ї–Є...

You may provide a definition with
\DeclareUnicodeCharacter 


! LaTeX Error: Unicode character –љ (U+043D)
               not set up for use with LaTeX.

See the LaTeX manual or LaTeX Companion for explanation.
Type  H <return>  for immediate help.
 ...                                              
                                                  
l.1 ...Б–ї—Г—З–∞–є–љ–Њ–µ —Г–і–∞–ї–µ–љ–Є–µ –≤–∞–ґ–љ
                                                  —Л—Е —Д–∞–є–ї–Њ–≤ –Є–ї–Є –...

You may provide a definition with
\DeclareUnicodeCharacter 


! LaTeX Error: Unicode character —Л (U+044B)
               not set up for use with LaTeX.

See the LaTeX manual or LaTeX Companion for explanation.
Type  H <return>  for immediate help.
 ...                                              
                                                  
l.1 ...ї—Г—З–∞–є–љ–Њ–µ —Г–і–∞–ї–µ–љ–Є–µ –≤–∞–ґ–љ—Л
                                                  —Е —Д–∞–є–ї–Њ–≤ –Є–ї–Є –њ—...

You may provide a definition with
\DeclareUnicodeCharacter 


! LaTeX Error: Unicode character —Е (U+0445)
               not set up for use with LaTeX.

See the LaTeX manual or LaTeX Companion for explanation.
Type  H <return>  for immediate help.
 ...                                              
                                                  
l.1 ...Г—З–∞–є–љ–Њ–µ —Г–і–∞–ї–µ–љ–Є–µ –≤–∞–ґ–љ—Л—Е
                                                   —Д–∞–є–ї–Њ–≤ –Є–ї–Є –њ—А–...

You may provide a definition with
\DeclareUnicodeCharacter 


! LaTeX Error: Unicode character —Д (U+0444)
               not set up for use with LaTeX.

See the LaTeX manual or LaTeX Companion for explanation.
Type  H <return>  for immediate help.
 ...                                              
                                                  
l.1 ...–∞–є–љ–Њ–µ —Г–і–∞–ї–µ–љ–Є–µ –≤–∞–ґ–љ—Л—Е —Д
                                                  –∞–є–ї–Њ–≤ –Є–ї–Є –њ—А–Њ—Б...

You may provide a definition with
\DeclareUnicodeCharacter 


! LaTeX Error: Unicode character –∞ (U+0430)
               not set up for use with LaTeX.

See the LaTeX manual or LaTeX Companion for explanation.
Type  H <return>  for immediate help.
 ...                                              
                                                  
l.1 ...–є–љ–Њ–µ —Г–і–∞–ї–µ–љ–Є–µ –≤–∞–ґ–љ—Л—Е —Д–∞
                                                  –є–ї–Њ–≤ –Є–ї–Є –њ—А–Њ—Б—В...

You may provide a definition with
\DeclareUnicodeCharacter 


! LaTeX Error: Unicode character –є (U+0439)
               not set up for use with LaTeX.

See the LaTeX manual or LaTeX Companion for explanation.
Type  H <return>  for immediate help.
 ...                                              
                                                  
l.1 ...–љ–Њ–µ —Г–і–∞–ї–µ–љ–Є–µ –≤–∞–ґ–љ—Л—Е —Д–∞–є
                                                  –ї–Њ–≤ –Є–ї–Є –њ—А–Њ—Б—В–Њ...

You may provide a definition with
\DeclareUnicodeCharacter 


! LaTeX Error: Unicode character –ї (U+043B)
               not set up for use with LaTeX.

See the LaTeX manual or LaTeX Companion for explanation.
Type  H <return>  for immediate help.
 ...                                              
                                                  
l.1 ...–Њ–µ —Г–і–∞–ї–µ–љ–Є–µ –≤–∞–ґ–љ—Л—Е —Д–∞–є–ї
                                                  –Њ–≤ –Є–ї–Є –њ—А–Њ—Б—В–Њ —...

You may provide a definition with
\DeclareUnicodeCharacter 


! LaTeX Error: Unicode character –Њ (U+043E)
               not set up for use with LaTeX.

See the LaTeX manual or LaTeX Companion for explanation.
Type  H <return>  for immediate help.
 ...                                              
                                                  
l.1 ...–µ —Г–і–∞–ї–µ–љ–Є–µ –≤–∞–ґ–љ—Л—Е —Д–∞–є–ї–Њ
                                                  –≤ –Є–ї–Є –њ—А–Њ—Б—В–Њ —Б–...

You may provide a definition with
\DeclareUnicodeCharacter 


! LaTeX Error: Unicode character –≤ (U+0432)
               not set up for use with LaTeX.

See the LaTeX manual or LaTeX Companion for explanation.
Type  H <return>  for immediate help.
 ...                                              
                                                  
l.1 ... —Г–і–∞–ї–µ–љ–Є–µ –≤–∞–ґ–љ—Л—Е —Д–∞–є–ї–Њ–≤
                                                   –Є–ї–Є –њ—А–Њ—Б—В–Њ —Б–±–...

You may provide a definition with
\DeclareUnicodeCharacter 


! LaTeX Error: Unicode character –Є (U+0438)
               not set up for use with LaTeX.

See the LaTeX manual or LaTeX Companion for explanation.
Type  H <return>  for immediate help.
 ...                                              
                                                  
l.1 ...–і–∞–ї–µ–љ–Є–µ –≤–∞–ґ–љ—Л—Е —Д–∞–є–ї–Њ–≤ –Є
                                                  –ї–Є –њ—А–Њ—Б—В–Њ —Б–±–Њ–є...

You may provide a definition with
\DeclareUnicodeCharacter 


! LaTeX Error: Unicode character –ї (U+043B)
               not set up for use with LaTeX.

See the LaTeX manual or LaTeX Companion for explanation.
Type  H <return>  for immediate help.
 ...                                              
                                                  
l.1 ...–∞–ї–µ–љ–Є–µ –≤–∞–ґ–љ—Л—Е —Д–∞–є–ї–Њ–≤ –Є–ї
                                                  –Є –њ—А–Њ—Б—В–Њ —Б–±–Њ–є –...

You may provide a definition with
\DeclareUnicodeCharacter 


! LaTeX Error: Unicode character –Є (U+0438)
               not set up for use with LaTeX.

See the LaTeX manual or LaTeX Companion for explanation.
Type  H <return>  for immediate help.
 ...                                              
                                                  
l.1 ...–ї–µ–љ–Є–µ –≤–∞–ґ–љ—Л—Е —Д–∞–є–ї–Њ–≤ –Є–ї–Є
                                                   –њ—А–Њ—Б—В–Њ —Б–±–Њ–є –њ—...

You may provide a definition with
\DeclareUnicodeCharacter 


! LaTeX Error: Unicode character –њ (U+043F)
               not set up for use with LaTeX.

See the LaTeX manual or LaTeX Companion for explanation.
Type  H <return>  for immediate help.
 ...                                              
                                                  
l.1 ...µ–љ–Є–µ –≤–∞–ґ–љ—Л—Е —Д–∞–є–ї–Њ–≤ –Є–ї–Є –њ
                                                  —А–Њ—Б—В–Њ —Б–±–Њ–є –њ—А–Є...

You may provide a definition with
\DeclareUnicodeCharacter 


! LaTeX Error: Unicode character —А (U+0440)
               not set up for use with LaTeX.

See the LaTeX manual or LaTeX Companion for explanation.
Type  H <return>  for immediate help.
 ...                                              
                                                  
l.1 ...љ–Є–µ –≤–∞–ґ–љ—Л—Е —Д–∞–є–ї–Њ–≤ –Є–ї–Є –њ—А
                                                  –Њ—Б—В–Њ —Б–±–Њ–є –њ—А–Є –...

You may provide a definition with
\DeclareUnicodeCharacter 


! LaTeX Error: Unicode character –Њ (U+043E)
               not set up for use with LaTeX.

See the LaTeX manual or LaTeX Companion for explanation.
Type  H <return>  for immediate help.
 ...                                              
                                                  
l.1 ...Є–µ –≤–∞–ґ–љ—Л—Е —Д–∞–є–ї–Њ–≤ –Є–ї–Є –њ—А–Њ
                                                  —Б—В–Њ —Б–±–Њ–є –њ—А–Є –Ј–...

You may provide a definition with
\DeclareUnicodeCharacter 


! LaTeX Error: Unicode character —Б (U+0441)
               not set up for use with LaTeX.

See the LaTeX manual or LaTeX Companion for explanation.
Type  H <return>  for immediate help.
 ...                                              
                                                  
l.1 ...µ –≤–∞–ґ–љ—Л—Е —Д–∞–є–ї–Њ–≤ –Є–ї–Є –њ—А–Њ—Б
                                                  —В–Њ —Б–±–Њ–є –њ—А–Є –Ј–∞–...

You may provide a definition with
\DeclareUnicodeCharacter 


! LaTeX Error: Unicode character —В (U+0442)
               not set up for use with LaTeX.

See the LaTeX manual or LaTeX Companion for explanation.
Type  H <return>  for immediate help.
 ...                                              
                                                  
l.1 ...–≤–∞–ґ–љ—Л—Е —Д–∞–є–ї–Њ–≤ –Є–ї–Є –њ—А–Њ—Б—В
                                                  –Њ —Б–±–Њ–є –њ—А–Є –Ј–∞–њ—...

You may provide a definition with
\DeclareUnicodeCharacter 


! LaTeX Error: Unicode character –Њ (U+043E)
               not set up for use with LaTeX.

See the LaTeX manual or LaTeX Companion for explanation.
Type  H <return>  for immediate help.
 ...                                              
                                                  
l.1 ...–∞–ґ–љ—Л—Е —Д–∞–є–ї–Њ–≤ –Є–ї–Є –њ—А–Њ—Б—В–Њ
                                                   —Б–±–Њ–є –њ—А–Є –Ј–∞–њ—Г—...

You may provide a definition with
\DeclareUnicodeCharacter 


! LaTeX Error: Unicode character —Б (U+0441)
               not set up for use with LaTeX.

See the LaTeX manual or LaTeX Companion for explanation.
Type  H <return>  for immediate help.
 ...                                              
                                                  
l.1 ...ґ–љ—Л—Е —Д–∞–є–ї–Њ–≤ –Є–ї–Є –њ—А–Њ—Б—В–Њ —Б
                                                  –±–Њ–є –њ—А–Є –Ј–∞–њ—Г—Б–Ї...

You may provide a definition with
\DeclareUnicodeCharacter 


! LaTeX Error: Unicode character –± (U+0431)
               not set up for use with LaTeX.

See the LaTeX manual or LaTeX Companion for explanation.
Type  H <return>  for immediate help.
 ...                                              
                                                  
l.1 ...љ—Л—Е —Д–∞–є–ї–Њ–≤ –Є–ї–Є –њ—А–Њ—Б—В–Њ —Б–±
                                                  –Њ–є –њ—А–Є –Ј–∞–њ—Г—Б–Ї–µ...

You may provide a definition with
\DeclareUnicodeCharacter 


! LaTeX Error: Unicode character –Њ (U+043E)
               not set up for use with LaTeX.

See the LaTeX manual or LaTeX Companion for explanation.
Type  H <return>  for immediate help.
 ...                                              
                                                  
l.1 ...Л—Е —Д–∞–є–ї–Њ–≤ –Є–ї–Є –њ—А–Њ—Б—В–Њ —Б–±–Њ
                                                  –є –њ—А–Є –Ј–∞–њ—Г—Б–Ї–µ –...

You may provide a definition with
\DeclareUnicodeCharacter 


! LaTeX Error: Unicode character –є (U+0439)
               not set up for use with LaTeX.

See the LaTeX manual or LaTeX Companion for explanation.
Type  H <return>  for immediate help.
 ...                                              
                                                  
l.1 ...Е —Д–∞–є–ї–Њ–≤ –Є–ї–Є –њ—А–Њ—Б—В–Њ —Б–±–Њ–є
                                                   –њ—А–Є –Ј–∞–њ—Г—Б–Ї–µ –≤–...

You may provide a definition with
\DeclareUnicodeCharacter 


! LaTeX Error: Unicode character –њ (U+043F)
               not set up for use with LaTeX.

See the LaTeX manual or LaTeX Companion for explanation.
Type  H <return>  for immediate help.
 ...                                              
                                                  
l.1 ...Д–∞–є–ї–Њ–≤ –Є–ї–Є –њ—А–Њ—Б—В–Њ —Б–±–Њ–є –њ
                                                  —А–Є –Ј–∞–њ—Г—Б–Ї–µ –≤–Є—А...

You may provide a definition with
\DeclareUnicodeCharacter 


! LaTeX Error: Unicode character —А (U+0440)
               not set up for use with LaTeX.

See the LaTeX manual or LaTeX Companion for explanation.
Type  H <return>  for immediate help.
 ...                                              
                                                  
l.1 ...∞–є–ї–Њ–≤ –Є–ї–Є –њ—А–Њ—Б—В–Њ —Б–±–Њ–є –њ—А
                                                  –Є –Ј–∞–њ—Г—Б–Ї–µ –≤–Є—А—В...

You may provide a definition with
\DeclareUnicodeCharacter 


! LaTeX Error: Unicode character –Є (U+0438)
               not set up for use with LaTeX.

See the LaTeX manual or LaTeX Companion for explanation.
Type  H <return>  for immediate help.
 ...                                              
                                                  
l.1 ...є–ї–Њ–≤ –Є–ї–Є –њ—А–Њ—Б—В–Њ —Б–±–Њ–є –њ—А–Є
                                                   –Ј–∞–њ—Г—Б–Ї–µ –≤–Є—А—В—Г...

You may provide a definition with
\DeclareUnicodeCharacter 


! LaTeX Error: Unicode character –Ј (U+0437)
               not set up for use with LaTeX.

See the LaTeX manual or LaTeX Companion for explanation.
Type  H <return>  for immediate help.
 ...                                              
                                                  
l.1 ...–Њ–≤ –Є–ї–Є –њ—А–Њ—Б—В–Њ —Б–±–Њ–є –њ—А–Є –Ј
                                                  –∞–њ—Г—Б–Ї–µ –≤–Є—А—В—Г–∞–...

You may provide a definition with
\DeclareUnicodeCharacter 


! LaTeX Error: Unicode character –∞ (U+0430)
               not set up for use with LaTeX.

See the LaTeX manual or LaTeX Companion for explanation.
Type  H <return>  for immediate help.
 ...                                              
                                                  
l.1 ...–≤ –Є–ї–Є –њ—А–Њ—Б—В–Њ —Б–±–Њ–є –њ—А–Є –Ј–∞
                                                  –њ—Г—Б–Ї–µ –≤–Є—А—В—Г–∞–ї—...

You may provide a definition with
\DeclareUnicodeCharacter 


! LaTeX Error: Unicode character –њ (U+043F)
               not set up for use with LaTeX.

See the LaTeX manual or LaTeX Companion for explanation.
Type  H <return>  for immediate help.
 ...                                              
                                                  
l.1 ... –Є–ї–Є –њ—А–Њ—Б—В–Њ —Б–±–Њ–є –њ—А–Є –Ј–∞–њ
                                                  —Г—Б–Ї–µ –≤–Є—А—В—Г–∞–ї—М–...

You may provide a definition with
\DeclareUnicodeCharacter 


! LaTeX Error: Unicode character —Г (U+0443)
               not set up for use with LaTeX.

See the LaTeX manual or LaTeX Companion for explanation.
Type  H <return>  for immediate help.
 ...                                              
                                                  
l.1 ...Є–ї–Є –њ—А–Њ—Б—В–Њ —Б–±–Њ–є –њ—А–Є –Ј–∞–њ—Г
                                                  —Б–Ї–µ –≤–Є—А—В—Г–∞–ї—М–љ–...

You may provide a definition with
\DeclareUnicodeCharacter 


! LaTeX Error: Unicode character —Б (U+0441)
               not set up for use with LaTeX.

See the LaTeX manual or LaTeX Companion for explanation.
Type  H <return>  for immediate help.
 ...                                              
                                                  
l.1 ...ї–Є –њ—А–Њ—Б—В–Њ —Б–±–Њ–є –њ—А–Є –Ј–∞–њ—Г—Б
                                                  –Ї–µ –≤–Є—А—В—Г–∞–ї—М–љ–Њ–...

You may provide a definition with
\DeclareUnicodeCharacter 


! LaTeX Error: Unicode character –Ї (U+043A)
               not set up for use with LaTeX.

See the LaTeX manual or LaTeX Companion for explanation.
Type  H <return>  for immediate help.
 ...                                              
                                                  
l.1 ...Є –њ—А–Њ—Б—В–Њ —Б–±–Њ–є –њ—А–Є –Ј–∞–њ—Г—Б–Ї
                                                  –µ –≤–Є—А—В—Г–∞–ї—М–љ–Њ–є ...
(That makes 100 errors; please try again.) 
Here is how much of TeX's memory you used:
 44 strings out of 478287
 704 string characters out of 5849290
 289005 words of memory out of 5000000
 18340 multiletter control sequences out of 15000+600000
 469259 words of font info for 28 fonts, out of 8000000 for 9000
 1141 hyphenation exceptions out of 8191
 13i,0n,12p,1620b,14s stack positions out of 5000i,500n,10000p,200000b,80000s

!  ==> Fatal error occurred, no output PDF file produced!
