This is pdfTeX, Version 3.141592653-2.6-1.40.22 (TeX Live 2022/dev/Debian) (preloaded format=pdflatex 2024.4.5)  12 JUN 2024 18:29
entering extended mode
 restricted \write18 enabled.
 %&-line parsing enabled.
**Ustanovka.tex
(./Ustanovka.tex
LaTeX2e <2021-11-15> patch level 1
L3 programming layer <2022-01-21>

! LaTeX Error: Missing \begin{document}.

See the LaTeX manual or LaTeX Companion for explanation.
Type  H <return>  for immediate help.
 ...                                              
                                                  
l.2 \quad
          1.\quad –ü–µ—Ä–µ–π—Ö–æ–¥–∏–º –ø–æ —Å—Å—ã–ª–∫–µ https://www.virtual...

You're in trouble here.  Try typing  <return>  to proceed.
If that doesn't work, type  X <return>  to quit.

Missing character: There is no 1 in font nullfont!
Missing character: There is no . in font nullfont!

! LaTeX Error: Unicode character –ü (U+041F)
               not set up for use with LaTeX.

See the LaTeX manual or LaTeX Companion for explanation.
Type  H <return>  for immediate help.
 ...                                              
                                                  
l.2 \quad 1.\quad –ü
                    –µ—Ä–µ–π—Ö–æ–¥–∏–º –ø–æ —Å—Å—ã–ª–∫–µ https://www.virtual...

You may provide a definition with
\DeclareUnicodeCharacter 


! LaTeX Error: Unicode character –µ (U+0435)
               not set up for use with LaTeX.

See the LaTeX manual or LaTeX Companion for explanation.
Type  H <return>  for immediate help.
 ...                                              
                                                  
l.2 \quad 1.\quad –ü–µ
                      —Ä–µ–π—Ö–æ–¥–∏–º –ø–æ —Å—Å—ã–ª–∫–µ https://www.virtual...

You may provide a definition with
\DeclareUnicodeCharacter 


! LaTeX Error: Unicode character —Ä (U+0440)
               not set up for use with LaTeX.

See the LaTeX manual or LaTeX Companion for explanation.
Type  H <return>  for immediate help.
 ...                                              
                                                  
l.2 \quad 1.\quad –ü–µ—Ä
                        –µ–π—Ö–æ–¥–∏–º –ø–æ —Å—Å—ã–ª–∫–µ https://www.virtual...

You may provide a definition with
\DeclareUnicodeCharacter 


! LaTeX Error: Unicode character –µ (U+0435)
               not set up for use with LaTeX.

See the LaTeX manual or LaTeX Companion for explanation.
Type  H <return>  for immediate help.
 ...                                              
                                                  
l.2 \quad 1.\quad –ü–µ—Ä–µ
                          –π—Ö–æ–¥–∏–º –ø–æ —Å—Å—ã–ª–∫–µ https://www.virtual...

You may provide a definition with
\DeclareUnicodeCharacter 


! LaTeX Error: Unicode character –π (U+0439)
               not set up for use with LaTeX.

See the LaTeX manual or LaTeX Companion for explanation.
Type  H <return>  for immediate help.
 ...                                              
                                                  
l.2 \quad 1.\quad –ü–µ—Ä–µ–π
                            —Ö–æ–¥–∏–º –ø–æ —Å—Å—ã–ª–∫–µ https://www.virtual...

You may provide a definition with
\DeclareUnicodeCharacter 


! LaTeX Error: Unicode character —Ö (U+0445)
               not set up for use with LaTeX.

See the LaTeX manual or LaTeX Companion for explanation.
Type  H <return>  for immediate help.
 ...                                              
                                                  
l.2 \quad 1.\quad –ü–µ—Ä–µ–π—Ö
                              –æ–¥–∏–º –ø–æ —Å—Å—ã–ª–∫–µ https://www.virtual...

You may provide a definition with
\DeclareUnicodeCharacter 


! LaTeX Error: Unicode character –æ (U+043E)
               not set up for use with LaTeX.

See the LaTeX manual or LaTeX Companion for explanation.
Type  H <return>  for immediate help.
 ...                                              
                                                  
l.2 \quad 1.\quad –ü–µ—Ä–µ–π—Ö–æ
                                –¥–∏–º –ø–æ —Å—Å—ã–ª–∫–µ https://www.virtual...

You may provide a definition with
\DeclareUnicodeCharacter 


! LaTeX Error: Unicode character –¥ (U+0434)
               not set up for use with LaTeX.

See the LaTeX manual or LaTeX Companion for explanation.
Type  H <return>  for immediate help.
 ...                                              
                                                  
l.2 \quad 1.\quad –ü–µ—Ä–µ–π—Ö–æ–¥
                                  –∏–º –ø–æ —Å—Å—ã–ª–∫–µ https://www.virtual...

You may provide a definition with
\DeclareUnicodeCharacter 


! LaTeX Error: Unicode character –∏ (U+0438)
               not set up for use with LaTeX.

See the LaTeX manual or LaTeX Companion for explanation.
Type  H <return>  for immediate help.
 ...                                              
                                                  
l.2 \quad 1.\quad –ü–µ—Ä–µ–π—Ö–æ–¥–∏
                                    –º –ø–æ —Å—Å—ã–ª–∫–µ https://www.virtual...

You may provide a definition with
\DeclareUnicodeCharacter 


! LaTeX Error: Unicode character –º (U+043C)
               not set up for use with LaTeX.

See the LaTeX manual or LaTeX Companion for explanation.
Type  H <return>  for immediate help.
 ...                                              
                                                  
l.2 \quad 1.\quad –ü–µ—Ä–µ–π—Ö–æ–¥–∏–º
                                       –ø–æ —Å—Å—ã–ª–∫–µ https://www.virtual...

You may provide a definition with
\DeclareUnicodeCharacter 


! LaTeX Error: Unicode character –ø (U+043F)
               not set up for use with LaTeX.

See the LaTeX manual or LaTeX Companion for explanation.
Type  H <return>  for immediate help.
 ...                                              
                                                  
l.2 \quad 1.\quad –ü–µ—Ä–µ–π—Ö–æ–¥–∏–º –ø
                                         –æ —Å—Å—ã–ª–∫–µ https://www.virtual...

You may provide a definition with
\DeclareUnicodeCharacter 


! LaTeX Error: Unicode character –æ (U+043E)
               not set up for use with LaTeX.

See the LaTeX manual or LaTeX Companion for explanation.
Type  H <return>  for immediate help.
 ...                                              
                                                  
l.2 \quad 1.\quad –ü–µ—Ä–µ–π—Ö–æ–¥–∏–º –ø–æ
                                            —Å—Å—ã–ª–∫–µ https://www.virtual...

You may provide a definition with
\DeclareUnicodeCharacter 


! LaTeX Error: Unicode character —Å (U+0441)
               not set up for use with LaTeX.

See the LaTeX manual or LaTeX Companion for explanation.
Type  H <return>  for immediate help.
 ...                                              
                                                  
l.2 \quad 1.\quad –ü–µ—Ä–µ–π—Ö–æ–¥–∏–º –ø–æ —Å
                                              —Å—ã–ª–∫–µ https://www.virtual...

You may provide a definition with
\DeclareUnicodeCharacter 


! LaTeX Error: Unicode character —Å (U+0441)
               not set up for use with LaTeX.

See the LaTeX manual or LaTeX Companion for explanation.
Type  H <return>  for immediate help.
 ...                                              
                                                  
l.2 \quad 1.\quad –ü–µ—Ä–µ–π—Ö–æ–¥–∏–º –ø–æ —Å—Å
                                                —ã–ª–∫–µ https://www.virtual...

You may provide a definition with
\DeclareUnicodeCharacter 


! LaTeX Error: Unicode character —ã (U+044B)
               not set up for use with LaTeX.

See the LaTeX manual or LaTeX Companion for explanation.
Type  H <return>  for immediate help.
 ...                                              
                                                  
l.2 \quad 1.\quad –ü–µ—Ä–µ–π—Ö–æ–¥–∏–º –ø–æ —Å—Å—ã
                                                  –ª–∫–µ https://www.virtual...

You may provide a definition with
\DeclareUnicodeCharacter 


! LaTeX Error: Unicode character –ª (U+043B)
               not set up for use with LaTeX.

See the LaTeX manual or LaTeX Companion for explanation.
Type  H <return>  for immediate help.
 ...                                              
                                                  
l.2 ... 1.\quad –ü–µ—Ä–µ–π—Ö–æ–¥–∏–º –ø–æ —Å—Å—ã–ª
                                                  –∫–µ https://www.virtualbo...

You may provide a definition with
\DeclareUnicodeCharacter 


! LaTeX Error: Unicode character –∫ (U+043A)
               not set up for use with LaTeX.

See the LaTeX manual or LaTeX Companion for explanation.
Type  H <return>  for immediate help.
 ...                                              
                                                  
l.2 ....\quad –ü–µ—Ä–µ–π—Ö–æ–¥–∏–º –ø–æ —Å—Å—ã–ª–∫
                                                  –µ https://www.virtualbox....

You may provide a definition with
\DeclareUnicodeCharacter 


! LaTeX Error: Unicode character –µ (U+0435)
               not set up for use with LaTeX.

See the LaTeX manual or LaTeX Companion for explanation.
Type  H <return>  for immediate help.
 ...                                              
                                                  
l.2 ...quad –ü–µ—Ä–µ–π—Ö–æ–¥–∏–º –ø–æ —Å—Å—ã–ª–∫–µ
                                                   https://www.virtualbox.or...

You may provide a definition with
\DeclareUnicodeCharacter 

Missing character: There is no h in font nullfont!
Missing character: There is no t in font nullfont!
Missing character: There is no t in font nullfont!
Missing character: There is no p in font nullfont!
Missing character: There is no s in font nullfont!
Missing character: There is no : in font nullfont!
Missing character: There is no / in font nullfont!
Missing character: There is no / in font nullfont!
Missing character: There is no w in font nullfont!
Missing character: There is no w in font nullfont!
Missing character: There is no w in font nullfont!
Missing character: There is no . in font nullfont!
Missing character: There is no v in font nullfont!
Missing character: There is no i in font nullfont!
Missing character: There is no r in font nullfont!
Missing character: There is no t in font nullfont!
Missing character: There is no u in font nullfont!
Missing character: There is no a in font nullfont!
Missing character: There is no l in font nullfont!
Missing character: There is no b in font nullfont!
Missing character: There is no o in font nullfont!
Missing character: There is no x in font nullfont!
Missing character: There is no . in font nullfont!
Missing character: There is no o in font nullfont!
Missing character: There is no r in font nullfont!
Missing character: There is no g in font nullfont!
Missing character: There is no . in font nullfont!

! LaTeX Error: Unicode character –ù (U+041D)
               not set up for use with LaTeX.

See the LaTeX manual or LaTeX Companion for explanation.
Type  H <return>  for immediate help.
 ...                                              
                                                  
l.2 ...—Å—Å—ã–ª–∫–µ https://www.virtualbox.org. –ù
                                                  –∞–∂–∏–º–∞–µ–º –∫–Ω–æ–ø–∫—...

You may provide a definition with
\DeclareUnicodeCharacter 


! LaTeX Error: Unicode character –∞ (U+0430)
               not set up for use with LaTeX.

See the LaTeX manual or LaTeX Companion for explanation.
Type  H <return>  for immediate help.
 ...                                              
                                                  
l.2 ...—Å—ã–ª–∫–µ https://www.virtualbox.org. –ù–∞
                                                  –∂–∏–º–∞–µ–º –∫–Ω–æ–ø–∫—É ...

You may provide a definition with
\DeclareUnicodeCharacter 


! LaTeX Error: Unicode character –∂ (U+0436)
               not set up for use with LaTeX.

See the LaTeX manual or LaTeX Companion for explanation.
Type  H <return>  for immediate help.
 ...                                              
                                                  
l.2 ...—ã–ª–∫–µ https://www.virtualbox.org. –ù–∞–∂
                                                  –∏–º–∞–µ–º –∫–Ω–æ–ø–∫—É ‚Ä...

You may provide a definition with
\DeclareUnicodeCharacter 


! LaTeX Error: Unicode character –∏ (U+0438)
               not set up for use with LaTeX.

See the LaTeX manual or LaTeX Companion for explanation.
Type  H <return>  for immediate help.
 ...                                              
                                                  
l.2 ...–ª–∫–µ https://www.virtualbox.org. –ù–∞–∂–∏
                                                  –º–∞–µ–º –∫–Ω–æ–ø–∫—É ‚ÄúD...

You may provide a definition with
\DeclareUnicodeCharacter 


! LaTeX Error: Unicode character –º (U+043C)
               not set up for use with LaTeX.

See the LaTeX manual or LaTeX Companion for explanation.
Type  H <return>  for immediate help.
 ...                                              
                                                  
l.2 ...–∫–µ https://www.virtualbox.org. –ù–∞–∂–∏–º
                                                  –∞–µ–º –∫–Ω–æ–ø–∫—É ‚ÄúDow...

You may provide a definition with
\DeclareUnicodeCharacter 


! LaTeX Error: Unicode character –∞ (U+0430)
               not set up for use with LaTeX.

See the LaTeX manual or LaTeX Companion for explanation.
Type  H <return>  for immediate help.
 ...                                              
                                                  
l.2 ...–µ https://www.virtualbox.org. –ù–∞–∂–∏–º–∞
                                                  –µ–º –∫–Ω–æ–ø–∫—É ‚ÄúDownl...

You may provide a definition with
\DeclareUnicodeCharacter 


! LaTeX Error: Unicode character –µ (U+0435)
               not set up for use with LaTeX.

See the LaTeX manual or LaTeX Companion for explanation.
Type  H <return>  for immediate help.
 ...                                              
                                                  
l.2 ... https://www.virtualbox.org. –ù–∞–∂–∏–º–∞–µ
                                                  –º –∫–Ω–æ–ø–∫—É ‚ÄúDownloa...

You may provide a definition with
\DeclareUnicodeCharacter 


! LaTeX Error: Unicode character –º (U+043C)
               not set up for use with LaTeX.

See the LaTeX manual or LaTeX Companion for explanation.
Type  H <return>  for immediate help.
 ...                                              
                                                  
l.2 ...ttps://www.virtualbox.org. –ù–∞–∂–∏–º–∞–µ–º
                                                   –∫–Ω–æ–ø–∫—É ‚ÄúDownload‚...

You may provide a definition with
\DeclareUnicodeCharacter 


! LaTeX Error: Unicode character –∫ (U+043A)
               not set up for use with LaTeX.

See the LaTeX manual or LaTeX Companion for explanation.
Type  H <return>  for immediate help.
 ...                                              
                                                  
l.2 ...s://www.virtualbox.org. –ù–∞–∂–∏–º–∞–µ–º –∫
                                                  –Ω–æ–ø–∫—É ‚ÄúDownload‚Äù,...

You may provide a definition with
\DeclareUnicodeCharacter 


! LaTeX Error: Unicode character –Ω (U+043D)
               not set up for use with LaTeX.

See the LaTeX manual or LaTeX Companion for explanation.
Type  H <return>  for immediate help.
 ...                                              
                                                  
l.2 ...//www.virtualbox.org. –ù–∞–∂–∏–º–∞–µ–º –∫–Ω
                                                  –æ–ø–∫—É ‚ÄúDownload‚Äù, –...

You may provide a definition with
\DeclareUnicodeCharacter 


! LaTeX Error: Unicode character –æ (U+043E)
               not set up for use with LaTeX.

See the LaTeX manual or LaTeX Companion for explanation.
Type  H <return>  for immediate help.
 ...                                              
                                                  
l.2 ...www.virtualbox.org. –ù–∞–∂–∏–º–∞–µ–º –∫–Ω–æ
                                                  –ø–∫—É ‚ÄúDownload‚Äù, –≤—...

You may provide a definition with
\DeclareUnicodeCharacter 


! LaTeX Error: Unicode character –ø (U+043F)
               not set up for use with LaTeX.

See the LaTeX manual or LaTeX Companion for explanation.
Type  H <return>  for immediate help.
 ...                                              
                                                  
l.2 ...w.virtualbox.org. –ù–∞–∂–∏–º–∞–µ–º –∫–Ω–æ–ø
                                                  –∫—É ‚ÄúDownload‚Äù, –≤—ã–...

You may provide a definition with
\DeclareUnicodeCharacter 


! LaTeX Error: Unicode character –∫ (U+043A)
               not set up for use with LaTeX.

See the LaTeX manual or LaTeX Companion for explanation.
Type  H <return>  for immediate help.
 ...                                              
                                                  
l.2 ...virtualbox.org. –ù–∞–∂–∏–º–∞–µ–º –∫–Ω–æ–ø–∫
                                                  —É ‚ÄúDownload‚Äù, –≤—ã–±–...

You may provide a definition with
\DeclareUnicodeCharacter 


! LaTeX Error: Unicode character —É (U+0443)
               not set up for use with LaTeX.

See the LaTeX manual or LaTeX Companion for explanation.
Type  H <return>  for immediate help.
 ...                                              
                                                  
l.2 ...rtualbox.org. –ù–∞–∂–∏–º–∞–µ–º –∫–Ω–æ–ø–∫—É
                                                   ‚ÄúDownload‚Äù, –≤—ã–±–∏—...

You may provide a definition with
\DeclareUnicodeCharacter 

Missing character: There is no D in font nullfont!
Missing character: There is no o in font nullfont!
Missing character: There is no w in font nullfont!
Missing character: There is no n in font nullfont!
Missing character: There is no l in font nullfont!
Missing character: There is no o in font nullfont!
Missing character: There is no a in font nullfont!
Missing character: There is no d in font nullfont!
Missing character: There is no , in font nullfont!

! LaTeX Error: Unicode character –≤ (U+0432)
               not set up for use with LaTeX.

See the LaTeX manual or LaTeX Companion for explanation.
Type  H <return>  for immediate help.
 ...                                              
                                                  
l.2 ...∂–∏–º–∞–µ–º –∫–Ω–æ–ø–∫—É ‚ÄúDownload‚Äù, –≤
                                                  —ã–±–∏—Ä–∞–µ–º ¬´Windows h...

You may provide a definition with
\DeclareUnicodeCharacter 


! LaTeX Error: Unicode character —ã (U+044B)
               not set up for use with LaTeX.

See the LaTeX manual or LaTeX Companion for explanation.
Type  H <return>  for immediate help.
 ...                                              
                                                  
l.2 ...∏–º–∞–µ–º –∫–Ω–æ–ø–∫—É ‚ÄúDownload‚Äù, –≤—ã
                                                  –±–∏—Ä–∞–µ–º ¬´Windows hos...

You may provide a definition with
\DeclareUnicodeCharacter 


! LaTeX Error: Unicode character –± (U+0431)
               not set up for use with LaTeX.

See the LaTeX manual or LaTeX Companion for explanation.
Type  H <return>  for immediate help.
 ...                                              
                                                  
l.2 ...º–∞–µ–º –∫–Ω–æ–ø–∫—É ‚ÄúDownload‚Äù, –≤—ã–±
                                                  –∏—Ä–∞–µ–º ¬´Windows hosts...

You may provide a definition with
\DeclareUnicodeCharacter 


! LaTeX Error: Unicode character –∏ (U+0438)
               not set up for use with LaTeX.

See the LaTeX manual or LaTeX Companion for explanation.
Type  H <return>  for immediate help.
 ...                                              
                                                  
l.2 ...∞–µ–º –∫–Ω–æ–ø–∫—É ‚ÄúDownload‚Äù, –≤—ã–±–∏
                                                  —Ä–∞–µ–º ¬´Windows hosts¬ª...

You may provide a definition with
\DeclareUnicodeCharacter 


! LaTeX Error: Unicode character —Ä (U+0440)
               not set up for use with LaTeX.

See the LaTeX manual or LaTeX Companion for explanation.
Type  H <return>  for immediate help.
 ...                                              
                                                  
l.2 ...µ–º –∫–Ω–æ–ø–∫—É ‚ÄúDownload‚Äù, –≤—ã–±–∏—Ä
                                                  –∞–µ–º ¬´Windows hosts¬ª –...

You may provide a definition with
\DeclareUnicodeCharacter 


! LaTeX Error: Unicode character –∞ (U+0430)
               not set up for use with LaTeX.

See the LaTeX manual or LaTeX Companion for explanation.
Type  H <return>  for immediate help.
 ...                                              
                                                  
l.2 ...º –∫–Ω–æ–ø–∫—É ‚ÄúDownload‚Äù, –≤—ã–±–∏—Ä–∞
                                                  –µ–º ¬´Windows hosts¬ª –∏ ...

You may provide a definition with
\DeclareUnicodeCharacter 


! LaTeX Error: Unicode character –µ (U+0435)
               not set up for use with LaTeX.

See the LaTeX manual or LaTeX Companion for explanation.
Type  H <return>  for immediate help.
 ...                                              
                                                  
l.2 ...–∫–Ω–æ–ø–∫—É ‚ÄúDownload‚Äù, –≤—ã–±–∏—Ä–∞–µ
                                                  –º ¬´Windows hosts¬ª –∏ —É...

You may provide a definition with
\DeclareUnicodeCharacter 


! LaTeX Error: Unicode character –º (U+043C)
               not set up for use with LaTeX.

See the LaTeX manual or LaTeX Companion for explanation.
Type  H <return>  for immediate help.
 ...                                              
                                                  
l.2 ...–Ω–æ–ø–∫—É ‚ÄúDownload‚Äù, –≤—ã–±–∏—Ä–∞–µ–º
                                                   ¬´Windows hosts¬ª –∏ —É—Å...

You may provide a definition with
\DeclareUnicodeCharacter 


! LaTeX Error: Command \guillemotleft unavailable in encoding .

See the LaTeX manual or LaTeX Companion for explanation.
Type  H <return>  for immediate help.
 ...                                              
                                                  
l.2 ...æ–ø–∫—É ‚ÄúDownload‚Äù, –≤—ã–±–∏—Ä–∞–µ–º ¬´
                                                  Windows hosts¬ª –∏ —É—Å—Ç–...

Your command was ignored.
Type  I <command> <return>  to replace it with another command,
or  <return>  to continue without it.

Missing character: There is no W in font nullfont!
Missing character: There is no i in font nullfont!
Missing character: There is no n in font nullfont!
Missing character: There is no d in font nullfont!
Missing character: There is no o in font nullfont!
Missing character: There is no w in font nullfont!
Missing character: There is no s in font nullfont!
Missing character: There is no h in font nullfont!
Missing character: There is no o in font nullfont!
Missing character: There is no s in font nullfont!
Missing character: There is no t in font nullfont!
Missing character: There is no s in font nullfont!

! LaTeX Error: Command \guillemotright unavailable in encoding .

See the LaTeX manual or LaTeX Companion for explanation.
Type  H <return>  for immediate help.
 ...                                              
                                                  
l.2 ...load‚Äù, –≤—ã–±–∏—Ä–∞–µ–º ¬´Windows hosts¬ª
                                                   –∏ —É—Å—Ç–∞–Ω–∞–≤–ª–∏–≤–∞...

Your command was ignored.
Type  I <command> <return>  to replace it with another command,
or  <return>  to continue without it.


! LaTeX Error: Unicode character –∏ (U+0438)
               not set up for use with LaTeX.

See the LaTeX manual or LaTeX Companion for explanation.
Type  H <return>  for immediate help.
 ...                                              
                                                  
l.2 ...d‚Äù, –≤—ã–±–∏—Ä–∞–µ–º ¬´Windows hosts¬ª –∏
                                                   —É—Å—Ç–∞–Ω–∞–≤–ª–∏–≤–∞–µ–...

You may provide a definition with
\DeclareUnicodeCharacter 


! LaTeX Error: Unicode character —É (U+0443)
               not set up for use with LaTeX.

See the LaTeX manual or LaTeX Companion for explanation.
Type  H <return>  for immediate help.
 ...                                              
                                                  
l.2 ...ù, –≤—ã–±–∏—Ä–∞–µ–º ¬´Windows hosts¬ª –∏ —É
                                                  —Å—Ç–∞–Ω–∞–≤–ª–∏–≤–∞–µ–º ¬...

You may provide a definition with
\DeclareUnicodeCharacter 


! LaTeX Error: Unicode character —Å (U+0441)
               not set up for use with LaTeX.

See the LaTeX manual or LaTeX Companion for explanation.
Type  H <return>  for immediate help.
 ...                                              
                                                  
l.2 ... –≤—ã–±–∏—Ä–∞–µ–º ¬´Windows hosts¬ª –∏ —É—Å
                                                  —Ç–∞–Ω–∞–≤–ª–∏–≤–∞–µ–º ¬´V...

You may provide a definition with
\DeclareUnicodeCharacter 


! LaTeX Error: Unicode character —Ç (U+0442)
               not set up for use with LaTeX.

See the LaTeX manual or LaTeX Companion for explanation.
Type  H <return>  for immediate help.
 ...                                              
                                                  
l.2 ...≤—ã–±–∏—Ä–∞–µ–º ¬´Windows hosts¬ª –∏ —É—Å—Ç
                                                  –∞–Ω–∞–≤–ª–∏–≤–∞–µ–º ¬´Vir...

You may provide a definition with
\DeclareUnicodeCharacter 


! LaTeX Error: Unicode character –∞ (U+0430)
               not set up for use with LaTeX.

See the LaTeX manual or LaTeX Companion for explanation.
Type  H <return>  for immediate help.
 ...                                              
                                                  
l.2 ...ã–±–∏—Ä–∞–µ–º ¬´Windows hosts¬ª –∏ —É—Å—Ç–∞
                                                  –Ω–∞–≤–ª–∏–≤–∞–µ–º ¬´Virtu...

You may provide a definition with
\DeclareUnicodeCharacter 


! LaTeX Error: Unicode character –Ω (U+043D)
               not set up for use with LaTeX.

See the LaTeX manual or LaTeX Companion for explanation.
Type  H <return>  for immediate help.
 ...                                              
                                                  
l.2 ...±–∏—Ä–∞–µ–º ¬´Windows hosts¬ª –∏ —É—Å—Ç–∞–Ω
                                                  –∞–≤–ª–∏–≤–∞–µ–º ¬´Virtual...

You may provide a definition with
\DeclareUnicodeCharacter 


! LaTeX Error: Unicode character –∞ (U+0430)
               not set up for use with LaTeX.

See the LaTeX manual or LaTeX Companion for explanation.
Type  H <return>  for immediate help.
 ...                                              
                                                  
l.2 ...∏—Ä–∞–µ–º ¬´Windows hosts¬ª –∏ —É—Å—Ç–∞–Ω–∞
                                                  –≤–ª–∏–≤–∞–µ–º ¬´VirtualBo...

You may provide a definition with
\DeclareUnicodeCharacter 


! LaTeX Error: Unicode character –≤ (U+0432)
               not set up for use with LaTeX.

See the LaTeX manual or LaTeX Companion for explanation.
Type  H <return>  for immediate help.
 ...                                              
                                                  
l.2 ...Ä–∞–µ–º ¬´Windows hosts¬ª –∏ —É—Å—Ç–∞–Ω–∞–≤
                                                  –ª–∏–≤–∞–µ–º ¬´VirtualBox¬ª.
You may provide a definition with
\DeclareUnicodeCharacter 


! LaTeX Error: Unicode character –ª (U+043B)
               not set up for use with LaTeX.

See the LaTeX manual or LaTeX Companion for explanation.
Type  H <return>  for immediate help.
 ...                                              
                                                  
l.2 ...∞–µ–º ¬´Windows hosts¬ª –∏ —É—Å—Ç–∞–Ω–∞–≤–ª
                                                  –∏–≤–∞–µ–º ¬´VirtualBox¬ª.
You may provide a definition with
\DeclareUnicodeCharacter 


! LaTeX Error: Unicode character –∏ (U+0438)
               not set up for use with LaTeX.

See the LaTeX manual or LaTeX Companion for explanation.
Type  H <return>  for immediate help.
 ...                                              
                                                  
l.2 ...µ–º ¬´Windows hosts¬ª –∏ —É—Å—Ç–∞–Ω–∞–≤–ª–∏
                                                  –≤–∞–µ–º ¬´VirtualBox¬ª.
You may provide a definition with
\DeclareUnicodeCharacter 


! LaTeX Error: Unicode character –≤ (U+0432)
               not set up for use with LaTeX.

See the LaTeX manual or LaTeX Companion for explanation.
Type  H <return>  for immediate help.
 ...                                              
                                                  
l.2 ...º ¬´Windows hosts¬ª –∏ —É—Å—Ç–∞–Ω–∞–≤–ª–∏–≤
                                                  –∞–µ–º ¬´VirtualBox¬ª.
You may provide a definition with
\DeclareUnicodeCharacter 


! LaTeX Error: Unicode character –∞ (U+0430)
               not set up for use with LaTeX.

See the LaTeX manual or LaTeX Companion for explanation.
Type  H <return>  for immediate help.
 ...                                              
                                                  
l.2 ...¬´Windows hosts¬ª –∏ —É—Å—Ç–∞–Ω–∞–≤–ª–∏–≤–∞
                                                  –µ–º ¬´VirtualBox¬ª.
You may provide a definition with
\DeclareUnicodeCharacter 


! LaTeX Error: Unicode character –µ (U+0435)
               not set up for use with LaTeX.

See the LaTeX manual or LaTeX Companion for explanation.
Type  H <return>  for immediate help.
 ...                                              
                                                  
l.2 ...Windows hosts¬ª –∏ —É—Å—Ç–∞–Ω–∞–≤–ª–∏–≤–∞–µ
                                                  –º ¬´VirtualBox¬ª.
You may provide a definition with
\DeclareUnicodeCharacter 


! LaTeX Error: Unicode character –º (U+043C)
               not set up for use with LaTeX.

See the LaTeX manual or LaTeX Companion for explanation.
Type  H <return>  for immediate help.
 ...                                              
                                                  
l.2 ...ndows hosts¬ª –∏ —É—Å—Ç–∞–Ω–∞–≤–ª–∏–≤–∞–µ–º
                                                   ¬´VirtualBox¬ª.
You may provide a definition with
\DeclareUnicodeCharacter 


! LaTeX Error: Command \guillemotleft unavailable in encoding .

See the LaTeX manual or LaTeX Companion for explanation.
Type  H <return>  for immediate help.
 ...                                              
                                                  
l.2 ...ws hosts¬ª –∏ —É—Å—Ç–∞–Ω–∞–≤–ª–∏–≤–∞–µ–º ¬´
                                                  VirtualBox¬ª.
Your command was ignored.
Type  I <command> <return>  to replace it with another command,
or  <return>  to continue without it.

Missing character: There is no V in font nullfont!
Missing character: There is no i in font nullfont!
Missing character: There is no r in font nullfont!
Missing character: There is no t in font nullfont!
Missing character: There is no u in font nullfont!
Missing character: There is no a in font nullfont!
Missing character: There is no l in font nullfont!
Missing character: There is no B in font nullfont!
Missing character: There is no o in font nullfont!
Missing character: There is no x in font nullfont!

! LaTeX Error: Command \guillemotright unavailable in encoding .

See the LaTeX manual or LaTeX Companion for explanation.
Type  H <return>  for immediate help.
 ...                                              
                                                  
l.2 ...∏ —É—Å—Ç–∞–Ω–∞–≤–ª–∏–≤–∞–µ–º ¬´VirtualBox¬ª
                                                  .
Your command was ignored.
Type  I <command> <return>  to replace it with another command,
or  <return>  to continue without it.

Missing character: There is no . in font nullfont!

Overfull \hbox (20.0pt too wide) in paragraph at lines 2--3
[]
 []


Overfull \hbox (10.00003pt too wide) in paragraph at lines 2--3
\OT1/cmr/m/n/10 \"
 []


! LaTeX Error: Environment figure undefined.

See the LaTeX manual or LaTeX Companion for explanation.
Type  H <return>  for immediate help.
 ...                                              
                                                  
l.4 \begin{figure}
                  [h]	
Your command was ignored.
Type  I <command> <return>  to replace it with another command,
or  <return>  to continue without it.


! LaTeX Error: Missing \begin{document}.

See the LaTeX manual or LaTeX Companion for explanation.
Type  H <return>  for immediate help.
 ...                                              
                                                  
l.4 \begin{figure}[
                   h]	
You're in trouble here.  Try typing  <return>  to proceed.
If that doesn't work, type  X <return>  to quit.

Missing character: There is no [ in font nullfont!
Missing character: There is no h in font nullfont!
Missing character: There is no ] in font nullfont!
! Undefined control sequence.
l.6 		\includegraphics
                      [width=0.7\linewidth]{VM/1.png}
The control sequence at the end of the top line
of your error message was never \def'ed. If you have
misspelled it (e.g., `\hobx'), type `I' and the correct
spelling (e.g., `I\hbox'). Otherwise just continue,
and I'll forget about whatever was undefined.

Missing character: There is no [ in font nullfont!
Missing character: There is no w in font nullfont!
Missing character: There is no i in font nullfont!
Missing character: There is no d in font nullfont!
Missing character: There is no t in font nullfont!
Missing character: There is no h in font nullfont!
Missing character: There is no = in font nullfont!
Missing character: There is no 0 in font nullfont!
Missing character: There is no . in font nullfont!
Missing character: There is no 7 in font nullfont!
! Missing number, treated as zero.
<to be read again> 
                   ]
l.6 		\includegraphics[width=0.7\linewidth]
                                           {VM/1.png}
A number should have been here; I inserted `0'.
(If you can't figure out why I needed to see a number,
look up `weird error' in the index to The TeXbook.)

! Illegal unit of measure (pt inserted).
<to be read again> 
                   ]
l.6 		\includegraphics[width=0.7\linewidth]
                                           {VM/1.png}
Dimensions can be in units of em, ex, in, pt, pc,
cm, mm, dd, cc, nd, nc, bp, or sp; but yours is a new one!
I'll assume that you meant to say pt, for printer's points.
To recover gracefully from this error, it's best to
delete the erroneous units; e.g., type `2' to delete
two letters. (See Chapter 27 of The TeXbook.)

Missing character: There is no ] in font nullfont!
Missing character: There is no V in font nullfont!
Missing character: There is no M in font nullfont!
Missing character: There is no / in font nullfont!
Missing character: There is no 1 in font nullfont!
Missing character: There is no . in font nullfont!
Missing character: There is no p in font nullfont!
Missing character: There is no n in font nullfont!
Missing character: There is no g in font nullfont!

! LaTeX Error: \caption outside float.

See the LaTeX manual or LaTeX Companion for explanation.
Type  H <return>  for immediate help.
 ...                                              
                                                  
l.7 \caption
            {¬´Windows hosts¬ª.}
You're in trouble here.  Try typing  <return>  to proceed.
If that doesn't work, type  X <return>  to quit.


! LaTeX Error: Command \guillemotleft unavailable in encoding .

See the LaTeX manual or LaTeX Companion for explanation.
Type  H <return>  for immediate help.
 ...                                              
                                                  
l.7 \caption{¬´
               Windows hosts¬ª.}
Your command was ignored.
Type  I <command> <return>  to replace it with another command,
or  <return>  to continue without it.

Missing character: There is no W in font nullfont!
Missing character: There is no i in font nullfont!
Missing character: There is no n in font nullfont!
Missing character: There is no d in font nullfont!
Missing character: There is no o in font nullfont!
Missing character: There is no w in font nullfont!
Missing character: There is no s in font nullfont!
Missing character: There is no h in font nullfont!
Missing character: There is no o in font nullfont!
Missing character: There is no s in font nullfont!
Missing character: There is no t in font nullfont!
Missing character: There is no s in font nullfont!

! LaTeX Error: Command \guillemotright unavailable in encoding .

See the LaTeX manual or LaTeX Companion for explanation.
Type  H <return>  for immediate help.
 ...                                              
                                                  
l.7 \caption{¬´Windows hosts¬ª
                              .}
Your command was ignored.
Type  I <command> <return>  to replace it with another command,
or  <return>  to continue without it.

Missing character: There is no . in font nullfont!

! LaTeX Error: \begin{document} ended by \end{figure}.

See the LaTeX manual or LaTeX Companion for explanation.
Type  H <return>  for immediate help.
 ...                                              
                                                  
l.9 \end{figure}
                
Your command was ignored.
Type  I <command> <return>  to replace it with another command,
or  <return>  to continue without it.


Overfull \hbox (20.0pt too wide) in paragraph at lines 4--10
[]
 []


! LaTeX Error: Missing \begin{document}.

See the LaTeX manual or LaTeX Companion for explanation.
Type  H <return>  for immediate help.
 ...                                              
                                                  
l.11 \quad
           2.\quad –î–∞–ª–µ–µ, –¥–ª—è —Ç–æ–≥–æ —á—Ç–æ–±—ã –ª—é–±–∞—è –≤–∏—Ä—...

You're in trouble here.  Try typing  <return>  to proceed.
If that doesn't work, type  X <return>  to quit.

Missing character: There is no 2 in font nullfont!
Missing character: There is no . in font nullfont!

! LaTeX Error: Unicode character –î (U+0414)
               not set up for use with LaTeX.

See the LaTeX manual or LaTeX Companion for explanation.
Type  H <return>  for immediate help.
 ...                                              
                                                  
l.11 \quad 2.\quad –î
                     –∞–ª–µ–µ, –¥–ª—è —Ç–æ–≥–æ —á—Ç–æ–±—ã –ª—é–±–∞—è –≤–∏—Ä—...

You may provide a definition with
\DeclareUnicodeCharacter 


! LaTeX Error: Unicode character –∞ (U+0430)
               not set up for use with LaTeX.

See the LaTeX manual or LaTeX Companion for explanation.
Type  H <return>  for immediate help.
 ...                                              
                                                  
l.11 \quad 2.\quad –î–∞
                       –ª–µ–µ, –¥–ª—è —Ç–æ–≥–æ —á—Ç–æ–±—ã –ª—é–±–∞—è –≤–∏—Ä—...

You may provide a definition with
\DeclareUnicodeCharacter 


! LaTeX Error: Unicode character –ª (U+043B)
               not set up for use with LaTeX.

See the LaTeX manual or LaTeX Companion for explanation.
Type  H <return>  for immediate help.
 ...                                              
                                                  
l.11 \quad 2.\quad –î–∞–ª
                         –µ–µ, –¥–ª—è —Ç–æ–≥–æ —á—Ç–æ–±—ã –ª—é–±–∞—è –≤–∏—Ä—...

You may provide a definition with
\DeclareUnicodeCharacter 


! LaTeX Error: Unicode character –µ (U+0435)
               not set up for use with LaTeX.

See the LaTeX manual or LaTeX Companion for explanation.
Type  H <return>  for immediate help.
 ...                                              
                                                  
l.11 \quad 2.\quad –î–∞–ª–µ
                           –µ, –¥–ª—è —Ç–æ–≥–æ —á—Ç–æ–±—ã –ª—é–±–∞—è –≤–∏—Ä—...

You may provide a definition with
\DeclareUnicodeCharacter 


! LaTeX Error: Unicode character –µ (U+0435)
               not set up for use with LaTeX.

See the LaTeX manual or LaTeX Companion for explanation.
Type  H <return>  for immediate help.
 ...                                              
                                                  
l.11 \quad 2.\quad –î–∞–ª–µ–µ
                             , –¥–ª—è —Ç–æ–≥–æ —á—Ç–æ–±—ã –ª—é–±–∞—è –≤–∏—Ä—...

You may provide a definition with
\DeclareUnicodeCharacter 

Missing character: There is no , in font nullfont!

! LaTeX Error: Unicode character –¥ (U+0434)
               not set up for use with LaTeX.

See the LaTeX manual or LaTeX Companion for explanation.
Type  H <return>  for immediate help.
 ...                                              
                                                  
l.11 \quad 2.\quad –î–∞–ª–µ–µ, –¥
                                 –ª—è —Ç–æ–≥–æ —á—Ç–æ–±—ã –ª—é–±–∞—è –≤–∏—Ä—...

You may provide a definition with
\DeclareUnicodeCharacter 


! LaTeX Error: Unicode character –ª (U+043B)
               not set up for use with LaTeX.

See the LaTeX manual or LaTeX Companion for explanation.
Type  H <return>  for immediate help.
 ...                                              
                                                  
l.11 \quad 2.\quad –î–∞–ª–µ–µ, –¥–ª
                                   —è —Ç–æ–≥–æ —á—Ç–æ–±—ã –ª—é–±–∞—è –≤–∏—Ä—...

You may provide a definition with
\DeclareUnicodeCharacter 


! LaTeX Error: Unicode character —è (U+044F)
               not set up for use with LaTeX.

See the LaTeX manual or LaTeX Companion for explanation.
Type  H <return>  for immediate help.
 ...                                              
                                                  
l.11 \quad 2.\quad –î–∞–ª–µ–µ, –¥–ª—è
                                      —Ç–æ–≥–æ —á—Ç–æ–±—ã –ª—é–±–∞—è –≤–∏—Ä—...

You may provide a definition with
\DeclareUnicodeCharacter 


! LaTeX Error: Unicode character —Ç (U+0442)
               not set up for use with LaTeX.

See the LaTeX manual or LaTeX Companion for explanation.
Type  H <return>  for immediate help.
 ...                                              
                                                  
l.11 \quad 2.\quad –î–∞–ª–µ–µ, –¥–ª—è —Ç
                                        –æ–≥–æ —á—Ç–æ–±—ã –ª—é–±–∞—è –≤–∏—Ä—...

You may provide a definition with
\DeclareUnicodeCharacter 


! LaTeX Error: Unicode character –æ (U+043E)
               not set up for use with LaTeX.

See the LaTeX manual or LaTeX Companion for explanation.
Type  H <return>  for immediate help.
 ...                                              
                                                  
l.11 \quad 2.\quad –î–∞–ª–µ–µ, –¥–ª—è —Ç–æ
                                          –≥–æ —á—Ç–æ–±—ã –ª—é–±–∞—è –≤–∏—Ä—...

You may provide a definition with
\DeclareUnicodeCharacter 


! LaTeX Error: Unicode character –≥ (U+0433)
               not set up for use with LaTeX.

See the LaTeX manual or LaTeX Companion for explanation.
Type  H <return>  for immediate help.
 ...                                              
                                                  
l.11 \quad 2.\quad –î–∞–ª–µ–µ, –¥–ª—è —Ç–æ–≥
                                            –æ —á—Ç–æ–±—ã –ª—é–±–∞—è –≤–∏—Ä—...

You may provide a definition with
\DeclareUnicodeCharacter 


! LaTeX Error: Unicode character –æ (U+043E)
               not set up for use with LaTeX.

See the LaTeX manual or LaTeX Companion for explanation.
Type  H <return>  for immediate help.
 ...                                              
                                                  
l.11 \quad 2.\quad –î–∞–ª–µ–µ, –¥–ª—è —Ç–æ–≥–æ
                                               —á—Ç–æ–±—ã –ª—é–±–∞—è –≤–∏—Ä—...

You may provide a definition with
\DeclareUnicodeCharacter 


! LaTeX Error: Unicode character —á (U+0447)
               not set up for use with LaTeX.

See the LaTeX manual or LaTeX Companion for explanation.
Type  H <return>  for immediate help.
 ...                                              
                                                  
l.11 \quad 2.\quad –î–∞–ª–µ–µ, –¥–ª—è —Ç–æ–≥–æ —á
                                                 —Ç–æ–±—ã –ª—é–±–∞—è –≤–∏—Ä—...

You may provide a definition with
\DeclareUnicodeCharacter 


! LaTeX Error: Unicode character —Ç (U+0442)
               not set up for use with LaTeX.

See the LaTeX manual or LaTeX Companion for explanation.
Type  H <return>  for immediate help.
 ...                                              
                                                  
l.11 ...d 2.\quad –î–∞–ª–µ–µ, –¥–ª—è —Ç–æ–≥–æ —á—Ç
                                                  –æ–±—ã –ª—é–±–∞—è –≤–∏—Ä—Ç...

You may provide a definition with
\DeclareUnicodeCharacter 


! LaTeX Error: Unicode character –æ (U+043E)
               not set up for use with LaTeX.

See the LaTeX manual or LaTeX Companion for explanation.
Type  H <return>  for immediate help.
 ...                                              
                                                  
l.11 ...2.\quad –î–∞–ª–µ–µ, –¥–ª—è —Ç–æ–≥–æ —á—Ç–æ
                                                  –±—ã –ª—é–±–∞—è –≤–∏—Ä—Ç—É...

You may provide a definition with
\DeclareUnicodeCharacter 


! LaTeX Error: Unicode character –± (U+0431)
               not set up for use with LaTeX.

See the LaTeX manual or LaTeX Companion for explanation.
Type  H <return>  for immediate help.
 ...                                              
                                                  
l.11 ...\quad –î–∞–ª–µ–µ, –¥–ª—è —Ç–æ–≥–æ —á—Ç–æ–±
                                                  —ã –ª—é–±–∞—è –≤–∏—Ä—Ç—É–∞...

You may provide a definition with
\DeclareUnicodeCharacter 


! LaTeX Error: Unicode character —ã (U+044B)
               not set up for use with LaTeX.

See the LaTeX manual or LaTeX Companion for explanation.
Type  H <return>  for immediate help.
 ...                                              
                                                  
l.11 ...uad –î–∞–ª–µ–µ, –¥–ª—è —Ç–æ–≥–æ —á—Ç–æ–±—ã
                                                   –ª—é–±–∞—è –≤–∏—Ä—Ç—É–∞–ª...

You may provide a definition with
\DeclareUnicodeCharacter 


! LaTeX Error: Unicode character –ª (U+043B)
               not set up for use with LaTeX.

See the LaTeX manual or LaTeX Companion for explanation.
Type  H <return>  for immediate help.
 ...                                              
                                                  
l.11 ... –î–∞–ª–µ–µ, –¥–ª—è —Ç–æ–≥–æ —á—Ç–æ–±—ã –ª
                                                  —é–±–∞—è –≤–∏—Ä—Ç—É–∞–ª—å–...

You may provide a definition with
\DeclareUnicodeCharacter 


! LaTeX Error: Unicode character —é (U+044E)
               not set up for use with LaTeX.

See the LaTeX manual or LaTeX Companion for explanation.
Type  H <return>  for immediate help.
 ...                                              
                                                  
l.11 ...î–∞–ª–µ–µ, –¥–ª—è —Ç–æ–≥–æ —á—Ç–æ–±—ã –ª—é
                                                  –±–∞—è –≤–∏—Ä—Ç—É–∞–ª—å–Ω–...

You may provide a definition with
\DeclareUnicodeCharacter 


! LaTeX Error: Unicode character –± (U+0431)
               not set up for use with LaTeX.

See the LaTeX manual or LaTeX Companion for explanation.
Type  H <return>  for immediate help.
 ...                                              
                                                  
l.11 ...∞–ª–µ–µ, –¥–ª—è —Ç–æ–≥–æ —á—Ç–æ–±—ã –ª—é–±
                                                  –∞—è –≤–∏—Ä—Ç—É–∞–ª—å–Ω–∞—...

You may provide a definition with
\DeclareUnicodeCharacter 


! LaTeX Error: Unicode character –∞ (U+0430)
               not set up for use with LaTeX.

See the LaTeX manual or LaTeX Companion for explanation.
Type  H <return>  for immediate help.
 ...                                              
                                                  
l.11 ...ª–µ–µ, –¥–ª—è —Ç–æ–≥–æ —á—Ç–æ–±—ã –ª—é–±–∞
                                                  —è –≤–∏—Ä—Ç—É–∞–ª—å–Ω–∞—è ...

You may provide a definition with
\DeclareUnicodeCharacter 


! LaTeX Error: Unicode character —è (U+044F)
               not set up for use with LaTeX.

See the LaTeX manual or LaTeX Companion for explanation.
Type  H <return>  for immediate help.
 ...                                              
                                                  
l.11 ...µ–µ, –¥–ª—è —Ç–æ–≥–æ —á—Ç–æ–±—ã –ª—é–±–∞—è
                                                   –≤–∏—Ä—Ç—É–∞–ª—å–Ω–∞—è –º...

You may provide a definition with
\DeclareUnicodeCharacter 


! LaTeX Error: Unicode character –≤ (U+0432)
               not set up for use with LaTeX.

See the LaTeX manual or LaTeX Companion for explanation.
Type  H <return>  for immediate help.
 ...                                              
                                                  
l.11 ..., –¥–ª—è —Ç–æ–≥–æ —á—Ç–æ–±—ã –ª—é–±–∞—è –≤
                                                  –∏—Ä—Ç—É–∞–ª—å–Ω–∞—è –º–∞—...

You may provide a definition with
\DeclareUnicodeCharacter 


! LaTeX Error: Unicode character –∏ (U+0438)
               not set up for use with LaTeX.

See the LaTeX manual or LaTeX Companion for explanation.
Type  H <return>  for immediate help.
 ...                                              
                                                  
l.11 ...–¥–ª—è —Ç–æ–≥–æ —á—Ç–æ–±—ã –ª—é–±–∞—è –≤–∏
                                                  —Ä—Ç—É–∞–ª—å–Ω–∞—è –º–∞—à–...

You may provide a definition with
\DeclareUnicodeCharacter 


! LaTeX Error: Unicode character —Ä (U+0440)
               not set up for use with LaTeX.

See the LaTeX manual or LaTeX Companion for explanation.
Type  H <return>  for immediate help.
 ...                                              
                                                  
l.11 ...–ª—è —Ç–æ–≥–æ —á—Ç–æ–±—ã –ª—é–±–∞—è –≤–∏—Ä
                                                  —Ç—É–∞–ª—å–Ω–∞—è –º–∞—à–∏–...

You may provide a definition with
\DeclareUnicodeCharacter 


! LaTeX Error: Unicode character —Ç (U+0442)
               not set up for use with LaTeX.

See the LaTeX manual or LaTeX Companion for explanation.
Type  H <return>  for immediate help.
 ...                                              
                                                  
l.11 ...—è —Ç–æ–≥–æ —á—Ç–æ–±—ã –ª—é–±–∞—è –≤–∏—Ä—Ç
                                                  —É–∞–ª—å–Ω–∞—è –º–∞—à–∏–Ω–...

You may provide a definition with
\DeclareUnicodeCharacter 


! LaTeX Error: Unicode character —É (U+0443)
               not set up for use with LaTeX.

See the LaTeX manual or LaTeX Companion for explanation.
Type  H <return>  for immediate help.
 ...                                              
                                                  
l.11 ... —Ç–æ–≥–æ —á—Ç–æ–±—ã –ª—é–±–∞—è –≤–∏—Ä—Ç—É
                                                  –∞–ª—å–Ω–∞—è –º–∞—à–∏–Ω–∞ ...

You may provide a definition with
\DeclareUnicodeCharacter 


! LaTeX Error: Unicode character –∞ (U+0430)
               not set up for use with LaTeX.

See the LaTeX manual or LaTeX Companion for explanation.
Type  H <return>  for immediate help.
 ...                                              
                                                  
l.11 ...Ç–æ–≥–æ —á—Ç–æ–±—ã –ª—é–±–∞—è –≤–∏—Ä—Ç—É–∞
                                                  –ª—å–Ω–∞—è –º–∞—à–∏–Ω–∞ –º...

You may provide a definition with
\DeclareUnicodeCharacter 


! LaTeX Error: Unicode character –ª (U+043B)
               not set up for use with LaTeX.

See the LaTeX manual or LaTeX Companion for explanation.
Type  H <return>  for immediate help.
 ...                                              
                                                  
l.11 ...æ–≥–æ —á—Ç–æ–±—ã –ª—é–±–∞—è –≤–∏—Ä—Ç—É–∞–ª
                                                  —å–Ω–∞—è –º–∞—à–∏–Ω–∞ –º–æ...

You may provide a definition with
\DeclareUnicodeCharacter 


! LaTeX Error: Unicode character —å (U+044C)
               not set up for use with LaTeX.

See the LaTeX manual or LaTeX Companion for explanation.
Type  H <return>  for immediate help.
 ...                                              
                                                  
l.11 ...≥–æ —á—Ç–æ–±—ã –ª—é–±–∞—è –≤–∏—Ä—Ç—É–∞–ª—å
                                                  –Ω–∞—è –º–∞—à–∏–Ω–∞ –º–æ–≥...

You may provide a definition with
\DeclareUnicodeCharacter 


! LaTeX Error: Unicode character –Ω (U+043D)
               not set up for use with LaTeX.

See the LaTeX manual or LaTeX Companion for explanation.
Type  H <return>  for immediate help.
 ...                                              
                                                  
l.11 ...æ —á—Ç–æ–±—ã –ª—é–±–∞—è –≤–∏—Ä—Ç—É–∞–ª—å–Ω
                                                  –∞—è –º–∞—à–∏–Ω–∞ –º–æ–≥–ª...

You may provide a definition with
\DeclareUnicodeCharacter 


! LaTeX Error: Unicode character –∞ (U+0430)
               not set up for use with LaTeX.

See the LaTeX manual or LaTeX Companion for explanation.
Type  H <return>  for immediate help.
 ...                                              
                                                  
l.11 ...—á—Ç–æ–±—ã –ª—é–±–∞—è –≤–∏—Ä—Ç—É–∞–ª—å–Ω–∞
                                                  —è –º–∞—à–∏–Ω–∞ –º–æ–≥–ª–∞...

You may provide a definition with
\DeclareUnicodeCharacter 


! LaTeX Error: Unicode character —è (U+044F)
               not set up for use with LaTeX.

See the LaTeX manual or LaTeX Companion for explanation.
Type  H <return>  for immediate help.
 ...                                              
                                                  
l.11 ...—Ç–æ–±—ã –ª—é–±–∞—è –≤–∏—Ä—Ç—É–∞–ª—å–Ω–∞—è
                                                   –º–∞—à–∏–Ω–∞ –º–æ–≥–ª–∞ —...

You may provide a definition with
\DeclareUnicodeCharacter 


! LaTeX Error: Unicode character –º (U+043C)
               not set up for use with LaTeX.

See the LaTeX manual or LaTeX Companion for explanation.
Type  H <return>  for immediate help.
 ...                                              
                                                  
l.11 ...æ–±—ã –ª—é–±–∞—è –≤–∏—Ä—Ç—É–∞–ª—å–Ω–∞—è –º
                                                  –∞—à–∏–Ω–∞ –º–æ–≥–ª–∞ —Ä–∞...

You may provide a definition with
\DeclareUnicodeCharacter 


! LaTeX Error: Unicode character –∞ (U+0430)
               not set up for use with LaTeX.

See the LaTeX manual or LaTeX Companion for explanation.
Type  H <return>  for immediate help.
 ...                                              
                                                  
l.11 ...±—ã –ª—é–±–∞—è –≤–∏—Ä—Ç—É–∞–ª—å–Ω–∞—è –º–∞
                                                  —à–∏–Ω–∞ –º–æ–≥–ª–∞ —Ä–∞–±...

You may provide a definition with
\DeclareUnicodeCharacter 


! LaTeX Error: Unicode character —à (U+0448)
               not set up for use with LaTeX.

See the LaTeX manual or LaTeX Companion for explanation.
Type  H <return>  for immediate help.
 ...                                              
                                                  
l.11 ...ã –ª—é–±–∞—è –≤–∏—Ä—Ç—É–∞–ª—å–Ω–∞—è –º–∞—à
                                                  –∏–Ω–∞ –º–æ–≥–ª–∞ —Ä–∞–±–æ...

You may provide a definition with
\DeclareUnicodeCharacter 


! LaTeX Error: Unicode character –∏ (U+0438)
               not set up for use with LaTeX.

See the LaTeX manual or LaTeX Companion for explanation.
Type  H <return>  for immediate help.
 ...                                              
                                                  
l.11 ...–ª—é–±–∞—è –≤–∏—Ä—Ç—É–∞–ª—å–Ω–∞—è –º–∞—à–∏
                                                  –Ω–∞ –º–æ–≥–ª–∞ —Ä–∞–±–æ—Ç...

You may provide a definition with
\DeclareUnicodeCharacter 


! LaTeX Error: Unicode character –Ω (U+043D)
               not set up for use with LaTeX.

See the LaTeX manual or LaTeX Companion for explanation.
Type  H <return>  for immediate help.
 ...                                              
                                                  
l.11 ...—é–±–∞—è –≤–∏—Ä—Ç—É–∞–ª—å–Ω–∞—è –º–∞—à–∏–Ω
                                                  –∞ –º–æ–≥–ª–∞ —Ä–∞–±–æ—Ç–∞...

You may provide a definition with
\DeclareUnicodeCharacter 


! LaTeX Error: Unicode character –∞ (U+0430)
               not set up for use with LaTeX.

See the LaTeX manual or LaTeX Companion for explanation.
Type  H <return>  for immediate help.
 ...                                              
                                                  
l.11 ...–±–∞—è –≤–∏—Ä—Ç—É–∞–ª—å–Ω–∞—è –º–∞—à–∏–Ω–∞
                                                   –º–æ–≥–ª–∞ —Ä–∞–±–æ—Ç–∞—Ç...

You may provide a definition with
\DeclareUnicodeCharacter 


! LaTeX Error: Unicode character –º (U+043C)
               not set up for use with LaTeX.

See the LaTeX manual or LaTeX Companion for explanation.
Type  H <return>  for immediate help.
 ...                                              
                                                  
l.11 ...∞—è –≤–∏—Ä—Ç—É–∞–ª—å–Ω–∞—è –º–∞—à–∏–Ω–∞ –º
                                                  –æ–≥–ª–∞ —Ä–∞–±–æ—Ç–∞—Ç—å,...

You may provide a definition with
\DeclareUnicodeCharacter 


! LaTeX Error: Unicode character –æ (U+043E)
               not set up for use with LaTeX.

See the LaTeX manual or LaTeX Companion for explanation.
Type  H <return>  for immediate help.
 ...                                              
                                                  
l.11 ...è –≤–∏—Ä—Ç—É–∞–ª—å–Ω–∞—è –º–∞—à–∏–Ω–∞ –º–æ
                                                  –≥–ª–∞ —Ä–∞–±–æ—Ç–∞—Ç—å, –...

You may provide a definition with
\DeclareUnicodeCharacter 


! LaTeX Error: Unicode character –≥ (U+0433)
               not set up for use with LaTeX.

See the LaTeX manual or LaTeX Companion for explanation.
Type  H <return>  for immediate help.
 ...                                              
                                                  
l.11 ...–≤–∏—Ä—Ç—É–∞–ª—å–Ω–∞—è –º–∞—à–∏–Ω–∞ –º–æ–≥
                                                  –ª–∞ —Ä–∞–±–æ—Ç–∞—Ç—å, –Ω–...

You may provide a definition with
\DeclareUnicodeCharacter 


! LaTeX Error: Unicode character –ª (U+043B)
               not set up for use with LaTeX.

See the LaTeX manual or LaTeX Companion for explanation.
Type  H <return>  for immediate help.
 ...                                              
                                                  
l.11 ...–∏—Ä—Ç—É–∞–ª—å–Ω–∞—è –º–∞—à–∏–Ω–∞ –º–æ–≥–ª
                                                  –∞ —Ä–∞–±–æ—Ç–∞—Ç—å, –Ω–µ–...

You may provide a definition with
\DeclareUnicodeCharacter 


! LaTeX Error: Unicode character –∞ (U+0430)
               not set up for use with LaTeX.

See the LaTeX manual or LaTeX Companion for explanation.
Type  H <return>  for immediate help.
 ...                                              
                                                  
l.11 ...—Ä—Ç—É–∞–ª—å–Ω–∞—è –º–∞—à–∏–Ω–∞ –º–æ–≥–ª–∞
                                                   —Ä–∞–±–æ—Ç–∞—Ç—å, –Ω–µ–æ–...

You may provide a definition with
\DeclareUnicodeCharacter 


! LaTeX Error: Unicode character —Ä (U+0440)
               not set up for use with LaTeX.

See the LaTeX manual or LaTeX Companion for explanation.
Type  H <return>  for immediate help.
 ...                                              
                                                  
l.11 ...Ç—É–∞–ª—å–Ω–∞—è –º–∞—à–∏–Ω–∞ –º–æ–≥–ª–∞ —Ä
                                                  –∞–±–æ—Ç–∞—Ç—å, –Ω–µ–æ–±—Ö...

You may provide a definition with
\DeclareUnicodeCharacter 


! LaTeX Error: Unicode character –∞ (U+0430)
               not set up for use with LaTeX.

See the LaTeX manual or LaTeX Companion for explanation.
Type  H <return>  for immediate help.
 ...                                              
                                                  
l.11 ...É–∞–ª—å–Ω–∞—è –º–∞—à–∏–Ω–∞ –º–æ–≥–ª–∞ —Ä–∞
                                                  –±–æ—Ç–∞—Ç—å, –Ω–µ–æ–±—Ö–æ...

You may provide a definition with
\DeclareUnicodeCharacter 


! LaTeX Error: Unicode character –± (U+0431)
               not set up for use with LaTeX.

See the LaTeX manual or LaTeX Companion for explanation.
Type  H <return>  for immediate help.
 ...                                              
                                                  
l.11 ...∞–ª—å–Ω–∞—è –º–∞—à–∏–Ω–∞ –º–æ–≥–ª–∞ —Ä–∞–±
                                                  –æ—Ç–∞—Ç—å, –Ω–µ–æ–±—Ö–æ–¥...

You may provide a definition with
\DeclareUnicodeCharacter 


! LaTeX Error: Unicode character –æ (U+043E)
               not set up for use with LaTeX.

See the LaTeX manual or LaTeX Companion for explanation.
Type  H <return>  for immediate help.
 ...                                              
                                                  
l.11 ...ª—å–Ω–∞—è –º–∞—à–∏–Ω–∞ –º–æ–≥–ª–∞ —Ä–∞–±–æ
                                                  —Ç–∞—Ç—å, –Ω–µ–æ–±—Ö–æ–¥–∏...

You may provide a definition with
\DeclareUnicodeCharacter 


! LaTeX Error: Unicode character —Ç (U+0442)
               not set up for use with LaTeX.

See the LaTeX manual or LaTeX Companion for explanation.
Type  H <return>  for immediate help.
 ...                                              
                                                  
l.11 ...å–Ω–∞—è –º–∞—à–∏–Ω–∞ –º–æ–≥–ª–∞ —Ä–∞–±–æ—Ç
                                                  –∞—Ç—å, –Ω–µ–æ–±—Ö–æ–¥–∏–º...

You may provide a definition with
\DeclareUnicodeCharacter 


! LaTeX Error: Unicode character –∞ (U+0430)
               not set up for use with LaTeX.

See the LaTeX manual or LaTeX Companion for explanation.
Type  H <return>  for immediate help.
 ...                                              
                                                  
l.11 ...Ω–∞—è –º–∞—à–∏–Ω–∞ –º–æ–≥–ª–∞ —Ä–∞–±–æ—Ç–∞
                                                  —Ç—å, –Ω–µ–æ–±—Ö–æ–¥–∏–º–æ...

You may provide a definition with
\DeclareUnicodeCharacter 


! LaTeX Error: Unicode character —Ç (U+0442)
               not set up for use with LaTeX.

See the LaTeX manual or LaTeX Companion for explanation.
Type  H <return>  for immediate help.
 ...                                              
                                                  
l.11 ...∞—è –º–∞—à–∏–Ω–∞ –º–æ–≥–ª–∞ —Ä–∞–±–æ—Ç–∞—Ç
                                                  —å, –Ω–µ–æ–±—Ö–æ–¥–∏–º–æ –...

You may provide a definition with
\DeclareUnicodeCharacter 


! LaTeX Error: Unicode character —å (U+044C)
               not set up for use with LaTeX.

See the LaTeX manual or LaTeX Companion for explanation.
Type  H <return>  for immediate help.
 ...                                              
                                                  
l.11 ...è –º–∞—à–∏–Ω–∞ –º–æ–≥–ª–∞ —Ä–∞–±–æ—Ç–∞—Ç—å
                                                  , –Ω–µ–æ–±—Ö–æ–¥–∏–º–æ –≤–...

You may provide a definition with
\DeclareUnicodeCharacter 

Missing character: There is no , in font nullfont!

! LaTeX Error: Unicode character –Ω (U+043D)
               not set up for use with LaTeX.

See the LaTeX manual or LaTeX Companion for explanation.
Type  H <return>  for immediate help.
 ...                                              
                                                  
l.11 ...–∞—à–∏–Ω–∞ –º–æ–≥–ª–∞ —Ä–∞–±–æ—Ç–∞—Ç—å, –Ω
                                                  –µ–æ–±—Ö–æ–¥–∏–º–æ –≤–∫–ª—...

You may provide a definition with
\DeclareUnicodeCharacter 


! LaTeX Error: Unicode character –µ (U+0435)
               not set up for use with LaTeX.

See the LaTeX manual or LaTeX Companion for explanation.
Type  H <return>  for immediate help.
 ...                                              
                                                  
l.11 ...—à–∏–Ω–∞ –º–æ–≥–ª–∞ —Ä–∞–±–æ—Ç–∞—Ç—å, –Ω–µ
                                                  –æ–±—Ö–æ–¥–∏–º–æ –≤–∫–ª—é—...

You may provide a definition with
\DeclareUnicodeCharacter 


! LaTeX Error: Unicode character –æ (U+043E)
               not set up for use with LaTeX.

See the LaTeX manual or LaTeX Companion for explanation.
Type  H <return>  for immediate help.
 ...                                              
                                                  
l.11 ...–∏–Ω–∞ –º–æ–≥–ª–∞ —Ä–∞–±–æ—Ç–∞—Ç—å, –Ω–µ–æ
                                                  –±—Ö–æ–¥–∏–º–æ –≤–∫–ª—é—á–...

You may provide a definition with
\DeclareUnicodeCharacter 


! LaTeX Error: Unicode character –± (U+0431)
               not set up for use with LaTeX.

See the LaTeX manual or LaTeX Companion for explanation.
Type  H <return>  for immediate help.
 ...                                              
                                                  
l.11 ...–Ω–∞ –º–æ–≥–ª–∞ —Ä–∞–±–æ—Ç–∞—Ç—å, –Ω–µ–æ–±
                                                  —Ö–æ–¥–∏–º–æ –≤–∫–ª—é—á–∏—...

You may provide a definition with
\DeclareUnicodeCharacter 


! LaTeX Error: Unicode character —Ö (U+0445)
               not set up for use with LaTeX.

See the LaTeX manual or LaTeX Companion for explanation.
Type  H <return>  for immediate help.
 ...                                              
                                                  
l.11 ...–∞ –º–æ–≥–ª–∞ —Ä–∞–±–æ—Ç–∞—Ç—å, –Ω–µ–æ–±—Ö
                                                  –æ–¥–∏–º–æ –≤–∫–ª—é—á–∏—Ç—...

You may provide a definition with
\DeclareUnicodeCharacter 


! LaTeX Error: Unicode character –æ (U+043E)
               not set up for use with LaTeX.

See the LaTeX manual or LaTeX Companion for explanation.
Type  H <return>  for immediate help.
 ...                                              
                                                  
l.11 ... –º–æ–≥–ª–∞ —Ä–∞–±–æ—Ç–∞—Ç—å, –Ω–µ–æ–±—Ö–æ
                                                  –¥–∏–º–æ –≤–∫–ª—é—á–∏—Ç—å ...

You may provide a definition with
\DeclareUnicodeCharacter 


! LaTeX Error: Unicode character –¥ (U+0434)
               not set up for use with LaTeX.

See the LaTeX manual or LaTeX Companion for explanation.
Type  H <return>  for immediate help.
 ...                                              
                                                  
l.11 ...º–æ–≥–ª–∞ —Ä–∞–±–æ—Ç–∞—Ç—å, –Ω–µ–æ–±—Ö–æ–¥
                                                  –∏–º–æ –≤–∫–ª—é—á–∏—Ç—å –≤...

You may provide a definition with
\DeclareUnicodeCharacter 


! LaTeX Error: Unicode character –∏ (U+0438)
               not set up for use with LaTeX.

See the LaTeX manual or LaTeX Companion for explanation.
Type  H <return>  for immediate help.
 ...                                              
                                                  
l.11 ...æ–≥–ª–∞ —Ä–∞–±–æ—Ç–∞—Ç—å, –Ω–µ–æ–±—Ö–æ–¥–∏
                                                  –º–æ –≤–∫–ª—é—á–∏—Ç—å –≤–∏...

You may provide a definition with
\DeclareUnicodeCharacter 


! LaTeX Error: Unicode character –º (U+043C)
               not set up for use with LaTeX.

See the LaTeX manual or LaTeX Companion for explanation.
Type  H <return>  for immediate help.
 ...                                              
                                                  
l.11 ...≥–ª–∞ —Ä–∞–±–æ—Ç–∞—Ç—å, –Ω–µ–æ–±—Ö–æ–¥–∏–º
                                                  –æ –≤–∫–ª—é—á–∏—Ç—å –≤–∏—Ä...

You may provide a definition with
\DeclareUnicodeCharacter 


! LaTeX Error: Unicode character –æ (U+043E)
               not set up for use with LaTeX.

See the LaTeX manual or LaTeX Companion for explanation.
Type  H <return>  for immediate help.
 ...                                              
                                                  
l.11 ...ª–∞ —Ä–∞–±–æ—Ç–∞—Ç—å, –Ω–µ–æ–±—Ö–æ–¥–∏–º–æ
                                                   –≤–∫–ª—é—á–∏—Ç—å –≤–∏—Ä—Ç...

You may provide a definition with
\DeclareUnicodeCharacter 


! LaTeX Error: Unicode character –≤ (U+0432)
               not set up for use with LaTeX.

See the LaTeX manual or LaTeX Companion for explanation.
Type  H <return>  for immediate help.
 ...                                              
                                                  
l.11 ... —Ä–∞–±–æ—Ç–∞—Ç—å, –Ω–µ–æ–±—Ö–æ–¥–∏–º–æ –≤
                                                  –∫–ª—é—á–∏—Ç—å –≤–∏—Ä—Ç—É–...

You may provide a definition with
\DeclareUnicodeCharacter 


! LaTeX Error: Unicode character –∫ (U+043A)
               not set up for use with LaTeX.

See the LaTeX manual or LaTeX Companion for explanation.
Type  H <return>  for immediate help.
 ...                                              
                                                  
l.11 ...Ä–∞–±–æ—Ç–∞—Ç—å, –Ω–µ–æ–±—Ö–æ–¥–∏–º–æ –≤–∫
                                                  –ª—é—á–∏—Ç—å –≤–∏—Ä—Ç—É–∞–...

You may provide a definition with
\DeclareUnicodeCharacter 


! LaTeX Error: Unicode character –ª (U+043B)
               not set up for use with LaTeX.

See the LaTeX manual or LaTeX Companion for explanation.
Type  H <return>  for immediate help.
 ...                                              
                                                  
l.11 ...∞–±–æ—Ç–∞—Ç—å, –Ω–µ–æ–±—Ö–æ–¥–∏–º–æ –≤–∫–ª
                                                  —é—á–∏—Ç—å –≤–∏—Ä—Ç—É–∞–ª–...

You may provide a definition with
\DeclareUnicodeCharacter 


! LaTeX Error: Unicode character —é (U+044E)
               not set up for use with LaTeX.

See the LaTeX manual or LaTeX Companion for explanation.
Type  H <return>  for immediate help.
 ...                                              
                                                  
l.11 ...±–æ—Ç–∞—Ç—å, –Ω–µ–æ–±—Ö–æ–¥–∏–º–æ –≤–∫–ª—é
                                                  —á–∏—Ç—å –≤–∏—Ä—Ç—É–∞–ª–∏–...

You may provide a definition with
\DeclareUnicodeCharacter 


! LaTeX Error: Unicode character —á (U+0447)
               not set up for use with LaTeX.

See the LaTeX manual or LaTeX Companion for explanation.
Type  H <return>  for immediate help.
 ...                                              
                                                  
l.11 ...æ—Ç–∞—Ç—å, –Ω–µ–æ–±—Ö–æ–¥–∏–º–æ –≤–∫–ª—é—á
                                                  –∏—Ç—å –≤–∏—Ä—Ç—É–∞–ª–∏–∑–...

You may provide a definition with
\DeclareUnicodeCharacter 


! LaTeX Error: Unicode character –∏ (U+0438)
               not set up for use with LaTeX.

See the LaTeX manual or LaTeX Companion for explanation.
Type  H <return>  for immediate help.
 ...                                              
                                                  
l.11 ...Ç–∞—Ç—å, –Ω–µ–æ–±—Ö–æ–¥–∏–º–æ –≤–∫–ª—é—á–∏
                                                  —Ç—å –≤–∏—Ä—Ç—É–∞–ª–∏–∑–∞—...

You may provide a definition with
\DeclareUnicodeCharacter 


! LaTeX Error: Unicode character —Ç (U+0442)
               not set up for use with LaTeX.

See the LaTeX manual or LaTeX Companion for explanation.
Type  H <return>  for immediate help.
 ...                                              
                                                  
l.11 ...∞—Ç—å, –Ω–µ–æ–±—Ö–æ–¥–∏–º–æ –≤–∫–ª—é—á–∏—Ç
                                                  —å –≤–∏—Ä—Ç—É–∞–ª–∏–∑–∞—Ü–...

You may provide a definition with
\DeclareUnicodeCharacter 


! LaTeX Error: Unicode character —å (U+044C)
               not set up for use with LaTeX.

See the LaTeX manual or LaTeX Companion for explanation.
Type  H <return>  for immediate help.
 ...                                              
                                                  
l.11 ...Ç—å, –Ω–µ–æ–±—Ö–æ–¥–∏–º–æ –≤–∫–ª—é—á–∏—Ç—å
                                                   –≤–∏—Ä—Ç—É–∞–ª–∏–∑–∞—Ü–∏—...

You may provide a definition with
\DeclareUnicodeCharacter 


! LaTeX Error: Unicode character –≤ (U+0432)
               not set up for use with LaTeX.

See the LaTeX manual or LaTeX Companion for explanation.
Type  H <return>  for immediate help.
 ...                                              
                                                  
l.11 ..., –Ω–µ–æ–±—Ö–æ–¥–∏–º–æ –≤–∫–ª—é—á–∏—Ç—å –≤
                                                  –∏—Ä—Ç—É–∞–ª–∏–∑–∞—Ü–∏—é. ...

You may provide a definition with
\DeclareUnicodeCharacter 


! LaTeX Error: Unicode character –∏ (U+0438)
               not set up for use with LaTeX.

See the LaTeX manual or LaTeX Companion for explanation.
Type  H <return>  for immediate help.
 ...                                              
                                                  
l.11 ...–Ω–µ–æ–±—Ö–æ–¥–∏–º–æ –≤–∫–ª—é—á–∏—Ç—å –≤–∏
                                                  —Ä—Ç—É–∞–ª–∏–∑–∞—Ü–∏—é. –ß...

You may provide a definition with
\DeclareUnicodeCharacter 


! LaTeX Error: Unicode character —Ä (U+0440)
               not set up for use with LaTeX.

See the LaTeX manual or LaTeX Companion for explanation.
Type  H <return>  for immediate help.
 ...                                              
                                                  
l.11 ...–µ–æ–±—Ö–æ–¥–∏–º–æ –≤–∫–ª—é—á–∏—Ç—å –≤–∏—Ä
                                                  —Ç—É–∞–ª–∏–∑–∞—Ü–∏—é. –ß—Ç...

You may provide a definition with
\DeclareUnicodeCharacter 


! LaTeX Error: Unicode character —Ç (U+0442)
               not set up for use with LaTeX.

See the LaTeX manual or LaTeX Companion for explanation.
Type  H <return>  for immediate help.
 ...                                              
                                                  
l.11 ...–æ–±—Ö–æ–¥–∏–º–æ –≤–∫–ª—é—á–∏—Ç—å –≤–∏—Ä—Ç
                                                  —É–∞–ª–∏–∑–∞—Ü–∏—é. –ß—Ç–æ...

You may provide a definition with
\DeclareUnicodeCharacter 


! LaTeX Error: Unicode character —É (U+0443)
               not set up for use with LaTeX.

See the LaTeX manual or LaTeX Companion for explanation.
Type  H <return>  for immediate help.
 ...                                              
                                                  
l.11 ...–±—Ö–æ–¥–∏–º–æ –≤–∫–ª—é—á–∏—Ç—å –≤–∏—Ä—Ç—É
                                                  –∞–ª–∏–∑–∞—Ü–∏—é. –ß—Ç–æ–±...

You may provide a definition with
\DeclareUnicodeCharacter 


! LaTeX Error: Unicode character –∞ (U+0430)
               not set up for use with LaTeX.

See the LaTeX manual or LaTeX Companion for explanation.
Type  H <return>  for immediate help.
 ...                                              
                                                  
l.11 ...—Ö–æ–¥–∏–º–æ –≤–∫–ª—é—á–∏—Ç—å –≤–∏—Ä—Ç—É–∞
                                                  –ª–∏–∑–∞—Ü–∏—é. –ß—Ç–æ–±—ã...

You may provide a definition with
\DeclareUnicodeCharacter 


! LaTeX Error: Unicode character –ª (U+043B)
               not set up for use with LaTeX.

See the LaTeX manual or LaTeX Companion for explanation.
Type  H <return>  for immediate help.
 ...                                              
                                                  
l.11 ...–æ–¥–∏–º–æ –≤–∫–ª—é—á–∏—Ç—å –≤–∏—Ä—Ç—É–∞–ª
                                                  –∏–∑–∞—Ü–∏—é. –ß—Ç–æ–±—ã –...

You may provide a definition with
\DeclareUnicodeCharacter 


! LaTeX Error: Unicode character –∏ (U+0438)
               not set up for use with LaTeX.

See the LaTeX manual or LaTeX Companion for explanation.
Type  H <return>  for immediate help.
 ...                                              
                                                  
l.11 ...–¥–∏–º–æ –≤–∫–ª—é—á–∏—Ç—å –≤–∏—Ä—Ç—É–∞–ª–∏
                                                  –∑–∞—Ü–∏—é. –ß—Ç–æ–±—ã –ø—...

You may provide a definition with
\DeclareUnicodeCharacter 


! LaTeX Error: Unicode character –∑ (U+0437)
               not set up for use with LaTeX.

See the LaTeX manual or LaTeX Companion for explanation.
Type  H <return>  for immediate help.
 ...                                              
                                                  
l.11 ...–∏–º–æ –≤–∫–ª—é—á–∏—Ç—å –≤–∏—Ä—Ç—É–∞–ª–∏–∑
                                                  –∞—Ü–∏—é. –ß—Ç–æ–±—ã –ø—Ä–...

You may provide a definition with
\DeclareUnicodeCharacter 


! LaTeX Error: Unicode character –∞ (U+0430)
               not set up for use with LaTeX.

See the LaTeX manual or LaTeX Companion for explanation.
Type  H <return>  for immediate help.
 ...                                              
                                                  
l.11 ...–º–æ –≤–∫–ª—é—á–∏—Ç—å –≤–∏—Ä—Ç—É–∞–ª–∏–∑–∞
                                                  —Ü–∏—é. –ß—Ç–æ–±—ã –ø—Ä–æ–...

You may provide a definition with
\DeclareUnicodeCharacter 


! LaTeX Error: Unicode character —Ü (U+0446)
               not set up for use with LaTeX.

See the LaTeX manual or LaTeX Companion for explanation.
Type  H <return>  for immediate help.
 ...                                              
                                                  
l.11 ...–æ –≤–∫–ª—é—á–∏—Ç—å –≤–∏—Ä—Ç—É–∞–ª–∏–∑–∞—Ü
                                                  –∏—é. –ß—Ç–æ–±—ã –ø—Ä–æ–≤–...

You may provide a definition with
\DeclareUnicodeCharacter 


! LaTeX Error: Unicode character –∏ (U+0438)
               not set up for use with LaTeX.

See the LaTeX manual or LaTeX Companion for explanation.
Type  H <return>  for immediate help.
 ...                                              
                                                  
l.11 ... –≤–∫–ª—é—á–∏—Ç—å –≤–∏—Ä—Ç—É–∞–ª–∏–∑–∞—Ü–∏
                                                  —é. –ß—Ç–æ–±—ã –ø—Ä–æ–≤–µ—...

You may provide a definition with
\DeclareUnicodeCharacter 


! LaTeX Error: Unicode character —é (U+044E)
               not set up for use with LaTeX.

See the LaTeX manual or LaTeX Companion for explanation.
Type  H <return>  for immediate help.
 ...                                              
                                                  
l.11 ...≤–∫–ª—é—á–∏—Ç—å –≤–∏—Ä—Ç—É–∞–ª–∏–∑–∞—Ü–∏—é
                                                  . –ß—Ç–æ–±—ã –ø—Ä–æ–≤–µ—Ä–...

You may provide a definition with
\DeclareUnicodeCharacter 

Missing character: There is no . in font nullfont!

! LaTeX Error: Unicode character –ß (U+0427)
               not set up for use with LaTeX.

See the LaTeX manual or LaTeX Companion for explanation.
Type  H <return>  for immediate help.
 ...                                              
                                                  
l.11 ...ª—é—á–∏—Ç—å –≤–∏—Ä—Ç—É–∞–ª–∏–∑–∞—Ü–∏—é. –ß
                                                  —Ç–æ–±—ã –ø—Ä–æ–≤–µ—Ä–∏—Ç—...

You may provide a definition with
\DeclareUnicodeCharacter 


! LaTeX Error: Unicode character —Ç (U+0442)
               not set up for use with LaTeX.

See the LaTeX manual or LaTeX Companion for explanation.
Type  H <return>  for immediate help.
 ...                                              
                                                  
l.11 ...é—á–∏—Ç—å –≤–∏—Ä—Ç—É–∞–ª–∏–∑–∞—Ü–∏—é. –ß—Ç
                                                  –æ–±—ã –ø—Ä–æ–≤–µ—Ä–∏—Ç—å,...

You may provide a definition with
\DeclareUnicodeCharacter 


! LaTeX Error: Unicode character –æ (U+043E)
               not set up for use with LaTeX.

See the LaTeX manual or LaTeX Companion for explanation.
Type  H <return>  for immediate help.
 ...                                              
                                                  
l.11 ...á–∏—Ç—å –≤–∏—Ä—Ç—É–∞–ª–∏–∑–∞—Ü–∏—é. –ß—Ç–æ
                                                  –±—ã –ø—Ä–æ–≤–µ—Ä–∏—Ç—å, –...

You may provide a definition with
\DeclareUnicodeCharacter 


! LaTeX Error: Unicode character –± (U+0431)
               not set up for use with LaTeX.

See the LaTeX manual or LaTeX Companion for explanation.
Type  H <return>  for immediate help.
 ...                                              
                                                  
l.11 ...∏—Ç—å –≤–∏—Ä—Ç—É–∞–ª–∏–∑–∞—Ü–∏—é. –ß—Ç–æ–±
                                                  —ã –ø—Ä–æ–≤–µ—Ä–∏—Ç—å, –≤–...

You may provide a definition with
\DeclareUnicodeCharacter 


! LaTeX Error: Unicode character —ã (U+044B)
               not set up for use with LaTeX.

See the LaTeX manual or LaTeX Companion for explanation.
Type  H <return>  for immediate help.
 ...                                              
                                                  
l.11 ...Ç—å –≤–∏—Ä—Ç—É–∞–ª–∏–∑–∞—Ü–∏—é. –ß—Ç–æ–±—ã
                                                   –ø—Ä–æ–≤–µ—Ä–∏—Ç—å, –≤–∫–...

You may provide a definition with
\DeclareUnicodeCharacter 


! LaTeX Error: Unicode character –ø (U+043F)
               not set up for use with LaTeX.

See the LaTeX manual or LaTeX Companion for explanation.
Type  H <return>  for immediate help.
 ...                                              
                                                  
l.11 ... –≤–∏—Ä—Ç—É–∞–ª–∏–∑–∞—Ü–∏—é. –ß—Ç–æ–±—ã –ø
                                                  —Ä–æ–≤–µ—Ä–∏—Ç—å, –≤–∫–ª—é...

You may provide a definition with
\DeclareUnicodeCharacter 


! LaTeX Error: Unicode character —Ä (U+0440)
               not set up for use with LaTeX.

See the LaTeX manual or LaTeX Companion for explanation.
Type  H <return>  for immediate help.
 ...                                              
                                                  
l.11 ...≤–∏—Ä—Ç—É–∞–ª–∏–∑–∞—Ü–∏—é. –ß—Ç–æ–±—ã –ø—Ä
                                                  –æ–≤–µ—Ä–∏—Ç—å, –≤–∫–ª—é—á...

You may provide a definition with
\DeclareUnicodeCharacter 


! LaTeX Error: Unicode character –æ (U+043E)
               not set up for use with LaTeX.

See the LaTeX manual or LaTeX Companion for explanation.
Type  H <return>  for immediate help.
 ...                                              
                                                  
l.11 ...∏—Ä—Ç—É–∞–ª–∏–∑–∞—Ü–∏—é. –ß—Ç–æ–±—ã –ø—Ä–æ
                                                  –≤–µ—Ä–∏—Ç—å, –≤–∫–ª—é—á–µ...

You may provide a definition with
\DeclareUnicodeCharacter 


! LaTeX Error: Unicode character –≤ (U+0432)
               not set up for use with LaTeX.

See the LaTeX manual or LaTeX Companion for explanation.
Type  H <return>  for immediate help.
 ...                                              
                                                  
l.11 ...Ä—Ç—É–∞–ª–∏–∑–∞—Ü–∏—é. –ß—Ç–æ–±—ã –ø—Ä–æ–≤
                                                  –µ—Ä–∏—Ç—å, –≤–∫–ª—é—á–µ–Ω...

You may provide a definition with
\DeclareUnicodeCharacter 


! LaTeX Error: Unicode character –µ (U+0435)
               not set up for use with LaTeX.

See the LaTeX manual or LaTeX Companion for explanation.
Type  H <return>  for immediate help.
 ...                                              
                                                  
l.11 ...Ç—É–∞–ª–∏–∑–∞—Ü–∏—é. –ß—Ç–æ–±—ã –ø—Ä–æ–≤–µ
                                                  —Ä–∏—Ç—å, –≤–∫–ª—é—á–µ–Ω–∞...

You may provide a definition with
\DeclareUnicodeCharacter 


! LaTeX Error: Unicode character —Ä (U+0440)
               not set up for use with LaTeX.

See the LaTeX manual or LaTeX Companion for explanation.
Type  H <return>  for immediate help.
 ...                                              
                                                  
l.11 ...É–∞–ª–∏–∑–∞—Ü–∏—é. –ß—Ç–æ–±—ã –ø—Ä–æ–≤–µ—Ä
                                                  –∏—Ç—å, –≤–∫–ª—é—á–µ–Ω–∞ –...

You may provide a definition with
\DeclareUnicodeCharacter 


! LaTeX Error: Unicode character –∏ (U+0438)
               not set up for use with LaTeX.

See the LaTeX manual or LaTeX Companion for explanation.
Type  H <return>  for immediate help.
 ...                                              
                                                  
l.11 ...∞–ª–∏–∑–∞—Ü–∏—é. –ß—Ç–æ–±—ã –ø—Ä–æ–≤–µ—Ä–∏
                                                  —Ç—å, –≤–∫–ª—é—á–µ–Ω–∞ –ª–...

You may provide a definition with
\DeclareUnicodeCharacter 


! LaTeX Error: Unicode character —Ç (U+0442)
               not set up for use with LaTeX.

See the LaTeX manual or LaTeX Companion for explanation.
Type  H <return>  for immediate help.
 ...                                              
                                                  
l.11 ...ª–∏–∑–∞—Ü–∏—é. –ß—Ç–æ–±—ã –ø—Ä–æ–≤–µ—Ä–∏—Ç
                                                  —å, –≤–∫–ª—é—á–µ–Ω–∞ –ª–∏ ...

You may provide a definition with
\DeclareUnicodeCharacter 


! LaTeX Error: Unicode character —å (U+044C)
               not set up for use with LaTeX.

See the LaTeX manual or LaTeX Companion for explanation.
Type  H <return>  for immediate help.
 ...                                              
                                                  
l.11 ...∏–∑–∞—Ü–∏—é. –ß—Ç–æ–±—ã –ø—Ä–æ–≤–µ—Ä–∏—Ç—å
                                                  , –≤–∫–ª—é—á–µ–Ω–∞ –ª–∏ –æ...

You may provide a definition with
\DeclareUnicodeCharacter 

Missing character: There is no , in font nullfont!

! LaTeX Error: Unicode character –≤ (U+0432)
               not set up for use with LaTeX.

See the LaTeX manual or LaTeX Companion for explanation.
Type  H <return>  for immediate help.
 ...                                              
                                                  
l.11 ...∞—Ü–∏—é. –ß—Ç–æ–±—ã –ø—Ä–æ–≤–µ—Ä–∏—Ç—å, –≤
                                                  –∫–ª—é—á–µ–Ω–∞ –ª–∏ –æ–Ω–∞...

You may provide a definition with
\DeclareUnicodeCharacter 


! LaTeX Error: Unicode character –∫ (U+043A)
               not set up for use with LaTeX.

See the LaTeX manual or LaTeX Companion for explanation.
Type  H <return>  for immediate help.
 ...                                              
                                                  
l.11 ...Ü–∏—é. –ß—Ç–æ–±—ã –ø—Ä–æ–≤–µ—Ä–∏—Ç—å, –≤–∫
                                                  –ª—é—á–µ–Ω–∞ –ª–∏ –æ–Ω–∞, ...
(That makes 100 errors; please try again.) 
Here is how much of TeX's memory you used:
 57 strings out of 478287
 857 string characters out of 5849290
 289005 words of memory out of 5000000
 18353 multiletter control sequences out of 15000+600000
 469259 words of font info for 28 fonts, out of 8000000 for 9000
 1141 hyphenation exceptions out of 8191
 14i,0n,13p,595b,46s stack positions out of 5000i,500n,10000p,200000b,80000s

!  ==> Fatal error occurred, no output PDF file produced!
