This is pdfTeX, Version 3.141592653-2.6-1.40.22 (TeX Live 2022/dev/Debian) (preloaded format=pdflatex 2024.4.5)  12 JUN 2024 15:51
entering extended mode
 restricted \write18 enabled.
 %&-line parsing enabled.
**Spisok.tex
(./Spisok.tex
LaTeX2e <2021-11-15> patch level 1
L3 programming layer <2022-01-21>

! LaTeX Error: Missing \begin{document}.

See the LaTeX manual or LaTeX Companion for explanation.
Type  H <return>  for immediate help.
 ...                                              
                                                  
l.1 1
     .\quad –ü–æ–ª–Ω—ã–π –∏–Ω—Ç–µ—Ä–∞–∫—Ç–∏–≤–Ω—ã–π —Ç–µ—Å—Ç - –¢—Ä–µ–Ω–∞–∂—...

You're in trouble here.  Try typing  <return>  to proceed.
If that doesn't work, type  X <return>  to quit.

Missing character: There is no 1 in font nullfont!
Missing character: There is no . in font nullfont!

! LaTeX Error: Unicode character –ü (U+041F)
               not set up for use with LaTeX.

See the LaTeX manual or LaTeX Companion for explanation.
Type  H <return>  for immediate help.
 ...                                              
                                                  
l.1 1.\quad –ü
              –æ–ª–Ω—ã–π –∏–Ω—Ç–µ—Ä–∞–∫—Ç–∏–≤–Ω—ã–π —Ç–µ—Å—Ç - –¢—Ä–µ–Ω–∞–∂—...

You may provide a definition with
\DeclareUnicodeCharacter 


! LaTeX Error: Unicode character –æ (U+043E)
               not set up for use with LaTeX.

See the LaTeX manual or LaTeX Companion for explanation.
Type  H <return>  for immediate help.
 ...                                              
                                                  
l.1 1.\quad –ü–æ
                –ª–Ω—ã–π –∏–Ω—Ç–µ—Ä–∞–∫—Ç–∏–≤–Ω—ã–π —Ç–µ—Å—Ç - –¢—Ä–µ–Ω–∞–∂—...

You may provide a definition with
\DeclareUnicodeCharacter 


! LaTeX Error: Unicode character –ª (U+043B)
               not set up for use with LaTeX.

See the LaTeX manual or LaTeX Companion for explanation.
Type  H <return>  for immediate help.
 ...                                              
                                                  
l.1 1.\quad –ü–æ–ª
                  –Ω—ã–π –∏–Ω—Ç–µ—Ä–∞–∫—Ç–∏–≤–Ω—ã–π —Ç–µ—Å—Ç - –¢—Ä–µ–Ω–∞–∂—...

You may provide a definition with
\DeclareUnicodeCharacter 


! LaTeX Error: Unicode character –Ω (U+043D)
               not set up for use with LaTeX.

See the LaTeX manual or LaTeX Companion for explanation.
Type  H <return>  for immediate help.
 ...                                              
                                                  
l.1 1.\quad –ü–æ–ª–Ω
                    —ã–π –∏–Ω—Ç–µ—Ä–∞–∫—Ç–∏–≤–Ω—ã–π —Ç–µ—Å—Ç - –¢—Ä–µ–Ω–∞–∂—...

You may provide a definition with
\DeclareUnicodeCharacter 


! LaTeX Error: Unicode character —ã (U+044B)
               not set up for use with LaTeX.

See the LaTeX manual or LaTeX Companion for explanation.
Type  H <return>  for immediate help.
 ...                                              
                                                  
l.1 1.\quad –ü–æ–ª–Ω—ã
                      –π –∏–Ω—Ç–µ—Ä–∞–∫—Ç–∏–≤–Ω—ã–π —Ç–µ—Å—Ç - –¢—Ä–µ–Ω–∞–∂—...

You may provide a definition with
\DeclareUnicodeCharacter 


! LaTeX Error: Unicode character –π (U+0439)
               not set up for use with LaTeX.

See the LaTeX manual or LaTeX Companion for explanation.
Type  H <return>  for immediate help.
 ...                                              
                                                  
l.1 1.\quad –ü–æ–ª–Ω—ã–π
                         –∏–Ω—Ç–µ—Ä–∞–∫—Ç–∏–≤–Ω—ã–π —Ç–µ—Å—Ç - –¢—Ä–µ–Ω–∞–∂—...

You may provide a definition with
\DeclareUnicodeCharacter 


! LaTeX Error: Unicode character –∏ (U+0438)
               not set up for use with LaTeX.

See the LaTeX manual or LaTeX Companion for explanation.
Type  H <return>  for immediate help.
 ...                                              
                                                  
l.1 1.\quad –ü–æ–ª–Ω—ã–π –∏
                           –Ω—Ç–µ—Ä–∞–∫—Ç–∏–≤–Ω—ã–π —Ç–µ—Å—Ç - –¢—Ä–µ–Ω–∞–∂—...

You may provide a definition with
\DeclareUnicodeCharacter 


! LaTeX Error: Unicode character –Ω (U+043D)
               not set up for use with LaTeX.

See the LaTeX manual or LaTeX Companion for explanation.
Type  H <return>  for immediate help.
 ...                                              
                                                  
l.1 1.\quad –ü–æ–ª–Ω—ã–π –∏–Ω
                             —Ç–µ—Ä–∞–∫—Ç–∏–≤–Ω—ã–π —Ç–µ—Å—Ç - –¢—Ä–µ–Ω–∞–∂—...

You may provide a definition with
\DeclareUnicodeCharacter 


! LaTeX Error: Unicode character —Ç (U+0442)
               not set up for use with LaTeX.

See the LaTeX manual or LaTeX Companion for explanation.
Type  H <return>  for immediate help.
 ...                                              
                                                  
l.1 1.\quad –ü–æ–ª–Ω—ã–π –∏–Ω—Ç
                               –µ—Ä–∞–∫—Ç–∏–≤–Ω—ã–π —Ç–µ—Å—Ç - –¢—Ä–µ–Ω–∞–∂—...

You may provide a definition with
\DeclareUnicodeCharacter 


! LaTeX Error: Unicode character –µ (U+0435)
               not set up for use with LaTeX.

See the LaTeX manual or LaTeX Companion for explanation.
Type  H <return>  for immediate help.
 ...                                              
                                                  
l.1 1.\quad –ü–æ–ª–Ω—ã–π –∏–Ω—Ç–µ
                                 —Ä–∞–∫—Ç–∏–≤–Ω—ã–π —Ç–µ—Å—Ç - –¢—Ä–µ–Ω–∞–∂—...

You may provide a definition with
\DeclareUnicodeCharacter 


! LaTeX Error: Unicode character —Ä (U+0440)
               not set up for use with LaTeX.

See the LaTeX manual or LaTeX Companion for explanation.
Type  H <return>  for immediate help.
 ...                                              
                                                  
l.1 1.\quad –ü–æ–ª–Ω—ã–π –∏–Ω—Ç–µ—Ä
                                   –∞–∫—Ç–∏–≤–Ω—ã–π —Ç–µ—Å—Ç - –¢—Ä–µ–Ω–∞–∂—...

You may provide a definition with
\DeclareUnicodeCharacter 


! LaTeX Error: Unicode character –∞ (U+0430)
               not set up for use with LaTeX.

See the LaTeX manual or LaTeX Companion for explanation.
Type  H <return>  for immediate help.
 ...                                              
                                                  
l.1 1.\quad –ü–æ–ª–Ω—ã–π –∏–Ω—Ç–µ—Ä–∞
                                     –∫—Ç–∏–≤–Ω—ã–π —Ç–µ—Å—Ç - –¢—Ä–µ–Ω–∞–∂—...

You may provide a definition with
\DeclareUnicodeCharacter 


! LaTeX Error: Unicode character –∫ (U+043A)
               not set up for use with LaTeX.

See the LaTeX manual or LaTeX Companion for explanation.
Type  H <return>  for immediate help.
 ...                                              
                                                  
l.1 1.\quad –ü–æ–ª–Ω—ã–π –∏–Ω—Ç–µ—Ä–∞–∫
                                       —Ç–∏–≤–Ω—ã–π —Ç–µ—Å—Ç - –¢—Ä–µ–Ω–∞–∂—...

You may provide a definition with
\DeclareUnicodeCharacter 


! LaTeX Error: Unicode character —Ç (U+0442)
               not set up for use with LaTeX.

See the LaTeX manual or LaTeX Companion for explanation.
Type  H <return>  for immediate help.
 ...                                              
                                                  
l.1 1.\quad –ü–æ–ª–Ω—ã–π –∏–Ω—Ç–µ—Ä–∞–∫—Ç
                                         –∏–≤–Ω—ã–π —Ç–µ—Å—Ç - –¢—Ä–µ–Ω–∞–∂—...

You may provide a definition with
\DeclareUnicodeCharacter 


! LaTeX Error: Unicode character –∏ (U+0438)
               not set up for use with LaTeX.

See the LaTeX manual or LaTeX Companion for explanation.
Type  H <return>  for immediate help.
 ...                                              
                                                  
l.1 1.\quad –ü–æ–ª–Ω—ã–π –∏–Ω—Ç–µ—Ä–∞–∫—Ç–∏
                                           –≤–Ω—ã–π —Ç–µ—Å—Ç - –¢—Ä–µ–Ω–∞–∂—...

You may provide a definition with
\DeclareUnicodeCharacter 


! LaTeX Error: Unicode character –≤ (U+0432)
               not set up for use with LaTeX.

See the LaTeX manual or LaTeX Companion for explanation.
Type  H <return>  for immediate help.
 ...                                              
                                                  
l.1 1.\quad –ü–æ–ª–Ω—ã–π –∏–Ω—Ç–µ—Ä–∞–∫—Ç–∏–≤
                                             –Ω—ã–π —Ç–µ—Å—Ç - –¢—Ä–µ–Ω–∞–∂—...

You may provide a definition with
\DeclareUnicodeCharacter 


! LaTeX Error: Unicode character –Ω (U+043D)
               not set up for use with LaTeX.

See the LaTeX manual or LaTeX Companion for explanation.
Type  H <return>  for immediate help.
 ...                                              
                                                  
l.1 1.\quad –ü–æ–ª–Ω—ã–π –∏–Ω—Ç–µ—Ä–∞–∫—Ç–∏–≤–Ω
                                               —ã–π —Ç–µ—Å—Ç - –¢—Ä–µ–Ω–∞–∂—...

You may provide a definition with
\DeclareUnicodeCharacter 


! LaTeX Error: Unicode character —ã (U+044B)
               not set up for use with LaTeX.

See the LaTeX manual or LaTeX Companion for explanation.
Type  H <return>  for immediate help.
 ...                                              
                                                  
l.1 1.\quad –ü–æ–ª–Ω—ã–π –∏–Ω—Ç–µ—Ä–∞–∫—Ç–∏–≤–Ω—ã
                                                 –π —Ç–µ—Å—Ç - –¢—Ä–µ–Ω–∞–∂—...

You may provide a definition with
\DeclareUnicodeCharacter 


! LaTeX Error: Unicode character –π (U+0439)
               not set up for use with LaTeX.

See the LaTeX manual or LaTeX Companion for explanation.
Type  H <return>  for immediate help.
 ...                                              
                                                  
l.1 ...uad –ü–æ–ª–Ω—ã–π –∏–Ω—Ç–µ—Ä–∞–∫—Ç–∏–≤–Ω—ã–π
                                                   —Ç–µ—Å—Ç - –¢—Ä–µ–Ω–∞–∂—ë...

You may provide a definition with
\DeclareUnicodeCharacter 


! LaTeX Error: Unicode character —Ç (U+0442)
               not set up for use with LaTeX.

See the LaTeX manual or LaTeX Companion for explanation.
Type  H <return>  for immediate help.
 ...                                              
                                                  
l.1 ... –ü–æ–ª–Ω—ã–π –∏–Ω—Ç–µ—Ä–∞–∫—Ç–∏–≤–Ω—ã–π —Ç
                                                  –µ—Å—Ç - –¢—Ä–µ–Ω–∞–∂—ë—Ä ...

You may provide a definition with
\DeclareUnicodeCharacter 


! LaTeX Error: Unicode character –µ (U+0435)
               not set up for use with LaTeX.

See the LaTeX manual or LaTeX Companion for explanation.
Type  H <return>  for immediate help.
 ...                                              
                                                  
l.1 ...ü–æ–ª–Ω—ã–π –∏–Ω—Ç–µ—Ä–∞–∫—Ç–∏–≤–Ω—ã–π —Ç–µ
                                                  —Å—Ç - –¢—Ä–µ–Ω–∞–∂—ë—Ä ¬´...

You may provide a definition with
\DeclareUnicodeCharacter 


! LaTeX Error: Unicode character —Å (U+0441)
               not set up for use with LaTeX.

See the LaTeX manual or LaTeX Companion for explanation.
Type  H <return>  for immediate help.
 ...                                              
                                                  
l.1 ...æ–ª–Ω—ã–π –∏–Ω—Ç–µ—Ä–∞–∫—Ç–∏–≤–Ω—ã–π —Ç–µ—Å
                                                  —Ç - –¢—Ä–µ–Ω–∞–∂—ë—Ä ¬´–ß...

You may provide a definition with
\DeclareUnicodeCharacter 


! LaTeX Error: Unicode character —Ç (U+0442)
               not set up for use with LaTeX.

See the LaTeX manual or LaTeX Companion for explanation.
Type  H <return>  for immediate help.
 ...                                              
                                                  
l.1 ...ª–Ω—ã–π –∏–Ω—Ç–µ—Ä–∞–∫—Ç–∏–≤–Ω—ã–π —Ç–µ—Å—Ç
                                                   - –¢—Ä–µ–Ω–∞–∂—ë—Ä ¬´–ß–∞...

You may provide a definition with
\DeclareUnicodeCharacter 

Missing character: There is no - in font nullfont!

! LaTeX Error: Unicode character –¢ (U+0422)
               not set up for use with LaTeX.

See the LaTeX manual or LaTeX Companion for explanation.
Type  H <return>  for immediate help.
 ...                                              
                                                  
l.1 ...–π –∏–Ω—Ç–µ—Ä–∞–∫—Ç–∏–≤–Ω—ã–π —Ç–µ—Å—Ç - –¢
                                                  —Ä–µ–Ω–∞–∂—ë—Ä ¬´–ß–∞—Å –ï...

You may provide a definition with
\DeclareUnicodeCharacter 


! LaTeX Error: Unicode character —Ä (U+0440)
               not set up for use with LaTeX.

See the LaTeX manual or LaTeX Companion for explanation.
Type  H <return>  for immediate help.
 ...                                              
                                                  
l.1 ... –∏–Ω—Ç–µ—Ä–∞–∫—Ç–∏–≤–Ω—ã–π —Ç–µ—Å—Ç - –¢—Ä
                                                  –µ–Ω–∞–∂—ë—Ä ¬´–ß–∞—Å –ï–ì...

You may provide a definition with
\DeclareUnicodeCharacter 


! LaTeX Error: Unicode character –µ (U+0435)
               not set up for use with LaTeX.

See the LaTeX manual or LaTeX Companion for explanation.
Type  H <return>  for immediate help.
 ...                                              
                                                  
l.1 ...∏–Ω—Ç–µ—Ä–∞–∫—Ç–∏–≤–Ω—ã–π —Ç–µ—Å—Ç - –¢—Ä–µ
                                                  –Ω–∞–∂—ë—Ä ¬´–ß–∞—Å –ï–ì–≠...

You may provide a definition with
\DeclareUnicodeCharacter 


! LaTeX Error: Unicode character –Ω (U+043D)
               not set up for use with LaTeX.

See the LaTeX manual or LaTeX Companion for explanation.
Type  H <return>  for immediate help.
 ...                                              
                                                  
l.1 ...Ω—Ç–µ—Ä–∞–∫—Ç–∏–≤–Ω—ã–π —Ç–µ—Å—Ç - –¢—Ä–µ–Ω
                                                  –∞–∂—ë—Ä ¬´–ß–∞—Å –ï–ì–≠¬ª...

You may provide a definition with
\DeclareUnicodeCharacter 


! LaTeX Error: Unicode character –∞ (U+0430)
               not set up for use with LaTeX.

See the LaTeX manual or LaTeX Companion for explanation.
Type  H <return>  for immediate help.
 ...                                              
                                                  
l.1 ...Ç–µ—Ä–∞–∫—Ç–∏–≤–Ω—ã–π —Ç–µ—Å—Ç - –¢—Ä–µ–Ω–∞
                                                  –∂—ë—Ä ¬´–ß–∞—Å –ï–ì–≠¬ª -...

You may provide a definition with
\DeclareUnicodeCharacter 


! LaTeX Error: Unicode character –∂ (U+0436)
               not set up for use with LaTeX.

See the LaTeX manual or LaTeX Companion for explanation.
Type  H <return>  for immediate help.
 ...                                              
                                                  
l.1 ...µ—Ä–∞–∫—Ç–∏–≤–Ω—ã–π —Ç–µ—Å—Ç - –¢—Ä–µ–Ω–∞–∂
                                                  —ë—Ä ¬´–ß–∞—Å –ï–ì–≠¬ª - URL:

You may provide a definition with
\DeclareUnicodeCharacter 


! LaTeX Error: Unicode character —ë (U+0451)
               not set up for use with LaTeX.

See the LaTeX manual or LaTeX Companion for explanation.
Type  H <return>  for immediate help.
 ...                                              
                                                  
l.1 ...Ä–∞–∫—Ç–∏–≤–Ω—ã–π —Ç–µ—Å—Ç - –¢—Ä–µ–Ω–∞–∂—ë
                                                  —Ä ¬´–ß–∞—Å –ï–ì–≠¬ª - URL:
You may provide a definition with
\DeclareUnicodeCharacter 


! LaTeX Error: Unicode character —Ä (U+0440)
               not set up for use with LaTeX.

See the LaTeX manual or LaTeX Companion for explanation.
Type  H <return>  for immediate help.
 ...                                              
                                                  
l.1 ...∞–∫—Ç–∏–≤–Ω—ã–π —Ç–µ—Å—Ç - –¢—Ä–µ–Ω–∞–∂—ë—Ä
                                                   ¬´–ß–∞—Å –ï–ì–≠¬ª - URL:
You may provide a definition with
\DeclareUnicodeCharacter 


! LaTeX Error: Command \guillemotleft unavailable in encoding .

See the LaTeX manual or LaTeX Companion for explanation.
Type  H <return>  for immediate help.
 ...                                              
                                                  
l.1 ...—Ç–∏–≤–Ω—ã–π —Ç–µ—Å—Ç - –¢—Ä–µ–Ω–∞–∂—ë—Ä ¬´
                                                  –ß–∞—Å –ï–ì–≠¬ª - URL:
Your command was ignored.
Type  I <command> <return>  to replace it with another command,
or  <return>  to continue without it.


! LaTeX Error: Unicode character –ß (U+0427)
               not set up for use with LaTeX.

See the LaTeX manual or LaTeX Companion for explanation.
Type  H <return>  for immediate help.
 ...                                              
                                                  
l.1 ...–∏–≤–Ω—ã–π —Ç–µ—Å—Ç - –¢—Ä–µ–Ω–∞–∂—ë—Ä ¬´–ß
                                                  –∞—Å –ï–ì–≠¬ª - URL:
You may provide a definition with
\DeclareUnicodeCharacter 


! LaTeX Error: Unicode character –∞ (U+0430)
               not set up for use with LaTeX.

See the LaTeX manual or LaTeX Companion for explanation.
Type  H <return>  for immediate help.
 ...                                              
                                                  
l.1 ...–≤–Ω—ã–π —Ç–µ—Å—Ç - –¢—Ä–µ–Ω–∞–∂—ë—Ä ¬´–ß–∞
                                                  —Å –ï–ì–≠¬ª - URL:
You may provide a definition with
\DeclareUnicodeCharacter 


! LaTeX Error: Unicode character —Å (U+0441)
               not set up for use with LaTeX.

See the LaTeX manual or LaTeX Companion for explanation.
Type  H <return>  for immediate help.
 ...                                              
                                                  
l.1 ...–Ω—ã–π —Ç–µ—Å—Ç - –¢—Ä–µ–Ω–∞–∂—ë—Ä ¬´–ß–∞—Å
                                                   –ï–ì–≠¬ª - URL:
You may provide a definition with
\DeclareUnicodeCharacter 


! LaTeX Error: Unicode character –ï (U+0415)
               not set up for use with LaTeX.

See the LaTeX manual or LaTeX Companion for explanation.
Type  H <return>  for immediate help.
 ...                                              
                                                  
l.1 ...ã–π —Ç–µ—Å—Ç - –¢—Ä–µ–Ω–∞–∂—ë—Ä ¬´–ß–∞—Å –ï
                                                  –ì–≠¬ª - URL:
You may provide a definition with
\DeclareUnicodeCharacter 


! LaTeX Error: Unicode character –ì (U+0413)
               not set up for use with LaTeX.

See the LaTeX manual or LaTeX Companion for explanation.
Type  H <return>  for immediate help.
 ...                                              
                                                  
l.1 ...π —Ç–µ—Å—Ç - –¢—Ä–µ–Ω–∞–∂—ë—Ä ¬´–ß–∞—Å –ï–ì
                                                  –≠¬ª - URL:
You may provide a definition with
\DeclareUnicodeCharacter 


! LaTeX Error: Unicode character –≠ (U+042D)
               not set up for use with LaTeX.

See the LaTeX manual or LaTeX Companion for explanation.
Type  H <return>  for immediate help.
 ...                                              
                                                  
l.1 ...—Ç–µ—Å—Ç - –¢—Ä–µ–Ω–∞–∂—ë—Ä ¬´–ß–∞—Å –ï–ì–≠
                                                  ¬ª - URL:
You may provide a definition with
\DeclareUnicodeCharacter 


! LaTeX Error: Command \guillemotright unavailable in encoding .

See the LaTeX manual or LaTeX Companion for explanation.
Type  H <return>  for immediate help.
 ...                                              
                                                  
l.1 ...–µ—Å—Ç - –¢—Ä–µ–Ω–∞–∂—ë—Ä ¬´–ß–∞—Å –ï–ì–≠¬ª
                                                   - URL:
Your command was ignored.
Type  I <command> <return>  to replace it with another command,
or  <return>  to continue without it.

Missing character: There is no - in font nullfont!
Missing character: There is no U in font nullfont!
Missing character: There is no R in font nullfont!
Missing character: There is no L in font nullfont!
Missing character: There is no : in font nullfont!
Missing character: There is no h in font nullfont!
Missing character: There is no t in font nullfont!
Missing character: There is no t in font nullfont!
Missing character: There is no p in font nullfont!
Missing character: There is no s in font nullfont!
Missing character: There is no : in font nullfont!
Missing character: There is no / in font nullfont!
Missing character: There is no / in font nullfont!
Missing character: There is no m in font nullfont!
Missing character: There is no a in font nullfont!
Missing character: There is no t in font nullfont!
Missing character: There is no h in font nullfont!
Missing character: There is no . in font nullfont!
Missing character: There is no v in font nullfont!
Missing character: There is no s in font nullfont!
Missing character: There is no u in font nullfont!
Missing character: There is no . in font nullfont!
Missing character: There is no r in font nullfont!
Missing character: There is no u in font nullfont!
Missing character: There is no / in font nullfont!
Missing character: There is no c in font nullfont!
Missing character: There is no h in font nullfont!
Missing character: There is no a in font nullfont!
Missing character: There is no s in font nullfont!
Missing character: There is no - in font nullfont!
Missing character: There is no e in font nullfont!
Missing character: There is no g in font nullfont!
Missing character: There is no e in font nullfont!
Missing character: There is no / in font nullfont!
Missing character: There is no s in font nullfont!
Missing character: There is no h in font nullfont!
Missing character: There is no / in font nullfont!
Missing character: There is no p in font nullfont!
Missing character: There is no o in font nullfont!
Missing character: There is no l in font nullfont!
Missing character: There is no n in font nullfont!
Missing character: There is no m in font nullfont!
Missing character: There is no a in font nullfont!
Missing character: There is no t in font nullfont!
Missing character: There is no . in font nullfont!
Missing character: There is no h in font nullfont!
Missing character: There is no t in font nullfont!
Missing character: There is no m in font nullfont!
Missing character: There is no l in font nullfont!
Missing character: There is no ( in font nullfont!

! LaTeX Error: Unicode character –¥ (U+0434)
               not set up for use with LaTeX.

See the LaTeX manual or LaTeX Companion for explanation.
Type  H <return>  for immediate help.
 ...                                              
                                                  
l.2 ...://math.vsu.ru/chas-ege/sh/polnmat.html (–¥
                                                  –∞—Ç–∞ –æ–±—Ä–∞—â–µ–Ω–∏—è:
You may provide a definition with
\DeclareUnicodeCharacter 


! LaTeX Error: Unicode character –∞ (U+0430)
               not set up for use with LaTeX.

See the LaTeX manual or LaTeX Companion for explanation.
Type  H <return>  for immediate help.
 ...                                              
                                                  
l.2 .../math.vsu.ru/chas-ege/sh/polnmat.html (–¥–∞
                                                  —Ç–∞ –æ–±—Ä–∞—â–µ–Ω–∏—è:
You may provide a definition with
\DeclareUnicodeCharacter 


! LaTeX Error: Unicode character —Ç (U+0442)
               not set up for use with LaTeX.

See the LaTeX manual or LaTeX Companion for explanation.
Type  H <return>  for immediate help.
 ...                                              
                                                  
l.2 ...ath.vsu.ru/chas-ege/sh/polnmat.html (–¥–∞—Ç
                                                  –∞ –æ–±—Ä–∞—â–µ–Ω–∏—è:
You may provide a definition with
\DeclareUnicodeCharacter 


! LaTeX Error: Unicode character –∞ (U+0430)
               not set up for use with LaTeX.

See the LaTeX manual or LaTeX Companion for explanation.
Type  H <return>  for immediate help.
 ...                                              
                                                  
l.2 ...h.vsu.ru/chas-ege/sh/polnmat.html (–¥–∞—Ç–∞
                                                   –æ–±—Ä–∞—â–µ–Ω–∏—è:
You may provide a definition with
\DeclareUnicodeCharacter 


! LaTeX Error: Unicode character –æ (U+043E)
               not set up for use with LaTeX.

See the LaTeX manual or LaTeX Companion for explanation.
Type  H <return>  for immediate help.
 ...                                              
                                                  
l.2 ...su.ru/chas-ege/sh/polnmat.html (–¥–∞—Ç–∞ –æ
                                                  –±—Ä–∞—â–µ–Ω–∏—è:
You may provide a definition with
\DeclareUnicodeCharacter 


! LaTeX Error: Unicode character –± (U+0431)
               not set up for use with LaTeX.

See the LaTeX manual or LaTeX Companion for explanation.
Type  H <return>  for immediate help.
 ...                                              
                                                  
l.2 ....ru/chas-ege/sh/polnmat.html (–¥–∞—Ç–∞ –æ–±
                                                  —Ä–∞—â–µ–Ω–∏—è:
You may provide a definition with
\DeclareUnicodeCharacter 


! LaTeX Error: Unicode character —Ä (U+0440)
               not set up for use with LaTeX.

See the LaTeX manual or LaTeX Companion for explanation.
Type  H <return>  for immediate help.
 ...                                              
                                                  
l.2 ...u/chas-ege/sh/polnmat.html (–¥–∞—Ç–∞ –æ–±—Ä
                                                  –∞—â–µ–Ω–∏—è:
You may provide a definition with
\DeclareUnicodeCharacter 


! LaTeX Error: Unicode character –∞ (U+0430)
               not set up for use with LaTeX.

See the LaTeX manual or LaTeX Companion for explanation.
Type  H <return>  for immediate help.
 ...                                              
                                                  
l.2 ...chas-ege/sh/polnmat.html (–¥–∞—Ç–∞ –æ–±—Ä–∞
                                                  —â–µ–Ω–∏—è:
You may provide a definition with
\DeclareUnicodeCharacter 


! LaTeX Error: Unicode character —â (U+0449)
               not set up for use with LaTeX.

See the LaTeX manual or LaTeX Companion for explanation.
Type  H <return>  for immediate help.
 ...                                              
                                                  
l.2 ...as-ege/sh/polnmat.html (–¥–∞—Ç–∞ –æ–±—Ä–∞—â
                                                  –µ–Ω–∏—è:
You may provide a definition with
\DeclareUnicodeCharacter 


! LaTeX Error: Unicode character –µ (U+0435)
               not set up for use with LaTeX.

See the LaTeX manual or LaTeX Companion for explanation.
Type  H <return>  for immediate help.
 ...                                              
                                                  
l.2 ...-ege/sh/polnmat.html (–¥–∞—Ç–∞ –æ–±—Ä–∞—â–µ
                                                  –Ω–∏—è:
You may provide a definition with
\DeclareUnicodeCharacter 


! LaTeX Error: Unicode character –Ω (U+043D)
               not set up for use with LaTeX.

See the LaTeX manual or LaTeX Companion for explanation.
Type  H <return>  for immediate help.
 ...                                              
                                                  
l.2 ...ge/sh/polnmat.html (–¥–∞—Ç–∞ –æ–±—Ä–∞—â–µ–Ω
                                                  –∏—è:
You may provide a definition with
\DeclareUnicodeCharacter 


! LaTeX Error: Unicode character –∏ (U+0438)
               not set up for use with LaTeX.

See the LaTeX manual or LaTeX Companion for explanation.
Type  H <return>  for immediate help.
 ...                                              
                                                  
l.2 .../sh/polnmat.html (–¥–∞—Ç–∞ –æ–±—Ä–∞—â–µ–Ω–∏
                                                  —è:
You may provide a definition with
\DeclareUnicodeCharacter 


! LaTeX Error: Unicode character —è (U+044F)
               not set up for use with LaTeX.

See the LaTeX manual or LaTeX Companion for explanation.
Type  H <return>  for immediate help.
 ...                                              
                                                  
l.2 ...h/polnmat.html (–¥–∞—Ç–∞ –æ–±—Ä–∞—â–µ–Ω–∏—è
                                                  :
You may provide a definition with
\DeclareUnicodeCharacter 

Missing character: There is no : in font nullfont!
Missing character: There is no 1 in font nullfont!
Missing character: There is no 8 in font nullfont!
Missing character: There is no . in font nullfont!
Missing character: There is no 0 in font nullfont!
Missing character: There is no 4 in font nullfont!
Missing character: There is no . in font nullfont!
Missing character: There is no 2 in font nullfont!
Missing character: There is no 0 in font nullfont!
Missing character: There is no 2 in font nullfont!
Missing character: There is no 4 in font nullfont!
Missing character: There is no ) in font nullfont!
Missing character: There is no . in font nullfont!
Missing character: There is no 2 in font nullfont!
Missing character: There is no . in font nullfont!

! LaTeX Error: Unicode character –õ (U+041B)
               not set up for use with LaTeX.

See the LaTeX manual or LaTeX Companion for explanation.
Type  H <return>  for immediate help.
 ...                                              
                                                  
l.4 \\2.\quad \textbf{–õ—å–≤–æ–≤—Å–∫–∏–π –°. –ú.}
                                                  ¬´–ù–∞–±–æ—Ä –∏ –≤–µ—Ä—Å—Ç...

You may provide a definition with
\DeclareUnicodeCharacter 


! LaTeX Error: Unicode character —å (U+044C)
               not set up for use with LaTeX.

See the LaTeX manual or LaTeX Companion for explanation.
Type  H <return>  for immediate help.
 ...                                              
                                                  
l.4 \\2.\quad \textbf{–õ—å–≤–æ–≤—Å–∫–∏–π –°. –ú.}
                                                  ¬´–ù–∞–±–æ—Ä –∏ –≤–µ—Ä—Å—Ç...

You may provide a definition with
\DeclareUnicodeCharacter 


! LaTeX Error: Unicode character –≤ (U+0432)
               not set up for use with LaTeX.

See the LaTeX manual or LaTeX Companion for explanation.
Type  H <return>  for immediate help.
 ...                                              
                                                  
l.4 \\2.\quad \textbf{–õ—å–≤–æ–≤—Å–∫–∏–π –°. –ú.}
                                                  ¬´–ù–∞–±–æ—Ä –∏ –≤–µ—Ä—Å—Ç...

You may provide a definition with
\DeclareUnicodeCharacter 


! LaTeX Error: Unicode character –æ (U+043E)
               not set up for use with LaTeX.

See the LaTeX manual or LaTeX Companion for explanation.
Type  H <return>  for immediate help.
 ...                                              
                                                  
l.4 \\2.\quad \textbf{–õ—å–≤–æ–≤—Å–∫–∏–π –°. –ú.}
                                                  ¬´–ù–∞–±–æ—Ä –∏ –≤–µ—Ä—Å—Ç...

You may provide a definition with
\DeclareUnicodeCharacter 


! LaTeX Error: Unicode character –≤ (U+0432)
               not set up for use with LaTeX.

See the LaTeX manual or LaTeX Companion for explanation.
Type  H <return>  for immediate help.
 ...                                              
                                                  
l.4 \\2.\quad \textbf{–õ—å–≤–æ–≤—Å–∫–∏–π –°. –ú.}
                                                  ¬´–ù–∞–±–æ—Ä –∏ –≤–µ—Ä—Å—Ç...

You may provide a definition with
\DeclareUnicodeCharacter 


! LaTeX Error: Unicode character —Å (U+0441)
               not set up for use with LaTeX.

See the LaTeX manual or LaTeX Companion for explanation.
Type  H <return>  for immediate help.
 ...                                              
                                                  
l.4 \\2.\quad \textbf{–õ—å–≤–æ–≤—Å–∫–∏–π –°. –ú.}
                                                  ¬´–ù–∞–±–æ—Ä –∏ –≤–µ—Ä—Å—Ç...

You may provide a definition with
\DeclareUnicodeCharacter 


! LaTeX Error: Unicode character –∫ (U+043A)
               not set up for use with LaTeX.

See the LaTeX manual or LaTeX Companion for explanation.
Type  H <return>  for immediate help.
 ...                                              
                                                  
l.4 \\2.\quad \textbf{–õ—å–≤–æ–≤—Å–∫–∏–π –°. –ú.}
                                                  ¬´–ù–∞–±–æ—Ä –∏ –≤–µ—Ä—Å—Ç...

You may provide a definition with
\DeclareUnicodeCharacter 


! LaTeX Error: Unicode character –∏ (U+0438)
               not set up for use with LaTeX.

See the LaTeX manual or LaTeX Companion for explanation.
Type  H <return>  for immediate help.
 ...                                              
                                                  
l.4 \\2.\quad \textbf{–õ—å–≤–æ–≤—Å–∫–∏–π –°. –ú.}
                                                  ¬´–ù–∞–±–æ—Ä –∏ –≤–µ—Ä—Å—Ç...

You may provide a definition with
\DeclareUnicodeCharacter 


! LaTeX Error: Unicode character –π (U+0439)
               not set up for use with LaTeX.

See the LaTeX manual or LaTeX Companion for explanation.
Type  H <return>  for immediate help.
 ...                                              
                                                  
l.4 \\2.\quad \textbf{–õ—å–≤–æ–≤—Å–∫–∏–π –°. –ú.}
                                                  ¬´–ù–∞–±–æ—Ä –∏ –≤–µ—Ä—Å—Ç...

You may provide a definition with
\DeclareUnicodeCharacter 


! LaTeX Error: Unicode character –° (U+0421)
               not set up for use with LaTeX.

See the LaTeX manual or LaTeX Companion for explanation.
Type  H <return>  for immediate help.
 ...                                              
                                                  
l.4 \\2.\quad \textbf{–õ—å–≤–æ–≤—Å–∫–∏–π –°. –ú.}
                                                  ¬´–ù–∞–±–æ—Ä –∏ –≤–µ—Ä—Å—Ç...

You may provide a definition with
\DeclareUnicodeCharacter 


! LaTeX Error: Unicode character –ú (U+041C)
               not set up for use with LaTeX.

See the LaTeX manual or LaTeX Companion for explanation.
Type  H <return>  for immediate help.
 ...                                              
                                                  
l.4 \\2.\quad \textbf{–õ—å–≤–æ–≤—Å–∫–∏–π –°. –ú.}
                                                  ¬´–ù–∞–±–æ—Ä –∏ –≤–µ—Ä—Å—Ç...

You may provide a definition with
\DeclareUnicodeCharacter 


! LaTeX Error: Command \guillemotleft unavailable in encoding .

See the LaTeX manual or LaTeX Companion for explanation.
Type  H <return>  for immediate help.
 ...                                              
                                                  
l.4 ...quad \textbf{–õ—å–≤–æ–≤—Å–∫–∏–π –°. –ú.} ¬´
                                                  –ù–∞–±–æ—Ä –∏ –≤–µ—Ä—Å—Ç–∫...

Your command was ignored.
Type  I <command> <return>  to replace it with another command,
or  <return>  to continue without it.


! LaTeX Error: Unicode character –ù (U+041D)
               not set up for use with LaTeX.

See the LaTeX manual or LaTeX Companion for explanation.
Type  H <return>  for immediate help.
 ...                                              
                                                  
l.4 ...ad \textbf{–õ—å–≤–æ–≤—Å–∫–∏–π –°. –ú.} ¬´–ù
                                                  –∞–±–æ—Ä –∏ –≤–µ—Ä—Å—Ç–∫–∞...

You may provide a definition with
\DeclareUnicodeCharacter 


! LaTeX Error: Unicode character –∞ (U+0430)
               not set up for use with LaTeX.

See the LaTeX manual or LaTeX Companion for explanation.
Type  H <return>  for immediate help.
 ...                                              
                                                  
l.4 ... \textbf{–õ—å–≤–æ–≤—Å–∫–∏–π –°. –ú.} ¬´–ù–∞
                                                  –±–æ—Ä –∏ –≤–µ—Ä—Å—Ç–∫–∞ –...

You may provide a definition with
\DeclareUnicodeCharacter 


! LaTeX Error: Unicode character –± (U+0431)
               not set up for use with LaTeX.

See the LaTeX manual or LaTeX Companion for explanation.
Type  H <return>  for immediate help.
 ...                                              
                                                  
l.4 ...textbf{–õ—å–≤–æ–≤—Å–∫–∏–π –°. –ú.} ¬´–ù–∞–±
                                                  –æ—Ä –∏ –≤–µ—Ä—Å—Ç–∫–∞ –≤ ...

You may provide a definition with
\DeclareUnicodeCharacter 


! LaTeX Error: Unicode character –æ (U+043E)
               not set up for use with LaTeX.

See the LaTeX manual or LaTeX Companion for explanation.
Type  H <return>  for immediate help.
 ...                                              
                                                  
l.4 ...xtbf{–õ—å–≤–æ–≤—Å–∫–∏–π –°. –ú.} ¬´–ù–∞–±–æ
                                                  —Ä –∏ –≤–µ—Ä—Å—Ç–∫–∞ –≤ —Å...

You may provide a definition with
\DeclareUnicodeCharacter 


! LaTeX Error: Unicode character —Ä (U+0440)
               not set up for use with LaTeX.

See the LaTeX manual or LaTeX Companion for explanation.
Type  H <return>  for immediate help.
 ...                                              
                                                  
l.4 ...bf{–õ—å–≤–æ–≤—Å–∫–∏–π –°. –ú.} ¬´–ù–∞–±–æ—Ä
                                                   –∏ –≤–µ—Ä—Å—Ç–∫–∞ –≤ —Å–∏...

You may provide a definition with
\DeclareUnicodeCharacter 


! LaTeX Error: Unicode character –∏ (U+0438)
               not set up for use with LaTeX.

See the LaTeX manual or LaTeX Companion for explanation.
Type  H <return>  for immediate help.
 ...                                              
                                                  
l.4 ...–õ—å–≤–æ–≤—Å–∫–∏–π –°. –ú.} ¬´–ù–∞–±–æ—Ä –∏
                                                   –≤–µ—Ä—Å—Ç–∫–∞ –≤ —Å–∏—Å—...

You may provide a definition with
\DeclareUnicodeCharacter 


! LaTeX Error: Unicode character –≤ (U+0432)
               not set up for use with LaTeX.

See the LaTeX manual or LaTeX Companion for explanation.
Type  H <return>  for immediate help.
 ...                                              
                                                  
l.4 ...å–≤–æ–≤—Å–∫–∏–π –°. –ú.} ¬´–ù–∞–±–æ—Ä –∏ –≤
                                                  –µ—Ä—Å—Ç–∫–∞ –≤ —Å–∏—Å—Ç–µ...

You may provide a definition with
\DeclareUnicodeCharacter 


! LaTeX Error: Unicode character –µ (U+0435)
               not set up for use with LaTeX.

See the LaTeX manual or LaTeX Companion for explanation.
Type  H <return>  for immediate help.
 ...                                              
                                                  
l.4 ...≤–æ–≤—Å–∫–∏–π –°. –ú.} ¬´–ù–∞–±–æ—Ä –∏ –≤–µ
                                                  —Ä—Å—Ç–∫–∞ –≤ —Å–∏—Å—Ç–µ–º...

You may provide a definition with
\DeclareUnicodeCharacter 


! LaTeX Error: Unicode character —Ä (U+0440)
               not set up for use with LaTeX.

See the LaTeX manual or LaTeX Companion for explanation.
Type  H <return>  for immediate help.
 ...                                              
                                                  
l.4 ...æ–≤—Å–∫–∏–π –°. –ú.} ¬´–ù–∞–±–æ—Ä –∏ –≤–µ—Ä
                                                  —Å—Ç–∫–∞ –≤ —Å–∏—Å—Ç–µ–º–µ...

You may provide a definition with
\DeclareUnicodeCharacter 


! LaTeX Error: Unicode character —Å (U+0441)
               not set up for use with LaTeX.

See the LaTeX manual or LaTeX Companion for explanation.
Type  H <return>  for immediate help.
 ...                                              
                                                  
l.4 ...≤—Å–∫–∏–π –°. –ú.} ¬´–ù–∞–±–æ—Ä –∏ –≤–µ—Ä—Å
                                                  —Ç–∫–∞ –≤ —Å–∏—Å—Ç–µ–º–µ L...

You may provide a definition with
\DeclareUnicodeCharacter 


! LaTeX Error: Unicode character —Ç (U+0442)
               not set up for use with LaTeX.

See the LaTeX manual or LaTeX Companion for explanation.
Type  H <return>  for immediate help.
 ...                                              
                                                  
l.4 ...Å–∫–∏–π –°. –ú.} ¬´–ù–∞–±–æ—Ä –∏ –≤–µ—Ä—Å—Ç
                                                  –∫–∞ –≤ —Å–∏—Å—Ç–µ–º–µ LaT...

You may provide a definition with
\DeclareUnicodeCharacter 


! LaTeX Error: Unicode character –∫ (U+043A)
               not set up for use with LaTeX.

See the LaTeX manual or LaTeX Companion for explanation.
Type  H <return>  for immediate help.
 ...                                              
                                                  
l.4 ...∫–∏–π –°. –ú.} ¬´–ù–∞–±–æ—Ä –∏ –≤–µ—Ä—Å—Ç–∫
                                                  –∞ –≤ —Å–∏—Å—Ç–µ–º–µ LaTeX...

You may provide a definition with
\DeclareUnicodeCharacter 


! LaTeX Error: Unicode character –∞ (U+0430)
               not set up for use with LaTeX.

See the LaTeX manual or LaTeX Companion for explanation.
Type  H <return>  for immediate help.
 ...                                              
                                                  
l.4 ...∏–π –°. –ú.} ¬´–ù–∞–±–æ—Ä –∏ –≤–µ—Ä—Å—Ç–∫–∞
                                                   –≤ —Å–∏—Å—Ç–µ–º–µ LaTeX¬ª -
You may provide a definition with
\DeclareUnicodeCharacter 


! LaTeX Error: Unicode character –≤ (U+0432)
               not set up for use with LaTeX.

See the LaTeX manual or LaTeX Companion for explanation.
Type  H <return>  for immediate help.
 ...                                              
                                                  
l.4 ... –°. –ú.} ¬´–ù–∞–±–æ—Ä –∏ –≤–µ—Ä—Å—Ç–∫–∞ –≤
                                                   —Å–∏—Å—Ç–µ–º–µ LaTeX¬ª -
You may provide a definition with
\DeclareUnicodeCharacter 


! LaTeX Error: Unicode character —Å (U+0441)
               not set up for use with LaTeX.

See the LaTeX manual or LaTeX Companion for explanation.
Type  H <return>  for immediate help.
 ...                                              
                                                  
l.4 .... –ú.} ¬´–ù–∞–±–æ—Ä –∏ –≤–µ—Ä—Å—Ç–∫–∞ –≤ —Å
                                                  –∏—Å—Ç–µ–º–µ LaTeX¬ª -
You may provide a definition with
\DeclareUnicodeCharacter 


! LaTeX Error: Unicode character –∏ (U+0438)
               not set up for use with LaTeX.

See the LaTeX manual or LaTeX Companion for explanation.
Type  H <return>  for immediate help.
 ...                                              
                                                  
l.4 ...–ú.} ¬´–ù–∞–±–æ—Ä –∏ –≤–µ—Ä—Å—Ç–∫–∞ –≤ —Å–∏
                                                  —Å—Ç–µ–º–µ LaTeX¬ª -
You may provide a definition with
\DeclareUnicodeCharacter 


! LaTeX Error: Unicode character —Å (U+0441)
               not set up for use with LaTeX.

See the LaTeX manual or LaTeX Companion for explanation.
Type  H <return>  for immediate help.
 ...                                              
                                                  
l.4 ....} ¬´–ù–∞–±–æ—Ä –∏ –≤–µ—Ä—Å—Ç–∫–∞ –≤ —Å–∏—Å
                                                  —Ç–µ–º–µ LaTeX¬ª -
You may provide a definition with
\DeclareUnicodeCharacter 


! LaTeX Error: Unicode character —Ç (U+0442)
               not set up for use with LaTeX.

See the LaTeX manual or LaTeX Companion for explanation.
Type  H <return>  for immediate help.
 ...                                              
                                                  
l.4 ... ¬´–ù–∞–±–æ—Ä –∏ –≤–µ—Ä—Å—Ç–∫–∞ –≤ —Å–∏—Å—Ç
                                                  –µ–º–µ LaTeX¬ª -
You may provide a definition with
\DeclareUnicodeCharacter 


! LaTeX Error: Unicode character –µ (U+0435)
               not set up for use with LaTeX.

See the LaTeX manual or LaTeX Companion for explanation.
Type  H <return>  for immediate help.
 ...                                              
                                                  
l.4 ...´–ù–∞–±–æ—Ä –∏ –≤–µ—Ä—Å—Ç–∫–∞ –≤ —Å–∏—Å—Ç–µ
                                                  –º–µ LaTeX¬ª -
You may provide a definition with
\DeclareUnicodeCharacter 


! LaTeX Error: Unicode character –º (U+043C)
               not set up for use with LaTeX.

See the LaTeX manual or LaTeX Companion for explanation.
Type  H <return>  for immediate help.
 ...                                              
                                                  
l.4 ...ù–∞–±–æ—Ä –∏ –≤–µ—Ä—Å—Ç–∫–∞ –≤ —Å–∏—Å—Ç–µ–º
                                                  –µ LaTeX¬ª -
You may provide a definition with
\DeclareUnicodeCharacter 


! LaTeX Error: Unicode character –µ (U+0435)
               not set up for use with LaTeX.

See the LaTeX manual or LaTeX Companion for explanation.
Type  H <return>  for immediate help.
 ...                                              
                                                  
l.4 ...∞–±–æ—Ä –∏ –≤–µ—Ä—Å—Ç–∫–∞ –≤ —Å–∏—Å—Ç–µ–º–µ
                                                   LaTeX¬ª -
You may provide a definition with
\DeclareUnicodeCharacter 

Missing character: There is no L in font nullfont!
Missing character: There is no a in font nullfont!
Missing character: There is no T in font nullfont!
Missing character: There is no e in font nullfont!
Missing character: There is no X in font nullfont!

! LaTeX Error: Command \guillemotright unavailable in encoding .

See the LaTeX manual or LaTeX Companion for explanation.
Type  H <return>  for immediate help.
 ...                                              
                                                  
l.4 ...–∏ –≤–µ—Ä—Å—Ç–∫–∞ –≤ —Å–∏—Å—Ç–µ–º–µ LaTeX¬ª
                                                   -
Your command was ignored.
Type  I <command> <return>  to replace it with another command,
or  <return>  to continue without it.

Missing character: There is no - in font nullfont!
Missing character: There is no U in font nullfont!
Missing character: There is no R in font nullfont!
Missing character: There is no L in font nullfont!
Missing character: There is no : in font nullfont!
Missing character: There is no h in font nullfont!
Missing character: There is no t in font nullfont!
Missing character: There is no t in font nullfont!
Missing character: There is no p in font nullfont!
Missing character: There is no s in font nullfont!
Missing character: There is no : in font nullfont!
Missing character: There is no / in font nullfont!
Missing character: There is no / in font nullfont!
Missing character: There is no o in font nullfont!
Missing character: There is no l in font nullfont!
Missing character: There is no d in font nullfont!
Missing character: There is no . in font nullfont!
Missing character: There is no m in font nullfont!
Missing character: There is no c in font nullfont!
Missing character: There is no c in font nullfont!
Missing character: There is no m in font nullfont!
Missing character: There is no e in font nullfont!
Missing character: There is no . in font nullfont!
Missing character: There is no r in font nullfont!
Missing character: There is no u in font nullfont!
Missing character: There is no / in font nullfont!
Missing character: There is no / in font nullfont!
Missing character: There is no f in font nullfont!
Missing character: There is no r in font nullfont!
Missing character: There is no e in font nullfont!
Missing character: There is no e in font nullfont!
Missing character: There is no - in font nullfont!
Missing character: There is no b in font nullfont!
Missing character: There is no o in font nullfont!
Missing character: There is no o in font nullfont!
Missing character: There is no k in font nullfont!
Missing character: There is no s in font nullfont!
Missing character: There is no / in font nullfont!
Missing character: There is no / in font nullfont!
Missing character: There is no l in font nullfont!
Missing character: There is no l in font nullfont!
Missing character: There is no a in font nullfont!
Missing character: There is no n in font nullfont!
Missing character: There is no g in font nullfont!
Missing character: There is no / in font nullfont!
Missing character: There is no n in font nullfont!
Missing character: There is no e in font nullfont!
Missing character: There is no w in font nullfont!
Missing character: There is no l in font nullfont!
Missing character: There is no l in font nullfont!
Missing character: There is no a in font nullfont!
Missing character: There is no n in font nullfont!
Missing character: There is no g in font nullfont!
Missing character: There is no . in font nullfont!
Missing character: There is no p in font nullfont!
Missing character: There is no d in font nullfont!
Missing character: There is no f in font nullfont!
Missing character: There is no ( in font nullfont!

! LaTeX Error: Unicode character –¥ (U+0434)
               not set up for use with LaTeX.

See the LaTeX manual or LaTeX Companion for explanation.
Type  H <return>  for immediate help.
 ...                                              
                                                  
l.5 ...ccme.ru//free-books//llang/newllang.pdf (–¥
                                                  –∞—Ç–∞
You may provide a definition with
\DeclareUnicodeCharacter 


! LaTeX Error: Unicode character –∞ (U+0430)
               not set up for use with LaTeX.

See the LaTeX manual or LaTeX Companion for explanation.
Type  H <return>  for immediate help.
 ...                                              
                                                  
l.5 ...me.ru//free-books//llang/newllang.pdf (–¥–∞
                                                  —Ç–∞
You may provide a definition with
\DeclareUnicodeCharacter 


! LaTeX Error: Unicode character —Ç (U+0442)
               not set up for use with LaTeX.

See the LaTeX manual or LaTeX Companion for explanation.
Type  H <return>  for immediate help.
 ...                                              
                                                  
l.5 ....ru//free-books//llang/newllang.pdf (–¥–∞—Ç
                                                  –∞
You may provide a definition with
\DeclareUnicodeCharacter 


! LaTeX Error: Unicode character –∞ (U+0430)
               not set up for use with LaTeX.

See the LaTeX manual or LaTeX Companion for explanation.
Type  H <return>  for immediate help.
 ...                                              
                                                  
l.5 ...u//free-books//llang/newllang.pdf (–¥–∞—Ç–∞
                                                  
You may provide a definition with
\DeclareUnicodeCharacter 


! LaTeX Error: Unicode character –æ (U+043E)
               not set up for use with LaTeX.

See the LaTeX manual or LaTeX Companion for explanation.
Type  H <return>  for immediate help.
 ...                                              
                                                  
l.6 –æ
      –±—Ä–∞—â–µ–Ω–∏—è: 16.04.2024).
You may provide a definition with
\DeclareUnicodeCharacter 


! LaTeX Error: Unicode character –± (U+0431)
               not set up for use with LaTeX.

See the LaTeX manual or LaTeX Companion for explanation.
Type  H <return>  for immediate help.
 ...                                              
                                                  
l.6 –æ–±
        —Ä–∞—â–µ–Ω–∏—è: 16.04.2024).
You may provide a definition with
\DeclareUnicodeCharacter 


! LaTeX Error: Unicode character —Ä (U+0440)
               not set up for use with LaTeX.

See the LaTeX manual or LaTeX Companion for explanation.
Type  H <return>  for immediate help.
 ...                                              
                                                  
l.6 –æ–±—Ä
          –∞—â–µ–Ω–∏—è: 16.04.2024).
You may provide a definition with
\DeclareUnicodeCharacter 


! LaTeX Error: Unicode character –∞ (U+0430)
               not set up for use with LaTeX.

See the LaTeX manual or LaTeX Companion for explanation.
Type  H <return>  for immediate help.
 ...                                              
                                                  
l.6 –æ–±—Ä–∞
            —â–µ–Ω–∏—è: 16.04.2024).
You may provide a definition with
\DeclareUnicodeCharacter 


! LaTeX Error: Unicode character —â (U+0449)
               not set up for use with LaTeX.

See the LaTeX manual or LaTeX Companion for explanation.
Type  H <return>  for immediate help.
 ...                                              
                                                  
l.6 –æ–±—Ä–∞—â
              –µ–Ω–∏—è: 16.04.2024).
You may provide a definition with
\DeclareUnicodeCharacter 


! LaTeX Error: Unicode character –µ (U+0435)
               not set up for use with LaTeX.

See the LaTeX manual or LaTeX Companion for explanation.
Type  H <return>  for immediate help.
 ...                                              
                                                  
l.6 –æ–±—Ä–∞—â–µ
                –Ω–∏—è: 16.04.2024).
You may provide a definition with
\DeclareUnicodeCharacter 


! LaTeX Error: Unicode character –Ω (U+043D)
               not set up for use with LaTeX.

See the LaTeX manual or LaTeX Companion for explanation.
Type  H <return>  for immediate help.
 ...                                              
                                                  
l.6 –æ–±—Ä–∞—â–µ–Ω
                  –∏—è: 16.04.2024).
You may provide a definition with
\DeclareUnicodeCharacter 


! LaTeX Error: Unicode character –∏ (U+0438)
               not set up for use with LaTeX.

See the LaTeX manual or LaTeX Companion for explanation.
Type  H <return>  for immediate help.
 ...                                              
                                                  
l.6 –æ–±—Ä–∞—â–µ–Ω–∏
                    —è: 16.04.2024).
You may provide a definition with
\DeclareUnicodeCharacter 


! LaTeX Error: Unicode character —è (U+044F)
               not set up for use with LaTeX.

See the LaTeX manual or LaTeX Companion for explanation.
Type  H <return>  for immediate help.
 ...                                              
                                                  
l.6 –æ–±—Ä–∞—â–µ–Ω–∏—è
                      : 16.04.2024).
(That makes 100 errors; please try again.) 
Here is how much of TeX's memory you used:
 55 strings out of 478287
 817 string characters out of 5849290
 289005 words of memory out of 5000000
 18350 multiletter control sequences out of 15000+600000
 469567 words of font info for 29 fonts, out of 8000000 for 9000
 1141 hyphenation exceptions out of 8191
 13i,1n,12p,156b,71s stack positions out of 5000i,500n,10000p,200000b,80000s

!  ==> Fatal error occurred, no output PDF file produced!
